<?xml version="1.0" encoding="UTF-8"?>
<testsuite xmlns:xsi="http://www.w3.org/2001/XMLSchema-instance" xsi:noNamespaceSchemaLocation="https://maven.apache.org/surefire/maven-surefire-plugin/xsd/surefire-test-report-3.0.xsd" version="3.0" name="TestSuite" time="103.752" tests="89" errors="0" skipped="0" failures="26">
  <properties>
    <property name="sun.desktop" value="windows"/>
    <property name="awt.toolkit" value="sun.awt.windows.WToolkit"/>
    <property name="file.encoding.pkg" value="sun.io"/>
    <property name="java.specification.version" value="1.8"/>
    <property name="webdriver.chrome.driver" value="E:\Vorstel\TestVagrant\NDTVTest\lib\chromedriver_86.exe"/>
    <property name="sun.cpu.isalist" value="amd64"/>
    <property name="sun.jnu.encoding" value="Cp1252"/>
    <property name="java.class.path" value="E:\Vorstel\TestVagrant\NDTVTest\target\test-classes;E:\Vorstel\TestVagrant\NDTVTest\target\classes;C:\Users\Lenovo\.m2\repository\org\seleniumhq\selenium\selenium-java\3.141.59\selenium-java-3.141.59.jar;C:\Users\Lenovo\.m2\repository\org\seleniumhq\selenium\selenium-api\3.141.59\selenium-api-3.141.59.jar;C:\Users\Lenovo\.m2\repository\org\seleniumhq\selenium\selenium-chrome-driver\3.141.59\selenium-chrome-driver-3.141.59.jar;C:\Users\Lenovo\.m2\repository\org\seleniumhq\selenium\selenium-edge-driver\3.141.59\selenium-edge-driver-3.141.59.jar;C:\Users\Lenovo\.m2\repository\org\seleniumhq\selenium\selenium-firefox-driver\3.141.59\selenium-firefox-driver-3.141.59.jar;C:\Users\Lenovo\.m2\repository\org\seleniumhq\selenium\selenium-ie-driver\3.141.59\selenium-ie-driver-3.141.59.jar;C:\Users\Lenovo\.m2\repository\org\seleniumhq\selenium\selenium-opera-driver\3.141.59\selenium-opera-driver-3.141.59.jar;C:\Users\Lenovo\.m2\repository\org\seleniumhq\selenium\selenium-remote-driver\3.141.59\selenium-remote-driver-3.141.59.jar;C:\Users\Lenovo\.m2\repository\org\seleniumhq\selenium\selenium-safari-driver\3.141.59\selenium-safari-driver-3.141.59.jar;C:\Users\Lenovo\.m2\repository\org\seleniumhq\selenium\selenium-support\3.141.59\selenium-support-3.141.59.jar;C:\Users\Lenovo\.m2\repository\net\bytebuddy\byte-buddy\1.8.15\byte-buddy-1.8.15.jar;C:\Users\Lenovo\.m2\repository\org\apache\commons\commons-exec\1.3\commons-exec-1.3.jar;C:\Users\Lenovo\.m2\repository\com\google\guava\guava\25.0-jre\guava-25.0-jre.jar;C:\Users\Lenovo\.m2\repository\com\google\code\findbugs\jsr305\1.3.9\jsr305-1.3.9.jar;C:\Users\Lenovo\.m2\repository\org\checkerframework\checker-compat-qual\2.0.0\checker-compat-qual-2.0.0.jar;C:\Users\Lenovo\.m2\repository\com\google\errorprone\error_prone_annotations\2.1.3\error_prone_annotations-2.1.3.jar;C:\Users\Lenovo\.m2\repository\com\google\j2objc\j2objc-annotations\1.1\j2objc-annotations-1.1.jar;C:\Users\Lenovo\.m2\repository\org\codehaus\mojo\animal-sniffer-annotations\1.14\animal-sniffer-annotations-1.14.jar;C:\Users\Lenovo\.m2\repository\com\squareup\okhttp3\okhttp\3.11.0\okhttp-3.11.0.jar;C:\Users\Lenovo\.m2\repository\com\squareup\okio\okio\1.14.0\okio-1.14.0.jar;C:\Users\Lenovo\.m2\repository\org\testng\testng\7.3.0\testng-7.3.0.jar;C:\Users\Lenovo\.m2\repository\com\beust\jcommander\1.78\jcommander-1.78.jar;C:\Users\Lenovo\.m2\repository\org\apache\ant\ant\1.10.3\ant-1.10.3.jar;C:\Users\Lenovo\.m2\repository\org\apache\ant\ant-launcher\1.10.3\ant-launcher-1.10.3.jar;C:\Users\Lenovo\.m2\repository\junit\junit\4.12\junit-4.12.jar;C:\Users\Lenovo\.m2\repository\org\hamcrest\hamcrest-core\1.3\hamcrest-core-1.3.jar;C:\Users\Lenovo\.m2\repository\com\google\inject\guice\4.2.2\guice-4.2.2-no_aop.jar;C:\Users\Lenovo\.m2\repository\javax\inject\javax.inject\1\javax.inject-1.jar;C:\Users\Lenovo\.m2\repository\aopalliance\aopalliance\1.0\aopalliance-1.0.jar;C:\Users\Lenovo\.m2\repository\org\yaml\snakeyaml\1.21\snakeyaml-1.21.jar;C:\Users\Lenovo\.m2\repository\org\apache\poi\poi\4.1.2\poi-4.1.2.jar;C:\Users\Lenovo\.m2\repository\commons-codec\commons-codec\1.13\commons-codec-1.13.jar;C:\Users\Lenovo\.m2\repository\org\apache\commons\commons-collections4\4.4\commons-collections4-4.4.jar;C:\Users\Lenovo\.m2\repository\org\apache\commons\commons-math3\3.6.1\commons-math3-3.6.1.jar;C:\Users\Lenovo\.m2\repository\com\zaxxer\SparseBitSet\1.2\SparseBitSet-1.2.jar;C:\Users\Lenovo\.m2\repository\org\apache\poi\poi-ooxml\3.9\poi-ooxml-3.9.jar;C:\Users\Lenovo\.m2\repository\org\apache\poi\poi-ooxml-schemas\3.9\poi-ooxml-schemas-3.9.jar;C:\Users\Lenovo\.m2\repository\org\apache\xmlbeans\xmlbeans\2.3.0\xmlbeans-2.3.0.jar;C:\Users\Lenovo\.m2\repository\stax\stax-api\1.0.1\stax-api-1.0.1.jar;C:\Users\Lenovo\.m2\repository\dom4j\dom4j\1.6.1\dom4j-1.6.1.jar;C:\Users\Lenovo\.m2\repository\xml-apis\xml-apis\1.0.b2\xml-apis-1.0.b2.jar;C:\Users\Lenovo\.m2\repository\io\rest-assured\rest-assured\4.3.1\rest-assured-4.3.1.jar;C:\Users\Lenovo\.m2\repository\org\codehaus\groovy\groovy\3.0.3\groovy-3.0.3.jar;C:\Users\Lenovo\.m2\repository\org\codehaus\groovy\groovy-xml\3.0.3\groovy-xml-3.0.3.jar;C:\Users\Lenovo\.m2\repository\org\apache\httpcomponents\httpclient\4.5.3\httpclient-4.5.3.jar;C:\Users\Lenovo\.m2\repository\org\apache\httpcomponents\httpcore\4.4.6\httpcore-4.4.6.jar;C:\Users\Lenovo\.m2\repository\commons-logging\commons-logging\1.2\commons-logging-1.2.jar;C:\Users\Lenovo\.m2\repository\org\apache\httpcomponents\httpmime\4.5.3\httpmime-4.5.3.jar;C:\Users\Lenovo\.m2\repository\org\hamcrest\hamcrest\2.1\hamcrest-2.1.jar;C:\Users\Lenovo\.m2\repository\org\ccil\cowan\tagsoup\tagsoup\1.2.1\tagsoup-1.2.1.jar;C:\Users\Lenovo\.m2\repository\io\rest-assured\json-path\4.3.1\json-path-4.3.1.jar;C:\Users\Lenovo\.m2\repository\org\codehaus\groovy\groovy-json\3.0.3\groovy-json-3.0.3.jar;C:\Users\Lenovo\.m2\repository\io\rest-assured\rest-assured-common\4.3.1\rest-assured-common-4.3.1.jar;C:\Users\Lenovo\.m2\repository\io\rest-assured\xml-path\4.3.1\xml-path-4.3.1.jar;C:\Users\Lenovo\.m2\repository\org\apache\commons\commons-lang3\3.4\commons-lang3-3.4.jar;C:\Users\Lenovo\.m2\repository\jakarta\xml\bind\jakarta.xml.bind-api\2.3.3\jakarta.xml.bind-api-2.3.3.jar;C:\Users\Lenovo\.m2\repository\jakarta\activation\jakarta.activation-api\1.2.2\jakarta.activation-api-1.2.2.jar;C:\Users\Lenovo\.m2\repository\com\sun\xml\bind\jaxb-impl\2.3.3\jaxb-impl-2.3.3.jar;C:\Users\Lenovo\.m2\repository\org\json\json\20200518\json-20200518.jar;C:\Users\Lenovo\.m2\repository\commons-io\commons-io\2.5\commons-io-2.5.jar;C:\Users\Lenovo\.m2\repository\log4j\log4j\1.2.17\log4j-1.2.17.jar;C:\Users\Lenovo\.m2\repository\org\apache\maven\plugins\maven-surefire-plugin\3.0.0-M5\maven-surefire-plugin-3.0.0-M5.jar;C:\Users\Lenovo\.m2\repository\org\apache\maven\surefire\maven-surefire-common\3.0.0-M5\maven-surefire-common-3.0.0-M5.jar;C:\Users\Lenovo\.m2\repository\org\apache\maven\surefire\surefire-api\3.0.0-M5\surefire-api-3.0.0-M5.jar;C:\Users\Lenovo\.m2\repository\org\apache\maven\surefire\surefire-logger-api\3.0.0-M5\surefire-logger-api-3.0.0-M5.jar;C:\Users\Lenovo\.m2\repository\org\apache\maven\surefire\surefire-extensions-api\3.0.0-M5\surefire-extensions-api-3.0.0-M5.jar;C:\Users\Lenovo\.m2\repository\org\apache\maven\surefire\surefire-booter\3.0.0-M5\surefire-booter-3.0.0-M5.jar;C:\Users\Lenovo\.m2\repository\org\apache\maven\surefire\surefire-extensions-spi\3.0.0-M5\surefire-extensions-spi-3.0.0-M5.jar;C:\Users\Lenovo\.m2\repository\org\apache\maven\maven-toolchain\3.0-alpha-2\maven-toolchain-3.0-alpha-2.jar;C:\Users\Lenovo\.m2\repository\org\apache\maven\shared\maven-artifact-transfer\0.11.0\maven-artifact-transfer-0.11.0.jar;C:\Users\Lenovo\.m2\repository\org\apache\maven\shared\maven-common-artifact-filters\3.0.1\maven-common-artifact-filters-3.0.1.jar;C:\Users\Lenovo\.m2\repository\org\apache\maven\surefire\surefire-shared-utils\3.0.0-M4\surefire-shared-utils-3.0.0-M4.jar;C:\Users\Lenovo\.m2\repository\com\relevantcodes\extentreports\2.41.2\extentreports-2.41.2.jar;C:\Users\Lenovo\.m2\repository\org\jsoup\jsoup\1.8.3\jsoup-1.8.3.jar;C:\Users\Lenovo\.m2\repository\org\xerial\sqlite-jdbc\3.8.11.1\sqlite-jdbc-3.8.11.1.jar;C:\Users\Lenovo\.m2\repository\org\freemarker\freemarker\2.3.23\freemarker-2.3.23.jar;C:\Users\Lenovo\.m2\repository\org\mongodb\mongodb-driver\3.0.4\mongodb-driver-3.0.4.jar;C:\Users\Lenovo\.m2\repository\org\mongodb\bson\3.0.4\bson-3.0.4.jar;C:\Users\Lenovo\.m2\repository\org\mongodb\mongodb-driver-core\3.0.4\mongodb-driver-core-3.0.4.jar;C:\Users\Lenovo\.m2\repository\org\apache\maven\plugins\maven-compiler-plugin\3.8.1\maven-compiler-plugin-3.8.1.jar;C:\Users\Lenovo\.m2\repository\org\apache\maven\maven-plugin-api\3.0\maven-plugin-api-3.0.jar;C:\Users\Lenovo\.m2\repository\org\apache\maven\maven-model\3.0\maven-model-3.0.jar;C:\Users\Lenovo\.m2\repository\org\sonatype\sisu\sisu-inject-plexus\1.4.2\sisu-inject-plexus-1.4.2.jar;C:\Users\Lenovo\.m2\repository\org\sonatype\sisu\sisu-inject-bean\1.4.2\sisu-inject-bean-1.4.2.jar;C:\Users\Lenovo\.m2\repository\org\sonatype\sisu\sisu-guice\2.1.7\sisu-guice-2.1.7-noaop.jar;C:\Users\Lenovo\.m2\repository\org\apache\maven\maven-artifact\3.0\maven-artifact-3.0.jar;C:\Users\Lenovo\.m2\repository\org\codehaus\plexus\plexus-utils\2.0.4\plexus-utils-2.0.4.jar;C:\Users\Lenovo\.m2\repository\org\apache\maven\maven-core\3.0\maven-core-3.0.jar;C:\Users\Lenovo\.m2\repository\org\apache\maven\maven-settings\3.0\maven-settings-3.0.jar;C:\Users\Lenovo\.m2\repository\org\apache\maven\maven-settings-builder\3.0\maven-settings-builder-3.0.jar;C:\Users\Lenovo\.m2\repository\org\apache\maven\maven-repository-metadata\3.0\maven-repository-metadata-3.0.jar;C:\Users\Lenovo\.m2\repository\org\apache\maven\maven-model-builder\3.0\maven-model-builder-3.0.jar;C:\Users\Lenovo\.m2\repository\org\apache\maven\maven-aether-provider\3.0\maven-aether-provider-3.0.jar;C:\Users\Lenovo\.m2\repository\org\sonatype\aether\aether-impl\1.7\aether-impl-1.7.jar;C:\Users\Lenovo\.m2\repository\org\sonatype\aether\aether-spi\1.7\aether-spi-1.7.jar;C:\Users\Lenovo\.m2\repository\org\sonatype\aether\aether-api\1.7\aether-api-1.7.jar;C:\Users\Lenovo\.m2\repository\org\sonatype\aether\aether-util\1.7\aether-util-1.7.jar;C:\Users\Lenovo\.m2\repository\org\codehaus\plexus\plexus-interpolation\1.14\plexus-interpolation-1.14.jar;C:\Users\Lenovo\.m2\repository\org\codehaus\plexus\plexus-classworlds\2.2.3\plexus-classworlds-2.2.3.jar;C:\Users\Lenovo\.m2\repository\org\codehaus\plexus\plexus-component-annotations\1.5.5\plexus-component-annotations-1.5.5.jar;C:\Users\Lenovo\.m2\repository\org\sonatype\plexus\plexus-sec-dispatcher\1.3\plexus-sec-dispatcher-1.3.jar;C:\Users\Lenovo\.m2\repository\org\sonatype\plexus\plexus-cipher\1.4\plexus-cipher-1.4.jar;C:\Users\Lenovo\.m2\repository\org\apache\maven\shared\maven-shared-utils\3.2.1\maven-shared-utils-3.2.1.jar;C:\Users\Lenovo\.m2\repository\org\apache\maven\shared\maven-shared-incremental\1.1\maven-shared-incremental-1.1.jar;C:\Users\Lenovo\.m2\repository\org\codehaus\plexus\plexus-java\0.9.10\plexus-java-0.9.10.jar;C:\Users\Lenovo\.m2\repository\org\ow2\asm\asm\6.2\asm-6.2.jar;C:\Users\Lenovo\.m2\repository\com\thoughtworks\qdox\qdox\2.0-M8\qdox-2.0-M8.jar;C:\Users\Lenovo\.m2\repository\org\codehaus\plexus\plexus-compiler-api\2.8.4\plexus-compiler-api-2.8.4.jar;C:\Users\Lenovo\.m2\repository\org\codehaus\plexus\plexus-compiler-manager\2.8.4\plexus-compiler-manager-2.8.4.jar;C:\Users\Lenovo\.m2\repository\org\codehaus\plexus\plexus-compiler-javac\2.8.4\plexus-compiler-javac-2.8.4.jar;"/>
    <property name="java.vm.vendor" value="Oracle Corporation"/>
    <property name="sun.arch.data.model" value="64"/>
    <property name="user.variant" value=""/>
    <property name="java.vendor.url" value="http://java.oracle.com/"/>
    <property name="user.timezone" value="Asia/Calcutta"/>
    <property name="java.vm.specification.version" value="1.8"/>
    <property name="os.name" value="Windows 10"/>
    <property name="user.country" value="US"/>
    <property name="sun.java.launcher" value="SUN_STANDARD"/>
    <property name="sun.boot.library.path" value="C:\Program Files\Java\jdk1.8.0_201\jre\bin"/>
    <property name="sun.java.command" value="C:\Users\Lenovo\AppData\Local\Temp\surefire8200181156986450358\surefirebooter5447647318204247402.jar C:\Users\Lenovo\AppData\Local\Temp\surefire8200181156986450358 2020-10-15T05-16-43_507-jvmRun1 surefire1880465588222257050tmp surefire_02186233325476273419tmp"/>
    <property name="surefire.test.class.path" value="E:\Vorstel\TestVagrant\NDTVTest\target\test-classes;E:\Vorstel\TestVagrant\NDTVTest\target\classes;C:\Users\Lenovo\.m2\repository\org\seleniumhq\selenium\selenium-java\3.141.59\selenium-java-3.141.59.jar;C:\Users\Lenovo\.m2\repository\org\seleniumhq\selenium\selenium-api\3.141.59\selenium-api-3.141.59.jar;C:\Users\Lenovo\.m2\repository\org\seleniumhq\selenium\selenium-chrome-driver\3.141.59\selenium-chrome-driver-3.141.59.jar;C:\Users\Lenovo\.m2\repository\org\seleniumhq\selenium\selenium-edge-driver\3.141.59\selenium-edge-driver-3.141.59.jar;C:\Users\Lenovo\.m2\repository\org\seleniumhq\selenium\selenium-firefox-driver\3.141.59\selenium-firefox-driver-3.141.59.jar;C:\Users\Lenovo\.m2\repository\org\seleniumhq\selenium\selenium-ie-driver\3.141.59\selenium-ie-driver-3.141.59.jar;C:\Users\Lenovo\.m2\repository\org\seleniumhq\selenium\selenium-opera-driver\3.141.59\selenium-opera-driver-3.141.59.jar;C:\Users\Lenovo\.m2\repository\org\seleniumhq\selenium\selenium-remote-driver\3.141.59\selenium-remote-driver-3.141.59.jar;C:\Users\Lenovo\.m2\repository\org\seleniumhq\selenium\selenium-safari-driver\3.141.59\selenium-safari-driver-3.141.59.jar;C:\Users\Lenovo\.m2\repository\org\seleniumhq\selenium\selenium-support\3.141.59\selenium-support-3.141.59.jar;C:\Users\Lenovo\.m2\repository\net\bytebuddy\byte-buddy\1.8.15\byte-buddy-1.8.15.jar;C:\Users\Lenovo\.m2\repository\org\apache\commons\commons-exec\1.3\commons-exec-1.3.jar;C:\Users\Lenovo\.m2\repository\com\google\guava\guava\25.0-jre\guava-25.0-jre.jar;C:\Users\Lenovo\.m2\repository\com\google\code\findbugs\jsr305\1.3.9\jsr305-1.3.9.jar;C:\Users\Lenovo\.m2\repository\org\checkerframework\checker-compat-qual\2.0.0\checker-compat-qual-2.0.0.jar;C:\Users\Lenovo\.m2\repository\com\google\errorprone\error_prone_annotations\2.1.3\error_prone_annotations-2.1.3.jar;C:\Users\Lenovo\.m2\repository\com\google\j2objc\j2objc-annotations\1.1\j2objc-annotations-1.1.jar;C:\Users\Lenovo\.m2\repository\org\codehaus\mojo\animal-sniffer-annotations\1.14\animal-sniffer-annotations-1.14.jar;C:\Users\Lenovo\.m2\repository\com\squareup\okhttp3\okhttp\3.11.0\okhttp-3.11.0.jar;C:\Users\Lenovo\.m2\repository\com\squareup\okio\okio\1.14.0\okio-1.14.0.jar;C:\Users\Lenovo\.m2\repository\org\testng\testng\7.3.0\testng-7.3.0.jar;C:\Users\Lenovo\.m2\repository\com\beust\jcommander\1.78\jcommander-1.78.jar;C:\Users\Lenovo\.m2\repository\org\apache\ant\ant\1.10.3\ant-1.10.3.jar;C:\Users\Lenovo\.m2\repository\org\apache\ant\ant-launcher\1.10.3\ant-launcher-1.10.3.jar;C:\Users\Lenovo\.m2\repository\junit\junit\4.12\junit-4.12.jar;C:\Users\Lenovo\.m2\repository\org\hamcrest\hamcrest-core\1.3\hamcrest-core-1.3.jar;C:\Users\Lenovo\.m2\repository\com\google\inject\guice\4.2.2\guice-4.2.2-no_aop.jar;C:\Users\Lenovo\.m2\repository\javax\inject\javax.inject\1\javax.inject-1.jar;C:\Users\Lenovo\.m2\repository\aopalliance\aopalliance\1.0\aopalliance-1.0.jar;C:\Users\Lenovo\.m2\repository\org\yaml\snakeyaml\1.21\snakeyaml-1.21.jar;C:\Users\Lenovo\.m2\repository\org\apache\poi\poi\4.1.2\poi-4.1.2.jar;C:\Users\Lenovo\.m2\repository\commons-codec\commons-codec\1.13\commons-codec-1.13.jar;C:\Users\Lenovo\.m2\repository\org\apache\commons\commons-collections4\4.4\commons-collections4-4.4.jar;C:\Users\Lenovo\.m2\repository\org\apache\commons\commons-math3\3.6.1\commons-math3-3.6.1.jar;C:\Users\Lenovo\.m2\repository\com\zaxxer\SparseBitSet\1.2\SparseBitSet-1.2.jar;C:\Users\Lenovo\.m2\repository\org\apache\poi\poi-ooxml\3.9\poi-ooxml-3.9.jar;C:\Users\Lenovo\.m2\repository\org\apache\poi\poi-ooxml-schemas\3.9\poi-ooxml-schemas-3.9.jar;C:\Users\Lenovo\.m2\repository\org\apache\xmlbeans\xmlbeans\2.3.0\xmlbeans-2.3.0.jar;C:\Users\Lenovo\.m2\repository\stax\stax-api\1.0.1\stax-api-1.0.1.jar;C:\Users\Lenovo\.m2\repository\dom4j\dom4j\1.6.1\dom4j-1.6.1.jar;C:\Users\Lenovo\.m2\repository\xml-apis\xml-apis\1.0.b2\xml-apis-1.0.b2.jar;C:\Users\Lenovo\.m2\repository\io\rest-assured\rest-assured\4.3.1\rest-assured-4.3.1.jar;C:\Users\Lenovo\.m2\repository\org\codehaus\groovy\groovy\3.0.3\groovy-3.0.3.jar;C:\Users\Lenovo\.m2\repository\org\codehaus\groovy\groovy-xml\3.0.3\groovy-xml-3.0.3.jar;C:\Users\Lenovo\.m2\repository\org\apache\httpcomponents\httpclient\4.5.3\httpclient-4.5.3.jar;C:\Users\Lenovo\.m2\repository\org\apache\httpcomponents\httpcore\4.4.6\httpcore-4.4.6.jar;C:\Users\Lenovo\.m2\repository\commons-logging\commons-logging\1.2\commons-logging-1.2.jar;C:\Users\Lenovo\.m2\repository\org\apache\httpcomponents\httpmime\4.5.3\httpmime-4.5.3.jar;C:\Users\Lenovo\.m2\repository\org\hamcrest\hamcrest\2.1\hamcrest-2.1.jar;C:\Users\Lenovo\.m2\repository\org\ccil\cowan\tagsoup\tagsoup\1.2.1\tagsoup-1.2.1.jar;C:\Users\Lenovo\.m2\repository\io\rest-assured\json-path\4.3.1\json-path-4.3.1.jar;C:\Users\Lenovo\.m2\repository\org\codehaus\groovy\groovy-json\3.0.3\groovy-json-3.0.3.jar;C:\Users\Lenovo\.m2\repository\io\rest-assured\rest-assured-common\4.3.1\rest-assured-common-4.3.1.jar;C:\Users\Lenovo\.m2\repository\io\rest-assured\xml-path\4.3.1\xml-path-4.3.1.jar;C:\Users\Lenovo\.m2\repository\org\apache\commons\commons-lang3\3.4\commons-lang3-3.4.jar;C:\Users\Lenovo\.m2\repository\jakarta\xml\bind\jakarta.xml.bind-api\2.3.3\jakarta.xml.bind-api-2.3.3.jar;C:\Users\Lenovo\.m2\repository\jakarta\activation\jakarta.activation-api\1.2.2\jakarta.activation-api-1.2.2.jar;C:\Users\Lenovo\.m2\repository\com\sun\xml\bind\jaxb-impl\2.3.3\jaxb-impl-2.3.3.jar;C:\Users\Lenovo\.m2\repository\org\json\json\20200518\json-20200518.jar;C:\Users\Lenovo\.m2\repository\commons-io\commons-io\2.5\commons-io-2.5.jar;C:\Users\Lenovo\.m2\repository\log4j\log4j\1.2.17\log4j-1.2.17.jar;C:\Users\Lenovo\.m2\repository\org\apache\maven\plugins\maven-surefire-plugin\3.0.0-M5\maven-surefire-plugin-3.0.0-M5.jar;C:\Users\Lenovo\.m2\repository\org\apache\maven\surefire\maven-surefire-common\3.0.0-M5\maven-surefire-common-3.0.0-M5.jar;C:\Users\Lenovo\.m2\repository\org\apache\maven\surefire\surefire-api\3.0.0-M5\surefire-api-3.0.0-M5.jar;C:\Users\Lenovo\.m2\repository\org\apache\maven\surefire\surefire-logger-api\3.0.0-M5\surefire-logger-api-3.0.0-M5.jar;C:\Users\Lenovo\.m2\repository\org\apache\maven\surefire\surefire-extensions-api\3.0.0-M5\surefire-extensions-api-3.0.0-M5.jar;C:\Users\Lenovo\.m2\repository\org\apache\maven\surefire\surefire-booter\3.0.0-M5\surefire-booter-3.0.0-M5.jar;C:\Users\Lenovo\.m2\repository\org\apache\maven\surefire\surefire-extensions-spi\3.0.0-M5\surefire-extensions-spi-3.0.0-M5.jar;C:\Users\Lenovo\.m2\repository\org\apache\maven\maven-toolchain\3.0-alpha-2\maven-toolchain-3.0-alpha-2.jar;C:\Users\Lenovo\.m2\repository\org\apache\maven\shared\maven-artifact-transfer\0.11.0\maven-artifact-transfer-0.11.0.jar;C:\Users\Lenovo\.m2\repository\org\apache\maven\shared\maven-common-artifact-filters\3.0.1\maven-common-artifact-filters-3.0.1.jar;C:\Users\Lenovo\.m2\repository\org\apache\maven\surefire\surefire-shared-utils\3.0.0-M4\surefire-shared-utils-3.0.0-M4.jar;C:\Users\Lenovo\.m2\repository\com\relevantcodes\extentreports\2.41.2\extentreports-2.41.2.jar;C:\Users\Lenovo\.m2\repository\org\jsoup\jsoup\1.8.3\jsoup-1.8.3.jar;C:\Users\Lenovo\.m2\repository\org\xerial\sqlite-jdbc\3.8.11.1\sqlite-jdbc-3.8.11.1.jar;C:\Users\Lenovo\.m2\repository\org\freemarker\freemarker\2.3.23\freemarker-2.3.23.jar;C:\Users\Lenovo\.m2\repository\org\mongodb\mongodb-driver\3.0.4\mongodb-driver-3.0.4.jar;C:\Users\Lenovo\.m2\repository\org\mongodb\bson\3.0.4\bson-3.0.4.jar;C:\Users\Lenovo\.m2\repository\org\mongodb\mongodb-driver-core\3.0.4\mongodb-driver-core-3.0.4.jar;C:\Users\Lenovo\.m2\repository\org\apache\maven\plugins\maven-compiler-plugin\3.8.1\maven-compiler-plugin-3.8.1.jar;C:\Users\Lenovo\.m2\repository\org\apache\maven\maven-plugin-api\3.0\maven-plugin-api-3.0.jar;C:\Users\Lenovo\.m2\repository\org\apache\maven\maven-model\3.0\maven-model-3.0.jar;C:\Users\Lenovo\.m2\repository\org\sonatype\sisu\sisu-inject-plexus\1.4.2\sisu-inject-plexus-1.4.2.jar;C:\Users\Lenovo\.m2\repository\org\sonatype\sisu\sisu-inject-bean\1.4.2\sisu-inject-bean-1.4.2.jar;C:\Users\Lenovo\.m2\repository\org\sonatype\sisu\sisu-guice\2.1.7\sisu-guice-2.1.7-noaop.jar;C:\Users\Lenovo\.m2\repository\org\apache\maven\maven-artifact\3.0\maven-artifact-3.0.jar;C:\Users\Lenovo\.m2\repository\org\codehaus\plexus\plexus-utils\2.0.4\plexus-utils-2.0.4.jar;C:\Users\Lenovo\.m2\repository\org\apache\maven\maven-core\3.0\maven-core-3.0.jar;C:\Users\Lenovo\.m2\repository\org\apache\maven\maven-settings\3.0\maven-settings-3.0.jar;C:\Users\Lenovo\.m2\repository\org\apache\maven\maven-settings-builder\3.0\maven-settings-builder-3.0.jar;C:\Users\Lenovo\.m2\repository\org\apache\maven\maven-repository-metadata\3.0\maven-repository-metadata-3.0.jar;C:\Users\Lenovo\.m2\repository\org\apache\maven\maven-model-builder\3.0\maven-model-builder-3.0.jar;C:\Users\Lenovo\.m2\repository\org\apache\maven\maven-aether-provider\3.0\maven-aether-provider-3.0.jar;C:\Users\Lenovo\.m2\repository\org\sonatype\aether\aether-impl\1.7\aether-impl-1.7.jar;C:\Users\Lenovo\.m2\repository\org\sonatype\aether\aether-spi\1.7\aether-spi-1.7.jar;C:\Users\Lenovo\.m2\repository\org\sonatype\aether\aether-api\1.7\aether-api-1.7.jar;C:\Users\Lenovo\.m2\repository\org\sonatype\aether\aether-util\1.7\aether-util-1.7.jar;C:\Users\Lenovo\.m2\repository\org\codehaus\plexus\plexus-interpolation\1.14\plexus-interpolation-1.14.jar;C:\Users\Lenovo\.m2\repository\org\codehaus\plexus\plexus-classworlds\2.2.3\plexus-classworlds-2.2.3.jar;C:\Users\Lenovo\.m2\repository\org\codehaus\plexus\plexus-component-annotations\1.5.5\plexus-component-annotations-1.5.5.jar;C:\Users\Lenovo\.m2\repository\org\sonatype\plexus\plexus-sec-dispatcher\1.3\plexus-sec-dispatcher-1.3.jar;C:\Users\Lenovo\.m2\repository\org\sonatype\plexus\plexus-cipher\1.4\plexus-cipher-1.4.jar;C:\Users\Lenovo\.m2\repository\org\apache\maven\shared\maven-shared-utils\3.2.1\maven-shared-utils-3.2.1.jar;C:\Users\Lenovo\.m2\repository\org\apache\maven\shared\maven-shared-incremental\1.1\maven-shared-incremental-1.1.jar;C:\Users\Lenovo\.m2\repository\org\codehaus\plexus\plexus-java\0.9.10\plexus-java-0.9.10.jar;C:\Users\Lenovo\.m2\repository\org\ow2\asm\asm\6.2\asm-6.2.jar;C:\Users\Lenovo\.m2\repository\com\thoughtworks\qdox\qdox\2.0-M8\qdox-2.0-M8.jar;C:\Users\Lenovo\.m2\repository\org\codehaus\plexus\plexus-compiler-api\2.8.4\plexus-compiler-api-2.8.4.jar;C:\Users\Lenovo\.m2\repository\org\codehaus\plexus\plexus-compiler-manager\2.8.4\plexus-compiler-manager-2.8.4.jar;C:\Users\Lenovo\.m2\repository\org\codehaus\plexus\plexus-compiler-javac\2.8.4\plexus-compiler-javac-2.8.4.jar;"/>
    <property name="sun.cpu.endian" value="little"/>
    <property name="user.home" value="C:\Users\Lenovo"/>
    <property name="user.language" value="en"/>
    <property name="java.specification.vendor" value="Oracle Corporation"/>
    <property name="java.home" value="C:\Program Files\Java\jdk1.8.0_201\jre"/>
    <property name="basedir" value="E:\Vorstel\TestVagrant\NDTVTest"/>
    <property name="file.separator" value="\"/>
    <property name="line.separator" value="&#10;"/>
    <property name="java.vm.specification.vendor" value="Oracle Corporation"/>
    <property name="java.specification.name" value="Java Platform API Specification"/>
    <property name="java.awt.graphicsenv" value="sun.awt.Win32GraphicsEnvironment"/>
    <property name="surefire.real.class.path" value="C:\Users\Lenovo\AppData\Local\Temp\surefire8200181156986450358\surefirebooter5447647318204247402.jar"/>
    <property name="suiteXMLFile" value="testng.xml"/>
    <property name="sun.boot.class.path" value="C:\Program Files\Java\jdk1.8.0_201\jre\lib\resources.jar;C:\Program Files\Java\jdk1.8.0_201\jre\lib\rt.jar;C:\Program Files\Java\jdk1.8.0_201\jre\lib\sunrsasign.jar;C:\Program Files\Java\jdk1.8.0_201\jre\lib\jsse.jar;C:\Program Files\Java\jdk1.8.0_201\jre\lib\jce.jar;C:\Program Files\Java\jdk1.8.0_201\jre\lib\charsets.jar;C:\Program Files\Java\jdk1.8.0_201\jre\lib\jfr.jar;C:\Program Files\Java\jdk1.8.0_201\jre\classes"/>
    <property name="user.script" value=""/>
    <property name="sun.management.compiler" value="HotSpot 64-Bit Tiered Compilers"/>
    <property name="java.runtime.version" value="1.8.0_201-b09"/>
    <property name="user.name" value="Lenovo"/>
    <property name="path.separator" value=";"/>
    <property name="os.version" value="10.0"/>
    <property name="java.endorsed.dirs" value="C:\Program Files\Java\jdk1.8.0_201\jre\lib\endorsed"/>
    <property name="java.runtime.name" value="Java(TM) SE Runtime Environment"/>
    <property name="file.encoding" value="Cp1252"/>
    <property name="java.vm.name" value="Java HotSpot(TM) 64-Bit Server VM"/>
    <property name="localRepository" value="C:\Users\Lenovo\.m2\repository"/>
    <property name="java.vendor.url.bug" value="http://bugreport.sun.com/bugreport/"/>
    <property name="java.io.tmpdir" value="C:\Users\Lenovo\AppData\Local\Temp\"/>
    <property name="java.version" value="1.8.0_201"/>
    <property name="user.dir" value="E:\Vorstel\TestVagrant\NDTVTest"/>
    <property name="os.arch" value="amd64"/>
    <property name="java.vm.specification.name" value="Java Virtual Machine Specification"/>
    <property name="java.awt.printerjob" value="sun.awt.windows.WPrinterJob"/>
    <property name="sun.os.patch.level" value=""/>
    <property name="java.library.path" value="C:\Program Files\Java\jdk1.8.0_201\jre\bin;C:\WINDOWS\Sun\Java\bin;C:\WINDOWS\system32;C:\WINDOWS;C:\Program Files (x86)\Common Files\Oracle\Java\javapath;C:\WINDOWS\system32;C:\WINDOWS;C:\WINDOWS\System32\Wbem;C:\WINDOWS\System32\WindowsPowerShell\v1.0\;C:\WINDOWS\System32\OpenSSH\;C:\Program Files\nodejs\;C:\Users\Lenovo\AppData\Local\Programs\Python\Python38-32\;C:\Program Files (x86)\Windows Kits\8.1\Windows Performance Toolkit\;E:\Installables\Git\cmd;E:\installs\ant\bin;E:\Installables\PuTTY\;E:\installs\Gradle\gradle-6.6.1\bin;E:\installs\apache-maven-3.6.3\bin;C:\Users\Lenovo\AppData\Local\Android\Sdk\platform-tools;C:\Users\Lenovo\AppData\Local\Microsoft\WindowsApps;C:\Program Files\Java\jdk1.8.0_201\bin;C:\Users\Lenovo\AppData\Roaming\npm;C:\Users\Lenovo\AppData\Local\Programs\Microsoft VS Code\bin;C:\Users\Lenovo\AppData\Local\Programs\Python\Python38-32\Scripts;C:\Program Files\JetBrains\PyCharm Community Edition 2020.1.2\bin;;C:\Users\Lenovo\AppData\Local\GitHubDesktop\bin;."/>
    <property name="java.vm.info" value="mixed mode"/>
    <property name="java.vendor" value="Oracle Corporation"/>
    <property name="java.vm.version" value="25.201-b09"/>
    <property name="java.ext.dirs" value="C:\Program Files\Java\jdk1.8.0_201\jre\lib\ext;C:\WINDOWS\Sun\Java\lib\ext"/>
    <property name="sun.io.unicode.encoding" value="UnicodeLittle"/>
    <property name="java.class.version" value="52.0"/>
  </properties>
  <testcase name="TestAddCity" classname="com.temp.test.TestsWeather" time="1.143">
    <system-out><![CDATA[0 [main] INFO org.apache.log4j.Logger  - Logging events
4561 [main] INFO org.apache.log4j.Logger  - Opening Chrome Browser
24314 [main] INFO org.apache.log4j.Logger  - Clicked on 'No Thanks' Prompt
36711 [main] INFO org.apache.log4j.Logger  - Open Weather Menu
Getting list of Cities
1
39406 [main] INFO org.apache.log4j.Logger  - List of City captured successfully 86
]]></system-out>
    <system-err><![CDATA[Starting ChromeDriver 86.0.4240.22 (398b0743353ff36fb1b82468f63a3a93b4e2e89e-refs/branch-heads/4240@{#378}) on port 42081
Only local connections are allowed.
Please see https://chromedriver.chromium.org/security-considerations for suggestions on keeping ChromeDriver safe.
ChromeDriver was started successfully.
Oct 15, 2020 5:16:49 AM org.openqa.selenium.remote.ProtocolHandshake createSession
INFO: Detected dialect: W3C
]]></system-err>
  </testcase>
  <testcase name="TestPrintCities" classname="com.temp.test.TestsWeather" time="0.069">
    <system-out><![CDATA[Ahmedabad
Ajmer
Aligarh
Allahabad
Alwar
Amritsar
Bengaluru
Bellary
Bhilai
Bhilwara
Bhiwandi
Bhopal
Bhubaneswar
Bikaner
Bilaspur
Bokaro
Chandigarh
Chennai
Coimbatore
Dehra Dun
Dhanbad
Dhule
Ganganagar
Gaya
Gorakhpur
Guwahati
Gwalior
Hapur
Hisar
Hubli
Hyderabad
Imphal
Indore
Jabalpur
Jaipur
Jalandhar
Jammu
Jamnagar
Jamshedpur
Jhansi
Jodhpur
Kanpur
Karnal
Kharagpur
Kolhapur
Kolkata
Kota
Lucknow
Ludhiana
Madurai
Mangalore
Meerut
Moradabad
Mumbai
Muzaffarnagar
Muzaffarpur
Mysore
Nagpur
Nanded
Nashik
Navi Mumbai
New Delhi
Panipat
Patiala
Patna
Pondicherry
Pune
Raipur
Rajkot
Ranchi
Ratlam
Rohtak
Saharanpur
Sholapur
Sikandarabad
Srinagar
Surat
Thiruvananthapuram
Tiruchchirappalli
Tirupati
Udaipur
Vadodara
Varanasi
Vijayawada
Visakhapatnam
Warangal
39411 [main] INFO org.apache.log4j.Logger  - Displayed cities successfully
]]></system-out>
  </testcase>
  <testcase name="unCheckCities" classname="com.temp.test.TestsWeather" time="2.822">
    <system-out><![CDATA[39425 [main] INFO org.apache.log4j.Logger  - Uncheck all cities 
]]></system-out>
  </testcase>
  <testcase name="getTemp[com.temp.test.City@654d968c](1)" classname="com.temp.test.TestsWeather" time="6.391">
    <system-out><![CDATA[42327 [TestNG-PoolService-2] INFO org.apache.log4j.Logger  - Select the city on the pin menu
42327 [TestNG-PoolService-6] INFO org.apache.log4j.Logger  - Select the city on the pin menu
42327 [TestNG-PoolService-9] INFO org.apache.log4j.Logger  - Select the city on the pin menu
42328 [TestNG-PoolService-4] INFO org.apache.log4j.Logger  - Select the city on the pin menu
42328 [TestNG-PoolService-5] INFO org.apache.log4j.Logger  - Select the city on the pin menu
42329 [TestNG-PoolService-0] INFO org.apache.log4j.Logger  - Select the city on the pin menu
42329 [TestNG-PoolService-1] INFO org.apache.log4j.Logger  - Select the city on the pin menu
42327 [TestNG-PoolService-7] INFO org.apache.log4j.Logger  - Select the city on the pin menu
42329 [TestNG-PoolService-8] INFO org.apache.log4j.Logger  - Select the city on the pin menu
42329 [TestNG-PoolService-3] INFO org.apache.log4j.Logger  - Select the city on the pin menu
44001 [TestNG-PoolService-6] INFO org.apache.log4j.Logger  - Temperature on UI is 25.0 for City Bengaluru
44001 [TestNG-PoolService-6] INFO org.apache.log4j.Logger  - Get Temp using API
44480 [TestNG-PoolService-9] INFO org.apache.log4j.Logger  - Temperature on UI is 34.0 for City Bhilwara
44480 [TestNG-PoolService-9] INFO org.apache.log4j.Logger  - Get Temp using API
45151 [TestNG-PoolService-6] DEBUG org.apache.http.impl.conn.BasicClientConnectionManager  - Get connection for route {}->http://api.openweathermap.org:80
45151 [TestNG-PoolService-9] DEBUG org.apache.http.impl.conn.BasicClientConnectionManager  - Get connection for route {}->http://api.openweathermap.org:80
45161 [TestNG-PoolService-6] DEBUG org.apache.http.impl.conn.DefaultClientConnectionOperator  - Connecting to api.openweathermap.org:80
45161 [TestNG-PoolService-9] DEBUG org.apache.http.impl.conn.DefaultClientConnectionOperator  - Connecting to api.openweathermap.org:80
45234 [TestNG-PoolService-4] INFO org.apache.log4j.Logger  - Temperature on UI is 34.0 for City Alwar
45235 [TestNG-PoolService-4] INFO org.apache.log4j.Logger  - Get Temp using API
45248 [TestNG-PoolService-6] DEBUG org.apache.http.client.protocol.RequestAddCookies  - CookieSpec selected: ignoreCookies
45248 [TestNG-PoolService-4] DEBUG org.apache.http.impl.conn.BasicClientConnectionManager  - Get connection for route {}->http://api.openweathermap.org:80
45248 [TestNG-PoolService-9] DEBUG org.apache.http.client.protocol.RequestAddCookies  - CookieSpec selected: ignoreCookies
45248 [TestNG-PoolService-4] DEBUG org.apache.http.impl.conn.DefaultClientConnectionOperator  - Connecting to api.openweathermap.org:80
45249 [TestNG-PoolService-6] DEBUG org.apache.http.client.protocol.RequestAuthCache  - Auth cache not set in the context
45249 [TestNG-PoolService-9] DEBUG org.apache.http.client.protocol.RequestAuthCache  - Auth cache not set in the context
45250 [TestNG-PoolService-6] DEBUG org.apache.http.client.protocol.RequestTargetAuthentication  - Target auth state: UNCHALLENGED
45250 [TestNG-PoolService-9] DEBUG org.apache.http.client.protocol.RequestTargetAuthentication  - Target auth state: UNCHALLENGED
45250 [TestNG-PoolService-6] DEBUG org.apache.http.client.protocol.RequestProxyAuthentication  - Proxy auth state: UNCHALLENGED
45250 [TestNG-PoolService-9] DEBUG org.apache.http.client.protocol.RequestProxyAuthentication  - Proxy auth state: UNCHALLENGED
45251 [TestNG-PoolService-6] DEBUG org.apache.http.impl.client.DefaultHttpClient  - Attempt 1 to execute request
45251 [TestNG-PoolService-9] DEBUG org.apache.http.impl.client.DefaultHttpClient  - Attempt 1 to execute request
45251 [TestNG-PoolService-6] DEBUG org.apache.http.impl.conn.DefaultClientConnection  - Sending request: GET /data/2.5/weather?q=Bengaluru&appid=7fe67bf08c80ded756e598d6f8fedaea HTTP/1.1
45251 [TestNG-PoolService-9] DEBUG org.apache.http.impl.conn.DefaultClientConnection  - Sending request: GET /data/2.5/weather?q=Bhilwara&appid=7fe67bf08c80ded756e598d6f8fedaea HTTP/1.1
45252 [TestNG-PoolService-6] DEBUG org.apache.http.wire  -  >> "GET /data/2.5/weather?q=Bengaluru&appid=7fe67bf08c80ded756e598d6f8fedaea HTTP/1.1[\r][\n]"
45252 [TestNG-PoolService-9] DEBUG org.apache.http.wire  -  >> "GET /data/2.5/weather?q=Bhilwara&appid=7fe67bf08c80ded756e598d6f8fedaea HTTP/1.1[\r][\n]"
45253 [TestNG-PoolService-6] DEBUG org.apache.http.wire  -  >> "Accept: */*[\r][\n]"
45253 [TestNG-PoolService-9] DEBUG org.apache.http.wire  -  >> "Accept: */*[\r][\n]"
45253 [TestNG-PoolService-6] DEBUG org.apache.http.wire  -  >> "Host: api.openweathermap.org[\r][\n]"
45253 [TestNG-PoolService-9] DEBUG org.apache.http.wire  -  >> "Host: api.openweathermap.org[\r][\n]"
45253 [TestNG-PoolService-6] DEBUG org.apache.http.wire  -  >> "Connection: Keep-Alive[\r][\n]"
45253 [TestNG-PoolService-9] DEBUG org.apache.http.wire  -  >> "Connection: Keep-Alive[\r][\n]"
45253 [TestNG-PoolService-6] DEBUG org.apache.http.wire  -  >> "User-Agent: Apache-HttpClient/4.5.3 (Java/1.8.0_201)[\r][\n]"
45254 [TestNG-PoolService-9] DEBUG org.apache.http.wire  -  >> "User-Agent: Apache-HttpClient/4.5.3 (Java/1.8.0_201)[\r][\n]"
45254 [TestNG-PoolService-6] DEBUG org.apache.http.wire  -  >> "Accept-Encoding: gzip,deflate[\r][\n]"
45254 [TestNG-PoolService-9] DEBUG org.apache.http.wire  -  >> "Accept-Encoding: gzip,deflate[\r][\n]"
45254 [TestNG-PoolService-6] DEBUG org.apache.http.wire  -  >> "[\r][\n]"
45254 [TestNG-PoolService-9] DEBUG org.apache.http.wire  -  >> "[\r][\n]"
45254 [TestNG-PoolService-6] DEBUG org.apache.http.headers  - >> GET /data/2.5/weather?q=Bengaluru&appid=7fe67bf08c80ded756e598d6f8fedaea HTTP/1.1
45254 [TestNG-PoolService-9] DEBUG org.apache.http.headers  - >> GET /data/2.5/weather?q=Bhilwara&appid=7fe67bf08c80ded756e598d6f8fedaea HTTP/1.1
45254 [TestNG-PoolService-6] DEBUG org.apache.http.headers  - >> Accept: */*
45254 [TestNG-PoolService-9] DEBUG org.apache.http.headers  - >> Accept: */*
45254 [TestNG-PoolService-6] DEBUG org.apache.http.headers  - >> Host: api.openweathermap.org
45254 [TestNG-PoolService-9] DEBUG org.apache.http.headers  - >> Host: api.openweathermap.org
45254 [TestNG-PoolService-6] DEBUG org.apache.http.headers  - >> Connection: Keep-Alive
45254 [TestNG-PoolService-9] DEBUG org.apache.http.headers  - >> Connection: Keep-Alive
45255 [TestNG-PoolService-6] DEBUG org.apache.http.headers  - >> User-Agent: Apache-HttpClient/4.5.3 (Java/1.8.0_201)
45255 [TestNG-PoolService-9] DEBUG org.apache.http.headers  - >> User-Agent: Apache-HttpClient/4.5.3 (Java/1.8.0_201)
45255 [TestNG-PoolService-6] DEBUG org.apache.http.headers  - >> Accept-Encoding: gzip,deflate
45255 [TestNG-PoolService-9] DEBUG org.apache.http.headers  - >> Accept-Encoding: gzip,deflate
45307 [TestNG-PoolService-4] DEBUG org.apache.http.client.protocol.RequestAddCookies  - CookieSpec selected: ignoreCookies
45307 [TestNG-PoolService-4] DEBUG org.apache.http.client.protocol.RequestAuthCache  - Auth cache not set in the context
45307 [TestNG-PoolService-4] DEBUG org.apache.http.client.protocol.RequestTargetAuthentication  - Target auth state: UNCHALLENGED
45307 [TestNG-PoolService-4] DEBUG org.apache.http.client.protocol.RequestProxyAuthentication  - Proxy auth state: UNCHALLENGED
45307 [TestNG-PoolService-4] DEBUG org.apache.http.impl.client.DefaultHttpClient  - Attempt 1 to execute request
45307 [TestNG-PoolService-4] DEBUG org.apache.http.impl.conn.DefaultClientConnection  - Sending request: GET /data/2.5/weather?q=Alwar&appid=7fe67bf08c80ded756e598d6f8fedaea HTTP/1.1
45308 [TestNG-PoolService-4] DEBUG org.apache.http.wire  -  >> "GET /data/2.5/weather?q=Alwar&appid=7fe67bf08c80ded756e598d6f8fedaea HTTP/1.1[\r][\n]"
45308 [TestNG-PoolService-4] DEBUG org.apache.http.wire  -  >> "Accept: */*[\r][\n]"
45308 [TestNG-PoolService-4] DEBUG org.apache.http.wire  -  >> "Host: api.openweathermap.org[\r][\n]"
45308 [TestNG-PoolService-4] DEBUG org.apache.http.wire  -  >> "Connection: Keep-Alive[\r][\n]"
45308 [TestNG-PoolService-4] DEBUG org.apache.http.wire  -  >> "User-Agent: Apache-HttpClient/4.5.3 (Java/1.8.0_201)[\r][\n]"
45308 [TestNG-PoolService-4] DEBUG org.apache.http.wire  -  >> "Accept-Encoding: gzip,deflate[\r][\n]"
45308 [TestNG-PoolService-4] DEBUG org.apache.http.wire  -  >> "[\r][\n]"
45308 [TestNG-PoolService-4] DEBUG org.apache.http.headers  - >> GET /data/2.5/weather?q=Alwar&appid=7fe67bf08c80ded756e598d6f8fedaea HTTP/1.1
45308 [TestNG-PoolService-4] DEBUG org.apache.http.headers  - >> Accept: */*
45308 [TestNG-PoolService-4] DEBUG org.apache.http.headers  - >> Host: api.openweathermap.org
45308 [TestNG-PoolService-4] DEBUG org.apache.http.headers  - >> Connection: Keep-Alive
45308 [TestNG-PoolService-4] DEBUG org.apache.http.headers  - >> User-Agent: Apache-HttpClient/4.5.3 (Java/1.8.0_201)
45308 [TestNG-PoolService-4] DEBUG org.apache.http.headers  - >> Accept-Encoding: gzip,deflate
45315 [TestNG-PoolService-6] DEBUG org.apache.http.wire  -  << "HTTP/1.1 200 OK[\r][\n]"
45317 [TestNG-PoolService-6] DEBUG org.apache.http.wire  -  << "Server: openresty[\r][\n]"
45317 [TestNG-PoolService-6] DEBUG org.apache.http.wire  -  << "Date: Wed, 14 Oct 2020 23:47:29 GMT[\r][\n]"
45317 [TestNG-PoolService-6] DEBUG org.apache.http.wire  -  << "Content-Type: application/json; charset=utf-8[\r][\n]"
45317 [TestNG-PoolService-6] DEBUG org.apache.http.wire  -  << "Content-Length: 471[\r][\n]"
45317 [TestNG-PoolService-6] DEBUG org.apache.http.wire  -  << "Connection: keep-alive[\r][\n]"
45317 [TestNG-PoolService-6] DEBUG org.apache.http.wire  -  << "X-Cache-Key: /data/2.5/weather?q=bengaluru[\r][\n]"
45317 [TestNG-PoolService-6] DEBUG org.apache.http.wire  -  << "Access-Control-Allow-Origin: *[\r][\n]"
45317 [TestNG-PoolService-6] DEBUG org.apache.http.wire  -  << "Access-Control-Allow-Credentials: true[\r][\n]"
45317 [TestNG-PoolService-6] DEBUG org.apache.http.wire  -  << "Access-Control-Allow-Methods: GET, POST[\r][\n]"
45317 [TestNG-PoolService-6] DEBUG org.apache.http.wire  -  << "[\r][\n]"
45318 [TestNG-PoolService-6] DEBUG org.apache.http.impl.conn.DefaultClientConnection  - Receiving response: HTTP/1.1 200 OK
45318 [TestNG-PoolService-6] DEBUG org.apache.http.headers  - << HTTP/1.1 200 OK
45318 [TestNG-PoolService-6] DEBUG org.apache.http.headers  - << Server: openresty
45318 [TestNG-PoolService-6] DEBUG org.apache.http.headers  - << Date: Wed, 14 Oct 2020 23:47:29 GMT
45318 [TestNG-PoolService-6] DEBUG org.apache.http.headers  - << Content-Type: application/json; charset=utf-8
45318 [TestNG-PoolService-6] DEBUG org.apache.http.headers  - << Content-Length: 471
45318 [TestNG-PoolService-6] DEBUG org.apache.http.headers  - << Connection: keep-alive
45318 [TestNG-PoolService-6] DEBUG org.apache.http.headers  - << X-Cache-Key: /data/2.5/weather?q=bengaluru
45318 [TestNG-PoolService-6] DEBUG org.apache.http.headers  - << Access-Control-Allow-Origin: *
45318 [TestNG-PoolService-6] DEBUG org.apache.http.headers  - << Access-Control-Allow-Credentials: true
45318 [TestNG-PoolService-6] DEBUG org.apache.http.headers  - << Access-Control-Allow-Methods: GET, POST
45321 [TestNG-PoolService-6] DEBUG org.apache.http.impl.client.DefaultHttpClient  - Connection can be kept alive indefinitely
45343 [TestNG-PoolService-9] DEBUG org.apache.http.wire  -  << "HTTP/1.1 200 OK[\r][\n]"
45343 [TestNG-PoolService-9] DEBUG org.apache.http.wire  -  << "Server: openresty[\r][\n]"
45343 [TestNG-PoolService-9] DEBUG org.apache.http.wire  -  << "Date: Wed, 14 Oct 2020 23:47:29 GMT[\r][\n]"
45343 [TestNG-PoolService-9] DEBUG org.apache.http.wire  -  << "Content-Type: application/json; charset=utf-8[\r][\n]"
45343 [TestNG-PoolService-9] DEBUG org.apache.http.wire  -  << "Content-Length: 486[\r][\n]"
45343 [TestNG-PoolService-9] DEBUG org.apache.http.wire  -  << "Connection: keep-alive[\r][\n]"
45343 [TestNG-PoolService-9] DEBUG org.apache.http.wire  -  << "X-Cache-Key: /data/2.5/weather?q=bhilwara[\r][\n]"
45343 [TestNG-PoolService-9] DEBUG org.apache.http.wire  -  << "Access-Control-Allow-Origin: *[\r][\n]"
45343 [TestNG-PoolService-9] DEBUG org.apache.http.wire  -  << "Access-Control-Allow-Credentials: true[\r][\n]"
45343 [TestNG-PoolService-9] DEBUG org.apache.http.wire  -  << "Access-Control-Allow-Methods: GET, POST[\r][\n]"
45343 [TestNG-PoolService-9] DEBUG org.apache.http.wire  -  << "[\r][\n]"
45343 [TestNG-PoolService-9] DEBUG org.apache.http.impl.conn.DefaultClientConnection  - Receiving response: HTTP/1.1 200 OK
45343 [TestNG-PoolService-9] DEBUG org.apache.http.headers  - << HTTP/1.1 200 OK
45343 [TestNG-PoolService-9] DEBUG org.apache.http.headers  - << Server: openresty
45344 [TestNG-PoolService-9] DEBUG org.apache.http.headers  - << Date: Wed, 14 Oct 2020 23:47:29 GMT
45344 [TestNG-PoolService-9] DEBUG org.apache.http.headers  - << Content-Type: application/json; charset=utf-8
45344 [TestNG-PoolService-9] DEBUG org.apache.http.headers  - << Content-Length: 486
45344 [TestNG-PoolService-6] DEBUG io.restassured.internal.RequestSpecificationImpl$RestAssuredHttpBuilder  - Parsing response as: application/json; charset=utf-8
45344 [TestNG-PoolService-9] DEBUG org.apache.http.headers  - << Connection: keep-alive
45344 [TestNG-PoolService-9] DEBUG org.apache.http.headers  - << X-Cache-Key: /data/2.5/weather?q=bhilwara
45344 [TestNG-PoolService-6] DEBUG io.restassured.internal.RequestSpecificationImpl$RestAssuredHttpBuilder  - Parsed data to instance of: class org.apache.http.conn.EofSensorInputStream
45344 [TestNG-PoolService-9] DEBUG org.apache.http.headers  - << Access-Control-Allow-Origin: *
45344 [TestNG-PoolService-9] DEBUG org.apache.http.headers  - << Access-Control-Allow-Credentials: true
45344 [TestNG-PoolService-9] DEBUG org.apache.http.headers  - << Access-Control-Allow-Methods: GET, POST
45344 [TestNG-PoolService-9] DEBUG org.apache.http.impl.client.DefaultHttpClient  - Connection can be kept alive indefinitely
45345 [TestNG-PoolService-9] DEBUG io.restassured.internal.RequestSpecificationImpl$RestAssuredHttpBuilder  - Parsing response as: application/json; charset=utf-8
45345 [TestNG-PoolService-9] DEBUG io.restassured.internal.RequestSpecificationImpl$RestAssuredHttpBuilder  - Parsed data to instance of: class org.apache.http.conn.EofSensorInputStream
io.restassured.internal.RestAssuredResponseImpl@28c5445d
io.restassured.internal.RestAssuredResponseImpl@1e1d18fe
45400 [TestNG-PoolService-9] DEBUG org.apache.http.wire  -  << "{"coord":{"lon":74.63,"lat":25.35},"weather":[{"id":803,"main":"Clouds","description":"broken clouds","icon":"04n"}],"base":"stations","main":{"temp":297.96,"feels_like":298.35,"temp_min":297.96,"temp_max":297.96,"pressure":1006,"humidity":61,"sea_level":1006,"grnd_level":959},"visibility":10000,"wind":{"speed":2.71,"deg":43},"clouds":{"all":64},"dt":1602719249,"sys":{"country":"IN","sunrise":1602723587,"sunset":1602765260},"timezone":19800,"id":1275960,"name":"Bhilwara","cod":200}"
45400 [TestNG-PoolService-6] DEBUG org.apache.http.wire  -  << "{"coord":{"lon":77.6,"lat":12.98},"weather":[{"id":803,"main":"Clouds","description":"broken clouds","icon":"04n"}],"base":"stations","main":{"temp":293.15,"feels_like":293.28,"temp_min":293.15,"temp_max":293.15,"pressure":1008,"humidity":100},"visibility":6000,"wind":{"speed":5.1,"deg":230},"clouds":{"all":75},"dt":1602719149,"sys":{"type":1,"id":9208,"country":"IN","sunrise":1602722383,"sunset":1602765038},"timezone":19800,"id":1277333,"name":"Bengaluru","cod":200}"
45401 [TestNG-PoolService-9] DEBUG org.apache.http.impl.conn.BasicClientConnectionManager  - Releasing connection org.apache.http.impl.conn.ManagedClientConnectionImpl@2ab9e4e3
45401 [TestNG-PoolService-6] DEBUG org.apache.http.impl.conn.BasicClientConnectionManager  - Releasing connection org.apache.http.impl.conn.ManagedClientConnectionImpl@61c0ec43
45401 [TestNG-PoolService-9] DEBUG org.apache.http.impl.conn.BasicClientConnectionManager  - Connection can be kept alive indefinitely
45401 [TestNG-PoolService-6] DEBUG org.apache.http.impl.conn.BasicClientConnectionManager  - Connection can be kept alive indefinitely
{"coord":{"lon":74.63,"lat":25.35},"weather":[{"id":803,"main":"Clouds","description":"broken clouds","icon":"04n"}],"base":"stations","main":{"temp":297.96,"feels_like":298.35,"temp_min":297.96,"temp_max":297.96,"pressure":1006,"humidity":61,"sea_level":1006,"grnd_level":959},"visibility":10000,"wind":{"speed":2.71,"deg":43},"clouds":{"all":64},"dt":1602719249,"sys":{"country":"IN","sunrise":1602723587,"sunset":1602765260},"timezone":19800,"id":1275960,"name":"Bhilwara","cod":200}
{"coord":{"lon":77.6,"lat":12.98},"weather":[{"id":803,"main":"Clouds","description":"broken clouds","icon":"04n"}],"base":"stations","main":{"temp":293.15,"feels_like":293.28,"temp_min":293.15,"temp_max":293.15,"pressure":1008,"humidity":100},"visibility":6000,"wind":{"speed":5.1,"deg":230},"clouds":{"all":75},"dt":1602719149,"sys":{"type":1,"id":9208,"country":"IN","sunrise":1602722383,"sunset":1602765038},"timezone":19800,"id":1277333,"name":"Bengaluru","cod":200}
293.15
297.96
Celsius: 20.0
Celsius: 24.809998
45410 [TestNG-PoolService-9] INFO org.apache.log4j.Logger  - Temperature from API is 24.809998 for City Bhilwara
45410 [TestNG-PoolService-6] INFO org.apache.log4j.Logger  - Temperature from API is 20.0 for City Bengaluru
45411 [TestNG-PoolService-9] INFO org.apache.log4j.Logger  - PASS: Difference between the API 24.809998 and UI 34.0 temp: 9.190002 for City Bhilwara is less than variance set: 10
45411 [TestNG-PoolService-6] INFO org.apache.log4j.Logger  - PASS: Difference between the API 20.0 and UI 25.0 temp: 5.0 for City Bengaluru is less than variance set: 10
45434 [TestNG-PoolService-4] DEBUG org.apache.http.wire  -  << "HTTP/1.1 200 OK[\r][\n]"
45434 [TestNG-PoolService-4] DEBUG org.apache.http.wire  -  << "Server: openresty[\r][\n]"
45434 [TestNG-PoolService-4] DEBUG org.apache.http.wire  -  << "Date: Wed, 14 Oct 2020 23:47:29 GMT[\r][\n]"
45434 [TestNG-PoolService-4] DEBUG org.apache.http.wire  -  << "Content-Type: application/json; charset=utf-8[\r][\n]"
45434 [TestNG-PoolService-4] DEBUG org.apache.http.wire  -  << "Content-Length: 479[\r][\n]"
45434 [TestNG-PoolService-4] DEBUG org.apache.http.wire  -  << "Connection: keep-alive[\r][\n]"
45434 [TestNG-PoolService-4] DEBUG org.apache.http.wire  -  << "X-Cache-Key: /data/2.5/weather?q=alwar[\r][\n]"
45434 [TestNG-PoolService-4] DEBUG org.apache.http.wire  -  << "Access-Control-Allow-Origin: *[\r][\n]"
45434 [TestNG-PoolService-4] DEBUG org.apache.http.wire  -  << "Access-Control-Allow-Credentials: true[\r][\n]"
45434 [TestNG-PoolService-4] DEBUG org.apache.http.wire  -  << "Access-Control-Allow-Methods: GET, POST[\r][\n]"
45434 [TestNG-PoolService-4] DEBUG org.apache.http.wire  -  << "[\r][\n]"
45434 [TestNG-PoolService-4] DEBUG org.apache.http.impl.conn.DefaultClientConnection  - Receiving response: HTTP/1.1 200 OK
45434 [TestNG-PoolService-4] DEBUG org.apache.http.headers  - << HTTP/1.1 200 OK
45434 [TestNG-PoolService-4] DEBUG org.apache.http.headers  - << Server: openresty
45434 [TestNG-PoolService-4] DEBUG org.apache.http.headers  - << Date: Wed, 14 Oct 2020 23:47:29 GMT
45434 [TestNG-PoolService-4] DEBUG org.apache.http.headers  - << Content-Type: application/json; charset=utf-8
45434 [TestNG-PoolService-4] DEBUG org.apache.http.headers  - << Content-Length: 479
45434 [TestNG-PoolService-4] DEBUG org.apache.http.headers  - << Connection: keep-alive
45434 [TestNG-PoolService-4] DEBUG org.apache.http.headers  - << X-Cache-Key: /data/2.5/weather?q=alwar
45435 [TestNG-PoolService-4] DEBUG org.apache.http.headers  - << Access-Control-Allow-Origin: *
45435 [TestNG-PoolService-4] DEBUG org.apache.http.headers  - << Access-Control-Allow-Credentials: true
45435 [TestNG-PoolService-4] DEBUG org.apache.http.headers  - << Access-Control-Allow-Methods: GET, POST
45435 [TestNG-PoolService-4] DEBUG org.apache.http.impl.client.DefaultHttpClient  - Connection can be kept alive indefinitely
45435 [TestNG-PoolService-4] DEBUG io.restassured.internal.RequestSpecificationImpl$RestAssuredHttpBuilder  - Parsing response as: application/json; charset=utf-8
45435 [TestNG-PoolService-4] DEBUG io.restassured.internal.RequestSpecificationImpl$RestAssuredHttpBuilder  - Parsed data to instance of: class org.apache.http.conn.EofSensorInputStream
io.restassured.internal.RestAssuredResponseImpl@7336713a
45436 [TestNG-PoolService-4] DEBUG org.apache.http.wire  -  << "{"coord":{"lon":76.6,"lat":27.57},"weather":[{"id":801,"main":"Clouds","description":"few clouds","icon":"02n"}],"base":"stations","main":{"temp":297.98,"feels_like":298.19,"temp_min":297.98,"temp_max":297.98,"pressure":1008,"humidity":47,"sea_level":1008,"grnd_level":976},"visibility":10000,"wind":{"speed":0.91,"deg":22},"clouds":{"all":24},"dt":1602719249,"sys":{"country":"IN","sunrise":1602723210,"sunset":1602764691},"timezone":19800,"id":1278946,"name":"Alwar","cod":200}"
45436 [TestNG-PoolService-4] DEBUG org.apache.http.impl.conn.BasicClientConnectionManager  - Releasing connection org.apache.http.impl.conn.ManagedClientConnectionImpl@beb144e
45436 [TestNG-PoolService-4] DEBUG org.apache.http.impl.conn.BasicClientConnectionManager  - Connection can be kept alive indefinitely
{"coord":{"lon":76.6,"lat":27.57},"weather":[{"id":801,"main":"Clouds","description":"few clouds","icon":"02n"}],"base":"stations","main":{"temp":297.98,"feels_like":298.19,"temp_min":297.98,"temp_max":297.98,"pressure":1008,"humidity":47,"sea_level":1008,"grnd_level":976},"visibility":10000,"wind":{"speed":0.91,"deg":22},"clouds":{"all":24},"dt":1602719249,"sys":{"country":"IN","sunrise":1602723210,"sunset":1602764691},"timezone":19800,"id":1278946,"name":"Alwar","cod":200}
297.98
Celsius: 24.830017
45438 [TestNG-PoolService-4] INFO org.apache.log4j.Logger  - Temperature from API is 24.830017 for City Alwar
45438 [TestNG-PoolService-4] INFO org.apache.log4j.Logger  - PASS: Difference between the API 24.830017 and UI 34.0 temp: 9.169983 for City Alwar is less than variance set: 10
45750 [Finalizer] DEBUG org.apache.http.impl.conn.DefaultClientConnection  - Connection 0.0.0.0:55480<->178.128.122.9:80 closed
45752 [Finalizer] DEBUG org.apache.http.impl.conn.DefaultClientConnection  - Connection 0.0.0.0:55481<->178.128.122.9:80 closed
45753 [Finalizer] DEBUG org.apache.http.impl.conn.DefaultClientConnection  - Connection 0.0.0.0:55479<->178.128.122.9:80 closed
45856 [TestNG-PoolService-7] INFO org.apache.log4j.Logger  - Temperature on UI is 27.0 for City Bellary
45856 [TestNG-PoolService-7] INFO org.apache.log4j.Logger  - Get Temp using API
45864 [TestNG-PoolService-7] DEBUG org.apache.http.impl.conn.BasicClientConnectionManager  - Get connection for route {}->http://api.openweathermap.org:80
45864 [TestNG-PoolService-7] DEBUG org.apache.http.impl.conn.DefaultClientConnectionOperator  - Connecting to api.openweathermap.org:80
45924 [TestNG-PoolService-7] DEBUG org.apache.http.client.protocol.RequestAddCookies  - CookieSpec selected: ignoreCookies
45924 [TestNG-PoolService-7] DEBUG org.apache.http.client.protocol.RequestAuthCache  - Auth cache not set in the context
45925 [TestNG-PoolService-7] DEBUG org.apache.http.client.protocol.RequestTargetAuthentication  - Target auth state: UNCHALLENGED
45925 [TestNG-PoolService-7] DEBUG org.apache.http.client.protocol.RequestProxyAuthentication  - Proxy auth state: UNCHALLENGED
45925 [TestNG-PoolService-7] DEBUG org.apache.http.impl.client.DefaultHttpClient  - Attempt 1 to execute request
45925 [TestNG-PoolService-7] DEBUG org.apache.http.impl.conn.DefaultClientConnection  - Sending request: GET /data/2.5/weather?q=Bellary&appid=7fe67bf08c80ded756e598d6f8fedaea HTTP/1.1
45925 [TestNG-PoolService-7] DEBUG org.apache.http.wire  -  >> "GET /data/2.5/weather?q=Bellary&appid=7fe67bf08c80ded756e598d6f8fedaea HTTP/1.1[\r][\n]"
45925 [TestNG-PoolService-7] DEBUG org.apache.http.wire  -  >> "Accept: */*[\r][\n]"
45925 [TestNG-PoolService-7] DEBUG org.apache.http.wire  -  >> "Host: api.openweathermap.org[\r][\n]"
45925 [TestNG-PoolService-7] DEBUG org.apache.http.wire  -  >> "Connection: Keep-Alive[\r][\n]"
45925 [TestNG-PoolService-7] DEBUG org.apache.http.wire  -  >> "User-Agent: Apache-HttpClient/4.5.3 (Java/1.8.0_201)[\r][\n]"
45926 [TestNG-PoolService-7] DEBUG org.apache.http.wire  -  >> "Accept-Encoding: gzip,deflate[\r][\n]"
45926 [TestNG-PoolService-7] DEBUG org.apache.http.wire  -  >> "[\r][\n]"
45926 [TestNG-PoolService-7] DEBUG org.apache.http.headers  - >> GET /data/2.5/weather?q=Bellary&appid=7fe67bf08c80ded756e598d6f8fedaea HTTP/1.1
45926 [TestNG-PoolService-7] DEBUG org.apache.http.headers  - >> Accept: */*
45926 [TestNG-PoolService-7] DEBUG org.apache.http.headers  - >> Host: api.openweathermap.org
45926 [TestNG-PoolService-7] DEBUG org.apache.http.headers  - >> Connection: Keep-Alive
45926 [TestNG-PoolService-7] DEBUG org.apache.http.headers  - >> User-Agent: Apache-HttpClient/4.5.3 (Java/1.8.0_201)
45926 [TestNG-PoolService-7] DEBUG org.apache.http.headers  - >> Accept-Encoding: gzip,deflate
46021 [TestNG-PoolService-7] DEBUG org.apache.http.wire  -  << "HTTP/1.1 200 OK[\r][\n]"
46021 [TestNG-PoolService-7] DEBUG org.apache.http.wire  -  << "Server: openresty[\r][\n]"
46021 [TestNG-PoolService-7] DEBUG org.apache.http.wire  -  << "Date: Wed, 14 Oct 2020 23:47:30 GMT[\r][\n]"
46021 [TestNG-PoolService-7] DEBUG org.apache.http.wire  -  << "Content-Type: application/json; charset=utf-8[\r][\n]"
46022 [TestNG-PoolService-7] DEBUG org.apache.http.wire  -  << "Content-Length: 489[\r][\n]"
46022 [TestNG-PoolService-7] DEBUG org.apache.http.wire  -  << "Connection: keep-alive[\r][\n]"
46022 [TestNG-PoolService-7] DEBUG org.apache.http.wire  -  << "X-Cache-Key: /data/2.5/weather?q=bellary[\r][\n]"
46022 [TestNG-PoolService-7] DEBUG org.apache.http.wire  -  << "Access-Control-Allow-Origin: *[\r][\n]"
46022 [TestNG-PoolService-7] DEBUG org.apache.http.wire  -  << "Access-Control-Allow-Credentials: true[\r][\n]"
46022 [TestNG-PoolService-7] DEBUG org.apache.http.wire  -  << "Access-Control-Allow-Methods: GET, POST[\r][\n]"
46022 [TestNG-PoolService-7] DEBUG org.apache.http.wire  -  << "[\r][\n]"
46022 [TestNG-PoolService-7] DEBUG org.apache.http.impl.conn.DefaultClientConnection  - Receiving response: HTTP/1.1 200 OK
46022 [TestNG-PoolService-7] DEBUG org.apache.http.headers  - << HTTP/1.1 200 OK
46022 [TestNG-PoolService-7] DEBUG org.apache.http.headers  - << Server: openresty
46022 [TestNG-PoolService-7] DEBUG org.apache.http.headers  - << Date: Wed, 14 Oct 2020 23:47:30 GMT
46022 [TestNG-PoolService-7] DEBUG org.apache.http.headers  - << Content-Type: application/json; charset=utf-8
46022 [TestNG-PoolService-7] DEBUG org.apache.http.headers  - << Content-Length: 489
46023 [TestNG-PoolService-7] DEBUG org.apache.http.headers  - << Connection: keep-alive
46023 [TestNG-PoolService-7] DEBUG org.apache.http.headers  - << X-Cache-Key: /data/2.5/weather?q=bellary
46023 [TestNG-PoolService-7] DEBUG org.apache.http.headers  - << Access-Control-Allow-Origin: *
46023 [TestNG-PoolService-7] DEBUG org.apache.http.headers  - << Access-Control-Allow-Credentials: true
46023 [TestNG-PoolService-7] DEBUG org.apache.http.headers  - << Access-Control-Allow-Methods: GET, POST
46023 [TestNG-PoolService-7] DEBUG org.apache.http.impl.client.DefaultHttpClient  - Connection can be kept alive indefinitely
46023 [TestNG-PoolService-7] DEBUG io.restassured.internal.RequestSpecificationImpl$RestAssuredHttpBuilder  - Parsing response as: application/json; charset=utf-8
46023 [TestNG-PoolService-7] DEBUG io.restassured.internal.RequestSpecificationImpl$RestAssuredHttpBuilder  - Parsed data to instance of: class org.apache.http.conn.EofSensorInputStream
io.restassured.internal.RestAssuredResponseImpl@53bd65ff
46026 [TestNG-PoolService-7] DEBUG org.apache.http.wire  -  << "{"coord":{"lon":76.93,"lat":15.15},"weather":[{"id":802,"main":"Clouds","description":"scattered clouds","icon":"03n"}],"base":"stations","main":{"temp":294.84,"feels_like":295.41,"temp_min":294.84,"temp_max":294.84,"pressure":1004,"humidity":88,"sea_level":1004,"grnd_level":952},"visibility":10000,"wind":{"speed":4.21,"deg":244},"clouds":{"all":31},"dt":1602719250,"sys":{"country":"IN","sunrise":1602722626,"sunset":1602765117},"timezone":19800,"id":1276509,"name":"Bellary","cod":200}"
46026 [TestNG-PoolService-7] DEBUG org.apache.http.impl.conn.BasicClientConnectionManager  - Releasing connection org.apache.http.impl.conn.ManagedClientConnectionImpl@4e1c253e
46026 [TestNG-PoolService-7] DEBUG org.apache.http.impl.conn.BasicClientConnectionManager  - Connection can be kept alive indefinitely
{"coord":{"lon":76.93,"lat":15.15},"weather":[{"id":802,"main":"Clouds","description":"scattered clouds","icon":"03n"}],"base":"stations","main":{"temp":294.84,"feels_like":295.41,"temp_min":294.84,"temp_max":294.84,"pressure":1004,"humidity":88,"sea_level":1004,"grnd_level":952},"visibility":10000,"wind":{"speed":4.21,"deg":244},"clouds":{"all":31},"dt":1602719250,"sys":{"country":"IN","sunrise":1602722626,"sunset":1602765117},"timezone":19800,"id":1276509,"name":"Bellary","cod":200}
294.84
Celsius: 21.690002
46028 [TestNG-PoolService-7] INFO org.apache.log4j.Logger  - Temperature from API is 21.690002 for City Bellary
46028 [TestNG-PoolService-7] INFO org.apache.log4j.Logger  - PASS: Difference between the API 21.690002 and UI 27.0 temp: 5.3099976 for City Bellary is less than variance set: 10
46433 [Finalizer] DEBUG org.apache.http.impl.conn.DefaultClientConnection  - Connection 0.0.0.0:55482<->178.128.122.9:80 closed
46472 [TestNG-PoolService-0] INFO org.apache.log4j.Logger  - Temperature on UI is 36.0 for City Ahmedabad
46472 [TestNG-PoolService-0] INFO org.apache.log4j.Logger  - Get Temp using API
46478 [TestNG-PoolService-0] DEBUG org.apache.http.impl.conn.BasicClientConnectionManager  - Get connection for route {}->http://api.openweathermap.org:80
46478 [TestNG-PoolService-0] DEBUG org.apache.http.impl.conn.DefaultClientConnectionOperator  - Connecting to api.openweathermap.org:80
46535 [TestNG-PoolService-0] DEBUG org.apache.http.client.protocol.RequestAddCookies  - CookieSpec selected: ignoreCookies
46535 [TestNG-PoolService-0] DEBUG org.apache.http.client.protocol.RequestAuthCache  - Auth cache not set in the context
46536 [TestNG-PoolService-0] DEBUG org.apache.http.client.protocol.RequestTargetAuthentication  - Target auth state: UNCHALLENGED
46536 [TestNG-PoolService-0] DEBUG org.apache.http.client.protocol.RequestProxyAuthentication  - Proxy auth state: UNCHALLENGED
46536 [TestNG-PoolService-0] DEBUG org.apache.http.impl.client.DefaultHttpClient  - Attempt 1 to execute request
46536 [TestNG-PoolService-0] DEBUG org.apache.http.impl.conn.DefaultClientConnection  - Sending request: GET /data/2.5/weather?q=Ahmedabad&appid=7fe67bf08c80ded756e598d6f8fedaea HTTP/1.1
46536 [TestNG-PoolService-0] DEBUG org.apache.http.wire  -  >> "GET /data/2.5/weather?q=Ahmedabad&appid=7fe67bf08c80ded756e598d6f8fedaea HTTP/1.1[\r][\n]"
46536 [TestNG-PoolService-0] DEBUG org.apache.http.wire  -  >> "Accept: */*[\r][\n]"
46536 [TestNG-PoolService-0] DEBUG org.apache.http.wire  -  >> "Host: api.openweathermap.org[\r][\n]"
46536 [TestNG-PoolService-0] DEBUG org.apache.http.wire  -  >> "Connection: Keep-Alive[\r][\n]"
46536 [TestNG-PoolService-0] DEBUG org.apache.http.wire  -  >> "User-Agent: Apache-HttpClient/4.5.3 (Java/1.8.0_201)[\r][\n]"
46536 [TestNG-PoolService-0] DEBUG org.apache.http.wire  -  >> "Accept-Encoding: gzip,deflate[\r][\n]"
46536 [TestNG-PoolService-0] DEBUG org.apache.http.wire  -  >> "[\r][\n]"
46536 [TestNG-PoolService-0] DEBUG org.apache.http.headers  - >> GET /data/2.5/weather?q=Ahmedabad&appid=7fe67bf08c80ded756e598d6f8fedaea HTTP/1.1
46536 [TestNG-PoolService-0] DEBUG org.apache.http.headers  - >> Accept: */*
46536 [TestNG-PoolService-0] DEBUG org.apache.http.headers  - >> Host: api.openweathermap.org
46536 [TestNG-PoolService-0] DEBUG org.apache.http.headers  - >> Connection: Keep-Alive
46536 [TestNG-PoolService-0] DEBUG org.apache.http.headers  - >> User-Agent: Apache-HttpClient/4.5.3 (Java/1.8.0_201)
46536 [TestNG-PoolService-0] DEBUG org.apache.http.headers  - >> Accept-Encoding: gzip,deflate
46596 [TestNG-PoolService-0] DEBUG org.apache.http.wire  -  << "HTTP/1.1 200 OK[\r][\n]"
46596 [TestNG-PoolService-0] DEBUG org.apache.http.wire  -  << "Server: openresty[\r][\n]"
46596 [TestNG-PoolService-0] DEBUG org.apache.http.wire  -  << "Date: Wed, 14 Oct 2020 23:47:30 GMT[\r][\n]"
46596 [TestNG-PoolService-0] DEBUG org.apache.http.wire  -  << "Content-Type: application/json; charset=utf-8[\r][\n]"
46597 [TestNG-PoolService-0] DEBUG org.apache.http.wire  -  << "Content-Length: 490[\r][\n]"
46597 [TestNG-PoolService-0] DEBUG org.apache.http.wire  -  << "Connection: keep-alive[\r][\n]"
46597 [TestNG-PoolService-0] DEBUG org.apache.http.wire  -  << "X-Cache-Key: /data/2.5/weather?q=ahmedabad[\r][\n]"
46597 [TestNG-PoolService-0] DEBUG org.apache.http.wire  -  << "Access-Control-Allow-Origin: *[\r][\n]"
46597 [TestNG-PoolService-0] DEBUG org.apache.http.wire  -  << "Access-Control-Allow-Credentials: true[\r][\n]"
46597 [TestNG-PoolService-0] DEBUG org.apache.http.wire  -  << "Access-Control-Allow-Methods: GET, POST[\r][\n]"
46597 [TestNG-PoolService-0] DEBUG org.apache.http.wire  -  << "[\r][\n]"
46597 [TestNG-PoolService-0] DEBUG org.apache.http.impl.conn.DefaultClientConnection  - Receiving response: HTTP/1.1 200 OK
46597 [TestNG-PoolService-0] DEBUG org.apache.http.headers  - << HTTP/1.1 200 OK
46598 [TestNG-PoolService-0] DEBUG org.apache.http.headers  - << Server: openresty
46598 [TestNG-PoolService-0] DEBUG org.apache.http.headers  - << Date: Wed, 14 Oct 2020 23:47:30 GMT
46598 [TestNG-PoolService-0] DEBUG org.apache.http.headers  - << Content-Type: application/json; charset=utf-8
46598 [TestNG-PoolService-0] DEBUG org.apache.http.headers  - << Content-Length: 490
46598 [TestNG-PoolService-0] DEBUG org.apache.http.headers  - << Connection: keep-alive
46598 [TestNG-PoolService-0] DEBUG org.apache.http.headers  - << X-Cache-Key: /data/2.5/weather?q=ahmedabad
46598 [TestNG-PoolService-0] DEBUG org.apache.http.headers  - << Access-Control-Allow-Origin: *
46598 [TestNG-PoolService-0] DEBUG org.apache.http.headers  - << Access-Control-Allow-Credentials: true
46598 [TestNG-PoolService-0] DEBUG org.apache.http.headers  - << Access-Control-Allow-Methods: GET, POST
46598 [TestNG-PoolService-0] DEBUG org.apache.http.impl.client.DefaultHttpClient  - Connection can be kept alive indefinitely
46599 [TestNG-PoolService-0] DEBUG io.restassured.internal.RequestSpecificationImpl$RestAssuredHttpBuilder  - Parsing response as: application/json; charset=utf-8
46599 [TestNG-PoolService-0] DEBUG io.restassured.internal.RequestSpecificationImpl$RestAssuredHttpBuilder  - Parsed data to instance of: class org.apache.http.conn.EofSensorInputStream
io.restassured.internal.RestAssuredResponseImpl@471c8a8b
46602 [TestNG-PoolService-0] DEBUG org.apache.http.wire  -  << "{"coord":{"lon":72.62,"lat":23.03},"weather":[{"id":804,"main":"Clouds","description":"overcast clouds","icon":"04n"}],"base":"stations","main":{"temp":302.02,"feels_like":300.99,"temp_min":302.02,"temp_max":302.02,"pressure":1004,"humidity":44,"sea_level":1004,"grnd_level":998},"visibility":10000,"wind":{"speed":3.97,"deg":61},"clouds":{"all":100},"dt":1602719144,"sys":{"country":"IN","sunrise":1602723972,"sunset":1602765839},"timezone":19800,"id":1279233,"name":"Ahmedabad","cod":200}"
46602 [TestNG-PoolService-0] DEBUG org.apache.http.impl.conn.BasicClientConnectionManager  - Releasing connection org.apache.http.impl.conn.ManagedClientConnectionImpl@7089b935
46602 [TestNG-PoolService-0] DEBUG org.apache.http.impl.conn.BasicClientConnectionManager  - Connection can be kept alive indefinitely
{"coord":{"lon":72.62,"lat":23.03},"weather":[{"id":804,"main":"Clouds","description":"overcast clouds","icon":"04n"}],"base":"stations","main":{"temp":302.02,"feels_like":300.99,"temp_min":302.02,"temp_max":302.02,"pressure":1004,"humidity":44,"sea_level":1004,"grnd_level":998},"visibility":10000,"wind":{"speed":3.97,"deg":61},"clouds":{"all":100},"dt":1602719144,"sys":{"country":"IN","sunrise":1602723972,"sunset":1602765839},"timezone":19800,"id":1279233,"name":"Ahmedabad","cod":200}
302.02
Celsius: 28.869995
46604 [TestNG-PoolService-0] INFO org.apache.log4j.Logger  - Temperature from API is 28.869995 for City Ahmedabad
46604 [TestNG-PoolService-0] INFO org.apache.log4j.Logger  - PASS: Difference between the API 28.869995 and UI 36.0 temp: 7.130005 for City Ahmedabad is less than variance set: 10
47096 [TestNG-PoolService-8] INFO org.apache.log4j.Logger  - Temperature on UI is 29.0 for City Bhilai
47097 [TestNG-PoolService-8] INFO org.apache.log4j.Logger  - Get Temp using API
47128 [TestNG-PoolService-8] DEBUG org.apache.http.impl.conn.BasicClientConnectionManager  - Get connection for route {}->http://api.openweathermap.org:80
47128 [TestNG-PoolService-8] DEBUG org.apache.http.impl.conn.DefaultClientConnectionOperator  - Connecting to api.openweathermap.org:80
47186 [TestNG-PoolService-8] DEBUG org.apache.http.client.protocol.RequestAddCookies  - CookieSpec selected: ignoreCookies
47186 [TestNG-PoolService-8] DEBUG org.apache.http.client.protocol.RequestAuthCache  - Auth cache not set in the context
47186 [TestNG-PoolService-8] DEBUG org.apache.http.client.protocol.RequestTargetAuthentication  - Target auth state: UNCHALLENGED
47186 [TestNG-PoolService-8] DEBUG org.apache.http.client.protocol.RequestProxyAuthentication  - Proxy auth state: UNCHALLENGED
47186 [TestNG-PoolService-8] DEBUG org.apache.http.impl.client.DefaultHttpClient  - Attempt 1 to execute request
47186 [TestNG-PoolService-8] DEBUG org.apache.http.impl.conn.DefaultClientConnection  - Sending request: GET /data/2.5/weather?q=Bhilai&appid=7fe67bf08c80ded756e598d6f8fedaea HTTP/1.1
47187 [TestNG-PoolService-8] DEBUG org.apache.http.wire  -  >> "GET /data/2.5/weather?q=Bhilai&appid=7fe67bf08c80ded756e598d6f8fedaea HTTP/1.1[\r][\n]"
47187 [TestNG-PoolService-8] DEBUG org.apache.http.wire  -  >> "Accept: */*[\r][\n]"
47187 [TestNG-PoolService-8] DEBUG org.apache.http.wire  -  >> "Host: api.openweathermap.org[\r][\n]"
47187 [TestNG-PoolService-8] DEBUG org.apache.http.wire  -  >> "Connection: Keep-Alive[\r][\n]"
47187 [TestNG-PoolService-8] DEBUG org.apache.http.wire  -  >> "User-Agent: Apache-HttpClient/4.5.3 (Java/1.8.0_201)[\r][\n]"
47187 [TestNG-PoolService-8] DEBUG org.apache.http.wire  -  >> "Accept-Encoding: gzip,deflate[\r][\n]"
47187 [TestNG-PoolService-8] DEBUG org.apache.http.wire  -  >> "[\r][\n]"
47187 [TestNG-PoolService-8] DEBUG org.apache.http.headers  - >> GET /data/2.5/weather?q=Bhilai&appid=7fe67bf08c80ded756e598d6f8fedaea HTTP/1.1
47187 [TestNG-PoolService-8] DEBUG org.apache.http.headers  - >> Accept: */*
47187 [TestNG-PoolService-8] DEBUG org.apache.http.headers  - >> Host: api.openweathermap.org
47187 [TestNG-PoolService-8] DEBUG org.apache.http.headers  - >> Connection: Keep-Alive
47187 [TestNG-PoolService-8] DEBUG org.apache.http.headers  - >> User-Agent: Apache-HttpClient/4.5.3 (Java/1.8.0_201)
47187 [TestNG-PoolService-8] DEBUG org.apache.http.headers  - >> Accept-Encoding: gzip,deflate
47248 [TestNG-PoolService-8] DEBUG org.apache.http.wire  -  << "HTTP/1.1 200 OK[\r][\n]"
47248 [TestNG-PoolService-8] DEBUG org.apache.http.wire  -  << "Server: openresty[\r][\n]"
47248 [TestNG-PoolService-8] DEBUG org.apache.http.wire  -  << "Date: Wed, 14 Oct 2020 23:47:31 GMT[\r][\n]"
47248 [TestNG-PoolService-8] DEBUG org.apache.http.wire  -  << "Content-Type: application/json; charset=utf-8[\r][\n]"
47248 [TestNG-PoolService-8] DEBUG org.apache.http.wire  -  << "Content-Length: 486[\r][\n]"
47248 [TestNG-PoolService-8] DEBUG org.apache.http.wire  -  << "Connection: keep-alive[\r][\n]"
47248 [TestNG-PoolService-8] DEBUG org.apache.http.wire  -  << "X-Cache-Key: /data/2.5/weather?q=bhilai[\r][\n]"
47248 [TestNG-PoolService-8] DEBUG org.apache.http.wire  -  << "Access-Control-Allow-Origin: *[\r][\n]"
47248 [TestNG-PoolService-8] DEBUG org.apache.http.wire  -  << "Access-Control-Allow-Credentials: true[\r][\n]"
47248 [TestNG-PoolService-8] DEBUG org.apache.http.wire  -  << "Access-Control-Allow-Methods: GET, POST[\r][\n]"
47248 [TestNG-PoolService-8] DEBUG org.apache.http.wire  -  << "[\r][\n]"
47248 [TestNG-PoolService-8] DEBUG org.apache.http.impl.conn.DefaultClientConnection  - Receiving response: HTTP/1.1 200 OK
47248 [TestNG-PoolService-8] DEBUG org.apache.http.headers  - << HTTP/1.1 200 OK
47248 [TestNG-PoolService-8] DEBUG org.apache.http.headers  - << Server: openresty
47248 [TestNG-PoolService-8] DEBUG org.apache.http.headers  - << Date: Wed, 14 Oct 2020 23:47:31 GMT
47248 [TestNG-PoolService-8] DEBUG org.apache.http.headers  - << Content-Type: application/json; charset=utf-8
47248 [TestNG-PoolService-8] DEBUG org.apache.http.headers  - << Content-Length: 486
47248 [TestNG-PoolService-8] DEBUG org.apache.http.headers  - << Connection: keep-alive
47248 [TestNG-PoolService-8] DEBUG org.apache.http.headers  - << X-Cache-Key: /data/2.5/weather?q=bhilai
47248 [TestNG-PoolService-8] DEBUG org.apache.http.headers  - << Access-Control-Allow-Origin: *
47248 [TestNG-PoolService-8] DEBUG org.apache.http.headers  - << Access-Control-Allow-Credentials: true
47248 [TestNG-PoolService-8] DEBUG org.apache.http.headers  - << Access-Control-Allow-Methods: GET, POST
47248 [TestNG-PoolService-8] DEBUG org.apache.http.impl.client.DefaultHttpClient  - Connection can be kept alive indefinitely
47249 [TestNG-PoolService-8] DEBUG io.restassured.internal.RequestSpecificationImpl$RestAssuredHttpBuilder  - Parsing response as: application/json; charset=utf-8
47249 [TestNG-PoolService-8] DEBUG io.restassured.internal.RequestSpecificationImpl$RestAssuredHttpBuilder  - Parsed data to instance of: class org.apache.http.conn.EofSensorInputStream
io.restassured.internal.RestAssuredResponseImpl@34c2d791
47250 [TestNG-PoolService-8] DEBUG org.apache.http.wire  -  << "{"coord":{"lon":81.43,"lat":21.22},"weather":[{"id":804,"main":"Clouds","description":"overcast clouds","icon":"04n"}],"base":"stations","main":{"temp":296.01,"feels_like":298.54,"temp_min":296.01,"temp_max":296.01,"pressure":1005,"humidity":96,"sea_level":1005,"grnd_level":971},"visibility":10000,"wind":{"speed":3.24,"deg":77},"clouds":{"all":98},"dt":1602719124,"sys":{"country":"IN","sunrise":1602721783,"sunset":1602763800},"timezone":19800,"id":1275971,"name":"Bhilai","cod":200}"
47250 [TestNG-PoolService-8] DEBUG org.apache.http.impl.conn.BasicClientConnectionManager  - Releasing connection org.apache.http.impl.conn.ManagedClientConnectionImpl@315118f6
47250 [TestNG-PoolService-8] DEBUG org.apache.http.impl.conn.BasicClientConnectionManager  - Connection can be kept alive indefinitely
{"coord":{"lon":81.43,"lat":21.22},"weather":[{"id":804,"main":"Clouds","description":"overcast clouds","icon":"04n"}],"base":"stations","main":{"temp":296.01,"feels_like":298.54,"temp_min":296.01,"temp_max":296.01,"pressure":1005,"humidity":96,"sea_level":1005,"grnd_level":971},"visibility":10000,"wind":{"speed":3.24,"deg":77},"clouds":{"all":98},"dt":1602719124,"sys":{"country":"IN","sunrise":1602721783,"sunset":1602763800},"timezone":19800,"id":1275971,"name":"Bhilai","cod":200}
296.01
Celsius: 22.860016
47250 [TestNG-PoolService-8] INFO org.apache.log4j.Logger  - Temperature from API is 22.860016 for City Bhilai
47250 [TestNG-PoolService-8] INFO org.apache.log4j.Logger  - PASS: Difference between the API 22.860016 and UI 29.0 temp: 6.139984 for City Bhilai is less than variance set: 10
47701 [TestNG-PoolService-3] INFO org.apache.log4j.Logger  - Temperature on UI is 34.0 for City Allahabad
47701 [TestNG-PoolService-3] INFO org.apache.log4j.Logger  - Get Temp using API
47710 [TestNG-PoolService-3] DEBUG org.apache.http.impl.conn.BasicClientConnectionManager  - Get connection for route {}->http://api.openweathermap.org:80
47710 [TestNG-PoolService-3] DEBUG org.apache.http.impl.conn.DefaultClientConnectionOperator  - Connecting to api.openweathermap.org:80
47766 [TestNG-PoolService-3] DEBUG org.apache.http.client.protocol.RequestAddCookies  - CookieSpec selected: ignoreCookies
47766 [TestNG-PoolService-3] DEBUG org.apache.http.client.protocol.RequestAuthCache  - Auth cache not set in the context
47766 [TestNG-PoolService-3] DEBUG org.apache.http.client.protocol.RequestTargetAuthentication  - Target auth state: UNCHALLENGED
47766 [TestNG-PoolService-3] DEBUG org.apache.http.client.protocol.RequestProxyAuthentication  - Proxy auth state: UNCHALLENGED
47766 [TestNG-PoolService-3] DEBUG org.apache.http.impl.client.DefaultHttpClient  - Attempt 1 to execute request
47766 [TestNG-PoolService-3] DEBUG org.apache.http.impl.conn.DefaultClientConnection  - Sending request: GET /data/2.5/weather?q=Allahabad&appid=7fe67bf08c80ded756e598d6f8fedaea HTTP/1.1
47766 [TestNG-PoolService-3] DEBUG org.apache.http.wire  -  >> "GET /data/2.5/weather?q=Allahabad&appid=7fe67bf08c80ded756e598d6f8fedaea HTTP/1.1[\r][\n]"
47767 [TestNG-PoolService-3] DEBUG org.apache.http.wire  -  >> "Accept: */*[\r][\n]"
47767 [TestNG-PoolService-3] DEBUG org.apache.http.wire  -  >> "Host: api.openweathermap.org[\r][\n]"
47767 [TestNG-PoolService-3] DEBUG org.apache.http.wire  -  >> "Connection: Keep-Alive[\r][\n]"
47767 [TestNG-PoolService-3] DEBUG org.apache.http.wire  -  >> "User-Agent: Apache-HttpClient/4.5.3 (Java/1.8.0_201)[\r][\n]"
47767 [TestNG-PoolService-3] DEBUG org.apache.http.wire  -  >> "Accept-Encoding: gzip,deflate[\r][\n]"
47767 [TestNG-PoolService-3] DEBUG org.apache.http.wire  -  >> "[\r][\n]"
47767 [TestNG-PoolService-3] DEBUG org.apache.http.headers  - >> GET /data/2.5/weather?q=Allahabad&appid=7fe67bf08c80ded756e598d6f8fedaea HTTP/1.1
47767 [TestNG-PoolService-3] DEBUG org.apache.http.headers  - >> Accept: */*
47767 [TestNG-PoolService-3] DEBUG org.apache.http.headers  - >> Host: api.openweathermap.org
47767 [TestNG-PoolService-3] DEBUG org.apache.http.headers  - >> Connection: Keep-Alive
47767 [TestNG-PoolService-3] DEBUG org.apache.http.headers  - >> User-Agent: Apache-HttpClient/4.5.3 (Java/1.8.0_201)
47767 [TestNG-PoolService-3] DEBUG org.apache.http.headers  - >> Accept-Encoding: gzip,deflate
47824 [TestNG-PoolService-3] DEBUG org.apache.http.wire  -  << "HTTP/1.1 200 OK[\r][\n]"
47825 [TestNG-PoolService-3] DEBUG org.apache.http.wire  -  << "Server: openresty[\r][\n]"
47825 [TestNG-PoolService-3] DEBUG org.apache.http.wire  -  << "Date: Wed, 14 Oct 2020 23:47:31 GMT[\r][\n]"
47825 [TestNG-PoolService-3] DEBUG org.apache.http.wire  -  << "Content-Type: application/json; charset=utf-8[\r][\n]"
47825 [TestNG-PoolService-3] DEBUG org.apache.http.wire  -  << "Content-Length: 490[\r][\n]"
47825 [TestNG-PoolService-3] DEBUG org.apache.http.wire  -  << "Connection: keep-alive[\r][\n]"
47825 [TestNG-PoolService-3] DEBUG org.apache.http.wire  -  << "X-Cache-Key: /data/2.5/weather?q=allahabad[\r][\n]"
47825 [TestNG-PoolService-3] DEBUG org.apache.http.wire  -  << "Access-Control-Allow-Origin: *[\r][\n]"
47825 [TestNG-PoolService-3] DEBUG org.apache.http.wire  -  << "Access-Control-Allow-Credentials: true[\r][\n]"
47825 [TestNG-PoolService-3] DEBUG org.apache.http.wire  -  << "Access-Control-Allow-Methods: GET, POST[\r][\n]"
47825 [TestNG-PoolService-3] DEBUG org.apache.http.wire  -  << "[\r][\n]"
47825 [TestNG-PoolService-3] DEBUG org.apache.http.impl.conn.DefaultClientConnection  - Receiving response: HTTP/1.1 200 OK
47825 [TestNG-PoolService-3] DEBUG org.apache.http.headers  - << HTTP/1.1 200 OK
47825 [TestNG-PoolService-3] DEBUG org.apache.http.headers  - << Server: openresty
47825 [TestNG-PoolService-3] DEBUG org.apache.http.headers  - << Date: Wed, 14 Oct 2020 23:47:31 GMT
47825 [TestNG-PoolService-3] DEBUG org.apache.http.headers  - << Content-Type: application/json; charset=utf-8
47825 [TestNG-PoolService-3] DEBUG org.apache.http.headers  - << Content-Length: 490
47825 [TestNG-PoolService-3] DEBUG org.apache.http.headers  - << Connection: keep-alive
47825 [TestNG-PoolService-3] DEBUG org.apache.http.headers  - << X-Cache-Key: /data/2.5/weather?q=allahabad
47825 [TestNG-PoolService-3] DEBUG org.apache.http.headers  - << Access-Control-Allow-Origin: *
47825 [TestNG-PoolService-3] DEBUG org.apache.http.headers  - << Access-Control-Allow-Credentials: true
47825 [TestNG-PoolService-3] DEBUG org.apache.http.headers  - << Access-Control-Allow-Methods: GET, POST
47825 [TestNG-PoolService-3] DEBUG org.apache.http.impl.client.DefaultHttpClient  - Connection can be kept alive indefinitely
47826 [TestNG-PoolService-3] DEBUG io.restassured.internal.RequestSpecificationImpl$RestAssuredHttpBuilder  - Parsing response as: application/json; charset=utf-8
47826 [TestNG-PoolService-3] DEBUG io.restassured.internal.RequestSpecificationImpl$RestAssuredHttpBuilder  - Parsed data to instance of: class org.apache.http.conn.EofSensorInputStream
io.restassured.internal.RestAssuredResponseImpl@12e59f0a
47827 [TestNG-PoolService-3] DEBUG org.apache.http.wire  -  << "{"coord":{"lon":81.85,"lat":25.45},"weather":[{"id":802,"main":"Clouds","description":"scattered clouds","icon":"03n"}],"base":"stations","main":{"temp":299.32,"feels_like":302.53,"temp_min":299.32,"temp_max":299.32,"pressure":1007,"humidity":79,"sea_level":1007,"grnd_level":996},"visibility":10000,"wind":{"speed":2.31,"deg":92},"clouds":{"all":34},"dt":1602718963,"sys":{"country":"IN","sunrise":1602721857,"sunset":1602763524},"timezone":19800,"id":1278994,"name":"Allahabad","cod":200}"
47827 [TestNG-PoolService-3] DEBUG org.apache.http.impl.conn.BasicClientConnectionManager  - Releasing connection org.apache.http.impl.conn.ManagedClientConnectionImpl@5517e515
47827 [TestNG-PoolService-3] DEBUG org.apache.http.impl.conn.BasicClientConnectionManager  - Connection can be kept alive indefinitely
{"coord":{"lon":81.85,"lat":25.45},"weather":[{"id":802,"main":"Clouds","description":"scattered clouds","icon":"03n"}],"base":"stations","main":{"temp":299.32,"feels_like":302.53,"temp_min":299.32,"temp_max":299.32,"pressure":1007,"humidity":79,"sea_level":1007,"grnd_level":996},"visibility":10000,"wind":{"speed":2.31,"deg":92},"clouds":{"all":34},"dt":1602718963,"sys":{"country":"IN","sunrise":1602721857,"sunset":1602763524},"timezone":19800,"id":1278994,"name":"Allahabad","cod":200}
299.32
Celsius: 26.170013
47828 [TestNG-PoolService-3] INFO org.apache.log4j.Logger  - Temperature from API is 26.170013 for City Allahabad
47828 [TestNG-PoolService-3] INFO org.apache.log4j.Logger  - PASS: Difference between the API 26.170013 and UI 34.0 temp: 7.8299866 for City Allahabad is less than variance set: 10
48194 [Finalizer] DEBUG org.apache.http.impl.conn.DefaultClientConnection  - Connection 0.0.0.0:55485<->178.128.122.9:80 closed
48196 [Finalizer] DEBUG org.apache.http.impl.conn.DefaultClientConnection  - Connection 0.0.0.0:55484<->178.128.122.9:80 closed
48198 [Finalizer] DEBUG org.apache.http.impl.conn.DefaultClientConnection  - Connection 0.0.0.0:55483<->178.128.122.9:80 closed
]]></system-out>
  </testcase>
  <testcase name="getTemp[com.temp.test.City@133ce90c](2)" classname="com.temp.test.TestsWeather" time="0.005">
    <system-out><![CDATA[48220 [TestNG-PoolService-9] INFO org.apache.log4j.Logger  - Select the city on the pin menu
]]></system-out>
  </testcase>
  <testcase name="getTemp[com.temp.test.City@3208d0ce](3)" classname="com.temp.test.TestsWeather" time="0.005">
    <system-out><![CDATA[48248 [TestNG-PoolService-4] INFO org.apache.log4j.Logger  - Select the city on the pin menu
]]></system-out>
  </testcase>
  <testcase name="getTemp[com.temp.test.City@54807c63](4)" classname="com.temp.test.TestsWeather" time="0.033">
    <system-out><![CDATA[48277 [TestNG-PoolService-6] INFO org.apache.log4j.Logger  - Select the city on the pin menu
48294 [TestNG-PoolService-2] INFO org.apache.log4j.Logger  - Temperature on UI is 34.0 for City Aligarh
48294 [TestNG-PoolService-2] INFO org.apache.log4j.Logger  - Get Temp using API
48304 [TestNG-PoolService-2] DEBUG org.apache.http.impl.conn.BasicClientConnectionManager  - Get connection for route {}->http://api.openweathermap.org:80
48305 [TestNG-PoolService-2] DEBUG org.apache.http.impl.conn.DefaultClientConnectionOperator  - Connecting to api.openweathermap.org:80
]]></system-out>
  </testcase>
  <testcase name="getTemp[com.temp.test.City@4dc4a612](5)" classname="com.temp.test.TestsWeather" time="0.007">
    <system-out><![CDATA[48321 [TestNG-PoolService-7] INFO org.apache.log4j.Logger  - Select the city on the pin menu
]]></system-out>
  </testcase>
  <testcase name="getTemp[com.temp.test.City@23898ef1](6)" classname="com.temp.test.TestsWeather" time="0.005">
    <system-out><![CDATA[48342 [TestNG-PoolService-8] INFO org.apache.log4j.Logger  - Select the city on the pin menu
]]></system-out>
  </testcase>
  <testcase name="getTemp[com.temp.test.City@3201b64e](7)" classname="com.temp.test.TestsWeather" time="0.06">
    <system-out><![CDATA[48362 [TestNG-PoolService-0] INFO org.apache.log4j.Logger  - Select the city on the pin menu
48364 [TestNG-PoolService-2] DEBUG org.apache.http.client.protocol.RequestAddCookies  - CookieSpec selected: ignoreCookies
48365 [TestNG-PoolService-2] DEBUG org.apache.http.client.protocol.RequestAuthCache  - Auth cache not set in the context
48365 [TestNG-PoolService-2] DEBUG org.apache.http.client.protocol.RequestTargetAuthentication  - Target auth state: UNCHALLENGED
48365 [TestNG-PoolService-2] DEBUG org.apache.http.client.protocol.RequestProxyAuthentication  - Proxy auth state: UNCHALLENGED
48365 [TestNG-PoolService-2] DEBUG org.apache.http.impl.client.DefaultHttpClient  - Attempt 1 to execute request
48365 [TestNG-PoolService-2] DEBUG org.apache.http.impl.conn.DefaultClientConnection  - Sending request: GET /data/2.5/weather?q=Aligarh&appid=7fe67bf08c80ded756e598d6f8fedaea HTTP/1.1
48365 [TestNG-PoolService-2] DEBUG org.apache.http.wire  -  >> "GET /data/2.5/weather?q=Aligarh&appid=7fe67bf08c80ded756e598d6f8fedaea HTTP/1.1[\r][\n]"
48365 [TestNG-PoolService-2] DEBUG org.apache.http.wire  -  >> "Accept: */*[\r][\n]"
48365 [TestNG-PoolService-2] DEBUG org.apache.http.wire  -  >> "Host: api.openweathermap.org[\r][\n]"
48365 [TestNG-PoolService-2] DEBUG org.apache.http.wire  -  >> "Connection: Keep-Alive[\r][\n]"
48365 [TestNG-PoolService-2] DEBUG org.apache.http.wire  -  >> "User-Agent: Apache-HttpClient/4.5.3 (Java/1.8.0_201)[\r][\n]"
48365 [TestNG-PoolService-2] DEBUG org.apache.http.wire  -  >> "Accept-Encoding: gzip,deflate[\r][\n]"
48365 [TestNG-PoolService-2] DEBUG org.apache.http.wire  -  >> "[\r][\n]"
48365 [TestNG-PoolService-2] DEBUG org.apache.http.headers  - >> GET /data/2.5/weather?q=Aligarh&appid=7fe67bf08c80ded756e598d6f8fedaea HTTP/1.1
48365 [TestNG-PoolService-2] DEBUG org.apache.http.headers  - >> Accept: */*
48365 [TestNG-PoolService-2] DEBUG org.apache.http.headers  - >> Host: api.openweathermap.org
48365 [TestNG-PoolService-2] DEBUG org.apache.http.headers  - >> Connection: Keep-Alive
48365 [TestNG-PoolService-2] DEBUG org.apache.http.headers  - >> User-Agent: Apache-HttpClient/4.5.3 (Java/1.8.0_201)
48365 [TestNG-PoolService-2] DEBUG org.apache.http.headers  - >> Accept-Encoding: gzip,deflate
]]></system-out>
  </testcase>
  <testcase name="getTemp[com.temp.test.City@3be5bf64](8)" classname="com.temp.test.TestsWeather" time="0.125">
    <system-out><![CDATA[48383 [TestNG-PoolService-3] INFO org.apache.log4j.Logger  - Select the city on the pin menu
48447 [TestNG-PoolService-2] DEBUG org.apache.http.wire  -  << "HTTP/1.1 200 OK[\r][\n]"
48447 [TestNG-PoolService-2] DEBUG org.apache.http.wire  -  << "Server: openresty[\r][\n]"
48447 [TestNG-PoolService-2] DEBUG org.apache.http.wire  -  << "Date: Wed, 14 Oct 2020 23:47:32 GMT[\r][\n]"
48447 [TestNG-PoolService-2] DEBUG org.apache.http.wire  -  << "Content-Type: application/json; charset=utf-8[\r][\n]"
48447 [TestNG-PoolService-2] DEBUG org.apache.http.wire  -  << "Content-Length: 478[\r][\n]"
48447 [TestNG-PoolService-2] DEBUG org.apache.http.wire  -  << "Connection: keep-alive[\r][\n]"
48447 [TestNG-PoolService-2] DEBUG org.apache.http.wire  -  << "X-Cache-Key: /data/2.5/weather?q=aligarh[\r][\n]"
48447 [TestNG-PoolService-2] DEBUG org.apache.http.wire  -  << "Access-Control-Allow-Origin: *[\r][\n]"
48447 [TestNG-PoolService-2] DEBUG org.apache.http.wire  -  << "Access-Control-Allow-Credentials: true[\r][\n]"
48447 [TestNG-PoolService-2] DEBUG org.apache.http.wire  -  << "Access-Control-Allow-Methods: GET, POST[\r][\n]"
48447 [TestNG-PoolService-2] DEBUG org.apache.http.wire  -  << "[\r][\n]"
48447 [TestNG-PoolService-2] DEBUG org.apache.http.impl.conn.DefaultClientConnection  - Receiving response: HTTP/1.1 200 OK
48447 [TestNG-PoolService-2] DEBUG org.apache.http.headers  - << HTTP/1.1 200 OK
48447 [TestNG-PoolService-2] DEBUG org.apache.http.headers  - << Server: openresty
48447 [TestNG-PoolService-2] DEBUG org.apache.http.headers  - << Date: Wed, 14 Oct 2020 23:47:32 GMT
48447 [TestNG-PoolService-2] DEBUG org.apache.http.headers  - << Content-Type: application/json; charset=utf-8
48447 [TestNG-PoolService-2] DEBUG org.apache.http.headers  - << Content-Length: 478
48447 [TestNG-PoolService-2] DEBUG org.apache.http.headers  - << Connection: keep-alive
48447 [TestNG-PoolService-2] DEBUG org.apache.http.headers  - << X-Cache-Key: /data/2.5/weather?q=aligarh
48447 [TestNG-PoolService-2] DEBUG org.apache.http.headers  - << Access-Control-Allow-Origin: *
48447 [TestNG-PoolService-2] DEBUG org.apache.http.headers  - << Access-Control-Allow-Credentials: true
48447 [TestNG-PoolService-2] DEBUG org.apache.http.headers  - << Access-Control-Allow-Methods: GET, POST
48447 [TestNG-PoolService-2] DEBUG org.apache.http.impl.client.DefaultHttpClient  - Connection can be kept alive indefinitely
48448 [TestNG-PoolService-2] DEBUG io.restassured.internal.RequestSpecificationImpl$RestAssuredHttpBuilder  - Parsing response as: application/json; charset=utf-8
48448 [TestNG-PoolService-2] DEBUG io.restassured.internal.RequestSpecificationImpl$RestAssuredHttpBuilder  - Parsed data to instance of: class org.apache.http.conn.EofSensorInputStream
io.restassured.internal.RestAssuredResponseImpl@490ce99a
48451 [TestNG-PoolService-2] DEBUG org.apache.http.wire  -  << "{"coord":{"lon":78.08,"lat":27.88},"weather":[{"id":800,"main":"Clear","description":"clear sky","icon":"01n"}],"base":"stations","main":{"temp":297.58,"feels_like":297.1,"temp_min":297.58,"temp_max":297.58,"pressure":1007,"humidity":49,"sea_level":1007,"grnd_level":985},"visibility":10000,"wind":{"speed":2.02,"deg":68},"clouds":{"all":6},"dt":1602719252,"sys":{"country":"IN","sunrise":1602722868,"sunset":1602764322},"timezone":19800,"id":1279017,"name":"Aligarh","cod":200}"
48451 [TestNG-PoolService-2] DEBUG org.apache.http.impl.conn.BasicClientConnectionManager  - Releasing connection org.apache.http.impl.conn.ManagedClientConnectionImpl@6b67f5a
48451 [TestNG-PoolService-2] DEBUG org.apache.http.impl.conn.BasicClientConnectionManager  - Connection can be kept alive indefinitely
{"coord":{"lon":78.08,"lat":27.88},"weather":[{"id":800,"main":"Clear","description":"clear sky","icon":"01n"}],"base":"stations","main":{"temp":297.58,"feels_like":297.1,"temp_min":297.58,"temp_max":297.58,"pressure":1007,"humidity":49,"sea_level":1007,"grnd_level":985},"visibility":10000,"wind":{"speed":2.02,"deg":68},"clouds":{"all":6},"dt":1602719252,"sys":{"country":"IN","sunrise":1602722868,"sunset":1602764322},"timezone":19800,"id":1279017,"name":"Aligarh","cod":200}
297.58
Celsius: 24.429993
48452 [TestNG-PoolService-2] INFO org.apache.log4j.Logger  - Temperature from API is 24.429993 for City Aligarh
48452 [TestNG-PoolService-2] INFO org.apache.log4j.Logger  - PASS: Difference between the API 24.429993 and UI 34.0 temp: 9.570007 for City Aligarh is less than variance set: 10
]]></system-out>
  </testcase>
  <testcase name="getTemp[com.temp.test.City@4ecee6f3](9)" classname="com.temp.test.TestsWeather" time="1.414">
    <failure message="For city Ajmer: The Actual temp is 23.559998 and expected is 34.0 expected [34.0] but found [23.559998]" type="java.lang.AssertionError"><![CDATA[java.lang.AssertionError: For city Ajmer: The Actual temp is 23.559998 and expected is 34.0 expected [34.0] but found [23.559998]
	at com.temp.test.TestsWeather.getTemp(TestsWeather.java:224)
]]></failure>
    <system-out><![CDATA[48594 [TestNG-PoolService-2] INFO org.apache.log4j.Logger  - Select the city on the pin menu
49355 [TestNG-PoolService-1] INFO org.apache.log4j.Logger  - Temperature on UI is 34.0 for City Ajmer
49355 [TestNG-PoolService-1] INFO org.apache.log4j.Logger  - Get Temp using API
49360 [TestNG-PoolService-1] DEBUG org.apache.http.impl.conn.BasicClientConnectionManager  - Get connection for route {}->http://api.openweathermap.org:80
49361 [TestNG-PoolService-1] DEBUG org.apache.http.impl.conn.DefaultClientConnectionOperator  - Connecting to api.openweathermap.org:80
49417 [TestNG-PoolService-1] DEBUG org.apache.http.client.protocol.RequestAddCookies  - CookieSpec selected: ignoreCookies
49418 [TestNG-PoolService-1] DEBUG org.apache.http.client.protocol.RequestAuthCache  - Auth cache not set in the context
49418 [TestNG-PoolService-1] DEBUG org.apache.http.client.protocol.RequestTargetAuthentication  - Target auth state: UNCHALLENGED
49418 [TestNG-PoolService-1] DEBUG org.apache.http.client.protocol.RequestProxyAuthentication  - Proxy auth state: UNCHALLENGED
49418 [TestNG-PoolService-1] DEBUG org.apache.http.impl.client.DefaultHttpClient  - Attempt 1 to execute request
49418 [TestNG-PoolService-1] DEBUG org.apache.http.impl.conn.DefaultClientConnection  - Sending request: GET /data/2.5/weather?q=Ajmer&appid=7fe67bf08c80ded756e598d6f8fedaea HTTP/1.1
49418 [TestNG-PoolService-1] DEBUG org.apache.http.wire  -  >> "GET /data/2.5/weather?q=Ajmer&appid=7fe67bf08c80ded756e598d6f8fedaea HTTP/1.1[\r][\n]"
49418 [TestNG-PoolService-1] DEBUG org.apache.http.wire  -  >> "Accept: */*[\r][\n]"
49418 [TestNG-PoolService-1] DEBUG org.apache.http.wire  -  >> "Host: api.openweathermap.org[\r][\n]"
49418 [TestNG-PoolService-1] DEBUG org.apache.http.wire  -  >> "Connection: Keep-Alive[\r][\n]"
49418 [TestNG-PoolService-1] DEBUG org.apache.http.wire  -  >> "User-Agent: Apache-HttpClient/4.5.3 (Java/1.8.0_201)[\r][\n]"
49418 [TestNG-PoolService-1] DEBUG org.apache.http.wire  -  >> "Accept-Encoding: gzip,deflate[\r][\n]"
49418 [TestNG-PoolService-1] DEBUG org.apache.http.wire  -  >> "[\r][\n]"
49418 [TestNG-PoolService-1] DEBUG org.apache.http.headers  - >> GET /data/2.5/weather?q=Ajmer&appid=7fe67bf08c80ded756e598d6f8fedaea HTTP/1.1
49418 [TestNG-PoolService-1] DEBUG org.apache.http.headers  - >> Accept: */*
49418 [TestNG-PoolService-1] DEBUG org.apache.http.headers  - >> Host: api.openweathermap.org
49418 [TestNG-PoolService-1] DEBUG org.apache.http.headers  - >> Connection: Keep-Alive
49418 [TestNG-PoolService-1] DEBUG org.apache.http.headers  - >> User-Agent: Apache-HttpClient/4.5.3 (Java/1.8.0_201)
49418 [TestNG-PoolService-1] DEBUG org.apache.http.headers  - >> Accept-Encoding: gzip,deflate
49517 [TestNG-PoolService-1] DEBUG org.apache.http.wire  -  << "HTTP/1.1 200 OK[\r][\n]"
49517 [TestNG-PoolService-1] DEBUG org.apache.http.wire  -  << "Server: openresty[\r][\n]"
49517 [TestNG-PoolService-1] DEBUG org.apache.http.wire  -  << "Date: Wed, 14 Oct 2020 23:47:33 GMT[\r][\n]"
49517 [TestNG-PoolService-1] DEBUG org.apache.http.wire  -  << "Content-Type: application/json; charset=utf-8[\r][\n]"
49517 [TestNG-PoolService-1] DEBUG org.apache.http.wire  -  << "Content-Length: 480[\r][\n]"
49517 [TestNG-PoolService-1] DEBUG org.apache.http.wire  -  << "Connection: keep-alive[\r][\n]"
49517 [TestNG-PoolService-1] DEBUG org.apache.http.wire  -  << "X-Cache-Key: /data/2.5/weather?q=ajmer[\r][\n]"
49517 [TestNG-PoolService-1] DEBUG org.apache.http.wire  -  << "Access-Control-Allow-Origin: *[\r][\n]"
49517 [TestNG-PoolService-1] DEBUG org.apache.http.wire  -  << "Access-Control-Allow-Credentials: true[\r][\n]"
49517 [TestNG-PoolService-1] DEBUG org.apache.http.wire  -  << "Access-Control-Allow-Methods: GET, POST[\r][\n]"
49517 [TestNG-PoolService-1] DEBUG org.apache.http.wire  -  << "[\r][\n]"
49517 [TestNG-PoolService-1] DEBUG org.apache.http.impl.conn.DefaultClientConnection  - Receiving response: HTTP/1.1 200 OK
49517 [TestNG-PoolService-1] DEBUG org.apache.http.headers  - << HTTP/1.1 200 OK
49518 [TestNG-PoolService-1] DEBUG org.apache.http.headers  - << Server: openresty
49518 [TestNG-PoolService-1] DEBUG org.apache.http.headers  - << Date: Wed, 14 Oct 2020 23:47:33 GMT
49518 [TestNG-PoolService-1] DEBUG org.apache.http.headers  - << Content-Type: application/json; charset=utf-8
49518 [TestNG-PoolService-1] DEBUG org.apache.http.headers  - << Content-Length: 480
49518 [TestNG-PoolService-1] DEBUG org.apache.http.headers  - << Connection: keep-alive
49518 [TestNG-PoolService-1] DEBUG org.apache.http.headers  - << X-Cache-Key: /data/2.5/weather?q=ajmer
49518 [TestNG-PoolService-1] DEBUG org.apache.http.headers  - << Access-Control-Allow-Origin: *
49518 [TestNG-PoolService-1] DEBUG org.apache.http.headers  - << Access-Control-Allow-Credentials: true
49518 [TestNG-PoolService-1] DEBUG org.apache.http.headers  - << Access-Control-Allow-Methods: GET, POST
49518 [TestNG-PoolService-1] DEBUG org.apache.http.impl.client.DefaultHttpClient  - Connection can be kept alive indefinitely
49519 [TestNG-PoolService-1] DEBUG io.restassured.internal.RequestSpecificationImpl$RestAssuredHttpBuilder  - Parsing response as: application/json; charset=utf-8
49519 [TestNG-PoolService-1] DEBUG io.restassured.internal.RequestSpecificationImpl$RestAssuredHttpBuilder  - Parsed data to instance of: class org.apache.http.conn.EofSensorInputStream
io.restassured.internal.RestAssuredResponseImpl@48b49e25
49522 [TestNG-PoolService-1] DEBUG org.apache.http.wire  -  << "{"coord":{"lon":74.63,"lat":26.45},"weather":[{"id":801,"main":"Clouds","description":"few clouds","icon":"02n"}],"base":"stations","main":{"temp":296.71,"feels_like":294.11,"temp_min":296.71,"temp_max":296.71,"pressure":1007,"humidity":43,"sea_level":1007,"grnd_level":947},"visibility":10000,"wind":{"speed":3.87,"deg":68},"clouds":{"all":23},"dt":1602719253,"sys":{"country":"IN","sunrise":1602723634,"sunset":1602765212},"timezone":19800,"id":1279159,"name":"Ajmer","cod":200}"
49522 [TestNG-PoolService-1] DEBUG org.apache.http.impl.conn.BasicClientConnectionManager  - Releasing connection org.apache.http.impl.conn.ManagedClientConnectionImpl@72b7df53
49522 [TestNG-PoolService-1] DEBUG org.apache.http.impl.conn.BasicClientConnectionManager  - Connection can be kept alive indefinitely
{"coord":{"lon":74.63,"lat":26.45},"weather":[{"id":801,"main":"Clouds","description":"few clouds","icon":"02n"}],"base":"stations","main":{"temp":296.71,"feels_like":294.11,"temp_min":296.71,"temp_max":296.71,"pressure":1007,"humidity":43,"sea_level":1007,"grnd_level":947},"visibility":10000,"wind":{"speed":3.87,"deg":68},"clouds":{"all":23},"dt":1602719253,"sys":{"country":"IN","sunrise":1602723634,"sunset":1602765212},"timezone":19800,"id":1279159,"name":"Ajmer","cod":200}
296.71
Celsius: 23.559998
49524 [TestNG-PoolService-1] INFO org.apache.log4j.Logger  - Temperature from API is 23.559998 for City Ajmer
49524 [TestNG-PoolService-1] ERROR org.apache.log4j.Logger  - FAIL: Difference between the API 23.559998 and UI 34.0 temp: 10.440002 for City Ajmer is greater than variance set:10
49931 [Finalizer] DEBUG org.apache.http.impl.conn.DefaultClientConnection  - Connection 0.0.0.0:55487<->178.128.122.9:80 closed
49931 [Finalizer] DEBUG org.apache.http.impl.conn.DefaultClientConnection  - Connection 0.0.0.0:55489<->178.128.122.9:80 closed
50098 [TestNG-PoolService-5] INFO org.apache.log4j.Logger  - Temperature on UI is 34.0 for City Amritsar
50098 [TestNG-PoolService-5] INFO org.apache.log4j.Logger  - Get Temp using API
50104 [TestNG-PoolService-5] DEBUG org.apache.http.impl.conn.BasicClientConnectionManager  - Get connection for route {}->http://api.openweathermap.org:80
50104 [TestNG-PoolService-5] DEBUG org.apache.http.impl.conn.DefaultClientConnectionOperator  - Connecting to api.openweathermap.org:80
]]></system-out>
  </testcase>
  <testcase name="getTemp[com.temp.test.City@2ed9225f](10)" classname="com.temp.test.TestsWeather" time="0.218">
    <failure message="For city Amritsar: The Actual temp is 18.0 and expected is 34.0 expected [34.0] but found [18.0]" type="java.lang.AssertionError"><![CDATA[java.lang.AssertionError: For city Amritsar: The Actual temp is 18.0 and expected is 34.0 expected [34.0] but found [18.0]
	at com.temp.test.TestsWeather.getTemp(TestsWeather.java:224)
]]></failure>
    <system-out><![CDATA[50141 [TestNG-PoolService-1] INFO org.apache.log4j.Logger  - Select the city on the pin menu
50161 [TestNG-PoolService-5] DEBUG org.apache.http.client.protocol.RequestAddCookies  - CookieSpec selected: ignoreCookies
50161 [TestNG-PoolService-5] DEBUG org.apache.http.client.protocol.RequestAuthCache  - Auth cache not set in the context
50161 [TestNG-PoolService-5] DEBUG org.apache.http.client.protocol.RequestTargetAuthentication  - Target auth state: UNCHALLENGED
50161 [TestNG-PoolService-5] DEBUG org.apache.http.client.protocol.RequestProxyAuthentication  - Proxy auth state: UNCHALLENGED
50161 [TestNG-PoolService-5] DEBUG org.apache.http.impl.client.DefaultHttpClient  - Attempt 1 to execute request
50161 [TestNG-PoolService-5] DEBUG org.apache.http.impl.conn.DefaultClientConnection  - Sending request: GET /data/2.5/weather?q=Amritsar&appid=7fe67bf08c80ded756e598d6f8fedaea HTTP/1.1
50161 [TestNG-PoolService-5] DEBUG org.apache.http.wire  -  >> "GET /data/2.5/weather?q=Amritsar&appid=7fe67bf08c80ded756e598d6f8fedaea HTTP/1.1[\r][\n]"
50161 [TestNG-PoolService-5] DEBUG org.apache.http.wire  -  >> "Accept: */*[\r][\n]"
50161 [TestNG-PoolService-5] DEBUG org.apache.http.wire  -  >> "Host: api.openweathermap.org[\r][\n]"
50161 [TestNG-PoolService-5] DEBUG org.apache.http.wire  -  >> "Connection: Keep-Alive[\r][\n]"
50161 [TestNG-PoolService-5] DEBUG org.apache.http.wire  -  >> "User-Agent: Apache-HttpClient/4.5.3 (Java/1.8.0_201)[\r][\n]"
50161 [TestNG-PoolService-5] DEBUG org.apache.http.wire  -  >> "Accept-Encoding: gzip,deflate[\r][\n]"
50161 [TestNG-PoolService-5] DEBUG org.apache.http.wire  -  >> "[\r][\n]"
50161 [TestNG-PoolService-5] DEBUG org.apache.http.headers  - >> GET /data/2.5/weather?q=Amritsar&appid=7fe67bf08c80ded756e598d6f8fedaea HTTP/1.1
50161 [TestNG-PoolService-5] DEBUG org.apache.http.headers  - >> Accept: */*
50161 [TestNG-PoolService-5] DEBUG org.apache.http.headers  - >> Host: api.openweathermap.org
50161 [TestNG-PoolService-5] DEBUG org.apache.http.headers  - >> Connection: Keep-Alive
50161 [TestNG-PoolService-5] DEBUG org.apache.http.headers  - >> User-Agent: Apache-HttpClient/4.5.3 (Java/1.8.0_201)
50161 [TestNG-PoolService-5] DEBUG org.apache.http.headers  - >> Accept-Encoding: gzip,deflate
50253 [TestNG-PoolService-5] DEBUG org.apache.http.wire  -  << "HTTP/1.1 200 OK[\r][\n]"
50254 [TestNG-PoolService-5] DEBUG org.apache.http.wire  -  << "Server: openresty[\r][\n]"
50254 [TestNG-PoolService-5] DEBUG org.apache.http.wire  -  << "Date: Wed, 14 Oct 2020 23:47:34 GMT[\r][\n]"
50254 [TestNG-PoolService-5] DEBUG org.apache.http.wire  -  << "Content-Type: application/json; charset=utf-8[\r][\n]"
50254 [TestNG-PoolService-5] DEBUG org.apache.http.wire  -  << "Content-Length: 458[\r][\n]"
50254 [TestNG-PoolService-5] DEBUG org.apache.http.wire  -  << "Connection: keep-alive[\r][\n]"
50254 [TestNG-PoolService-5] DEBUG org.apache.http.wire  -  << "X-Cache-Key: /data/2.5/weather?q=amritsar[\r][\n]"
50254 [TestNG-PoolService-5] DEBUG org.apache.http.wire  -  << "Access-Control-Allow-Origin: *[\r][\n]"
50254 [TestNG-PoolService-5] DEBUG org.apache.http.wire  -  << "Access-Control-Allow-Credentials: true[\r][\n]"
50254 [TestNG-PoolService-5] DEBUG org.apache.http.wire  -  << "Access-Control-Allow-Methods: GET, POST[\r][\n]"
50254 [TestNG-PoolService-5] DEBUG org.apache.http.wire  -  << "[\r][\n]"
50254 [TestNG-PoolService-5] DEBUG org.apache.http.impl.conn.DefaultClientConnection  - Receiving response: HTTP/1.1 200 OK
50254 [TestNG-PoolService-5] DEBUG org.apache.http.headers  - << HTTP/1.1 200 OK
50254 [TestNG-PoolService-5] DEBUG org.apache.http.headers  - << Server: openresty
50254 [TestNG-PoolService-5] DEBUG org.apache.http.headers  - << Date: Wed, 14 Oct 2020 23:47:34 GMT
50254 [TestNG-PoolService-5] DEBUG org.apache.http.headers  - << Content-Type: application/json; charset=utf-8
50254 [TestNG-PoolService-5] DEBUG org.apache.http.headers  - << Content-Length: 458
50254 [TestNG-PoolService-5] DEBUG org.apache.http.headers  - << Connection: keep-alive
50254 [TestNG-PoolService-5] DEBUG org.apache.http.headers  - << X-Cache-Key: /data/2.5/weather?q=amritsar
50254 [TestNG-PoolService-5] DEBUG org.apache.http.headers  - << Access-Control-Allow-Origin: *
50254 [TestNG-PoolService-5] DEBUG org.apache.http.headers  - << Access-Control-Allow-Credentials: true
50254 [TestNG-PoolService-5] DEBUG org.apache.http.headers  - << Access-Control-Allow-Methods: GET, POST
50254 [TestNG-PoolService-5] DEBUG org.apache.http.impl.client.DefaultHttpClient  - Connection can be kept alive indefinitely
50254 [TestNG-PoolService-5] DEBUG io.restassured.internal.RequestSpecificationImpl$RestAssuredHttpBuilder  - Parsing response as: application/json; charset=utf-8
50254 [TestNG-PoolService-5] DEBUG io.restassured.internal.RequestSpecificationImpl$RestAssuredHttpBuilder  - Parsed data to instance of: class org.apache.http.conn.EofSensorInputStream
io.restassured.internal.RestAssuredResponseImpl@63a6ff68
50255 [TestNG-PoolService-5] DEBUG org.apache.http.wire  -  << "{"coord":{"lon":74.87,"lat":31.63},"weather":[{"id":701,"main":"Mist","description":"mist","icon":"50n"}],"base":"stations","main":{"temp":291.15,"feels_like":292.21,"temp_min":291.15,"temp_max":291.15,"pressure":1009,"humidity":88},"visibility":3000,"wind":{"speed":1.31,"deg":58},"clouds":{"all":0},"dt":1602719254,"sys":{"type":1,"id":9157,"country":"IN","sunrise":1602723812,"sunset":1602764920},"timezone":19800,"id":1278710,"name":"Amritsar","cod":200}"
50255 [TestNG-PoolService-5] DEBUG org.apache.http.impl.conn.BasicClientConnectionManager  - Releasing connection org.apache.http.impl.conn.ManagedClientConnectionImpl@753a93c6
50255 [TestNG-PoolService-5] DEBUG org.apache.http.impl.conn.BasicClientConnectionManager  - Connection can be kept alive indefinitely
{"coord":{"lon":74.87,"lat":31.63},"weather":[{"id":701,"main":"Mist","description":"mist","icon":"50n"}],"base":"stations","main":{"temp":291.15,"feels_like":292.21,"temp_min":291.15,"temp_max":291.15,"pressure":1009,"humidity":88},"visibility":3000,"wind":{"speed":1.31,"deg":58},"clouds":{"all":0},"dt":1602719254,"sys":{"type":1,"id":9157,"country":"IN","sunrise":1602723812,"sunset":1602764920},"timezone":19800,"id":1278710,"name":"Amritsar","cod":200}
291.15
Celsius: 18.0
50256 [TestNG-PoolService-5] INFO org.apache.log4j.Logger  - Temperature from API is 18.0 for City Amritsar
50256 [TestNG-PoolService-5] ERROR org.apache.log4j.Logger  - FAIL: Difference between the API 18.0 and UI 34.0 temp: 16.0 for City Amritsar is greater than variance set:10
]]></system-out>
  </testcase>
  <testcase name="getTemp[com.temp.test.City@befb6af](11)" classname="com.temp.test.TestsWeather" time="4.86">
    <failure message="For city Bikaner: The Actual temp is 25.630005 and expected is 36.0 expected [36.0] but found [25.630005]" type="java.lang.AssertionError"><![CDATA[java.lang.AssertionError: For city Bikaner: The Actual temp is 25.630005 and expected is 36.0 expected [36.0] but found [25.630005]
	at com.temp.test.TestsWeather.getTemp(TestsWeather.java:224)
]]></failure>
    <system-out><![CDATA[50418 [TestNG-PoolService-5] INFO org.apache.log4j.Logger  - Select the city on the pin menu
51108 [TestNG-PoolService-9] INFO org.apache.log4j.Logger  - Temperature on UI is 30.0 for City Bhiwandi
51108 [TestNG-PoolService-9] INFO org.apache.log4j.Logger  - Get Temp using API
51113 [TestNG-PoolService-9] DEBUG org.apache.http.impl.conn.BasicClientConnectionManager  - Get connection for route {}->http://api.openweathermap.org:80
51113 [TestNG-PoolService-9] DEBUG org.apache.http.impl.conn.DefaultClientConnectionOperator  - Connecting to api.openweathermap.org:80
51170 [TestNG-PoolService-9] DEBUG org.apache.http.client.protocol.RequestAddCookies  - CookieSpec selected: ignoreCookies
51171 [TestNG-PoolService-9] DEBUG org.apache.http.client.protocol.RequestAuthCache  - Auth cache not set in the context
51171 [TestNG-PoolService-9] DEBUG org.apache.http.client.protocol.RequestTargetAuthentication  - Target auth state: UNCHALLENGED
51171 [TestNG-PoolService-9] DEBUG org.apache.http.client.protocol.RequestProxyAuthentication  - Proxy auth state: UNCHALLENGED
51171 [TestNG-PoolService-9] DEBUG org.apache.http.impl.client.DefaultHttpClient  - Attempt 1 to execute request
51171 [TestNG-PoolService-9] DEBUG org.apache.http.impl.conn.DefaultClientConnection  - Sending request: GET /data/2.5/weather?q=Bhiwandi&appid=7fe67bf08c80ded756e598d6f8fedaea HTTP/1.1
51171 [TestNG-PoolService-9] DEBUG org.apache.http.wire  -  >> "GET /data/2.5/weather?q=Bhiwandi&appid=7fe67bf08c80ded756e598d6f8fedaea HTTP/1.1[\r][\n]"
51171 [TestNG-PoolService-9] DEBUG org.apache.http.wire  -  >> "Accept: */*[\r][\n]"
51171 [TestNG-PoolService-9] DEBUG org.apache.http.wire  -  >> "Host: api.openweathermap.org[\r][\n]"
51171 [TestNG-PoolService-9] DEBUG org.apache.http.wire  -  >> "Connection: Keep-Alive[\r][\n]"
51171 [TestNG-PoolService-9] DEBUG org.apache.http.wire  -  >> "User-Agent: Apache-HttpClient/4.5.3 (Java/1.8.0_201)[\r][\n]"
51171 [TestNG-PoolService-9] DEBUG org.apache.http.wire  -  >> "Accept-Encoding: gzip,deflate[\r][\n]"
51171 [TestNG-PoolService-9] DEBUG org.apache.http.wire  -  >> "[\r][\n]"
51171 [TestNG-PoolService-9] DEBUG org.apache.http.headers  - >> GET /data/2.5/weather?q=Bhiwandi&appid=7fe67bf08c80ded756e598d6f8fedaea HTTP/1.1
51171 [TestNG-PoolService-9] DEBUG org.apache.http.headers  - >> Accept: */*
51171 [TestNG-PoolService-9] DEBUG org.apache.http.headers  - >> Host: api.openweathermap.org
51171 [TestNG-PoolService-9] DEBUG org.apache.http.headers  - >> Connection: Keep-Alive
51171 [TestNG-PoolService-9] DEBUG org.apache.http.headers  - >> User-Agent: Apache-HttpClient/4.5.3 (Java/1.8.0_201)
51171 [TestNG-PoolService-9] DEBUG org.apache.http.headers  - >> Accept-Encoding: gzip,deflate
51262 [TestNG-PoolService-9] DEBUG org.apache.http.wire  -  << "HTTP/1.1 200 OK[\r][\n]"
51263 [TestNG-PoolService-9] DEBUG org.apache.http.wire  -  << "Server: openresty[\r][\n]"
51263 [TestNG-PoolService-9] DEBUG org.apache.http.wire  -  << "Date: Wed, 14 Oct 2020 23:47:35 GMT[\r][\n]"
51263 [TestNG-PoolService-9] DEBUG org.apache.http.wire  -  << "Content-Type: application/json; charset=utf-8[\r][\n]"
51264 [TestNG-PoolService-9] DEBUG org.apache.http.wire  -  << "Content-Length: 486[\r][\n]"
51264 [TestNG-PoolService-9] DEBUG org.apache.http.wire  -  << "Connection: keep-alive[\r][\n]"
51264 [TestNG-PoolService-9] DEBUG org.apache.http.wire  -  << "X-Cache-Key: /data/2.5/weather?q=bhiwandi[\r][\n]"
51264 [TestNG-PoolService-9] DEBUG org.apache.http.wire  -  << "Access-Control-Allow-Origin: *[\r][\n]"
51264 [TestNG-PoolService-9] DEBUG org.apache.http.wire  -  << "Access-Control-Allow-Credentials: true[\r][\n]"
51264 [TestNG-PoolService-9] DEBUG org.apache.http.wire  -  << "Access-Control-Allow-Methods: GET, POST[\r][\n]"
51264 [TestNG-PoolService-9] DEBUG org.apache.http.wire  -  << "[\r][\n]"
51265 [TestNG-PoolService-9] DEBUG org.apache.http.impl.conn.DefaultClientConnection  - Receiving response: HTTP/1.1 200 OK
51265 [TestNG-PoolService-9] DEBUG org.apache.http.headers  - << HTTP/1.1 200 OK
51265 [TestNG-PoolService-9] DEBUG org.apache.http.headers  - << Server: openresty
51265 [TestNG-PoolService-9] DEBUG org.apache.http.headers  - << Date: Wed, 14 Oct 2020 23:47:35 GMT
51265 [TestNG-PoolService-9] DEBUG org.apache.http.headers  - << Content-Type: application/json; charset=utf-8
51265 [TestNG-PoolService-9] DEBUG org.apache.http.headers  - << Content-Length: 486
51265 [TestNG-PoolService-9] DEBUG org.apache.http.headers  - << Connection: keep-alive
51265 [TestNG-PoolService-9] DEBUG org.apache.http.headers  - << X-Cache-Key: /data/2.5/weather?q=bhiwandi
51265 [TestNG-PoolService-9] DEBUG org.apache.http.headers  - << Access-Control-Allow-Origin: *
51265 [TestNG-PoolService-9] DEBUG org.apache.http.headers  - << Access-Control-Allow-Credentials: true
51265 [TestNG-PoolService-9] DEBUG org.apache.http.headers  - << Access-Control-Allow-Methods: GET, POST
51266 [TestNG-PoolService-9] DEBUG org.apache.http.impl.client.DefaultHttpClient  - Connection can be kept alive indefinitely
51267 [TestNG-PoolService-9] DEBUG io.restassured.internal.RequestSpecificationImpl$RestAssuredHttpBuilder  - Parsing response as: application/json; charset=utf-8
51267 [TestNG-PoolService-9] DEBUG io.restassured.internal.RequestSpecificationImpl$RestAssuredHttpBuilder  - Parsed data to instance of: class org.apache.http.conn.EofSensorInputStream
io.restassured.internal.RestAssuredResponseImpl@49f3fcb9
51269 [TestNG-PoolService-9] DEBUG org.apache.http.wire  -  << "{"coord":{"lon":73.07,"lat":19.3},"weather":[{"id":501,"main":"Rain","description":"moderate rain","icon":"10n"}],"base":"stations","main":{"temp":299.15,"feels_like":304.74,"temp_min":299.15,"temp_max":299.15,"pressure":1001,"humidity":100},"visibility":2100,"wind":{"speed":2.1,"deg":310},"rain":{"1h":1.2},"clouds":{"all":90},"dt":1602719255,"sys":{"type":1,"id":9052,"country":"IN","sunrise":1602723713,"sunset":1602765882},"timezone":19800,"id":1275901,"name":"Bhiwandi","cod":200}"
51270 [TestNG-PoolService-9] DEBUG org.apache.http.impl.conn.BasicClientConnectionManager  - Releasing connection org.apache.http.impl.conn.ManagedClientConnectionImpl@7a3d5574
51270 [TestNG-PoolService-9] DEBUG org.apache.http.impl.conn.BasicClientConnectionManager  - Connection can be kept alive indefinitely
{"coord":{"lon":73.07,"lat":19.3},"weather":[{"id":501,"main":"Rain","description":"moderate rain","icon":"10n"}],"base":"stations","main":{"temp":299.15,"feels_like":304.74,"temp_min":299.15,"temp_max":299.15,"pressure":1001,"humidity":100},"visibility":2100,"wind":{"speed":2.1,"deg":310},"rain":{"1h":1.2},"clouds":{"all":90},"dt":1602719255,"sys":{"type":1,"id":9052,"country":"IN","sunrise":1602723713,"sunset":1602765882},"timezone":19800,"id":1275901,"name":"Bhiwandi","cod":200}
299.15
Celsius: 26.0
51271 [TestNG-PoolService-9] INFO org.apache.log4j.Logger  - Temperature from API is 26.0 for City Bhiwandi
51272 [TestNG-PoolService-9] INFO org.apache.log4j.Logger  - PASS: Difference between the API 26.0 and UI 30.0 temp: 4.0 for City Bhiwandi is less than variance set: 10
51879 [TestNG-PoolService-4] INFO org.apache.log4j.Logger  - Temperature on UI is 32.0 for City Bhopal
51880 [TestNG-PoolService-4] INFO org.apache.log4j.Logger  - Get Temp using API
51899 [TestNG-PoolService-4] DEBUG org.apache.http.impl.conn.BasicClientConnectionManager  - Get connection for route {}->http://api.openweathermap.org:80
51900 [TestNG-PoolService-4] DEBUG org.apache.http.impl.conn.DefaultClientConnectionOperator  - Connecting to api.openweathermap.org:80
51966 [TestNG-PoolService-4] DEBUG org.apache.http.client.protocol.RequestAddCookies  - CookieSpec selected: ignoreCookies
51967 [TestNG-PoolService-4] DEBUG org.apache.http.client.protocol.RequestAuthCache  - Auth cache not set in the context
51967 [TestNG-PoolService-4] DEBUG org.apache.http.client.protocol.RequestTargetAuthentication  - Target auth state: UNCHALLENGED
51967 [TestNG-PoolService-4] DEBUG org.apache.http.client.protocol.RequestProxyAuthentication  - Proxy auth state: UNCHALLENGED
51967 [TestNG-PoolService-4] DEBUG org.apache.http.impl.client.DefaultHttpClient  - Attempt 1 to execute request
51967 [TestNG-PoolService-4] DEBUG org.apache.http.impl.conn.DefaultClientConnection  - Sending request: GET /data/2.5/weather?q=Bhopal&appid=7fe67bf08c80ded756e598d6f8fedaea HTTP/1.1
51967 [TestNG-PoolService-4] DEBUG org.apache.http.wire  -  >> "GET /data/2.5/weather?q=Bhopal&appid=7fe67bf08c80ded756e598d6f8fedaea HTTP/1.1[\r][\n]"
51967 [TestNG-PoolService-4] DEBUG org.apache.http.wire  -  >> "Accept: */*[\r][\n]"
51967 [TestNG-PoolService-4] DEBUG org.apache.http.wire  -  >> "Host: api.openweathermap.org[\r][\n]"
51967 [TestNG-PoolService-4] DEBUG org.apache.http.wire  -  >> "Connection: Keep-Alive[\r][\n]"
51967 [TestNG-PoolService-4] DEBUG org.apache.http.wire  -  >> "User-Agent: Apache-HttpClient/4.5.3 (Java/1.8.0_201)[\r][\n]"
51967 [TestNG-PoolService-4] DEBUG org.apache.http.wire  -  >> "Accept-Encoding: gzip,deflate[\r][\n]"
51967 [TestNG-PoolService-4] DEBUG org.apache.http.wire  -  >> "[\r][\n]"
51967 [TestNG-PoolService-4] DEBUG org.apache.http.headers  - >> GET /data/2.5/weather?q=Bhopal&appid=7fe67bf08c80ded756e598d6f8fedaea HTTP/1.1
51967 [TestNG-PoolService-4] DEBUG org.apache.http.headers  - >> Accept: */*
51967 [TestNG-PoolService-4] DEBUG org.apache.http.headers  - >> Host: api.openweathermap.org
51967 [TestNG-PoolService-4] DEBUG org.apache.http.headers  - >> Connection: Keep-Alive
51967 [TestNG-PoolService-4] DEBUG org.apache.http.headers  - >> User-Agent: Apache-HttpClient/4.5.3 (Java/1.8.0_201)
51967 [TestNG-PoolService-4] DEBUG org.apache.http.headers  - >> Accept-Encoding: gzip,deflate
52046 [TestNG-PoolService-4] DEBUG org.apache.http.wire  -  << "HTTP/1.1 200 OK[\r][\n]"
52046 [TestNG-PoolService-4] DEBUG org.apache.http.wire  -  << "Server: openresty[\r][\n]"
52046 [TestNG-PoolService-4] DEBUG org.apache.http.wire  -  << "Date: Wed, 14 Oct 2020 23:47:36 GMT[\r][\n]"
52046 [TestNG-PoolService-4] DEBUG org.apache.http.wire  -  << "Content-Type: application/json; charset=utf-8[\r][\n]"
52046 [TestNG-PoolService-4] DEBUG org.apache.http.wire  -  << "Content-Length: 484[\r][\n]"
52046 [TestNG-PoolService-4] DEBUG org.apache.http.wire  -  << "Connection: keep-alive[\r][\n]"
52046 [TestNG-PoolService-4] DEBUG org.apache.http.wire  -  << "X-Cache-Key: /data/2.5/weather?q=bhopal[\r][\n]"
52046 [TestNG-PoolService-4] DEBUG org.apache.http.wire  -  << "Access-Control-Allow-Origin: *[\r][\n]"
52046 [TestNG-PoolService-4] DEBUG org.apache.http.wire  -  << "Access-Control-Allow-Credentials: true[\r][\n]"
52046 [TestNG-PoolService-4] DEBUG org.apache.http.wire  -  << "Access-Control-Allow-Methods: GET, POST[\r][\n]"
52046 [TestNG-PoolService-4] DEBUG org.apache.http.wire  -  << "[\r][\n]"
52046 [TestNG-PoolService-4] DEBUG org.apache.http.impl.conn.DefaultClientConnection  - Receiving response: HTTP/1.1 200 OK
52046 [TestNG-PoolService-4] DEBUG org.apache.http.headers  - << HTTP/1.1 200 OK
52046 [TestNG-PoolService-4] DEBUG org.apache.http.headers  - << Server: openresty
52046 [TestNG-PoolService-4] DEBUG org.apache.http.headers  - << Date: Wed, 14 Oct 2020 23:47:36 GMT
52046 [TestNG-PoolService-4] DEBUG org.apache.http.headers  - << Content-Type: application/json; charset=utf-8
52046 [TestNG-PoolService-4] DEBUG org.apache.http.headers  - << Content-Length: 484
52046 [TestNG-PoolService-4] DEBUG org.apache.http.headers  - << Connection: keep-alive
52046 [TestNG-PoolService-4] DEBUG org.apache.http.headers  - << X-Cache-Key: /data/2.5/weather?q=bhopal
52046 [TestNG-PoolService-4] DEBUG org.apache.http.headers  - << Access-Control-Allow-Origin: *
52046 [TestNG-PoolService-4] DEBUG org.apache.http.headers  - << Access-Control-Allow-Credentials: true
52046 [TestNG-PoolService-4] DEBUG org.apache.http.headers  - << Access-Control-Allow-Methods: GET, POST
52047 [TestNG-PoolService-4] DEBUG org.apache.http.impl.client.DefaultHttpClient  - Connection can be kept alive indefinitely
52047 [TestNG-PoolService-4] DEBUG io.restassured.internal.RequestSpecificationImpl$RestAssuredHttpBuilder  - Parsing response as: application/json; charset=utf-8
52047 [TestNG-PoolService-4] DEBUG io.restassured.internal.RequestSpecificationImpl$RestAssuredHttpBuilder  - Parsed data to instance of: class org.apache.http.conn.EofSensorInputStream
io.restassured.internal.RestAssuredResponseImpl@3d6845b2
52047 [TestNG-PoolService-4] DEBUG org.apache.http.wire  -  << "{"coord":{"lon":77.4,"lat":23.27},"weather":[{"id":804,"main":"Clouds","description":"overcast clouds","icon":"04n"}],"base":"stations","main":{"temp":296.98,"feels_like":297.93,"temp_min":296.98,"temp_max":296.98,"pressure":1005,"humidity":74,"sea_level":1005,"grnd_level":950},"visibility":10000,"wind":{"speed":3.2,"deg":83},"clouds":{"all":94},"dt":1602719256,"sys":{"country":"IN","sunrise":1602722834,"sunset":1602764683},"timezone":19800,"id":1275841,"name":"Bhopal","cod":200}"
52047 [TestNG-PoolService-4] DEBUG org.apache.http.impl.conn.BasicClientConnectionManager  - Releasing connection org.apache.http.impl.conn.ManagedClientConnectionImpl@10c882ea
52047 [TestNG-PoolService-4] DEBUG org.apache.http.impl.conn.BasicClientConnectionManager  - Connection can be kept alive indefinitely
{"coord":{"lon":77.4,"lat":23.27},"weather":[{"id":804,"main":"Clouds","description":"overcast clouds","icon":"04n"}],"base":"stations","main":{"temp":296.98,"feels_like":297.93,"temp_min":296.98,"temp_max":296.98,"pressure":1005,"humidity":74,"sea_level":1005,"grnd_level":950},"visibility":10000,"wind":{"speed":3.2,"deg":83},"clouds":{"all":94},"dt":1602719256,"sys":{"country":"IN","sunrise":1602722834,"sunset":1602764683},"timezone":19800,"id":1275841,"name":"Bhopal","cod":200}
296.98
Celsius: 23.830017
52048 [TestNG-PoolService-4] INFO org.apache.log4j.Logger  - Temperature from API is 23.830017 for City Bhopal
52048 [TestNG-PoolService-4] INFO org.apache.log4j.Logger  - PASS: Difference between the API 23.830017 and UI 32.0 temp: 8.169983 for City Bhopal is less than variance set: 10
52382 [TestNG-PoolService-6] INFO org.apache.log4j.Logger  - Temperature on UI is 28.0 for City Bhubaneswar
52382 [TestNG-PoolService-6] INFO org.apache.log4j.Logger  - Get Temp using API
52387 [TestNG-PoolService-6] DEBUG org.apache.http.impl.conn.BasicClientConnectionManager  - Get connection for route {}->http://api.openweathermap.org:80
52387 [TestNG-PoolService-6] DEBUG org.apache.http.impl.conn.DefaultClientConnectionOperator  - Connecting to api.openweathermap.org:80
52450 [TestNG-PoolService-6] DEBUG org.apache.http.client.protocol.RequestAddCookies  - CookieSpec selected: ignoreCookies
52450 [TestNG-PoolService-6] DEBUG org.apache.http.client.protocol.RequestAuthCache  - Auth cache not set in the context
52450 [TestNG-PoolService-6] DEBUG org.apache.http.client.protocol.RequestTargetAuthentication  - Target auth state: UNCHALLENGED
52450 [TestNG-PoolService-6] DEBUG org.apache.http.client.protocol.RequestProxyAuthentication  - Proxy auth state: UNCHALLENGED
52451 [TestNG-PoolService-6] DEBUG org.apache.http.impl.client.DefaultHttpClient  - Attempt 1 to execute request
52451 [TestNG-PoolService-6] DEBUG org.apache.http.impl.conn.DefaultClientConnection  - Sending request: GET /data/2.5/weather?q=Bhubaneswar&appid=7fe67bf08c80ded756e598d6f8fedaea HTTP/1.1
52451 [TestNG-PoolService-6] DEBUG org.apache.http.wire  -  >> "GET /data/2.5/weather?q=Bhubaneswar&appid=7fe67bf08c80ded756e598d6f8fedaea HTTP/1.1[\r][\n]"
52451 [TestNG-PoolService-6] DEBUG org.apache.http.wire  -  >> "Accept: */*[\r][\n]"
52451 [TestNG-PoolService-6] DEBUG org.apache.http.wire  -  >> "Host: api.openweathermap.org[\r][\n]"
52451 [TestNG-PoolService-6] DEBUG org.apache.http.wire  -  >> "Connection: Keep-Alive[\r][\n]"
52451 [TestNG-PoolService-6] DEBUG org.apache.http.wire  -  >> "User-Agent: Apache-HttpClient/4.5.3 (Java/1.8.0_201)[\r][\n]"
52451 [TestNG-PoolService-6] DEBUG org.apache.http.wire  -  >> "Accept-Encoding: gzip,deflate[\r][\n]"
52451 [TestNG-PoolService-6] DEBUG org.apache.http.wire  -  >> "[\r][\n]"
52452 [TestNG-PoolService-6] DEBUG org.apache.http.headers  - >> GET /data/2.5/weather?q=Bhubaneswar&appid=7fe67bf08c80ded756e598d6f8fedaea HTTP/1.1
52452 [TestNG-PoolService-6] DEBUG org.apache.http.headers  - >> Accept: */*
52452 [TestNG-PoolService-6] DEBUG org.apache.http.headers  - >> Host: api.openweathermap.org
52452 [TestNG-PoolService-6] DEBUG org.apache.http.headers  - >> Connection: Keep-Alive
52452 [TestNG-PoolService-6] DEBUG org.apache.http.headers  - >> User-Agent: Apache-HttpClient/4.5.3 (Java/1.8.0_201)
52452 [TestNG-PoolService-6] DEBUG org.apache.http.headers  - >> Accept-Encoding: gzip,deflate
52576 [TestNG-PoolService-6] DEBUG org.apache.http.wire  -  << "HTTP/1.1 200 OK[\r][\n]"
52576 [TestNG-PoolService-6] DEBUG org.apache.http.wire  -  << "Server: openresty[\r][\n]"
52576 [TestNG-PoolService-6] DEBUG org.apache.http.wire  -  << "Date: Wed, 14 Oct 2020 23:47:36 GMT[\r][\n]"
52576 [TestNG-PoolService-6] DEBUG org.apache.http.wire  -  << "Content-Type: application/json; charset=utf-8[\r][\n]"
52576 [TestNG-PoolService-6] DEBUG org.apache.http.wire  -  << "Content-Length: 461[\r][\n]"
52576 [TestNG-PoolService-6] DEBUG org.apache.http.wire  -  << "Connection: keep-alive[\r][\n]"
52576 [TestNG-PoolService-6] DEBUG org.apache.http.wire  -  << "X-Cache-Key: /data/2.5/weather?q=bhubaneswar[\r][\n]"
52576 [TestNG-PoolService-6] DEBUG org.apache.http.wire  -  << "Access-Control-Allow-Origin: *[\r][\n]"
52576 [TestNG-PoolService-6] DEBUG org.apache.http.wire  -  << "Access-Control-Allow-Credentials: true[\r][\n]"
52576 [TestNG-PoolService-6] DEBUG org.apache.http.wire  -  << "Access-Control-Allow-Methods: GET, POST[\r][\n]"
52576 [TestNG-PoolService-6] DEBUG org.apache.http.wire  -  << "[\r][\n]"
52576 [TestNG-PoolService-6] DEBUG org.apache.http.impl.conn.DefaultClientConnection  - Receiving response: HTTP/1.1 200 OK
52576 [TestNG-PoolService-6] DEBUG org.apache.http.headers  - << HTTP/1.1 200 OK
52576 [TestNG-PoolService-6] DEBUG org.apache.http.headers  - << Server: openresty
52576 [TestNG-PoolService-6] DEBUG org.apache.http.headers  - << Date: Wed, 14 Oct 2020 23:47:36 GMT
52576 [TestNG-PoolService-6] DEBUG org.apache.http.headers  - << Content-Type: application/json; charset=utf-8
52576 [TestNG-PoolService-6] DEBUG org.apache.http.headers  - << Content-Length: 461
52576 [TestNG-PoolService-6] DEBUG org.apache.http.headers  - << Connection: keep-alive
52576 [TestNG-PoolService-6] DEBUG org.apache.http.headers  - << X-Cache-Key: /data/2.5/weather?q=bhubaneswar
52576 [TestNG-PoolService-6] DEBUG org.apache.http.headers  - << Access-Control-Allow-Origin: *
52576 [TestNG-PoolService-6] DEBUG org.apache.http.headers  - << Access-Control-Allow-Credentials: true
52576 [TestNG-PoolService-6] DEBUG org.apache.http.headers  - << Access-Control-Allow-Methods: GET, POST
52576 [TestNG-PoolService-6] DEBUG org.apache.http.impl.client.DefaultHttpClient  - Connection can be kept alive indefinitely
52577 [TestNG-PoolService-6] DEBUG io.restassured.internal.RequestSpecificationImpl$RestAssuredHttpBuilder  - Parsing response as: application/json; charset=utf-8
52577 [TestNG-PoolService-6] DEBUG io.restassured.internal.RequestSpecificationImpl$RestAssuredHttpBuilder  - Parsed data to instance of: class org.apache.http.conn.EofSensorInputStream
io.restassured.internal.RestAssuredResponseImpl@76aa5129
52577 [TestNG-PoolService-6] DEBUG org.apache.http.wire  -  << "{"coord":{"lon":85.83,"lat":20.23},"weather":[{"id":701,"main":"Mist","description":"mist","icon":"50n"}],"base":"stations","main":{"temp":298.15,"feels_like":303.87,"temp_min":298.15,"temp_max":298.15,"pressure":1003,"humidity":100},"visibility":2000,"wind":{"speed":1,"deg":350},"clouds":{"all":40},"dt":1602719256,"sys":{"type":1,"id":9113,"country":"IN","sunrise":1602720687,"sunset":1602762784},"timezone":19800,"id":1275817,"name":"Bhubaneswar","cod":200}"
52577 [TestNG-PoolService-6] DEBUG org.apache.http.impl.conn.BasicClientConnectionManager  - Releasing connection org.apache.http.impl.conn.ManagedClientConnectionImpl@654800e9
52577 [TestNG-PoolService-6] DEBUG org.apache.http.impl.conn.BasicClientConnectionManager  - Connection can be kept alive indefinitely
{"coord":{"lon":85.83,"lat":20.23},"weather":[{"id":701,"main":"Mist","description":"mist","icon":"50n"}],"base":"stations","main":{"temp":298.15,"feels_like":303.87,"temp_min":298.15,"temp_max":298.15,"pressure":1003,"humidity":100},"visibility":2000,"wind":{"speed":1,"deg":350},"clouds":{"all":40},"dt":1602719256,"sys":{"type":1,"id":9113,"country":"IN","sunrise":1602720687,"sunset":1602762784},"timezone":19800,"id":1275817,"name":"Bhubaneswar","cod":200}
298.15
Celsius: 25.0
52578 [TestNG-PoolService-6] INFO org.apache.log4j.Logger  - Temperature from API is 25.0 for City Bhubaneswar
52578 [TestNG-PoolService-6] INFO org.apache.log4j.Logger  - PASS: Difference between the API 25.0 and UI 28.0 temp: 3.0 for City Bhubaneswar is less than variance set: 10
52931 [Finalizer] DEBUG org.apache.http.impl.conn.DefaultClientConnection  - Connection 0.0.0.0:55491<->178.128.122.9:80 closed
52932 [Finalizer] DEBUG org.apache.http.impl.conn.DefaultClientConnection  - Connection 0.0.0.0:55495<->178.128.122.9:80 closed
52933 [Finalizer] DEBUG org.apache.http.impl.conn.DefaultClientConnection  - Connection 0.0.0.0:55492<->178.128.122.9:80 closed
52933 [Finalizer] DEBUG org.apache.http.impl.conn.DefaultClientConnection  - Connection 0.0.0.0:55494<->178.128.122.9:80 closed
52998 [TestNG-PoolService-7] INFO org.apache.log4j.Logger  - Temperature on UI is 36.0 for City Bikaner
52998 [TestNG-PoolService-7] INFO org.apache.log4j.Logger  - Get Temp using API
53003 [TestNG-PoolService-7] DEBUG org.apache.http.impl.conn.BasicClientConnectionManager  - Get connection for route {}->http://api.openweathermap.org:80
53003 [TestNG-PoolService-7] DEBUG org.apache.http.impl.conn.DefaultClientConnectionOperator  - Connecting to api.openweathermap.org:80
53059 [TestNG-PoolService-7] DEBUG org.apache.http.client.protocol.RequestAddCookies  - CookieSpec selected: ignoreCookies
53059 [TestNG-PoolService-7] DEBUG org.apache.http.client.protocol.RequestAuthCache  - Auth cache not set in the context
53059 [TestNG-PoolService-7] DEBUG org.apache.http.client.protocol.RequestTargetAuthentication  - Target auth state: UNCHALLENGED
53059 [TestNG-PoolService-7] DEBUG org.apache.http.client.protocol.RequestProxyAuthentication  - Proxy auth state: UNCHALLENGED
53059 [TestNG-PoolService-7] DEBUG org.apache.http.impl.client.DefaultHttpClient  - Attempt 1 to execute request
53060 [TestNG-PoolService-7] DEBUG org.apache.http.impl.conn.DefaultClientConnection  - Sending request: GET /data/2.5/weather?q=Bikaner&appid=7fe67bf08c80ded756e598d6f8fedaea HTTP/1.1
53060 [TestNG-PoolService-7] DEBUG org.apache.http.wire  -  >> "GET /data/2.5/weather?q=Bikaner&appid=7fe67bf08c80ded756e598d6f8fedaea HTTP/1.1[\r][\n]"
53060 [TestNG-PoolService-7] DEBUG org.apache.http.wire  -  >> "Accept: */*[\r][\n]"
53060 [TestNG-PoolService-7] DEBUG org.apache.http.wire  -  >> "Host: api.openweathermap.org[\r][\n]"
53060 [TestNG-PoolService-7] DEBUG org.apache.http.wire  -  >> "Connection: Keep-Alive[\r][\n]"
53060 [TestNG-PoolService-7] DEBUG org.apache.http.wire  -  >> "User-Agent: Apache-HttpClient/4.5.3 (Java/1.8.0_201)[\r][\n]"
53060 [TestNG-PoolService-7] DEBUG org.apache.http.wire  -  >> "Accept-Encoding: gzip,deflate[\r][\n]"
53060 [TestNG-PoolService-7] DEBUG org.apache.http.wire  -  >> "[\r][\n]"
53060 [TestNG-PoolService-7] DEBUG org.apache.http.headers  - >> GET /data/2.5/weather?q=Bikaner&appid=7fe67bf08c80ded756e598d6f8fedaea HTTP/1.1
53060 [TestNG-PoolService-7] DEBUG org.apache.http.headers  - >> Accept: */*
53060 [TestNG-PoolService-7] DEBUG org.apache.http.headers  - >> Host: api.openweathermap.org
53060 [TestNG-PoolService-7] DEBUG org.apache.http.headers  - >> Connection: Keep-Alive
53060 [TestNG-PoolService-7] DEBUG org.apache.http.headers  - >> User-Agent: Apache-HttpClient/4.5.3 (Java/1.8.0_201)
53060 [TestNG-PoolService-7] DEBUG org.apache.http.headers  - >> Accept-Encoding: gzip,deflate
53193 [TestNG-PoolService-7] DEBUG org.apache.http.wire  -  << "HTTP/1.1 200 OK[\r][\n]"
53193 [TestNG-PoolService-7] DEBUG org.apache.http.wire  -  << "Server: openresty[\r][\n]"
53193 [TestNG-PoolService-7] DEBUG org.apache.http.wire  -  << "Date: Wed, 14 Oct 2020 23:47:37 GMT[\r][\n]"
53193 [TestNG-PoolService-7] DEBUG org.apache.http.wire  -  << "Content-Type: application/json; charset=utf-8[\r][\n]"
53193 [TestNG-PoolService-7] DEBUG org.apache.http.wire  -  << "Content-Length: 478[\r][\n]"
53193 [TestNG-PoolService-7] DEBUG org.apache.http.wire  -  << "Connection: keep-alive[\r][\n]"
53193 [TestNG-PoolService-7] DEBUG org.apache.http.wire  -  << "X-Cache-Key: /data/2.5/weather?q=bikaner[\r][\n]"
53193 [TestNG-PoolService-7] DEBUG org.apache.http.wire  -  << "Access-Control-Allow-Origin: *[\r][\n]"
53193 [TestNG-PoolService-7] DEBUG org.apache.http.wire  -  << "Access-Control-Allow-Credentials: true[\r][\n]"
53193 [TestNG-PoolService-7] DEBUG org.apache.http.wire  -  << "Access-Control-Allow-Methods: GET, POST[\r][\n]"
53193 [TestNG-PoolService-7] DEBUG org.apache.http.wire  -  << "[\r][\n]"
53193 [TestNG-PoolService-7] DEBUG org.apache.http.impl.conn.DefaultClientConnection  - Receiving response: HTTP/1.1 200 OK
53193 [TestNG-PoolService-7] DEBUG org.apache.http.headers  - << HTTP/1.1 200 OK
53193 [TestNG-PoolService-7] DEBUG org.apache.http.headers  - << Server: openresty
53193 [TestNG-PoolService-7] DEBUG org.apache.http.headers  - << Date: Wed, 14 Oct 2020 23:47:37 GMT
53193 [TestNG-PoolService-7] DEBUG org.apache.http.headers  - << Content-Type: application/json; charset=utf-8
53193 [TestNG-PoolService-7] DEBUG org.apache.http.headers  - << Content-Length: 478
53193 [TestNG-PoolService-7] DEBUG org.apache.http.headers  - << Connection: keep-alive
53193 [TestNG-PoolService-7] DEBUG org.apache.http.headers  - << X-Cache-Key: /data/2.5/weather?q=bikaner
53193 [TestNG-PoolService-7] DEBUG org.apache.http.headers  - << Access-Control-Allow-Origin: *
53193 [TestNG-PoolService-7] DEBUG org.apache.http.headers  - << Access-Control-Allow-Credentials: true
53193 [TestNG-PoolService-7] DEBUG org.apache.http.headers  - << Access-Control-Allow-Methods: GET, POST
53194 [TestNG-PoolService-7] DEBUG org.apache.http.impl.client.DefaultHttpClient  - Connection can be kept alive indefinitely
53194 [TestNG-PoolService-7] DEBUG io.restassured.internal.RequestSpecificationImpl$RestAssuredHttpBuilder  - Parsing response as: application/json; charset=utf-8
53194 [TestNG-PoolService-7] DEBUG io.restassured.internal.RequestSpecificationImpl$RestAssuredHttpBuilder  - Parsed data to instance of: class org.apache.http.conn.EofSensorInputStream
io.restassured.internal.RestAssuredResponseImpl@3758b248
53194 [TestNG-PoolService-7] DEBUG org.apache.http.wire  -  << "{"coord":{"lon":73.3,"lat":28.02},"weather":[{"id":800,"main":"Clear","description":"clear sky","icon":"01n"}],"base":"stations","main":{"temp":298.78,"feels_like":294.48,"temp_min":298.78,"temp_max":298.78,"pressure":1008,"humidity":21,"sea_level":1008,"grnd_level":981},"visibility":10000,"wind":{"speed":3.67,"deg":73},"clouds":{"all":0},"dt":1602719257,"sys":{"country":"IN","sunrise":1602724022,"sunset":1602765462},"timezone":19800,"id":1275665,"name":"Bikaner","cod":200}"
53194 [TestNG-PoolService-7] DEBUG org.apache.http.impl.conn.BasicClientConnectionManager  - Releasing connection org.apache.http.impl.conn.ManagedClientConnectionImpl@7db4df8e
53194 [TestNG-PoolService-7] DEBUG org.apache.http.impl.conn.BasicClientConnectionManager  - Connection can be kept alive indefinitely
{"coord":{"lon":73.3,"lat":28.02},"weather":[{"id":800,"main":"Clear","description":"clear sky","icon":"01n"}],"base":"stations","main":{"temp":298.78,"feels_like":294.48,"temp_min":298.78,"temp_max":298.78,"pressure":1008,"humidity":21,"sea_level":1008,"grnd_level":981},"visibility":10000,"wind":{"speed":3.67,"deg":73},"clouds":{"all":0},"dt":1602719257,"sys":{"country":"IN","sunrise":1602724022,"sunset":1602765462},"timezone":19800,"id":1275665,"name":"Bikaner","cod":200}
298.78
Celsius: 25.630005
53195 [TestNG-PoolService-7] INFO org.apache.log4j.Logger  - Temperature from API is 25.630005 for City Bikaner
53195 [TestNG-PoolService-7] ERROR org.apache.log4j.Logger  - FAIL: Difference between the API 25.630005 and UI 36.0 temp: 10.369995 for City Bikaner is greater than variance set:10
53565 [TestNG-PoolService-8] INFO org.apache.log4j.Logger  - Temperature on UI is 31.0 for City Bilaspur
53565 [TestNG-PoolService-8] INFO org.apache.log4j.Logger  - Get Temp using API
53570 [TestNG-PoolService-8] DEBUG org.apache.http.impl.conn.BasicClientConnectionManager  - Get connection for route {}->http://api.openweathermap.org:80
53570 [TestNG-PoolService-8] DEBUG org.apache.http.impl.conn.DefaultClientConnectionOperator  - Connecting to api.openweathermap.org:80
53631 [TestNG-PoolService-8] DEBUG org.apache.http.client.protocol.RequestAddCookies  - CookieSpec selected: ignoreCookies
53631 [TestNG-PoolService-8] DEBUG org.apache.http.client.protocol.RequestAuthCache  - Auth cache not set in the context
53631 [TestNG-PoolService-8] DEBUG org.apache.http.client.protocol.RequestTargetAuthentication  - Target auth state: UNCHALLENGED
53631 [TestNG-PoolService-8] DEBUG org.apache.http.client.protocol.RequestProxyAuthentication  - Proxy auth state: UNCHALLENGED
53631 [TestNG-PoolService-8] DEBUG org.apache.http.impl.client.DefaultHttpClient  - Attempt 1 to execute request
53631 [TestNG-PoolService-8] DEBUG org.apache.http.impl.conn.DefaultClientConnection  - Sending request: GET /data/2.5/weather?q=Bilaspur&appid=7fe67bf08c80ded756e598d6f8fedaea HTTP/1.1
53631 [TestNG-PoolService-8] DEBUG org.apache.http.wire  -  >> "GET /data/2.5/weather?q=Bilaspur&appid=7fe67bf08c80ded756e598d6f8fedaea HTTP/1.1[\r][\n]"
53631 [TestNG-PoolService-8] DEBUG org.apache.http.wire  -  >> "Accept: */*[\r][\n]"
53631 [TestNG-PoolService-8] DEBUG org.apache.http.wire  -  >> "Host: api.openweathermap.org[\r][\n]"
53631 [TestNG-PoolService-8] DEBUG org.apache.http.wire  -  >> "Connection: Keep-Alive[\r][\n]"
53631 [TestNG-PoolService-8] DEBUG org.apache.http.wire  -  >> "User-Agent: Apache-HttpClient/4.5.3 (Java/1.8.0_201)[\r][\n]"
53631 [TestNG-PoolService-8] DEBUG org.apache.http.wire  -  >> "Accept-Encoding: gzip,deflate[\r][\n]"
53631 [TestNG-PoolService-8] DEBUG org.apache.http.wire  -  >> "[\r][\n]"
53631 [TestNG-PoolService-8] DEBUG org.apache.http.headers  - >> GET /data/2.5/weather?q=Bilaspur&appid=7fe67bf08c80ded756e598d6f8fedaea HTTP/1.1
53631 [TestNG-PoolService-8] DEBUG org.apache.http.headers  - >> Accept: */*
53631 [TestNG-PoolService-8] DEBUG org.apache.http.headers  - >> Host: api.openweathermap.org
53631 [TestNG-PoolService-8] DEBUG org.apache.http.headers  - >> Connection: Keep-Alive
53631 [TestNG-PoolService-8] DEBUG org.apache.http.headers  - >> User-Agent: Apache-HttpClient/4.5.3 (Java/1.8.0_201)
53631 [TestNG-PoolService-8] DEBUG org.apache.http.headers  - >> Accept-Encoding: gzip,deflate
53719 [TestNG-PoolService-8] DEBUG org.apache.http.wire  -  << "HTTP/1.1 200 OK[\r][\n]"
53719 [TestNG-PoolService-8] DEBUG org.apache.http.wire  -  << "Server: openresty[\r][\n]"
53719 [TestNG-PoolService-8] DEBUG org.apache.http.wire  -  << "Date: Wed, 14 Oct 2020 23:47:37 GMT[\r][\n]"
53719 [TestNG-PoolService-8] DEBUG org.apache.http.wire  -  << "Content-Type: application/json; charset=utf-8[\r][\n]"
53720 [TestNG-PoolService-8] DEBUG org.apache.http.wire  -  << "Content-Length: 489[\r][\n]"
53720 [TestNG-PoolService-8] DEBUG org.apache.http.wire  -  << "Connection: keep-alive[\r][\n]"
53720 [TestNG-PoolService-8] DEBUG org.apache.http.wire  -  << "X-Cache-Key: /data/2.5/weather?q=bilaspur[\r][\n]"
53720 [TestNG-PoolService-8] DEBUG org.apache.http.wire  -  << "Access-Control-Allow-Origin: *[\r][\n]"
53720 [TestNG-PoolService-8] DEBUG org.apache.http.wire  -  << "Access-Control-Allow-Credentials: true[\r][\n]"
53720 [TestNG-PoolService-8] DEBUG org.apache.http.wire  -  << "Access-Control-Allow-Methods: GET, POST[\r][\n]"
53720 [TestNG-PoolService-8] DEBUG org.apache.http.wire  -  << "[\r][\n]"
53720 [TestNG-PoolService-8] DEBUG org.apache.http.impl.conn.DefaultClientConnection  - Receiving response: HTTP/1.1 200 OK
53720 [TestNG-PoolService-8] DEBUG org.apache.http.headers  - << HTTP/1.1 200 OK
53720 [TestNG-PoolService-8] DEBUG org.apache.http.headers  - << Server: openresty
53720 [TestNG-PoolService-8] DEBUG org.apache.http.headers  - << Date: Wed, 14 Oct 2020 23:47:37 GMT
53720 [TestNG-PoolService-8] DEBUG org.apache.http.headers  - << Content-Type: application/json; charset=utf-8
53720 [TestNG-PoolService-8] DEBUG org.apache.http.headers  - << Content-Length: 489
53720 [TestNG-PoolService-8] DEBUG org.apache.http.headers  - << Connection: keep-alive
53720 [TestNG-PoolService-8] DEBUG org.apache.http.headers  - << X-Cache-Key: /data/2.5/weather?q=bilaspur
53720 [TestNG-PoolService-8] DEBUG org.apache.http.headers  - << Access-Control-Allow-Origin: *
53720 [TestNG-PoolService-8] DEBUG org.apache.http.headers  - << Access-Control-Allow-Credentials: true
53720 [TestNG-PoolService-8] DEBUG org.apache.http.headers  - << Access-Control-Allow-Methods: GET, POST
53720 [TestNG-PoolService-8] DEBUG org.apache.http.impl.client.DefaultHttpClient  - Connection can be kept alive indefinitely
53720 [TestNG-PoolService-8] DEBUG io.restassured.internal.RequestSpecificationImpl$RestAssuredHttpBuilder  - Parsing response as: application/json; charset=utf-8
53720 [TestNG-PoolService-8] DEBUG io.restassured.internal.RequestSpecificationImpl$RestAssuredHttpBuilder  - Parsed data to instance of: class org.apache.http.conn.EofSensorInputStream
io.restassured.internal.RestAssuredResponseImpl@4059474a
53722 [TestNG-PoolService-8] DEBUG org.apache.http.wire  -  << "{"coord":{"lon":82.15,"lat":22.08},"weather":[{"id":804,"main":"Clouds","description":"overcast clouds","icon":"04n"}],"base":"stations","main":{"temp":296.59,"feels_like":299.03,"temp_min":296.59,"temp_max":296.59,"pressure":1005,"humidity":89,"sea_level":1005,"grnd_level":975},"visibility":10000,"wind":{"speed":2.87,"deg":60},"clouds":{"all":98},"dt":1602719257,"sys":{"country":"IN","sunrise":1602721645,"sunset":1602763592},"timezone":19800,"id":1275637,"name":"Bil[0xc4][0x81]spur","cod":200}"
53722 [TestNG-PoolService-8] DEBUG org.apache.http.impl.conn.BasicClientConnectionManager  - Releasing connection org.apache.http.impl.conn.ManagedClientConnectionImpl@732f4eec
53722 [TestNG-PoolService-8] DEBUG org.apache.http.impl.conn.BasicClientConnectionManager  - Connection can be kept alive indefinitely
{"coord":{"lon":82.15,"lat":22.08},"weather":[{"id":804,"main":"Clouds","description":"overcast clouds","icon":"04n"}],"base":"stations","main":{"temp":296.59,"feels_like":299.03,"temp_min":296.59,"temp_max":296.59,"pressure":1005,"humidity":89,"sea_level":1005,"grnd_level":975},"visibility":10000,"wind":{"speed":2.87,"deg":60},"clouds":{"all":98},"dt":1602719257,"sys":{"country":"IN","sunrise":1602721645,"sunset":1602763592},"timezone":19800,"id":1275637,"name":"Bilāspur","cod":200}
296.59
Celsius: 23.440002
53723 [TestNG-PoolService-8] INFO org.apache.log4j.Logger  - Temperature from API is 23.440002 for City Bilaspur
53723 [TestNG-PoolService-8] INFO org.apache.log4j.Logger  - PASS: Difference between the API 23.440002 and UI 31.0 temp: 7.5599976 for City Bilaspur is less than variance set: 10
54173 [TestNG-PoolService-0] INFO org.apache.log4j.Logger  - Temperature on UI is 32.0 for City Bokaro
54173 [TestNG-PoolService-0] INFO org.apache.log4j.Logger  - Get Temp using API
54182 [TestNG-PoolService-0] DEBUG org.apache.http.impl.conn.BasicClientConnectionManager  - Get connection for route {}->http://api.openweathermap.org:80
54182 [TestNG-PoolService-0] DEBUG org.apache.http.impl.conn.DefaultClientConnectionOperator  - Connecting to api.openweathermap.org:80
54240 [TestNG-PoolService-0] DEBUG org.apache.http.client.protocol.RequestAddCookies  - CookieSpec selected: ignoreCookies
54240 [TestNG-PoolService-0] DEBUG org.apache.http.client.protocol.RequestAuthCache  - Auth cache not set in the context
54240 [TestNG-PoolService-0] DEBUG org.apache.http.client.protocol.RequestTargetAuthentication  - Target auth state: UNCHALLENGED
54241 [TestNG-PoolService-0] DEBUG org.apache.http.client.protocol.RequestProxyAuthentication  - Proxy auth state: UNCHALLENGED
54241 [TestNG-PoolService-0] DEBUG org.apache.http.impl.client.DefaultHttpClient  - Attempt 1 to execute request
54241 [TestNG-PoolService-0] DEBUG org.apache.http.impl.conn.DefaultClientConnection  - Sending request: GET /data/2.5/weather?q=Bokaro&appid=7fe67bf08c80ded756e598d6f8fedaea HTTP/1.1
54241 [TestNG-PoolService-0] DEBUG org.apache.http.wire  -  >> "GET /data/2.5/weather?q=Bokaro&appid=7fe67bf08c80ded756e598d6f8fedaea HTTP/1.1[\r][\n]"
54241 [TestNG-PoolService-0] DEBUG org.apache.http.wire  -  >> "Accept: */*[\r][\n]"
54241 [TestNG-PoolService-0] DEBUG org.apache.http.wire  -  >> "Host: api.openweathermap.org[\r][\n]"
54241 [TestNG-PoolService-0] DEBUG org.apache.http.wire  -  >> "Connection: Keep-Alive[\r][\n]"
54241 [TestNG-PoolService-0] DEBUG org.apache.http.wire  -  >> "User-Agent: Apache-HttpClient/4.5.3 (Java/1.8.0_201)[\r][\n]"
54241 [TestNG-PoolService-0] DEBUG org.apache.http.wire  -  >> "Accept-Encoding: gzip,deflate[\r][\n]"
54241 [TestNG-PoolService-0] DEBUG org.apache.http.wire  -  >> "[\r][\n]"
54241 [TestNG-PoolService-0] DEBUG org.apache.http.headers  - >> GET /data/2.5/weather?q=Bokaro&appid=7fe67bf08c80ded756e598d6f8fedaea HTTP/1.1
54241 [TestNG-PoolService-0] DEBUG org.apache.http.headers  - >> Accept: */*
54241 [TestNG-PoolService-0] DEBUG org.apache.http.headers  - >> Host: api.openweathermap.org
54241 [TestNG-PoolService-0] DEBUG org.apache.http.headers  - >> Connection: Keep-Alive
54241 [TestNG-PoolService-0] DEBUG org.apache.http.headers  - >> User-Agent: Apache-HttpClient/4.5.3 (Java/1.8.0_201)
54241 [TestNG-PoolService-0] DEBUG org.apache.http.headers  - >> Accept-Encoding: gzip,deflate
54324 [TestNG-PoolService-0] DEBUG org.apache.http.wire  -  << "HTTP/1.1 200 OK[\r][\n]"
54325 [TestNG-PoolService-0] DEBUG org.apache.http.wire  -  << "Server: openresty[\r][\n]"
54325 [TestNG-PoolService-0] DEBUG org.apache.http.wire  -  << "Date: Wed, 14 Oct 2020 23:47:38 GMT[\r][\n]"
54325 [TestNG-PoolService-0] DEBUG org.apache.http.wire  -  << "Content-Type: application/json; charset=utf-8[\r][\n]"
54325 [TestNG-PoolService-0] DEBUG org.apache.http.wire  -  << "Content-Length: 489[\r][\n]"
54325 [TestNG-PoolService-0] DEBUG org.apache.http.wire  -  << "Connection: keep-alive[\r][\n]"
54325 [TestNG-PoolService-0] DEBUG org.apache.http.wire  -  << "X-Cache-Key: /data/2.5/weather?q=bokaro[\r][\n]"
54325 [TestNG-PoolService-0] DEBUG org.apache.http.wire  -  << "Access-Control-Allow-Origin: *[\r][\n]"
54325 [TestNG-PoolService-0] DEBUG org.apache.http.wire  -  << "Access-Control-Allow-Credentials: true[\r][\n]"
54325 [TestNG-PoolService-0] DEBUG org.apache.http.wire  -  << "Access-Control-Allow-Methods: GET, POST[\r][\n]"
54325 [TestNG-PoolService-0] DEBUG org.apache.http.wire  -  << "[\r][\n]"
54325 [TestNG-PoolService-0] DEBUG org.apache.http.impl.conn.DefaultClientConnection  - Receiving response: HTTP/1.1 200 OK
54325 [TestNG-PoolService-0] DEBUG org.apache.http.headers  - << HTTP/1.1 200 OK
54325 [TestNG-PoolService-0] DEBUG org.apache.http.headers  - << Server: openresty
54325 [TestNG-PoolService-0] DEBUG org.apache.http.headers  - << Date: Wed, 14 Oct 2020 23:47:38 GMT
54325 [TestNG-PoolService-0] DEBUG org.apache.http.headers  - << Content-Type: application/json; charset=utf-8
54325 [TestNG-PoolService-0] DEBUG org.apache.http.headers  - << Content-Length: 489
54325 [TestNG-PoolService-0] DEBUG org.apache.http.headers  - << Connection: keep-alive
54325 [TestNG-PoolService-0] DEBUG org.apache.http.headers  - << X-Cache-Key: /data/2.5/weather?q=bokaro
54325 [TestNG-PoolService-0] DEBUG org.apache.http.headers  - << Access-Control-Allow-Origin: *
54325 [TestNG-PoolService-0] DEBUG org.apache.http.headers  - << Access-Control-Allow-Credentials: true
54325 [TestNG-PoolService-0] DEBUG org.apache.http.headers  - << Access-Control-Allow-Methods: GET, POST
54325 [TestNG-PoolService-0] DEBUG org.apache.http.impl.client.DefaultHttpClient  - Connection can be kept alive indefinitely
54326 [TestNG-PoolService-0] DEBUG io.restassured.internal.RequestSpecificationImpl$RestAssuredHttpBuilder  - Parsing response as: application/json; charset=utf-8
54326 [TestNG-PoolService-0] DEBUG io.restassured.internal.RequestSpecificationImpl$RestAssuredHttpBuilder  - Parsed data to instance of: class org.apache.http.conn.EofSensorInputStream
io.restassured.internal.RestAssuredResponseImpl@51270f4d
54329 [TestNG-PoolService-0] DEBUG org.apache.http.wire  -  << "{"coord":{"lon":85.97,"lat":23.78},"weather":[{"id":800,"main":"Clear","description":"clear sky","icon":"01n"}],"base":"stations","main":{"temp":297.76,"feels_like":302.18,"temp_min":297.76,"temp_max":297.76,"pressure":1008,"humidity":87,"sea_level":1008,"grnd_level":981},"visibility":10000,"wind":{"speed":0.63,"deg":55},"clouds":{"all":1},"dt":1602719258,"sys":{"country":"IN","sunrise":1602720798,"sunset":1602762606},"timezone":19800,"id":1275362,"name":"Bokaro Steel City","cod":200}"
54329 [TestNG-PoolService-0] DEBUG org.apache.http.impl.conn.BasicClientConnectionManager  - Releasing connection org.apache.http.impl.conn.ManagedClientConnectionImpl@72aba9a0
54329 [TestNG-PoolService-0] DEBUG org.apache.http.impl.conn.BasicClientConnectionManager  - Connection can be kept alive indefinitely
{"coord":{"lon":85.97,"lat":23.78},"weather":[{"id":800,"main":"Clear","description":"clear sky","icon":"01n"}],"base":"stations","main":{"temp":297.76,"feels_like":302.18,"temp_min":297.76,"temp_max":297.76,"pressure":1008,"humidity":87,"sea_level":1008,"grnd_level":981},"visibility":10000,"wind":{"speed":0.63,"deg":55},"clouds":{"all":1},"dt":1602719258,"sys":{"country":"IN","sunrise":1602720798,"sunset":1602762606},"timezone":19800,"id":1275362,"name":"Bokaro Steel City","cod":200}
297.76
Celsius: 24.610016
54329 [TestNG-PoolService-0] INFO org.apache.log4j.Logger  - Temperature from API is 24.610016 for City Bokaro
54329 [TestNG-PoolService-0] INFO org.apache.log4j.Logger  - PASS: Difference between the API 24.610016 and UI 32.0 temp: 7.389984 for City Bokaro is less than variance set: 10
]]></system-out>
  </testcase>
  <testcase name="getTemp[com.temp.test.City@1d90f4e8](12)" classname="com.temp.test.TestsWeather" time="0.003">
    <system-out><![CDATA[54738 [TestNG-PoolService-7] INFO org.apache.log4j.Logger  - Select the city on the pin menu
]]></system-out>
  </testcase>
  <testcase name="getTemp[com.temp.test.City@2176ef83](13)" classname="com.temp.test.TestsWeather" time="0.021">
    <system-out><![CDATA[54782 [TestNG-PoolService-9] INFO org.apache.log4j.Logger  - Select the city on the pin menu
54790 [TestNG-PoolService-3] INFO org.apache.log4j.Logger  - Temperature on UI is 34.0 for City Chandigarh
54790 [TestNG-PoolService-3] INFO org.apache.log4j.Logger  - Get Temp using API
54802 [TestNG-PoolService-3] DEBUG org.apache.http.impl.conn.BasicClientConnectionManager  - Get connection for route {}->http://api.openweathermap.org:80
54802 [TestNG-PoolService-3] DEBUG org.apache.http.impl.conn.DefaultClientConnectionOperator  - Connecting to api.openweathermap.org:80
]]></system-out>
  </testcase>
  <testcase name="getTemp[com.temp.test.City@7e07f5e9](14)" classname="com.temp.test.TestsWeather" time="0.007">
    <system-out><![CDATA[54808 [TestNG-PoolService-4] INFO org.apache.log4j.Logger  - Select the city on the pin menu
]]></system-out>
  </testcase>
  <testcase name="getTemp[com.temp.test.City@74ff4f86](15)" classname="com.temp.test.TestsWeather" time="0.089">
    <system-out><![CDATA[54845 [TestNG-PoolService-6] INFO org.apache.log4j.Logger  - Select the city on the pin menu
54862 [TestNG-PoolService-3] DEBUG org.apache.http.client.protocol.RequestAddCookies  - CookieSpec selected: ignoreCookies
54862 [TestNG-PoolService-3] DEBUG org.apache.http.client.protocol.RequestAuthCache  - Auth cache not set in the context
54862 [TestNG-PoolService-3] DEBUG org.apache.http.client.protocol.RequestTargetAuthentication  - Target auth state: UNCHALLENGED
54862 [TestNG-PoolService-3] DEBUG org.apache.http.client.protocol.RequestProxyAuthentication  - Proxy auth state: UNCHALLENGED
54862 [TestNG-PoolService-3] DEBUG org.apache.http.impl.client.DefaultHttpClient  - Attempt 1 to execute request
54862 [TestNG-PoolService-3] DEBUG org.apache.http.impl.conn.DefaultClientConnection  - Sending request: GET /data/2.5/weather?q=Chandigarh&appid=7fe67bf08c80ded756e598d6f8fedaea HTTP/1.1
54863 [TestNG-PoolService-3] DEBUG org.apache.http.wire  -  >> "GET /data/2.5/weather?q=Chandigarh&appid=7fe67bf08c80ded756e598d6f8fedaea HTTP/1.1[\r][\n]"
54863 [TestNG-PoolService-3] DEBUG org.apache.http.wire  -  >> "Accept: */*[\r][\n]"
54863 [TestNG-PoolService-3] DEBUG org.apache.http.wire  -  >> "Host: api.openweathermap.org[\r][\n]"
54863 [TestNG-PoolService-3] DEBUG org.apache.http.wire  -  >> "Connection: Keep-Alive[\r][\n]"
54863 [TestNG-PoolService-3] DEBUG org.apache.http.wire  -  >> "User-Agent: Apache-HttpClient/4.5.3 (Java/1.8.0_201)[\r][\n]"
54863 [TestNG-PoolService-3] DEBUG org.apache.http.wire  -  >> "Accept-Encoding: gzip,deflate[\r][\n]"
54863 [TestNG-PoolService-3] DEBUG org.apache.http.wire  -  >> "[\r][\n]"
54863 [TestNG-PoolService-3] DEBUG org.apache.http.headers  - >> GET /data/2.5/weather?q=Chandigarh&appid=7fe67bf08c80ded756e598d6f8fedaea HTTP/1.1
54863 [TestNG-PoolService-3] DEBUG org.apache.http.headers  - >> Accept: */*
54863 [TestNG-PoolService-3] DEBUG org.apache.http.headers  - >> Host: api.openweathermap.org
54863 [TestNG-PoolService-3] DEBUG org.apache.http.headers  - >> Connection: Keep-Alive
54863 [TestNG-PoolService-3] DEBUG org.apache.http.headers  - >> User-Agent: Apache-HttpClient/4.5.3 (Java/1.8.0_201)
54863 [TestNG-PoolService-3] DEBUG org.apache.http.headers  - >> Accept-Encoding: gzip,deflate
]]></system-out>
  </testcase>
  <testcase name="getTemp[com.temp.test.City@3792845b](16)" classname="com.temp.test.TestsWeather" time="0.002">
    <system-out><![CDATA[54870 [TestNG-PoolService-8] INFO org.apache.log4j.Logger  - Select the city on the pin menu
]]></system-out>
  </testcase>
  <testcase name="getTemp[com.temp.test.City@33badf9b](17)" classname="com.temp.test.TestsWeather" time="0.166">
    <failure message="For input string: &quot;&quot;" type="java.lang.NumberFormatException"><![CDATA[java.lang.NumberFormatException: For input string: ""
	at com.temp.test.TestsWeather.getTemp(TestsWeather.java:183)
]]></failure>
    <system-out><![CDATA[54894 [TestNG-PoolService-0] INFO org.apache.log4j.Logger  - Select the city on the pin menu
54928 [TestNG-PoolService-3] DEBUG org.apache.http.wire  -  << "HTTP/1.1 200 OK[\r][\n]"
54929 [TestNG-PoolService-3] DEBUG org.apache.http.wire  -  << "Server: openresty[\r][\n]"
54929 [TestNG-PoolService-3] DEBUG org.apache.http.wire  -  << "Date: Wed, 14 Oct 2020 23:47:39 GMT[\r][\n]"
54929 [TestNG-PoolService-3] DEBUG org.apache.http.wire  -  << "Content-Type: application/json; charset=utf-8[\r][\n]"
54929 [TestNG-PoolService-3] DEBUG org.apache.http.wire  -  << "Content-Length: 491[\r][\n]"
54929 [TestNG-PoolService-3] DEBUG org.apache.http.wire  -  << "Connection: keep-alive[\r][\n]"
54929 [TestNG-PoolService-3] DEBUG org.apache.http.wire  -  << "X-Cache-Key: /data/2.5/weather?q=chandigarh[\r][\n]"
54929 [TestNG-PoolService-3] DEBUG org.apache.http.wire  -  << "Access-Control-Allow-Origin: *[\r][\n]"
54929 [TestNG-PoolService-3] DEBUG org.apache.http.wire  -  << "Access-Control-Allow-Credentials: true[\r][\n]"
54929 [TestNG-PoolService-3] DEBUG org.apache.http.wire  -  << "Access-Control-Allow-Methods: GET, POST[\r][\n]"
54929 [TestNG-PoolService-3] DEBUG org.apache.http.wire  -  << "[\r][\n]"
54929 [TestNG-PoolService-3] DEBUG org.apache.http.impl.conn.DefaultClientConnection  - Receiving response: HTTP/1.1 200 OK
54929 [TestNG-PoolService-3] DEBUG org.apache.http.headers  - << HTTP/1.1 200 OK
54929 [TestNG-PoolService-3] DEBUG org.apache.http.headers  - << Server: openresty
54929 [TestNG-PoolService-3] DEBUG org.apache.http.headers  - << Date: Wed, 14 Oct 2020 23:47:39 GMT
54929 [TestNG-PoolService-3] DEBUG org.apache.http.headers  - << Content-Type: application/json; charset=utf-8
54929 [TestNG-PoolService-3] DEBUG org.apache.http.headers  - << Content-Length: 491
54929 [TestNG-PoolService-3] DEBUG org.apache.http.headers  - << Connection: keep-alive
54929 [TestNG-PoolService-3] DEBUG org.apache.http.headers  - << X-Cache-Key: /data/2.5/weather?q=chandigarh
54929 [TestNG-PoolService-3] DEBUG org.apache.http.headers  - << Access-Control-Allow-Origin: *
54929 [TestNG-PoolService-3] DEBUG org.apache.http.headers  - << Access-Control-Allow-Credentials: true
54929 [TestNG-PoolService-3] DEBUG org.apache.http.headers  - << Access-Control-Allow-Methods: GET, POST
54929 [TestNG-PoolService-3] DEBUG org.apache.http.impl.client.DefaultHttpClient  - Connection can be kept alive indefinitely
54929 [TestNG-PoolService-3] DEBUG io.restassured.internal.RequestSpecificationImpl$RestAssuredHttpBuilder  - Parsing response as: application/json; charset=utf-8
54929 [TestNG-PoolService-3] DEBUG io.restassured.internal.RequestSpecificationImpl$RestAssuredHttpBuilder  - Parsed data to instance of: class org.apache.http.conn.EofSensorInputStream
io.restassured.internal.RestAssuredResponseImpl@337a6447
54931 [TestNG-PoolService-3] DEBUG org.apache.http.wire  -  << "{"coord":{"lon":76.79,"lat":30.73},"weather":[{"id":802,"main":"Clouds","description":"scattered clouds","icon":"03n"}],"base":"stations","main":{"temp":294.21,"feels_like":292.19,"temp_min":294.21,"temp_max":294.21,"pressure":1010,"humidity":38,"sea_level":1010,"grnd_level":971},"visibility":10000,"wind":{"speed":1.63,"deg":44},"clouds":{"all":25},"dt":1602718976,"sys":{"country":"IN","sunrise":1602723308,"sunset":1602764502},"timezone":19800,"id":1274746,"name":"Chandigarh","cod":200}"
54931 [TestNG-PoolService-3] DEBUG org.apache.http.impl.conn.BasicClientConnectionManager  - Releasing connection org.apache.http.impl.conn.ManagedClientConnectionImpl@427e2873
54931 [TestNG-PoolService-3] DEBUG org.apache.http.impl.conn.BasicClientConnectionManager  - Connection can be kept alive indefinitely
{"coord":{"lon":76.79,"lat":30.73},"weather":[{"id":802,"main":"Clouds","description":"scattered clouds","icon":"03n"}],"base":"stations","main":{"temp":294.21,"feels_like":292.19,"temp_min":294.21,"temp_max":294.21,"pressure":1010,"humidity":38,"sea_level":1010,"grnd_level":971},"visibility":10000,"wind":{"speed":1.63,"deg":44},"clouds":{"all":25},"dt":1602718976,"sys":{"country":"IN","sunrise":1602723308,"sunset":1602764502},"timezone":19800,"id":1274746,"name":"Chandigarh","cod":200}
294.21
Celsius: 21.059998
54932 [TestNG-PoolService-3] INFO org.apache.log4j.Logger  - Temperature from API is 21.059998 for City Chandigarh
54932 [TestNG-PoolService-3] ERROR org.apache.log4j.Logger  - FAIL: Difference between the API 21.059998 and UI 34.0 temp: 12.940002 for City Chandigarh is greater than variance set:10
55500 [Finalizer] DEBUG org.apache.http.impl.conn.DefaultClientConnection  - Connection 0.0.0.0:55501<->178.128.122.9:80 closed
55501 [Finalizer] DEBUG org.apache.http.impl.conn.DefaultClientConnection  - Connection 0.0.0.0:55499<->178.128.122.9:80 closed
55502 [Finalizer] DEBUG org.apache.http.impl.conn.DefaultClientConnection  - Connection 0.0.0.0:55497<->178.128.122.9:80 closed
55502 [Finalizer] DEBUG org.apache.http.impl.conn.DefaultClientConnection  - Connection 0.0.0.0:55496<->178.128.122.9:80 closed
]]></system-out>
  </testcase>
  <testcase name="getTemp[com.temp.test.City@41bbfee](18)" classname="com.temp.test.TestsWeather" time="0.017">
    <failure message="For city Chandigarh: The Actual temp is 21.059998 and expected is 34.0 expected [34.0] but found [21.059998]" type="java.lang.AssertionError"><![CDATA[java.lang.AssertionError: For city Chandigarh: The Actual temp is 21.059998 and expected is 34.0 expected [34.0] but found [21.059998]
	at com.temp.test.TestsWeather.getTemp(TestsWeather.java:224)
]]></failure>
    <system-out><![CDATA[55522 [TestNG-PoolService-1] INFO org.apache.log4j.Logger  - Select the city on the pin menu
55596 [TestNG-PoolService-2] INFO org.apache.log4j.Logger  - Temperature on UI is 34.0 for City Chennai
55596 [TestNG-PoolService-2] INFO org.apache.log4j.Logger  - Get Temp using API
55604 [TestNG-PoolService-2] DEBUG org.apache.http.impl.conn.BasicClientConnectionManager  - Get connection for route {}->http://api.openweathermap.org:80
55605 [TestNG-PoolService-2] DEBUG org.apache.http.impl.conn.DefaultClientConnectionOperator  - Connecting to api.openweathermap.org:80
]]></system-out>
  </testcase>
  <testcase name="getTemp[com.temp.test.City@2d464ef4](19)" classname="com.temp.test.TestsWeather" time="0.496">
    <system-out><![CDATA[55637 [TestNG-PoolService-3] INFO org.apache.log4j.Logger  - Select the city on the pin menu
55661 [TestNG-PoolService-2] DEBUG org.apache.http.client.protocol.RequestAddCookies  - CookieSpec selected: ignoreCookies
55661 [TestNG-PoolService-2] DEBUG org.apache.http.client.protocol.RequestAuthCache  - Auth cache not set in the context
55661 [TestNG-PoolService-2] DEBUG org.apache.http.client.protocol.RequestTargetAuthentication  - Target auth state: UNCHALLENGED
55661 [TestNG-PoolService-2] DEBUG org.apache.http.client.protocol.RequestProxyAuthentication  - Proxy auth state: UNCHALLENGED
55662 [TestNG-PoolService-2] DEBUG org.apache.http.impl.client.DefaultHttpClient  - Attempt 1 to execute request
55662 [TestNG-PoolService-2] DEBUG org.apache.http.impl.conn.DefaultClientConnection  - Sending request: GET /data/2.5/weather?q=Chennai&appid=7fe67bf08c80ded756e598d6f8fedaea HTTP/1.1
55662 [TestNG-PoolService-2] DEBUG org.apache.http.wire  -  >> "GET /data/2.5/weather?q=Chennai&appid=7fe67bf08c80ded756e598d6f8fedaea HTTP/1.1[\r][\n]"
55662 [TestNG-PoolService-2] DEBUG org.apache.http.wire  -  >> "Accept: */*[\r][\n]"
55662 [TestNG-PoolService-2] DEBUG org.apache.http.wire  -  >> "Host: api.openweathermap.org[\r][\n]"
55662 [TestNG-PoolService-2] DEBUG org.apache.http.wire  -  >> "Connection: Keep-Alive[\r][\n]"
55662 [TestNG-PoolService-2] DEBUG org.apache.http.wire  -  >> "User-Agent: Apache-HttpClient/4.5.3 (Java/1.8.0_201)[\r][\n]"
55662 [TestNG-PoolService-2] DEBUG org.apache.http.wire  -  >> "Accept-Encoding: gzip,deflate[\r][\n]"
55662 [TestNG-PoolService-2] DEBUG org.apache.http.wire  -  >> "[\r][\n]"
55662 [TestNG-PoolService-2] DEBUG org.apache.http.headers  - >> GET /data/2.5/weather?q=Chennai&appid=7fe67bf08c80ded756e598d6f8fedaea HTTP/1.1
55662 [TestNG-PoolService-2] DEBUG org.apache.http.headers  - >> Accept: */*
55662 [TestNG-PoolService-2] DEBUG org.apache.http.headers  - >> Host: api.openweathermap.org
55662 [TestNG-PoolService-2] DEBUG org.apache.http.headers  - >> Connection: Keep-Alive
55662 [TestNG-PoolService-2] DEBUG org.apache.http.headers  - >> User-Agent: Apache-HttpClient/4.5.3 (Java/1.8.0_201)
55662 [TestNG-PoolService-2] DEBUG org.apache.http.headers  - >> Accept-Encoding: gzip,deflate
55722 [TestNG-PoolService-2] DEBUG org.apache.http.wire  -  << "HTTP/1.1 200 OK[\r][\n]"
55722 [TestNG-PoolService-2] DEBUG org.apache.http.wire  -  << "Server: openresty[\r][\n]"
55722 [TestNG-PoolService-2] DEBUG org.apache.http.wire  -  << "Date: Wed, 14 Oct 2020 23:47:39 GMT[\r][\n]"
55722 [TestNG-PoolService-2] DEBUG org.apache.http.wire  -  << "Content-Type: application/json; charset=utf-8[\r][\n]"
55722 [TestNG-PoolService-2] DEBUG org.apache.http.wire  -  << "Content-Length: 472[\r][\n]"
55722 [TestNG-PoolService-2] DEBUG org.apache.http.wire  -  << "Connection: keep-alive[\r][\n]"
55722 [TestNG-PoolService-2] DEBUG org.apache.http.wire  -  << "X-Cache-Key: /data/2.5/weather?q=chennai[\r][\n]"
55722 [TestNG-PoolService-2] DEBUG org.apache.http.wire  -  << "Access-Control-Allow-Origin: *[\r][\n]"
55722 [TestNG-PoolService-2] DEBUG org.apache.http.wire  -  << "Access-Control-Allow-Credentials: true[\r][\n]"
55722 [TestNG-PoolService-2] DEBUG org.apache.http.wire  -  << "Access-Control-Allow-Methods: GET, POST[\r][\n]"
55722 [TestNG-PoolService-2] DEBUG org.apache.http.wire  -  << "[\r][\n]"
55722 [TestNG-PoolService-2] DEBUG org.apache.http.impl.conn.DefaultClientConnection  - Receiving response: HTTP/1.1 200 OK
55722 [TestNG-PoolService-2] DEBUG org.apache.http.headers  - << HTTP/1.1 200 OK
55722 [TestNG-PoolService-2] DEBUG org.apache.http.headers  - << Server: openresty
55722 [TestNG-PoolService-2] DEBUG org.apache.http.headers  - << Date: Wed, 14 Oct 2020 23:47:39 GMT
55722 [TestNG-PoolService-2] DEBUG org.apache.http.headers  - << Content-Type: application/json; charset=utf-8
55722 [TestNG-PoolService-2] DEBUG org.apache.http.headers  - << Content-Length: 472
55722 [TestNG-PoolService-2] DEBUG org.apache.http.headers  - << Connection: keep-alive
55722 [TestNG-PoolService-2] DEBUG org.apache.http.headers  - << X-Cache-Key: /data/2.5/weather?q=chennai
55722 [TestNG-PoolService-2] DEBUG org.apache.http.headers  - << Access-Control-Allow-Origin: *
55722 [TestNG-PoolService-2] DEBUG org.apache.http.headers  - << Access-Control-Allow-Credentials: true
55722 [TestNG-PoolService-2] DEBUG org.apache.http.headers  - << Access-Control-Allow-Methods: GET, POST
55722 [TestNG-PoolService-2] DEBUG org.apache.http.impl.client.DefaultHttpClient  - Connection can be kept alive indefinitely
55723 [TestNG-PoolService-2] DEBUG io.restassured.internal.RequestSpecificationImpl$RestAssuredHttpBuilder  - Parsing response as: application/json; charset=utf-8
55723 [TestNG-PoolService-2] DEBUG io.restassured.internal.RequestSpecificationImpl$RestAssuredHttpBuilder  - Parsed data to instance of: class org.apache.http.conn.EofSensorInputStream
io.restassured.internal.RestAssuredResponseImpl@27143f20
55723 [TestNG-PoolService-2] DEBUG org.apache.http.wire  -  << "{"coord":{"lon":80.28,"lat":13.09},"weather":[{"id":802,"main":"Clouds","description":"scattered clouds","icon":"03n"}],"base":"stations","main":{"temp":300.15,"feels_like":301.95,"temp_min":300.15,"temp_max":300.15,"pressure":1003,"humidity":65},"visibility":6000,"wind":{"speed":2.6,"deg":270},"clouds":{"all":40},"dt":1602719229,"sys":{"type":1,"id":9218,"country":"IN","sunrise":1602721744,"sunset":1602764391},"timezone":19800,"id":1264527,"name":"Chennai","cod":200}"
55724 [TestNG-PoolService-2] DEBUG org.apache.http.impl.conn.BasicClientConnectionManager  - Releasing connection org.apache.http.impl.conn.ManagedClientConnectionImpl@d5c2bcc
55724 [TestNG-PoolService-2] DEBUG org.apache.http.impl.conn.BasicClientConnectionManager  - Connection can be kept alive indefinitely
{"coord":{"lon":80.28,"lat":13.09},"weather":[{"id":802,"main":"Clouds","description":"scattered clouds","icon":"03n"}],"base":"stations","main":{"temp":300.15,"feels_like":301.95,"temp_min":300.15,"temp_max":300.15,"pressure":1003,"humidity":65},"visibility":6000,"wind":{"speed":2.6,"deg":270},"clouds":{"all":40},"dt":1602719229,"sys":{"type":1,"id":9218,"country":"IN","sunrise":1602721744,"sunset":1602764391},"timezone":19800,"id":1264527,"name":"Chennai","cod":200}
300.15
Celsius: 27.0
55724 [TestNG-PoolService-2] INFO org.apache.log4j.Logger  - Temperature from API is 27.0 for City Chennai
55724 [TestNG-PoolService-2] INFO org.apache.log4j.Logger  - PASS: Difference between the API 27.0 and UI 34.0 temp: 7.0 for City Chennai is less than variance set: 10
]]></system-out>
  </testcase>
  <testcase name="getTemp[com.temp.test.City@14282158](20)" classname="com.temp.test.TestsWeather" time="5.59">
    <system-out><![CDATA[56052 [TestNG-PoolService-2] INFO org.apache.log4j.Logger  - Select the city on the pin menu
56868 [TestNG-PoolService-5] INFO org.apache.log4j.Logger  - Temperature on UI is 31.0 for City Dehra Dun
56868 [TestNG-PoolService-5] INFO org.apache.log4j.Logger  - Get Temp using API
56873 [TestNG-PoolService-5] DEBUG org.apache.http.impl.conn.BasicClientConnectionManager  - Get connection for route {}->http://api.openweathermap.org:80
56873 [TestNG-PoolService-5] DEBUG org.apache.http.impl.conn.DefaultClientConnectionOperator  - Connecting to api.openweathermap.org:80
56931 [TestNG-PoolService-5] DEBUG org.apache.http.client.protocol.RequestAddCookies  - CookieSpec selected: ignoreCookies
56931 [TestNG-PoolService-5] DEBUG org.apache.http.client.protocol.RequestAuthCache  - Auth cache not set in the context
56931 [TestNG-PoolService-5] DEBUG org.apache.http.client.protocol.RequestTargetAuthentication  - Target auth state: UNCHALLENGED
56932 [TestNG-PoolService-5] DEBUG org.apache.http.client.protocol.RequestProxyAuthentication  - Proxy auth state: UNCHALLENGED
56932 [TestNG-PoolService-5] DEBUG org.apache.http.impl.client.DefaultHttpClient  - Attempt 1 to execute request
56932 [TestNG-PoolService-5] DEBUG org.apache.http.impl.conn.DefaultClientConnection  - Sending request: GET /data/2.5/weather?q=Dehra%20Dun&appid=7fe67bf08c80ded756e598d6f8fedaea HTTP/1.1
56932 [TestNG-PoolService-5] DEBUG org.apache.http.wire  -  >> "GET /data/2.5/weather?q=Dehra%20Dun&appid=7fe67bf08c80ded756e598d6f8fedaea HTTP/1.1[\r][\n]"
56932 [TestNG-PoolService-5] DEBUG org.apache.http.wire  -  >> "Accept: */*[\r][\n]"
56932 [TestNG-PoolService-5] DEBUG org.apache.http.wire  -  >> "Host: api.openweathermap.org[\r][\n]"
56932 [TestNG-PoolService-5] DEBUG org.apache.http.wire  -  >> "Connection: Keep-Alive[\r][\n]"
56932 [TestNG-PoolService-5] DEBUG org.apache.http.wire  -  >> "User-Agent: Apache-HttpClient/4.5.3 (Java/1.8.0_201)[\r][\n]"
56932 [TestNG-PoolService-5] DEBUG org.apache.http.wire  -  >> "Accept-Encoding: gzip,deflate[\r][\n]"
56932 [TestNG-PoolService-5] DEBUG org.apache.http.wire  -  >> "[\r][\n]"
56932 [TestNG-PoolService-5] DEBUG org.apache.http.headers  - >> GET /data/2.5/weather?q=Dehra%20Dun&appid=7fe67bf08c80ded756e598d6f8fedaea HTTP/1.1
56932 [TestNG-PoolService-5] DEBUG org.apache.http.headers  - >> Accept: */*
56932 [TestNG-PoolService-5] DEBUG org.apache.http.headers  - >> Host: api.openweathermap.org
56932 [TestNG-PoolService-5] DEBUG org.apache.http.headers  - >> Connection: Keep-Alive
56932 [TestNG-PoolService-5] DEBUG org.apache.http.headers  - >> User-Agent: Apache-HttpClient/4.5.3 (Java/1.8.0_201)
56932 [TestNG-PoolService-5] DEBUG org.apache.http.headers  - >> Accept-Encoding: gzip,deflate
57030 [TestNG-PoolService-5] DEBUG org.apache.http.wire  -  << "HTTP/1.1 200 OK[\r][\n]"
57030 [TestNG-PoolService-5] DEBUG org.apache.http.wire  -  << "Server: openresty[\r][\n]"
57030 [TestNG-PoolService-5] DEBUG org.apache.http.wire  -  << "Date: Wed, 14 Oct 2020 23:47:41 GMT[\r][\n]"
57030 [TestNG-PoolService-5] DEBUG org.apache.http.wire  -  << "Content-Type: application/json; charset=utf-8[\r][\n]"
57030 [TestNG-PoolService-5] DEBUG org.apache.http.wire  -  << "Content-Length: 482[\r][\n]"
57030 [TestNG-PoolService-5] DEBUG org.apache.http.wire  -  << "Connection: keep-alive[\r][\n]"
57030 [TestNG-PoolService-5] DEBUG org.apache.http.wire  -  << "X-Cache-Key: /data/2.5/weather?q=dehra%20dun[\r][\n]"
57030 [TestNG-PoolService-5] DEBUG org.apache.http.wire  -  << "Access-Control-Allow-Origin: *[\r][\n]"
57030 [TestNG-PoolService-5] DEBUG org.apache.http.wire  -  << "Access-Control-Allow-Credentials: true[\r][\n]"
57030 [TestNG-PoolService-5] DEBUG org.apache.http.wire  -  << "Access-Control-Allow-Methods: GET, POST[\r][\n]"
57030 [TestNG-PoolService-5] DEBUG org.apache.http.wire  -  << "[\r][\n]"
57030 [TestNG-PoolService-5] DEBUG org.apache.http.impl.conn.DefaultClientConnection  - Receiving response: HTTP/1.1 200 OK
57030 [TestNG-PoolService-5] DEBUG org.apache.http.headers  - << HTTP/1.1 200 OK
57030 [TestNG-PoolService-5] DEBUG org.apache.http.headers  - << Server: openresty
57030 [TestNG-PoolService-5] DEBUG org.apache.http.headers  - << Date: Wed, 14 Oct 2020 23:47:41 GMT
57030 [TestNG-PoolService-5] DEBUG org.apache.http.headers  - << Content-Type: application/json; charset=utf-8
57030 [TestNG-PoolService-5] DEBUG org.apache.http.headers  - << Content-Length: 482
57030 [TestNG-PoolService-5] DEBUG org.apache.http.headers  - << Connection: keep-alive
57030 [TestNG-PoolService-5] DEBUG org.apache.http.headers  - << X-Cache-Key: /data/2.5/weather?q=dehra%20dun
57030 [TestNG-PoolService-5] DEBUG org.apache.http.headers  - << Access-Control-Allow-Origin: *
57030 [TestNG-PoolService-5] DEBUG org.apache.http.headers  - << Access-Control-Allow-Credentials: true
57030 [TestNG-PoolService-5] DEBUG org.apache.http.headers  - << Access-Control-Allow-Methods: GET, POST
57030 [TestNG-PoolService-5] DEBUG org.apache.http.impl.client.DefaultHttpClient  - Connection can be kept alive indefinitely
57030 [TestNG-PoolService-5] DEBUG io.restassured.internal.RequestSpecificationImpl$RestAssuredHttpBuilder  - Parsing response as: application/json; charset=utf-8
57030 [TestNG-PoolService-5] DEBUG io.restassured.internal.RequestSpecificationImpl$RestAssuredHttpBuilder  - Parsed data to instance of: class org.apache.http.conn.EofSensorInputStream
io.restassured.internal.RestAssuredResponseImpl@10dd2c1f
57031 [TestNG-PoolService-5] DEBUG org.apache.http.wire  -  << "{"coord":{"lon":78.03,"lat":30.32},"weather":[{"id":800,"main":"Clear","description":"clear sky","icon":"01n"}],"base":"stations","main":{"temp":293.48,"feels_like":292.66,"temp_min":293.48,"temp_max":293.48,"pressure":1012,"humidity":59,"sea_level":1012,"grnd_level":939},"visibility":10000,"wind":{"speed":2.08,"deg":42},"clouds":{"all":0},"dt":1602719261,"sys":{"country":"IN","sunrise":1602722991,"sunset":1602764223},"timezone":19800,"id":1273313,"name":"Dehra D[0xc5][0xab]n","cod":200}"
57031 [TestNG-PoolService-5] DEBUG org.apache.http.impl.conn.BasicClientConnectionManager  - Releasing connection org.apache.http.impl.conn.ManagedClientConnectionImpl@1fe52d70
57031 [TestNG-PoolService-5] DEBUG org.apache.http.impl.conn.BasicClientConnectionManager  - Connection can be kept alive indefinitely
{"coord":{"lon":78.03,"lat":30.32},"weather":[{"id":800,"main":"Clear","description":"clear sky","icon":"01n"}],"base":"stations","main":{"temp":293.48,"feels_like":292.66,"temp_min":293.48,"temp_max":293.48,"pressure":1012,"humidity":59,"sea_level":1012,"grnd_level":939},"visibility":10000,"wind":{"speed":2.08,"deg":42},"clouds":{"all":0},"dt":1602719261,"sys":{"country":"IN","sunrise":1602722991,"sunset":1602764223},"timezone":19800,"id":1273313,"name":"Dehra Dūn","cod":200}
293.48
Celsius: 20.330017
57032 [TestNG-PoolService-5] INFO org.apache.log4j.Logger  - Temperature from API is 20.330017 for City Dehra Dun
57032 [TestNG-PoolService-5] ERROR org.apache.log4j.Logger  - FAIL: Difference between the API 20.330017 and UI 31.0 temp: 10.669983 for City Dehra Dun is greater than variance set:10
57627 [TestNG-PoolService-9] INFO org.apache.log4j.Logger  - Temperature on UI is 32.0 for City Dhule
57628 [TestNG-PoolService-9] INFO org.apache.log4j.Logger  - Get Temp using API
57632 [TestNG-PoolService-9] DEBUG org.apache.http.impl.conn.BasicClientConnectionManager  - Get connection for route {}->http://api.openweathermap.org:80
57632 [TestNG-PoolService-9] DEBUG org.apache.http.impl.conn.DefaultClientConnectionOperator  - Connecting to api.openweathermap.org:80
57690 [TestNG-PoolService-9] DEBUG org.apache.http.client.protocol.RequestAddCookies  - CookieSpec selected: ignoreCookies
57690 [TestNG-PoolService-9] DEBUG org.apache.http.client.protocol.RequestAuthCache  - Auth cache not set in the context
57690 [TestNG-PoolService-9] DEBUG org.apache.http.client.protocol.RequestTargetAuthentication  - Target auth state: UNCHALLENGED
57690 [TestNG-PoolService-9] DEBUG org.apache.http.client.protocol.RequestProxyAuthentication  - Proxy auth state: UNCHALLENGED
57690 [TestNG-PoolService-9] DEBUG org.apache.http.impl.client.DefaultHttpClient  - Attempt 1 to execute request
57690 [TestNG-PoolService-9] DEBUG org.apache.http.impl.conn.DefaultClientConnection  - Sending request: GET /data/2.5/weather?q=Dhule&appid=7fe67bf08c80ded756e598d6f8fedaea HTTP/1.1
57690 [TestNG-PoolService-9] DEBUG org.apache.http.wire  -  >> "GET /data/2.5/weather?q=Dhule&appid=7fe67bf08c80ded756e598d6f8fedaea HTTP/1.1[\r][\n]"
57690 [TestNG-PoolService-9] DEBUG org.apache.http.wire  -  >> "Accept: */*[\r][\n]"
57690 [TestNG-PoolService-9] DEBUG org.apache.http.wire  -  >> "Host: api.openweathermap.org[\r][\n]"
57690 [TestNG-PoolService-9] DEBUG org.apache.http.wire  -  >> "Connection: Keep-Alive[\r][\n]"
57691 [TestNG-PoolService-9] DEBUG org.apache.http.wire  -  >> "User-Agent: Apache-HttpClient/4.5.3 (Java/1.8.0_201)[\r][\n]"
57691 [TestNG-PoolService-9] DEBUG org.apache.http.wire  -  >> "Accept-Encoding: gzip,deflate[\r][\n]"
57691 [TestNG-PoolService-9] DEBUG org.apache.http.wire  -  >> "[\r][\n]"
57691 [TestNG-PoolService-9] DEBUG org.apache.http.headers  - >> GET /data/2.5/weather?q=Dhule&appid=7fe67bf08c80ded756e598d6f8fedaea HTTP/1.1
57691 [TestNG-PoolService-9] DEBUG org.apache.http.headers  - >> Accept: */*
57691 [TestNG-PoolService-9] DEBUG org.apache.http.headers  - >> Host: api.openweathermap.org
57691 [TestNG-PoolService-9] DEBUG org.apache.http.headers  - >> Connection: Keep-Alive
57691 [TestNG-PoolService-9] DEBUG org.apache.http.headers  - >> User-Agent: Apache-HttpClient/4.5.3 (Java/1.8.0_201)
57691 [TestNG-PoolService-9] DEBUG org.apache.http.headers  - >> Accept-Encoding: gzip,deflate
57767 [TestNG-PoolService-9] DEBUG org.apache.http.wire  -  << "HTTP/1.1 200 OK[\r][\n]"
57767 [TestNG-PoolService-9] DEBUG org.apache.http.wire  -  << "Server: openresty[\r][\n]"
57768 [TestNG-PoolService-9] DEBUG org.apache.http.wire  -  << "Date: Wed, 14 Oct 2020 23:47:41 GMT[\r][\n]"
57768 [TestNG-PoolService-9] DEBUG org.apache.http.wire  -  << "Content-Type: application/json; charset=utf-8[\r][\n]"
57768 [TestNG-PoolService-9] DEBUG org.apache.http.wire  -  << "Content-Length: 482[\r][\n]"
57768 [TestNG-PoolService-9] DEBUG org.apache.http.wire  -  << "Connection: keep-alive[\r][\n]"
57768 [TestNG-PoolService-9] DEBUG org.apache.http.wire  -  << "X-Cache-Key: /data/2.5/weather?q=dhule[\r][\n]"
57768 [TestNG-PoolService-9] DEBUG org.apache.http.wire  -  << "Access-Control-Allow-Origin: *[\r][\n]"
57768 [TestNG-PoolService-9] DEBUG org.apache.http.wire  -  << "Access-Control-Allow-Credentials: true[\r][\n]"
57768 [TestNG-PoolService-9] DEBUG org.apache.http.wire  -  << "Access-Control-Allow-Methods: GET, POST[\r][\n]"
57768 [TestNG-PoolService-9] DEBUG org.apache.http.wire  -  << "[\r][\n]"
57768 [TestNG-PoolService-9] DEBUG org.apache.http.impl.conn.DefaultClientConnection  - Receiving response: HTTP/1.1 200 OK
57768 [TestNG-PoolService-9] DEBUG org.apache.http.headers  - << HTTP/1.1 200 OK
57768 [TestNG-PoolService-9] DEBUG org.apache.http.headers  - << Server: openresty
57768 [TestNG-PoolService-9] DEBUG org.apache.http.headers  - << Date: Wed, 14 Oct 2020 23:47:41 GMT
57768 [TestNG-PoolService-9] DEBUG org.apache.http.headers  - << Content-Type: application/json; charset=utf-8
57768 [TestNG-PoolService-9] DEBUG org.apache.http.headers  - << Content-Length: 482
57768 [TestNG-PoolService-9] DEBUG org.apache.http.headers  - << Connection: keep-alive
57768 [TestNG-PoolService-9] DEBUG org.apache.http.headers  - << X-Cache-Key: /data/2.5/weather?q=dhule
57768 [TestNG-PoolService-9] DEBUG org.apache.http.headers  - << Access-Control-Allow-Origin: *
57768 [TestNG-PoolService-9] DEBUG org.apache.http.headers  - << Access-Control-Allow-Credentials: true
57768 [TestNG-PoolService-9] DEBUG org.apache.http.headers  - << Access-Control-Allow-Methods: GET, POST
57769 [TestNG-PoolService-9] DEBUG org.apache.http.impl.client.DefaultHttpClient  - Connection can be kept alive indefinitely
57770 [TestNG-PoolService-9] DEBUG io.restassured.internal.RequestSpecificationImpl$RestAssuredHttpBuilder  - Parsing response as: application/json; charset=utf-8
57770 [TestNG-PoolService-9] DEBUG io.restassured.internal.RequestSpecificationImpl$RestAssuredHttpBuilder  - Parsed data to instance of: class org.apache.http.conn.EofSensorInputStream
io.restassured.internal.RestAssuredResponseImpl@43129372
57772 [TestNG-PoolService-9] DEBUG org.apache.http.wire  -  << "{"coord":{"lon":74.78,"lat":20.9},"weather":[{"id":804,"main":"Clouds","description":"overcast clouds","icon":"04n"}],"base":"stations","main":{"temp":299.1,"feels_like":302.04,"temp_min":299.1,"temp_max":299.1,"pressure":1003,"humidity":80,"sea_level":1003,"grnd_level":973},"visibility":10000,"wind":{"speed":2.68,"deg":63},"clouds":{"all":100},"dt":1602719261,"sys":{"country":"IN","sunrise":1602723366,"sunset":1602765408},"timezone":19800,"id":1272691,"name":"Dhule","cod":200}"
57774 [TestNG-PoolService-9] DEBUG org.apache.http.impl.conn.BasicClientConnectionManager  - Releasing connection org.apache.http.impl.conn.ManagedClientConnectionImpl@10bce22c
57774 [TestNG-PoolService-9] DEBUG org.apache.http.impl.conn.BasicClientConnectionManager  - Connection can be kept alive indefinitely
{"coord":{"lon":74.78,"lat":20.9},"weather":[{"id":804,"main":"Clouds","description":"overcast clouds","icon":"04n"}],"base":"stations","main":{"temp":299.1,"feels_like":302.04,"temp_min":299.1,"temp_max":299.1,"pressure":1003,"humidity":80,"sea_level":1003,"grnd_level":973},"visibility":10000,"wind":{"speed":2.68,"deg":63},"clouds":{"all":100},"dt":1602719261,"sys":{"country":"IN","sunrise":1602723366,"sunset":1602765408},"timezone":19800,"id":1272691,"name":"Dhule","cod":200}
299.1
Celsius: 25.950012
57776 [TestNG-PoolService-9] INFO org.apache.log4j.Logger  - Temperature from API is 25.950012 for City Dhule
57776 [TestNG-PoolService-9] INFO org.apache.log4j.Logger  - PASS: Difference between the API 25.950012 and UI 32.0 temp: 6.049988 for City Dhule is less than variance set: 10
58280 [Finalizer] DEBUG org.apache.http.impl.conn.DefaultClientConnection  - Connection 0.0.0.0:55505<->178.128.122.9:80 closed
58281 [Finalizer] DEBUG org.apache.http.impl.conn.DefaultClientConnection  - Connection 0.0.0.0:55504<->178.128.122.9:80 closed
58282 [Finalizer] DEBUG org.apache.http.impl.conn.DefaultClientConnection  - Connection 0.0.0.0:55502<->178.128.122.9:80 closed
58299 [TestNG-PoolService-7] INFO org.apache.log4j.Logger  - Temperature on UI is 32.0 for City Dhanbad
58299 [TestNG-PoolService-7] INFO org.apache.log4j.Logger  - Get Temp using API
58303 [TestNG-PoolService-7] DEBUG org.apache.http.impl.conn.BasicClientConnectionManager  - Get connection for route {}->http://api.openweathermap.org:80
58303 [TestNG-PoolService-7] DEBUG org.apache.http.impl.conn.DefaultClientConnectionOperator  - Connecting to api.openweathermap.org:80
58365 [TestNG-PoolService-7] DEBUG org.apache.http.client.protocol.RequestAddCookies  - CookieSpec selected: ignoreCookies
58365 [TestNG-PoolService-7] DEBUG org.apache.http.client.protocol.RequestAuthCache  - Auth cache not set in the context
58365 [TestNG-PoolService-7] DEBUG org.apache.http.client.protocol.RequestTargetAuthentication  - Target auth state: UNCHALLENGED
58365 [TestNG-PoolService-7] DEBUG org.apache.http.client.protocol.RequestProxyAuthentication  - Proxy auth state: UNCHALLENGED
58365 [TestNG-PoolService-7] DEBUG org.apache.http.impl.client.DefaultHttpClient  - Attempt 1 to execute request
58365 [TestNG-PoolService-7] DEBUG org.apache.http.impl.conn.DefaultClientConnection  - Sending request: GET /data/2.5/weather?q=Dhanbad&appid=7fe67bf08c80ded756e598d6f8fedaea HTTP/1.1
58365 [TestNG-PoolService-7] DEBUG org.apache.http.wire  -  >> "GET /data/2.5/weather?q=Dhanbad&appid=7fe67bf08c80ded756e598d6f8fedaea HTTP/1.1[\r][\n]"
58366 [TestNG-PoolService-7] DEBUG org.apache.http.wire  -  >> "Accept: */*[\r][\n]"
58366 [TestNG-PoolService-7] DEBUG org.apache.http.wire  -  >> "Host: api.openweathermap.org[\r][\n]"
58366 [TestNG-PoolService-7] DEBUG org.apache.http.wire  -  >> "Connection: Keep-Alive[\r][\n]"
58366 [TestNG-PoolService-7] DEBUG org.apache.http.wire  -  >> "User-Agent: Apache-HttpClient/4.5.3 (Java/1.8.0_201)[\r][\n]"
58366 [TestNG-PoolService-7] DEBUG org.apache.http.wire  -  >> "Accept-Encoding: gzip,deflate[\r][\n]"
58366 [TestNG-PoolService-7] DEBUG org.apache.http.wire  -  >> "[\r][\n]"
58366 [TestNG-PoolService-7] DEBUG org.apache.http.headers  - >> GET /data/2.5/weather?q=Dhanbad&appid=7fe67bf08c80ded756e598d6f8fedaea HTTP/1.1
58366 [TestNG-PoolService-7] DEBUG org.apache.http.headers  - >> Accept: */*
58366 [TestNG-PoolService-7] DEBUG org.apache.http.headers  - >> Host: api.openweathermap.org
58366 [TestNG-PoolService-7] DEBUG org.apache.http.headers  - >> Connection: Keep-Alive
58366 [TestNG-PoolService-7] DEBUG org.apache.http.headers  - >> User-Agent: Apache-HttpClient/4.5.3 (Java/1.8.0_201)
58366 [TestNG-PoolService-7] DEBUG org.apache.http.headers  - >> Accept-Encoding: gzip,deflate
58443 [TestNG-PoolService-7] DEBUG org.apache.http.wire  -  << "HTTP/1.1 200 OK[\r][\n]"
58444 [TestNG-PoolService-7] DEBUG org.apache.http.wire  -  << "Server: openresty[\r][\n]"
58444 [TestNG-PoolService-7] DEBUG org.apache.http.wire  -  << "Date: Wed, 14 Oct 2020 23:47:42 GMT[\r][\n]"
58444 [TestNG-PoolService-7] DEBUG org.apache.http.wire  -  << "Content-Type: application/json; charset=utf-8[\r][\n]"
58444 [TestNG-PoolService-7] DEBUG org.apache.http.wire  -  << "Content-Length: 481[\r][\n]"
58444 [TestNG-PoolService-7] DEBUG org.apache.http.wire  -  << "Connection: keep-alive[\r][\n]"
58444 [TestNG-PoolService-7] DEBUG org.apache.http.wire  -  << "X-Cache-Key: /data/2.5/weather?q=dhanbad[\r][\n]"
58444 [TestNG-PoolService-7] DEBUG org.apache.http.wire  -  << "Access-Control-Allow-Origin: *[\r][\n]"
58444 [TestNG-PoolService-7] DEBUG org.apache.http.wire  -  << "Access-Control-Allow-Credentials: true[\r][\n]"
58444 [TestNG-PoolService-7] DEBUG org.apache.http.wire  -  << "Access-Control-Allow-Methods: GET, POST[\r][\n]"
58444 [TestNG-PoolService-7] DEBUG org.apache.http.wire  -  << "[\r][\n]"
58444 [TestNG-PoolService-7] DEBUG org.apache.http.impl.conn.DefaultClientConnection  - Receiving response: HTTP/1.1 200 OK
58445 [TestNG-PoolService-7] DEBUG org.apache.http.headers  - << HTTP/1.1 200 OK
58445 [TestNG-PoolService-7] DEBUG org.apache.http.headers  - << Server: openresty
58445 [TestNG-PoolService-7] DEBUG org.apache.http.headers  - << Date: Wed, 14 Oct 2020 23:47:42 GMT
58445 [TestNG-PoolService-7] DEBUG org.apache.http.headers  - << Content-Type: application/json; charset=utf-8
58445 [TestNG-PoolService-7] DEBUG org.apache.http.headers  - << Content-Length: 481
58445 [TestNG-PoolService-7] DEBUG org.apache.http.headers  - << Connection: keep-alive
58445 [TestNG-PoolService-7] DEBUG org.apache.http.headers  - << X-Cache-Key: /data/2.5/weather?q=dhanbad
58445 [TestNG-PoolService-7] DEBUG org.apache.http.headers  - << Access-Control-Allow-Origin: *
58445 [TestNG-PoolService-7] DEBUG org.apache.http.headers  - << Access-Control-Allow-Credentials: true
58445 [TestNG-PoolService-7] DEBUG org.apache.http.headers  - << Access-Control-Allow-Methods: GET, POST
58445 [TestNG-PoolService-7] DEBUG org.apache.http.impl.client.DefaultHttpClient  - Connection can be kept alive indefinitely
58446 [TestNG-PoolService-7] DEBUG io.restassured.internal.RequestSpecificationImpl$RestAssuredHttpBuilder  - Parsing response as: application/json; charset=utf-8
58446 [TestNG-PoolService-7] DEBUG io.restassured.internal.RequestSpecificationImpl$RestAssuredHttpBuilder  - Parsed data to instance of: class org.apache.http.conn.EofSensorInputStream
io.restassured.internal.RestAssuredResponseImpl@25d7a024
58448 [TestNG-PoolService-7] DEBUG org.apache.http.wire  -  << "{"coord":{"lon":86.45,"lat":23.8},"weather":[{"id":801,"main":"Clouds","description":"few clouds","icon":"02n"}],"base":"stations","main":{"temp":298.19,"feels_like":301.99,"temp_min":298.19,"temp_max":298.19,"pressure":1008,"humidity":83,"sea_level":1008,"grnd_level":980},"visibility":10000,"wind":{"speed":1.24,"deg":45},"clouds":{"all":17},"dt":1602719262,"sys":{"country":"IN","sunrise":1602720683,"sunset":1602762490},"timezone":19800,"id":1272979,"name":"Dhanbad","cod":200}"
58448 [TestNG-PoolService-7] DEBUG org.apache.http.impl.conn.BasicClientConnectionManager  - Releasing connection org.apache.http.impl.conn.ManagedClientConnectionImpl@3f66167d
58448 [TestNG-PoolService-7] DEBUG org.apache.http.impl.conn.BasicClientConnectionManager  - Connection can be kept alive indefinitely
{"coord":{"lon":86.45,"lat":23.8},"weather":[{"id":801,"main":"Clouds","description":"few clouds","icon":"02n"}],"base":"stations","main":{"temp":298.19,"feels_like":301.99,"temp_min":298.19,"temp_max":298.19,"pressure":1008,"humidity":83,"sea_level":1008,"grnd_level":980},"visibility":10000,"wind":{"speed":1.24,"deg":45},"clouds":{"all":17},"dt":1602719262,"sys":{"country":"IN","sunrise":1602720683,"sunset":1602762490},"timezone":19800,"id":1272979,"name":"Dhanbad","cod":200}
298.19
Celsius: 25.040009
58449 [TestNG-PoolService-7] INFO org.apache.log4j.Logger  - Temperature from API is 25.040009 for City Dhanbad
58450 [TestNG-PoolService-7] INFO org.apache.log4j.Logger  - PASS: Difference between the API 25.040009 and UI 32.0 temp: 6.9599915 for City Dhanbad is less than variance set: 10
58903 [TestNG-PoolService-4] INFO org.apache.log4j.Logger  - Temperature on UI is 36.0 for City Ganganagar
58904 [TestNG-PoolService-4] INFO org.apache.log4j.Logger  - Get Temp using API
58908 [TestNG-PoolService-4] DEBUG org.apache.http.impl.conn.BasicClientConnectionManager  - Get connection for route {}->http://api.openweathermap.org:80
58908 [TestNG-PoolService-4] DEBUG org.apache.http.impl.conn.DefaultClientConnectionOperator  - Connecting to api.openweathermap.org:80
58964 [TestNG-PoolService-4] DEBUG org.apache.http.client.protocol.RequestAddCookies  - CookieSpec selected: ignoreCookies
58965 [TestNG-PoolService-4] DEBUG org.apache.http.client.protocol.RequestAuthCache  - Auth cache not set in the context
58965 [TestNG-PoolService-4] DEBUG org.apache.http.client.protocol.RequestTargetAuthentication  - Target auth state: UNCHALLENGED
58965 [TestNG-PoolService-4] DEBUG org.apache.http.client.protocol.RequestProxyAuthentication  - Proxy auth state: UNCHALLENGED
58965 [TestNG-PoolService-4] DEBUG org.apache.http.impl.client.DefaultHttpClient  - Attempt 1 to execute request
58965 [TestNG-PoolService-4] DEBUG org.apache.http.impl.conn.DefaultClientConnection  - Sending request: GET /data/2.5/weather?q=Ganganagar&appid=7fe67bf08c80ded756e598d6f8fedaea HTTP/1.1
58965 [TestNG-PoolService-4] DEBUG org.apache.http.wire  -  >> "GET /data/2.5/weather?q=Ganganagar&appid=7fe67bf08c80ded756e598d6f8fedaea HTTP/1.1[\r][\n]"
58965 [TestNG-PoolService-4] DEBUG org.apache.http.wire  -  >> "Accept: */*[\r][\n]"
58965 [TestNG-PoolService-4] DEBUG org.apache.http.wire  -  >> "Host: api.openweathermap.org[\r][\n]"
58965 [TestNG-PoolService-4] DEBUG org.apache.http.wire  -  >> "Connection: Keep-Alive[\r][\n]"
58965 [TestNG-PoolService-4] DEBUG org.apache.http.wire  -  >> "User-Agent: Apache-HttpClient/4.5.3 (Java/1.8.0_201)[\r][\n]"
58965 [TestNG-PoolService-4] DEBUG org.apache.http.wire  -  >> "Accept-Encoding: gzip,deflate[\r][\n]"
58965 [TestNG-PoolService-4] DEBUG org.apache.http.wire  -  >> "[\r][\n]"
58965 [TestNG-PoolService-4] DEBUG org.apache.http.headers  - >> GET /data/2.5/weather?q=Ganganagar&appid=7fe67bf08c80ded756e598d6f8fedaea HTTP/1.1
58965 [TestNG-PoolService-4] DEBUG org.apache.http.headers  - >> Accept: */*
58965 [TestNG-PoolService-4] DEBUG org.apache.http.headers  - >> Host: api.openweathermap.org
58965 [TestNG-PoolService-4] DEBUG org.apache.http.headers  - >> Connection: Keep-Alive
58965 [TestNG-PoolService-4] DEBUG org.apache.http.headers  - >> User-Agent: Apache-HttpClient/4.5.3 (Java/1.8.0_201)
58965 [TestNG-PoolService-4] DEBUG org.apache.http.headers  - >> Accept-Encoding: gzip,deflate
59026 [TestNG-PoolService-4] DEBUG org.apache.http.wire  -  << "HTTP/1.1 200 OK[\r][\n]"
59026 [TestNG-PoolService-4] DEBUG org.apache.http.wire  -  << "Server: openresty[\r][\n]"
59026 [TestNG-PoolService-4] DEBUG org.apache.http.wire  -  << "Date: Wed, 14 Oct 2020 23:47:43 GMT[\r][\n]"
59026 [TestNG-PoolService-4] DEBUG org.apache.http.wire  -  << "Content-Type: application/json; charset=utf-8[\r][\n]"
59026 [TestNG-PoolService-4] DEBUG org.apache.http.wire  -  << "Content-Length: 480[\r][\n]"
59026 [TestNG-PoolService-4] DEBUG org.apache.http.wire  -  << "Connection: keep-alive[\r][\n]"
59026 [TestNG-PoolService-4] DEBUG org.apache.http.wire  -  << "X-Cache-Key: /data/2.5/weather?q=ganganagar[\r][\n]"
59026 [TestNG-PoolService-4] DEBUG org.apache.http.wire  -  << "Access-Control-Allow-Origin: *[\r][\n]"
59026 [TestNG-PoolService-4] DEBUG org.apache.http.wire  -  << "Access-Control-Allow-Credentials: true[\r][\n]"
59026 [TestNG-PoolService-4] DEBUG org.apache.http.wire  -  << "Access-Control-Allow-Methods: GET, POST[\r][\n]"
59026 [TestNG-PoolService-4] DEBUG org.apache.http.wire  -  << "[\r][\n]"
59026 [TestNG-PoolService-4] DEBUG org.apache.http.impl.conn.DefaultClientConnection  - Receiving response: HTTP/1.1 200 OK
59026 [TestNG-PoolService-4] DEBUG org.apache.http.headers  - << HTTP/1.1 200 OK
59026 [TestNG-PoolService-4] DEBUG org.apache.http.headers  - << Server: openresty
59026 [TestNG-PoolService-4] DEBUG org.apache.http.headers  - << Date: Wed, 14 Oct 2020 23:47:43 GMT
59027 [TestNG-PoolService-4] DEBUG org.apache.http.headers  - << Content-Type: application/json; charset=utf-8
59027 [TestNG-PoolService-4] DEBUG org.apache.http.headers  - << Content-Length: 480
59027 [TestNG-PoolService-4] DEBUG org.apache.http.headers  - << Connection: keep-alive
59027 [TestNG-PoolService-4] DEBUG org.apache.http.headers  - << X-Cache-Key: /data/2.5/weather?q=ganganagar
59027 [TestNG-PoolService-4] DEBUG org.apache.http.headers  - << Access-Control-Allow-Origin: *
59027 [TestNG-PoolService-4] DEBUG org.apache.http.headers  - << Access-Control-Allow-Credentials: true
59027 [TestNG-PoolService-4] DEBUG org.apache.http.headers  - << Access-Control-Allow-Methods: GET, POST
59027 [TestNG-PoolService-4] DEBUG org.apache.http.impl.client.DefaultHttpClient  - Connection can be kept alive indefinitely
59027 [TestNG-PoolService-4] DEBUG io.restassured.internal.RequestSpecificationImpl$RestAssuredHttpBuilder  - Parsing response as: application/json; charset=utf-8
59027 [TestNG-PoolService-4] DEBUG io.restassured.internal.RequestSpecificationImpl$RestAssuredHttpBuilder  - Parsed data to instance of: class org.apache.http.conn.EofSensorInputStream
io.restassured.internal.RestAssuredResponseImpl@7c48e767
59028 [TestNG-PoolService-4] DEBUG org.apache.http.wire  -  << "{"coord":{"lon":73.88,"lat":29.92},"weather":[{"id":800,"main":"Clear","description":"clear sky","icon":"01n"}],"base":"stations","main":{"temp":295.3,"feels_like":291.94,"temp_min":295.3,"temp_max":295.3,"pressure":1007,"humidity":22,"sea_level":1007,"grnd_level":987},"visibility":10000,"wind":{"speed":1.84,"deg":61},"clouds":{"all":0},"dt":1602719024,"sys":{"country":"IN","sunrise":1602723969,"sunset":1602765237},"timezone":19800,"id":1271685,"name":"Gang[0xc4][0x81]nagar","cod":200}"
59028 [TestNG-PoolService-4] DEBUG org.apache.http.impl.conn.BasicClientConnectionManager  - Releasing connection org.apache.http.impl.conn.ManagedClientConnectionImpl@55002a7f
59028 [TestNG-PoolService-4] DEBUG org.apache.http.impl.conn.BasicClientConnectionManager  - Connection can be kept alive indefinitely
{"coord":{"lon":73.88,"lat":29.92},"weather":[{"id":800,"main":"Clear","description":"clear sky","icon":"01n"}],"base":"stations","main":{"temp":295.3,"feels_like":291.94,"temp_min":295.3,"temp_max":295.3,"pressure":1007,"humidity":22,"sea_level":1007,"grnd_level":987},"visibility":10000,"wind":{"speed":1.84,"deg":61},"clouds":{"all":0},"dt":1602719024,"sys":{"country":"IN","sunrise":1602723969,"sunset":1602765237},"timezone":19800,"id":1271685,"name":"Gangānagar","cod":200}
295.3
Celsius: 22.149994
59030 [TestNG-PoolService-4] INFO org.apache.log4j.Logger  - Temperature from API is 22.149994 for City Ganganagar
59032 [TestNG-PoolService-4] ERROR org.apache.log4j.Logger  - FAIL: Difference between the API 22.149994 and UI 36.0 temp: 13.850006 for City Ganganagar is greater than variance set:10
59515 [TestNG-PoolService-0] INFO org.apache.log4j.Logger  - Temperature on UI is 33.0 for City Guwahati
59515 [TestNG-PoolService-0] INFO org.apache.log4j.Logger  - Get Temp using API
59520 [TestNG-PoolService-0] DEBUG org.apache.http.impl.conn.BasicClientConnectionManager  - Get connection for route {}->http://api.openweathermap.org:80
59520 [TestNG-PoolService-0] DEBUG org.apache.http.impl.conn.DefaultClientConnectionOperator  - Connecting to api.openweathermap.org:80
59579 [TestNG-PoolService-0] DEBUG org.apache.http.client.protocol.RequestAddCookies  - CookieSpec selected: ignoreCookies
59579 [TestNG-PoolService-0] DEBUG org.apache.http.client.protocol.RequestAuthCache  - Auth cache not set in the context
59579 [TestNG-PoolService-0] DEBUG org.apache.http.client.protocol.RequestTargetAuthentication  - Target auth state: UNCHALLENGED
59579 [TestNG-PoolService-0] DEBUG org.apache.http.client.protocol.RequestProxyAuthentication  - Proxy auth state: UNCHALLENGED
59579 [TestNG-PoolService-0] DEBUG org.apache.http.impl.client.DefaultHttpClient  - Attempt 1 to execute request
59579 [TestNG-PoolService-0] DEBUG org.apache.http.impl.conn.DefaultClientConnection  - Sending request: GET /data/2.5/weather?q=Guwahati&appid=7fe67bf08c80ded756e598d6f8fedaea HTTP/1.1
59579 [TestNG-PoolService-0] DEBUG org.apache.http.wire  -  >> "GET /data/2.5/weather?q=Guwahati&appid=7fe67bf08c80ded756e598d6f8fedaea HTTP/1.1[\r][\n]"
59579 [TestNG-PoolService-0] DEBUG org.apache.http.wire  -  >> "Accept: */*[\r][\n]"
59579 [TestNG-PoolService-0] DEBUG org.apache.http.wire  -  >> "Host: api.openweathermap.org[\r][\n]"
59579 [TestNG-PoolService-0] DEBUG org.apache.http.wire  -  >> "Connection: Keep-Alive[\r][\n]"
59579 [TestNG-PoolService-0] DEBUG org.apache.http.wire  -  >> "User-Agent: Apache-HttpClient/4.5.3 (Java/1.8.0_201)[\r][\n]"
59579 [TestNG-PoolService-0] DEBUG org.apache.http.wire  -  >> "Accept-Encoding: gzip,deflate[\r][\n]"
59579 [TestNG-PoolService-0] DEBUG org.apache.http.wire  -  >> "[\r][\n]"
59579 [TestNG-PoolService-0] DEBUG org.apache.http.headers  - >> GET /data/2.5/weather?q=Guwahati&appid=7fe67bf08c80ded756e598d6f8fedaea HTTP/1.1
59579 [TestNG-PoolService-0] DEBUG org.apache.http.headers  - >> Accept: */*
59579 [TestNG-PoolService-0] DEBUG org.apache.http.headers  - >> Host: api.openweathermap.org
59579 [TestNG-PoolService-0] DEBUG org.apache.http.headers  - >> Connection: Keep-Alive
59579 [TestNG-PoolService-0] DEBUG org.apache.http.headers  - >> User-Agent: Apache-HttpClient/4.5.3 (Java/1.8.0_201)
59579 [TestNG-PoolService-0] DEBUG org.apache.http.headers  - >> Accept-Encoding: gzip,deflate
59661 [TestNG-PoolService-0] DEBUG org.apache.http.wire  -  << "HTTP/1.1 200 OK[\r][\n]"
59661 [TestNG-PoolService-0] DEBUG org.apache.http.wire  -  << "Server: openresty[\r][\n]"
59661 [TestNG-PoolService-0] DEBUG org.apache.http.wire  -  << "Date: Wed, 14 Oct 2020 23:47:43 GMT[\r][\n]"
59661 [TestNG-PoolService-0] DEBUG org.apache.http.wire  -  << "Content-Type: application/json; charset=utf-8[\r][\n]"
59661 [TestNG-PoolService-0] DEBUG org.apache.http.wire  -  << "Content-Length: 490[\r][\n]"
59661 [TestNG-PoolService-0] DEBUG org.apache.http.wire  -  << "Connection: keep-alive[\r][\n]"
59661 [TestNG-PoolService-0] DEBUG org.apache.http.wire  -  << "X-Cache-Key: /data/2.5/weather?q=guwahati[\r][\n]"
59661 [TestNG-PoolService-0] DEBUG org.apache.http.wire  -  << "Access-Control-Allow-Origin: *[\r][\n]"
59661 [TestNG-PoolService-0] DEBUG org.apache.http.wire  -  << "Access-Control-Allow-Credentials: true[\r][\n]"
59661 [TestNG-PoolService-0] DEBUG org.apache.http.wire  -  << "Access-Control-Allow-Methods: GET, POST[\r][\n]"
59661 [TestNG-PoolService-0] DEBUG org.apache.http.wire  -  << "[\r][\n]"
59661 [TestNG-PoolService-0] DEBUG org.apache.http.impl.conn.DefaultClientConnection  - Receiving response: HTTP/1.1 200 OK
59661 [TestNG-PoolService-0] DEBUG org.apache.http.headers  - << HTTP/1.1 200 OK
59661 [TestNG-PoolService-0] DEBUG org.apache.http.headers  - << Server: openresty
59661 [TestNG-PoolService-0] DEBUG org.apache.http.headers  - << Date: Wed, 14 Oct 2020 23:47:43 GMT
59661 [TestNG-PoolService-0] DEBUG org.apache.http.headers  - << Content-Type: application/json; charset=utf-8
59661 [TestNG-PoolService-0] DEBUG org.apache.http.headers  - << Content-Length: 490
59661 [TestNG-PoolService-0] DEBUG org.apache.http.headers  - << Connection: keep-alive
59661 [TestNG-PoolService-0] DEBUG org.apache.http.headers  - << X-Cache-Key: /data/2.5/weather?q=guwahati
59661 [TestNG-PoolService-0] DEBUG org.apache.http.headers  - << Access-Control-Allow-Origin: *
59661 [TestNG-PoolService-0] DEBUG org.apache.http.headers  - << Access-Control-Allow-Credentials: true
59661 [TestNG-PoolService-0] DEBUG org.apache.http.headers  - << Access-Control-Allow-Methods: GET, POST
59661 [TestNG-PoolService-0] DEBUG org.apache.http.impl.client.DefaultHttpClient  - Connection can be kept alive indefinitely
59662 [TestNG-PoolService-0] DEBUG io.restassured.internal.RequestSpecificationImpl$RestAssuredHttpBuilder  - Parsing response as: application/json; charset=utf-8
59662 [TestNG-PoolService-0] DEBUG io.restassured.internal.RequestSpecificationImpl$RestAssuredHttpBuilder  - Parsed data to instance of: class org.apache.http.conn.EofSensorInputStream
io.restassured.internal.RestAssuredResponseImpl@233e5000
59662 [TestNG-PoolService-0] DEBUG org.apache.http.wire  -  << "{"coord":{"lon":91.75,"lat":26.19},"weather":[{"id":802,"main":"Clouds","description":"scattered clouds","icon":"03n"}],"base":"stations","main":{"temp":297.47,"feels_like":301.84,"temp_min":297.47,"temp_max":297.47,"pressure":1010,"humidity":87,"sea_level":1010,"grnd_level":1004},"visibility":10000,"wind":{"speed":0.48,"deg":94},"clouds":{"all":30},"dt":1602719263,"sys":{"country":"IN","sunrise":1602719512,"sunset":1602761118},"timezone":19800,"id":1271476,"name":"Guwahati","cod":200}"
59662 [TestNG-PoolService-0] DEBUG org.apache.http.impl.conn.BasicClientConnectionManager  - Releasing connection org.apache.http.impl.conn.ManagedClientConnectionImpl@28ddd3d8
59662 [TestNG-PoolService-0] DEBUG org.apache.http.impl.conn.BasicClientConnectionManager  - Connection can be kept alive indefinitely
{"coord":{"lon":91.75,"lat":26.19},"weather":[{"id":802,"main":"Clouds","description":"scattered clouds","icon":"03n"}],"base":"stations","main":{"temp":297.47,"feels_like":301.84,"temp_min":297.47,"temp_max":297.47,"pressure":1010,"humidity":87,"sea_level":1010,"grnd_level":1004},"visibility":10000,"wind":{"speed":0.48,"deg":94},"clouds":{"all":30},"dt":1602719263,"sys":{"country":"IN","sunrise":1602719512,"sunset":1602761118},"timezone":19800,"id":1271476,"name":"Guwahati","cod":200}
297.47
Celsius: 24.320007
59663 [TestNG-PoolService-0] INFO org.apache.log4j.Logger  - Temperature from API is 24.320007 for City Guwahati
59663 [TestNG-PoolService-0] INFO org.apache.log4j.Logger  - PASS: Difference between the API 24.320007 and UI 33.0 temp: 8.679993 for City Guwahati is less than variance set: 10
60132 [TestNG-PoolService-8] INFO org.apache.log4j.Logger  - Temperature on UI is 34.0 for City Gorakhpur
60132 [TestNG-PoolService-8] INFO org.apache.log4j.Logger  - Get Temp using API
60136 [TestNG-PoolService-8] DEBUG org.apache.http.impl.conn.BasicClientConnectionManager  - Get connection for route {}->http://api.openweathermap.org:80
60136 [TestNG-PoolService-8] DEBUG org.apache.http.impl.conn.DefaultClientConnectionOperator  - Connecting to api.openweathermap.org:80
60192 [TestNG-PoolService-8] DEBUG org.apache.http.client.protocol.RequestAddCookies  - CookieSpec selected: ignoreCookies
60192 [TestNG-PoolService-8] DEBUG org.apache.http.client.protocol.RequestAuthCache  - Auth cache not set in the context
60192 [TestNG-PoolService-8] DEBUG org.apache.http.client.protocol.RequestTargetAuthentication  - Target auth state: UNCHALLENGED
60192 [TestNG-PoolService-8] DEBUG org.apache.http.client.protocol.RequestProxyAuthentication  - Proxy auth state: UNCHALLENGED
60192 [TestNG-PoolService-8] DEBUG org.apache.http.impl.client.DefaultHttpClient  - Attempt 1 to execute request
60192 [TestNG-PoolService-8] DEBUG org.apache.http.impl.conn.DefaultClientConnection  - Sending request: GET /data/2.5/weather?q=Gorakhpur&appid=7fe67bf08c80ded756e598d6f8fedaea HTTP/1.1
60192 [TestNG-PoolService-8] DEBUG org.apache.http.wire  -  >> "GET /data/2.5/weather?q=Gorakhpur&appid=7fe67bf08c80ded756e598d6f8fedaea HTTP/1.1[\r][\n]"
60192 [TestNG-PoolService-8] DEBUG org.apache.http.wire  -  >> "Accept: */*[\r][\n]"
60192 [TestNG-PoolService-8] DEBUG org.apache.http.wire  -  >> "Host: api.openweathermap.org[\r][\n]"
60192 [TestNG-PoolService-8] DEBUG org.apache.http.wire  -  >> "Connection: Keep-Alive[\r][\n]"
60192 [TestNG-PoolService-8] DEBUG org.apache.http.wire  -  >> "User-Agent: Apache-HttpClient/4.5.3 (Java/1.8.0_201)[\r][\n]"
60192 [TestNG-PoolService-8] DEBUG org.apache.http.wire  -  >> "Accept-Encoding: gzip,deflate[\r][\n]"
60192 [TestNG-PoolService-8] DEBUG org.apache.http.wire  -  >> "[\r][\n]"
60192 [TestNG-PoolService-8] DEBUG org.apache.http.headers  - >> GET /data/2.5/weather?q=Gorakhpur&appid=7fe67bf08c80ded756e598d6f8fedaea HTTP/1.1
60192 [TestNG-PoolService-8] DEBUG org.apache.http.headers  - >> Accept: */*
60192 [TestNG-PoolService-8] DEBUG org.apache.http.headers  - >> Host: api.openweathermap.org
60192 [TestNG-PoolService-8] DEBUG org.apache.http.headers  - >> Connection: Keep-Alive
60192 [TestNG-PoolService-8] DEBUG org.apache.http.headers  - >> User-Agent: Apache-HttpClient/4.5.3 (Java/1.8.0_201)
60192 [TestNG-PoolService-8] DEBUG org.apache.http.headers  - >> Accept-Encoding: gzip,deflate
60272 [TestNG-PoolService-8] DEBUG org.apache.http.wire  -  << "HTTP/1.1 200 OK[\r][\n]"
60273 [TestNG-PoolService-8] DEBUG org.apache.http.wire  -  << "Server: openresty[\r][\n]"
60273 [TestNG-PoolService-8] DEBUG org.apache.http.wire  -  << "Date: Wed, 14 Oct 2020 23:47:44 GMT[\r][\n]"
60273 [TestNG-PoolService-8] DEBUG org.apache.http.wire  -  << "Content-Type: application/json; charset=utf-8[\r][\n]"
60273 [TestNG-PoolService-8] DEBUG org.apache.http.wire  -  << "Content-Length: 481[\r][\n]"
60273 [TestNG-PoolService-8] DEBUG org.apache.http.wire  -  << "Connection: keep-alive[\r][\n]"
60273 [TestNG-PoolService-8] DEBUG org.apache.http.wire  -  << "X-Cache-Key: /data/2.5/weather?q=gorakhpur[\r][\n]"
60273 [TestNG-PoolService-8] DEBUG org.apache.http.wire  -  << "Access-Control-Allow-Origin: *[\r][\n]"
60273 [TestNG-PoolService-8] DEBUG org.apache.http.wire  -  << "Access-Control-Allow-Credentials: true[\r][\n]"
60273 [TestNG-PoolService-8] DEBUG org.apache.http.wire  -  << "Access-Control-Allow-Methods: GET, POST[\r][\n]"
60273 [TestNG-PoolService-8] DEBUG org.apache.http.wire  -  << "[\r][\n]"
60273 [TestNG-PoolService-8] DEBUG org.apache.http.impl.conn.DefaultClientConnection  - Receiving response: HTTP/1.1 200 OK
60273 [TestNG-PoolService-8] DEBUG org.apache.http.headers  - << HTTP/1.1 200 OK
60273 [TestNG-PoolService-8] DEBUG org.apache.http.headers  - << Server: openresty
60273 [TestNG-PoolService-8] DEBUG org.apache.http.headers  - << Date: Wed, 14 Oct 2020 23:47:44 GMT
60273 [TestNG-PoolService-8] DEBUG org.apache.http.headers  - << Content-Type: application/json; charset=utf-8
60273 [TestNG-PoolService-8] DEBUG org.apache.http.headers  - << Content-Length: 481
60273 [TestNG-PoolService-8] DEBUG org.apache.http.headers  - << Connection: keep-alive
60273 [TestNG-PoolService-8] DEBUG org.apache.http.headers  - << X-Cache-Key: /data/2.5/weather?q=gorakhpur
60273 [TestNG-PoolService-8] DEBUG org.apache.http.headers  - << Access-Control-Allow-Origin: *
60273 [TestNG-PoolService-8] DEBUG org.apache.http.headers  - << Access-Control-Allow-Credentials: true
60273 [TestNG-PoolService-8] DEBUG org.apache.http.headers  - << Access-Control-Allow-Methods: GET, POST
60273 [TestNG-PoolService-8] DEBUG org.apache.http.impl.client.DefaultHttpClient  - Connection can be kept alive indefinitely
60274 [TestNG-PoolService-8] DEBUG io.restassured.internal.RequestSpecificationImpl$RestAssuredHttpBuilder  - Parsing response as: application/json; charset=utf-8
60274 [TestNG-PoolService-8] DEBUG io.restassured.internal.RequestSpecificationImpl$RestAssuredHttpBuilder  - Parsed data to instance of: class org.apache.http.conn.EofSensorInputStream
io.restassured.internal.RestAssuredResponseImpl@75bb34bc
60274 [TestNG-PoolService-8] DEBUG org.apache.http.wire  -  << "{"coord":{"lon":75.68,"lat":29.45},"weather":[{"id":800,"main":"Clear","description":"clear sky","icon":"01n"}],"base":"stations","main":{"temp":294.98,"feels_like":291.28,"temp_min":294.98,"temp_max":294.98,"pressure":1007,"humidity":24,"sea_level":1007,"grnd_level":982},"visibility":10000,"wind":{"speed":2.52,"deg":30},"clouds":{"all":7},"dt":1602719264,"sys":{"country":"IN","sunrise":1602723515,"sunset":1602764827},"timezone":19800,"id":1270926,"name":"Gorakhpur","cod":200}"
60274 [TestNG-PoolService-8] DEBUG org.apache.http.impl.conn.BasicClientConnectionManager  - Releasing connection org.apache.http.impl.conn.ManagedClientConnectionImpl@760a775e
60275 [TestNG-PoolService-8] DEBUG org.apache.http.impl.conn.BasicClientConnectionManager  - Connection can be kept alive indefinitely
{"coord":{"lon":75.68,"lat":29.45},"weather":[{"id":800,"main":"Clear","description":"clear sky","icon":"01n"}],"base":"stations","main":{"temp":294.98,"feels_like":291.28,"temp_min":294.98,"temp_max":294.98,"pressure":1007,"humidity":24,"sea_level":1007,"grnd_level":982},"visibility":10000,"wind":{"speed":2.52,"deg":30},"clouds":{"all":7},"dt":1602719264,"sys":{"country":"IN","sunrise":1602723515,"sunset":1602764827},"timezone":19800,"id":1270926,"name":"Gorakhpur","cod":200}
294.98
Celsius: 21.830017
60275 [TestNG-PoolService-8] INFO org.apache.log4j.Logger  - Temperature from API is 21.830017 for City Gorakhpur
60275 [TestNG-PoolService-8] ERROR org.apache.log4j.Logger  - FAIL: Difference between the API 21.830017 and UI 34.0 temp: 12.169983 for City Gorakhpur is greater than variance set:10
60720 [Finalizer] DEBUG org.apache.http.impl.conn.DefaultClientConnection  - Connection 0.0.0.0:55506<->178.128.122.9:80 closed
60720 [Finalizer] DEBUG org.apache.http.impl.conn.DefaultClientConnection  - Connection 0.0.0.0:55508<->178.128.122.9:80 closed
60721 [Finalizer] DEBUG org.apache.http.impl.conn.DefaultClientConnection  - Connection 0.0.0.0:55509<->178.128.122.9:80 closed
60721 [Finalizer] DEBUG org.apache.http.impl.conn.DefaultClientConnection  - Connection 0.0.0.0:55510<->178.128.122.9:80 closed
60775 [TestNG-PoolService-6] INFO org.apache.log4j.Logger  - Temperature on UI is 33.0 for City Gaya
60775 [TestNG-PoolService-6] INFO org.apache.log4j.Logger  - Get Temp using API
60780 [TestNG-PoolService-6] DEBUG org.apache.http.impl.conn.BasicClientConnectionManager  - Get connection for route {}->http://api.openweathermap.org:80
60780 [TestNG-PoolService-6] DEBUG org.apache.http.impl.conn.DefaultClientConnectionOperator  - Connecting to api.openweathermap.org:80
60837 [TestNG-PoolService-6] DEBUG org.apache.http.client.protocol.RequestAddCookies  - CookieSpec selected: ignoreCookies
60837 [TestNG-PoolService-6] DEBUG org.apache.http.client.protocol.RequestAuthCache  - Auth cache not set in the context
60837 [TestNG-PoolService-6] DEBUG org.apache.http.client.protocol.RequestTargetAuthentication  - Target auth state: UNCHALLENGED
60837 [TestNG-PoolService-6] DEBUG org.apache.http.client.protocol.RequestProxyAuthentication  - Proxy auth state: UNCHALLENGED
60837 [TestNG-PoolService-6] DEBUG org.apache.http.impl.client.DefaultHttpClient  - Attempt 1 to execute request
60837 [TestNG-PoolService-6] DEBUG org.apache.http.impl.conn.DefaultClientConnection  - Sending request: GET /data/2.5/weather?q=Gaya&appid=7fe67bf08c80ded756e598d6f8fedaea HTTP/1.1
60837 [TestNG-PoolService-6] DEBUG org.apache.http.wire  -  >> "GET /data/2.5/weather?q=Gaya&appid=7fe67bf08c80ded756e598d6f8fedaea HTTP/1.1[\r][\n]"
60837 [TestNG-PoolService-6] DEBUG org.apache.http.wire  -  >> "Accept: */*[\r][\n]"
60838 [TestNG-PoolService-6] DEBUG org.apache.http.wire  -  >> "Host: api.openweathermap.org[\r][\n]"
60838 [TestNG-PoolService-6] DEBUG org.apache.http.wire  -  >> "Connection: Keep-Alive[\r][\n]"
60838 [TestNG-PoolService-6] DEBUG org.apache.http.wire  -  >> "User-Agent: Apache-HttpClient/4.5.3 (Java/1.8.0_201)[\r][\n]"
60838 [TestNG-PoolService-6] DEBUG org.apache.http.wire  -  >> "Accept-Encoding: gzip,deflate[\r][\n]"
60838 [TestNG-PoolService-6] DEBUG org.apache.http.wire  -  >> "[\r][\n]"
60838 [TestNG-PoolService-6] DEBUG org.apache.http.headers  - >> GET /data/2.5/weather?q=Gaya&appid=7fe67bf08c80ded756e598d6f8fedaea HTTP/1.1
60838 [TestNG-PoolService-6] DEBUG org.apache.http.headers  - >> Accept: */*
60838 [TestNG-PoolService-6] DEBUG org.apache.http.headers  - >> Host: api.openweathermap.org
60838 [TestNG-PoolService-6] DEBUG org.apache.http.headers  - >> Connection: Keep-Alive
60838 [TestNG-PoolService-6] DEBUG org.apache.http.headers  - >> User-Agent: Apache-HttpClient/4.5.3 (Java/1.8.0_201)
60838 [TestNG-PoolService-6] DEBUG org.apache.http.headers  - >> Accept-Encoding: gzip,deflate
60931 [TestNG-PoolService-6] DEBUG org.apache.http.wire  -  << "HTTP/1.1 200 OK[\r][\n]"
60931 [TestNG-PoolService-6] DEBUG org.apache.http.wire  -  << "Server: openresty[\r][\n]"
60931 [TestNG-PoolService-6] DEBUG org.apache.http.wire  -  << "Date: Wed, 14 Oct 2020 23:47:45 GMT[\r][\n]"
60931 [TestNG-PoolService-6] DEBUG org.apache.http.wire  -  << "Content-Type: application/json; charset=utf-8[\r][\n]"
60931 [TestNG-PoolService-6] DEBUG org.apache.http.wire  -  << "Content-Length: 474[\r][\n]"
60931 [TestNG-PoolService-6] DEBUG org.apache.http.wire  -  << "Connection: keep-alive[\r][\n]"
60931 [TestNG-PoolService-6] DEBUG org.apache.http.wire  -  << "X-Cache-Key: /data/2.5/weather?q=gaya[\r][\n]"
60931 [TestNG-PoolService-6] DEBUG org.apache.http.wire  -  << "Access-Control-Allow-Origin: *[\r][\n]"
60931 [TestNG-PoolService-6] DEBUG org.apache.http.wire  -  << "Access-Control-Allow-Credentials: true[\r][\n]"
60931 [TestNG-PoolService-6] DEBUG org.apache.http.wire  -  << "Access-Control-Allow-Methods: GET, POST[\r][\n]"
60931 [TestNG-PoolService-6] DEBUG org.apache.http.wire  -  << "[\r][\n]"
60931 [TestNG-PoolService-6] DEBUG org.apache.http.impl.conn.DefaultClientConnection  - Receiving response: HTTP/1.1 200 OK
60931 [TestNG-PoolService-6] DEBUG org.apache.http.headers  - << HTTP/1.1 200 OK
60931 [TestNG-PoolService-6] DEBUG org.apache.http.headers  - << Server: openresty
60931 [TestNG-PoolService-6] DEBUG org.apache.http.headers  - << Date: Wed, 14 Oct 2020 23:47:45 GMT
60931 [TestNG-PoolService-6] DEBUG org.apache.http.headers  - << Content-Type: application/json; charset=utf-8
60931 [TestNG-PoolService-6] DEBUG org.apache.http.headers  - << Content-Length: 474
60931 [TestNG-PoolService-6] DEBUG org.apache.http.headers  - << Connection: keep-alive
60931 [TestNG-PoolService-6] DEBUG org.apache.http.headers  - << X-Cache-Key: /data/2.5/weather?q=gaya
60931 [TestNG-PoolService-6] DEBUG org.apache.http.headers  - << Access-Control-Allow-Origin: *
60931 [TestNG-PoolService-6] DEBUG org.apache.http.headers  - << Access-Control-Allow-Credentials: true
60931 [TestNG-PoolService-6] DEBUG org.apache.http.headers  - << Access-Control-Allow-Methods: GET, POST
60931 [TestNG-PoolService-6] DEBUG org.apache.http.impl.client.DefaultHttpClient  - Connection can be kept alive indefinitely
60932 [TestNG-PoolService-6] DEBUG io.restassured.internal.RequestSpecificationImpl$RestAssuredHttpBuilder  - Parsing response as: application/json; charset=utf-8
60932 [TestNG-PoolService-6] DEBUG io.restassured.internal.RequestSpecificationImpl$RestAssuredHttpBuilder  - Parsed data to instance of: class org.apache.http.conn.EofSensorInputStream
io.restassured.internal.RestAssuredResponseImpl@6b55e2fd
60932 [TestNG-PoolService-6] DEBUG org.apache.http.wire  -  << "{"coord":{"lon":85,"lat":24.78},"weather":[{"id":800,"main":"Clear","description":"clear sky","icon":"01n"}],"base":"stations","main":{"temp":297.98,"feels_like":301.71,"temp_min":297.98,"temp_max":297.98,"pressure":1006,"humidity":82,"sea_level":1006,"grnd_level":989},"visibility":10000,"wind":{"speed":1.05,"deg":104},"clouds":{"all":1},"dt":1602719265,"sys":{"country":"IN","sunrise":1602721073,"sunset":1602762797},"timezone":19800,"id":1271439,"name":"Gaya","cod":200}"
60932 [TestNG-PoolService-6] DEBUG org.apache.http.impl.conn.BasicClientConnectionManager  - Releasing connection org.apache.http.impl.conn.ManagedClientConnectionImpl@18046491
60932 [TestNG-PoolService-6] DEBUG org.apache.http.impl.conn.BasicClientConnectionManager  - Connection can be kept alive indefinitely
{"coord":{"lon":85,"lat":24.78},"weather":[{"id":800,"main":"Clear","description":"clear sky","icon":"01n"}],"base":"stations","main":{"temp":297.98,"feels_like":301.71,"temp_min":297.98,"temp_max":297.98,"pressure":1006,"humidity":82,"sea_level":1006,"grnd_level":989},"visibility":10000,"wind":{"speed":1.05,"deg":104},"clouds":{"all":1},"dt":1602719265,"sys":{"country":"IN","sunrise":1602721073,"sunset":1602762797},"timezone":19800,"id":1271439,"name":"Gaya","cod":200}
297.98
Celsius: 24.830017
60933 [TestNG-PoolService-6] INFO org.apache.log4j.Logger  - Temperature from API is 24.830017 for City Gaya
60933 [TestNG-PoolService-6] INFO org.apache.log4j.Logger  - PASS: Difference between the API 24.830017 and UI 33.0 temp: 8.169983 for City Gaya is less than variance set: 10
]]></system-out>
  </testcase>
  <testcase name="getTemp[com.temp.test.City@c8922bd](21)" classname="com.temp.test.TestsWeather" time="0.002">
    <failure message="For city Dehra Dun: The Actual temp is 20.330017 and expected is 31.0 expected [31.0] but found [20.330017]" type="java.lang.AssertionError"><![CDATA[java.lang.AssertionError: For city Dehra Dun: The Actual temp is 20.330017 and expected is 31.0 expected [31.0] but found [20.330017]
	at com.temp.test.TestsWeather.getTemp(TestsWeather.java:224)
]]></failure>
    <system-out><![CDATA[61337 [TestNG-PoolService-9] INFO org.apache.log4j.Logger  - Select the city on the pin menu
]]></system-out>
  </testcase>
  <testcase name="getTemp[com.temp.test.City@5f4df434](22)" classname="com.temp.test.TestsWeather" time="0.003">
    <system-out><![CDATA[61366 [TestNG-PoolService-5] INFO org.apache.log4j.Logger  - Select the city on the pin menu
]]></system-out>
  </testcase>
  <testcase name="getTemp[com.temp.test.City@fcfcdb9](23)" classname="com.temp.test.TestsWeather" time="0.4">
    <failure message="For city Ganganagar: The Actual temp is 22.149994 and expected is 36.0 expected [36.0] but found [22.149994]" type="java.lang.AssertionError"><![CDATA[java.lang.AssertionError: For city Ganganagar: The Actual temp is 22.149994 and expected is 36.0 expected [36.0] but found [22.149994]
	at com.temp.test.TestsWeather.getTemp(TestsWeather.java:224)
]]></failure>
    <system-out><![CDATA[61390 [TestNG-PoolService-7] INFO org.apache.log4j.Logger  - Select the city on the pin menu
61418 [TestNG-PoolService-1] INFO org.apache.log4j.Logger  - Temperature on UI is 34.0 for City Gwalior
61418 [TestNG-PoolService-1] INFO org.apache.log4j.Logger  - Get Temp using API
61423 [TestNG-PoolService-1] DEBUG org.apache.http.impl.conn.BasicClientConnectionManager  - Get connection for route {}->http://api.openweathermap.org:80
61423 [TestNG-PoolService-1] DEBUG org.apache.http.impl.conn.DefaultClientConnectionOperator  - Connecting to api.openweathermap.org:80
61485 [TestNG-PoolService-1] DEBUG org.apache.http.client.protocol.RequestAddCookies  - CookieSpec selected: ignoreCookies
61485 [TestNG-PoolService-1] DEBUG org.apache.http.client.protocol.RequestAuthCache  - Auth cache not set in the context
61485 [TestNG-PoolService-1] DEBUG org.apache.http.client.protocol.RequestTargetAuthentication  - Target auth state: UNCHALLENGED
61485 [TestNG-PoolService-1] DEBUG org.apache.http.client.protocol.RequestProxyAuthentication  - Proxy auth state: UNCHALLENGED
61485 [TestNG-PoolService-1] DEBUG org.apache.http.impl.client.DefaultHttpClient  - Attempt 1 to execute request
61485 [TestNG-PoolService-1] DEBUG org.apache.http.impl.conn.DefaultClientConnection  - Sending request: GET /data/2.5/weather?q=Gwalior&appid=7fe67bf08c80ded756e598d6f8fedaea HTTP/1.1
61485 [TestNG-PoolService-1] DEBUG org.apache.http.wire  -  >> "GET /data/2.5/weather?q=Gwalior&appid=7fe67bf08c80ded756e598d6f8fedaea HTTP/1.1[\r][\n]"
61485 [TestNG-PoolService-1] DEBUG org.apache.http.wire  -  >> "Accept: */*[\r][\n]"
61485 [TestNG-PoolService-1] DEBUG org.apache.http.wire  -  >> "Host: api.openweathermap.org[\r][\n]"
61485 [TestNG-PoolService-1] DEBUG org.apache.http.wire  -  >> "Connection: Keep-Alive[\r][\n]"
61485 [TestNG-PoolService-1] DEBUG org.apache.http.wire  -  >> "User-Agent: Apache-HttpClient/4.5.3 (Java/1.8.0_201)[\r][\n]"
61485 [TestNG-PoolService-1] DEBUG org.apache.http.wire  -  >> "Accept-Encoding: gzip,deflate[\r][\n]"
61485 [TestNG-PoolService-1] DEBUG org.apache.http.wire  -  >> "[\r][\n]"
61485 [TestNG-PoolService-1] DEBUG org.apache.http.headers  - >> GET /data/2.5/weather?q=Gwalior&appid=7fe67bf08c80ded756e598d6f8fedaea HTTP/1.1
61485 [TestNG-PoolService-1] DEBUG org.apache.http.headers  - >> Accept: */*
61485 [TestNG-PoolService-1] DEBUG org.apache.http.headers  - >> Host: api.openweathermap.org
61485 [TestNG-PoolService-1] DEBUG org.apache.http.headers  - >> Connection: Keep-Alive
61485 [TestNG-PoolService-1] DEBUG org.apache.http.headers  - >> User-Agent: Apache-HttpClient/4.5.3 (Java/1.8.0_201)
61485 [TestNG-PoolService-1] DEBUG org.apache.http.headers  - >> Accept-Encoding: gzip,deflate
61574 [TestNG-PoolService-1] DEBUG org.apache.http.wire  -  << "HTTP/1.1 200 OK[\r][\n]"
61575 [TestNG-PoolService-1] DEBUG org.apache.http.wire  -  << "Server: openresty[\r][\n]"
61575 [TestNG-PoolService-1] DEBUG org.apache.http.wire  -  << "Date: Wed, 14 Oct 2020 23:47:45 GMT[\r][\n]"
61575 [TestNG-PoolService-1] DEBUG org.apache.http.wire  -  << "Content-Type: application/json; charset=utf-8[\r][\n]"
61575 [TestNG-PoolService-1] DEBUG org.apache.http.wire  -  << "Content-Length: 478[\r][\n]"
61575 [TestNG-PoolService-1] DEBUG org.apache.http.wire  -  << "Connection: keep-alive[\r][\n]"
61575 [TestNG-PoolService-1] DEBUG org.apache.http.wire  -  << "X-Cache-Key: /data/2.5/weather?q=gwalior[\r][\n]"
61575 [TestNG-PoolService-1] DEBUG org.apache.http.wire  -  << "Access-Control-Allow-Origin: *[\r][\n]"
61575 [TestNG-PoolService-1] DEBUG org.apache.http.wire  -  << "Access-Control-Allow-Credentials: true[\r][\n]"
61575 [TestNG-PoolService-1] DEBUG org.apache.http.wire  -  << "Access-Control-Allow-Methods: GET, POST[\r][\n]"
61575 [TestNG-PoolService-1] DEBUG org.apache.http.wire  -  << "[\r][\n]"
61575 [TestNG-PoolService-1] DEBUG org.apache.http.impl.conn.DefaultClientConnection  - Receiving response: HTTP/1.1 200 OK
61575 [TestNG-PoolService-1] DEBUG org.apache.http.headers  - << HTTP/1.1 200 OK
61575 [TestNG-PoolService-1] DEBUG org.apache.http.headers  - << Server: openresty
61575 [TestNG-PoolService-1] DEBUG org.apache.http.headers  - << Date: Wed, 14 Oct 2020 23:47:45 GMT
61575 [TestNG-PoolService-1] DEBUG org.apache.http.headers  - << Content-Type: application/json; charset=utf-8
61575 [TestNG-PoolService-1] DEBUG org.apache.http.headers  - << Content-Length: 478
61575 [TestNG-PoolService-1] DEBUG org.apache.http.headers  - << Connection: keep-alive
61575 [TestNG-PoolService-1] DEBUG org.apache.http.headers  - << X-Cache-Key: /data/2.5/weather?q=gwalior
61575 [TestNG-PoolService-1] DEBUG org.apache.http.headers  - << Access-Control-Allow-Origin: *
61575 [TestNG-PoolService-1] DEBUG org.apache.http.headers  - << Access-Control-Allow-Credentials: true
61575 [TestNG-PoolService-1] DEBUG org.apache.http.headers  - << Access-Control-Allow-Methods: GET, POST
61575 [TestNG-PoolService-1] DEBUG org.apache.http.impl.client.DefaultHttpClient  - Connection can be kept alive indefinitely
61575 [TestNG-PoolService-1] DEBUG io.restassured.internal.RequestSpecificationImpl$RestAssuredHttpBuilder  - Parsing response as: application/json; charset=utf-8
61575 [TestNG-PoolService-1] DEBUG io.restassured.internal.RequestSpecificationImpl$RestAssuredHttpBuilder  - Parsed data to instance of: class org.apache.http.conn.EofSensorInputStream
io.restassured.internal.RestAssuredResponseImpl@7d03b0b3
61576 [TestNG-PoolService-1] DEBUG org.apache.http.wire  -  << "{"coord":{"lon":78.18,"lat":26.22},"weather":[{"id":800,"main":"Clear","description":"clear sky","icon":"01n"}],"base":"stations","main":{"temp":298.54,"feels_like":298.55,"temp_min":298.54,"temp_max":298.54,"pressure":1007,"humidity":54,"sea_level":1007,"grnd_level":983},"visibility":10000,"wind":{"speed":2.5,"deg":83},"clouds":{"all":6},"dt":1602719265,"sys":{"country":"IN","sunrise":1602722772,"sunset":1602764371},"timezone":19800,"id":1270583,"name":"Gwalior","cod":200}"
61576 [TestNG-PoolService-1] DEBUG org.apache.http.impl.conn.BasicClientConnectionManager  - Releasing connection org.apache.http.impl.conn.ManagedClientConnectionImpl@19a9e1f6
61576 [TestNG-PoolService-1] DEBUG org.apache.http.impl.conn.BasicClientConnectionManager  - Connection can be kept alive indefinitely
{"coord":{"lon":78.18,"lat":26.22},"weather":[{"id":800,"main":"Clear","description":"clear sky","icon":"01n"}],"base":"stations","main":{"temp":298.54,"feels_like":298.55,"temp_min":298.54,"temp_max":298.54,"pressure":1007,"humidity":54,"sea_level":1007,"grnd_level":983},"visibility":10000,"wind":{"speed":2.5,"deg":83},"clouds":{"all":6},"dt":1602719265,"sys":{"country":"IN","sunrise":1602722772,"sunset":1602764371},"timezone":19800,"id":1270583,"name":"Gwalior","cod":200}
298.54
Celsius: 25.390015
61580 [TestNG-PoolService-1] INFO org.apache.log4j.Logger  - Temperature from API is 25.390015 for City Gwalior
61580 [TestNG-PoolService-1] INFO org.apache.log4j.Logger  - PASS: Difference between the API 25.390015 and UI 34.0 temp: 8.609985 for City Gwalior is less than variance set: 10
]]></system-out>
  </testcase>
  <testcase name="getTemp[com.temp.test.City@1c355f53](24)" classname="com.temp.test.TestsWeather" time="0.003">
    <system-out><![CDATA[62008 [TestNG-PoolService-4] INFO org.apache.log4j.Logger  - Select the city on the pin menu
]]></system-out>
  </testcase>
  <testcase name="getTemp[com.temp.test.City@704615c9](25)" classname="com.temp.test.TestsWeather" time="0.002">
    <failure message="For city Gorakhpur: The Actual temp is 21.830017 and expected is 34.0 expected [34.0] but found [21.830017]" type="java.lang.AssertionError"><![CDATA[java.lang.AssertionError: For city Gorakhpur: The Actual temp is 21.830017 and expected is 34.0 expected [34.0] but found [21.830017]
	at com.temp.test.TestsWeather.getTemp(TestsWeather.java:224)
]]></failure>
    <system-out><![CDATA[62012 [TestNG-PoolService-0] INFO org.apache.log4j.Logger  - Select the city on the pin menu
]]></system-out>
  </testcase>
  <testcase name="getTemp[com.temp.test.City@5c0a6d22](26)" classname="com.temp.test.TestsWeather" time="0.017">
    <system-out><![CDATA[62052 [TestNG-PoolService-8] INFO org.apache.log4j.Logger  - Select the city on the pin menu
62104 [TestNG-PoolService-3] INFO org.apache.log4j.Logger  - Temperature on UI is 33.0 for City Hapur
62104 [TestNG-PoolService-3] INFO org.apache.log4j.Logger  - Get Temp using API
62109 [TestNG-PoolService-3] DEBUG org.apache.http.impl.conn.BasicClientConnectionManager  - Get connection for route {}->http://api.openweathermap.org:80
62109 [TestNG-PoolService-3] DEBUG org.apache.http.impl.conn.DefaultClientConnectionOperator  - Connecting to api.openweathermap.org:80
]]></system-out>
  </testcase>
  <testcase name="getTemp[com.temp.test.City@493a451b](27)" classname="com.temp.test.TestsWeather" time="0.081">
    <system-out><![CDATA[62116 [TestNG-PoolService-6] INFO org.apache.log4j.Logger  - Select the city on the pin menu
62166 [TestNG-PoolService-3] DEBUG org.apache.http.client.protocol.RequestAddCookies  - CookieSpec selected: ignoreCookies
62166 [TestNG-PoolService-3] DEBUG org.apache.http.client.protocol.RequestAuthCache  - Auth cache not set in the context
62166 [TestNG-PoolService-3] DEBUG org.apache.http.client.protocol.RequestTargetAuthentication  - Target auth state: UNCHALLENGED
62166 [TestNG-PoolService-3] DEBUG org.apache.http.client.protocol.RequestProxyAuthentication  - Proxy auth state: UNCHALLENGED
62166 [TestNG-PoolService-3] DEBUG org.apache.http.impl.client.DefaultHttpClient  - Attempt 1 to execute request
62166 [TestNG-PoolService-3] DEBUG org.apache.http.impl.conn.DefaultClientConnection  - Sending request: GET /data/2.5/weather?q=Hapur&appid=7fe67bf08c80ded756e598d6f8fedaea HTTP/1.1
62166 [TestNG-PoolService-3] DEBUG org.apache.http.wire  -  >> "GET /data/2.5/weather?q=Hapur&appid=7fe67bf08c80ded756e598d6f8fedaea HTTP/1.1[\r][\n]"
62166 [TestNG-PoolService-3] DEBUG org.apache.http.wire  -  >> "Accept: */*[\r][\n]"
62166 [TestNG-PoolService-3] DEBUG org.apache.http.wire  -  >> "Host: api.openweathermap.org[\r][\n]"
62166 [TestNG-PoolService-3] DEBUG org.apache.http.wire  -  >> "Connection: Keep-Alive[\r][\n]"
62166 [TestNG-PoolService-3] DEBUG org.apache.http.wire  -  >> "User-Agent: Apache-HttpClient/4.5.3 (Java/1.8.0_201)[\r][\n]"
62166 [TestNG-PoolService-3] DEBUG org.apache.http.wire  -  >> "Accept-Encoding: gzip,deflate[\r][\n]"
62166 [TestNG-PoolService-3] DEBUG org.apache.http.wire  -  >> "[\r][\n]"
62166 [TestNG-PoolService-3] DEBUG org.apache.http.headers  - >> GET /data/2.5/weather?q=Hapur&appid=7fe67bf08c80ded756e598d6f8fedaea HTTP/1.1
62166 [TestNG-PoolService-3] DEBUG org.apache.http.headers  - >> Accept: */*
62166 [TestNG-PoolService-3] DEBUG org.apache.http.headers  - >> Host: api.openweathermap.org
62166 [TestNG-PoolService-3] DEBUG org.apache.http.headers  - >> Connection: Keep-Alive
62166 [TestNG-PoolService-3] DEBUG org.apache.http.headers  - >> User-Agent: Apache-HttpClient/4.5.3 (Java/1.8.0_201)
62166 [TestNG-PoolService-3] DEBUG org.apache.http.headers  - >> Accept-Encoding: gzip,deflate
]]></system-out>
  </testcase>
  <testcase name="getTemp[com.temp.test.City@7bbfb230](28)" classname="com.temp.test.TestsWeather" time="0.952">
    <system-out><![CDATA[62198 [TestNG-PoolService-1] INFO org.apache.log4j.Logger  - Select the city on the pin menu
62243 [TestNG-PoolService-3] DEBUG org.apache.http.wire  -  << "HTTP/1.1 200 OK[\r][\n]"
62243 [TestNG-PoolService-3] DEBUG org.apache.http.wire  -  << "Server: openresty[\r][\n]"
62244 [TestNG-PoolService-3] DEBUG org.apache.http.wire  -  << "Date: Wed, 14 Oct 2020 23:47:46 GMT[\r][\n]"
62244 [TestNG-PoolService-3] DEBUG org.apache.http.wire  -  << "Content-Type: application/json; charset=utf-8[\r][\n]"
62244 [TestNG-PoolService-3] DEBUG org.apache.http.wire  -  << "Content-Length: 458[\r][\n]"
62244 [TestNG-PoolService-3] DEBUG org.apache.http.wire  -  << "Connection: keep-alive[\r][\n]"
62244 [TestNG-PoolService-3] DEBUG org.apache.http.wire  -  << "X-Cache-Key: /data/2.5/weather?q=hapur[\r][\n]"
62244 [TestNG-PoolService-3] DEBUG org.apache.http.wire  -  << "Access-Control-Allow-Origin: *[\r][\n]"
62244 [TestNG-PoolService-3] DEBUG org.apache.http.wire  -  << "Access-Control-Allow-Credentials: true[\r][\n]"
62244 [TestNG-PoolService-3] DEBUG org.apache.http.wire  -  << "Access-Control-Allow-Methods: GET, POST[\r][\n]"
62244 [TestNG-PoolService-3] DEBUG org.apache.http.wire  -  << "[\r][\n]"
62244 [TestNG-PoolService-3] DEBUG org.apache.http.impl.conn.DefaultClientConnection  - Receiving response: HTTP/1.1 200 OK
62244 [TestNG-PoolService-3] DEBUG org.apache.http.headers  - << HTTP/1.1 200 OK
62244 [TestNG-PoolService-3] DEBUG org.apache.http.headers  - << Server: openresty
62244 [TestNG-PoolService-3] DEBUG org.apache.http.headers  - << Date: Wed, 14 Oct 2020 23:47:46 GMT
62244 [TestNG-PoolService-3] DEBUG org.apache.http.headers  - << Content-Type: application/json; charset=utf-8
62244 [TestNG-PoolService-3] DEBUG org.apache.http.headers  - << Content-Length: 458
62244 [TestNG-PoolService-3] DEBUG org.apache.http.headers  - << Connection: keep-alive
62244 [TestNG-PoolService-3] DEBUG org.apache.http.headers  - << X-Cache-Key: /data/2.5/weather?q=hapur
62244 [TestNG-PoolService-3] DEBUG org.apache.http.headers  - << Access-Control-Allow-Origin: *
62244 [TestNG-PoolService-3] DEBUG org.apache.http.headers  - << Access-Control-Allow-Credentials: true
62244 [TestNG-PoolService-3] DEBUG org.apache.http.headers  - << Access-Control-Allow-Methods: GET, POST
62244 [TestNG-PoolService-3] DEBUG org.apache.http.impl.client.DefaultHttpClient  - Connection can be kept alive indefinitely
62244 [TestNG-PoolService-3] DEBUG io.restassured.internal.RequestSpecificationImpl$RestAssuredHttpBuilder  - Parsing response as: application/json; charset=utf-8
62244 [TestNG-PoolService-3] DEBUG io.restassured.internal.RequestSpecificationImpl$RestAssuredHttpBuilder  - Parsed data to instance of: class org.apache.http.conn.EofSensorInputStream
io.restassured.internal.RestAssuredResponseImpl@2f4edcac
62245 [TestNG-PoolService-3] DEBUG org.apache.http.wire  -  << "{"coord":{"lon":77.78,"lat":28.72},"weather":[{"id":721,"main":"Haze","description":"haze","icon":"50n"}],"base":"stations","main":{"temp":299.15,"feels_like":300.87,"temp_min":299.15,"temp_max":299.15,"pressure":1008,"humidity":61},"visibility":2200,"wind":{"speed":1.46,"deg":104},"clouds":{"all":40},"dt":1602719266,"sys":{"type":1,"id":9165,"country":"IN","sunrise":1602722978,"sunset":1602764357},"timezone":19800,"id":1270393,"name":"H[0xc4][0x81]pur","cod":200}"
62245 [TestNG-PoolService-3] DEBUG org.apache.http.impl.conn.BasicClientConnectionManager  - Releasing connection org.apache.http.impl.conn.ManagedClientConnectionImpl@10375ecd
62245 [TestNG-PoolService-3] DEBUG org.apache.http.impl.conn.BasicClientConnectionManager  - Connection can be kept alive indefinitely
{"coord":{"lon":77.78,"lat":28.72},"weather":[{"id":721,"main":"Haze","description":"haze","icon":"50n"}],"base":"stations","main":{"temp":299.15,"feels_like":300.87,"temp_min":299.15,"temp_max":299.15,"pressure":1008,"humidity":61},"visibility":2200,"wind":{"speed":1.46,"deg":104},"clouds":{"all":40},"dt":1602719266,"sys":{"type":1,"id":9165,"country":"IN","sunrise":1602722978,"sunset":1602764357},"timezone":19800,"id":1270393,"name":"Hāpur","cod":200}
299.15
Celsius: 26.0
62246 [TestNG-PoolService-3] INFO org.apache.log4j.Logger  - Temperature from API is 26.0 for City Hapur
62246 [TestNG-PoolService-3] INFO org.apache.log4j.Logger  - PASS: Difference between the API 26.0 and UI 33.0 temp: 7.0 for City Hapur is less than variance set: 10
63079 [Finalizer] DEBUG org.apache.http.impl.conn.DefaultClientConnection  - Connection 0.0.0.0:55515<->178.128.122.9:80 closed
63080 [Finalizer] DEBUG org.apache.http.impl.conn.DefaultClientConnection  - Connection 0.0.0.0:55513<->178.128.122.9:80 closed
63080 [Finalizer] DEBUG org.apache.http.impl.conn.DefaultClientConnection  - Connection 0.0.0.0:55512<->178.128.122.9:80 closed
]]></system-out>
  </testcase>
  <testcase name="getTemp[com.temp.test.City@d4da5f9](29)" classname="com.temp.test.TestsWeather" time="0.479">
    <failure message="For city Hisar: The Actual temp is 22.869995 and expected is 35.0 expected [35.0] but found [22.869995]" type="java.lang.AssertionError"><![CDATA[java.lang.AssertionError: For city Hisar: The Actual temp is 22.869995 and expected is 35.0 expected [35.0] but found [22.869995]
	at com.temp.test.TestsWeather.getTemp(TestsWeather.java:224)
]]></failure>
    <system-out><![CDATA[63158 [TestNG-PoolService-3] INFO org.apache.log4j.Logger  - Select the city on the pin menu
63210 [TestNG-PoolService-2] INFO org.apache.log4j.Logger  - Temperature on UI is 35.0 for City Hisar
63210 [TestNG-PoolService-2] INFO org.apache.log4j.Logger  - Get Temp using API
63217 [TestNG-PoolService-2] DEBUG org.apache.http.impl.conn.BasicClientConnectionManager  - Get connection for route {}->http://api.openweathermap.org:80
63217 [TestNG-PoolService-2] DEBUG org.apache.http.impl.conn.DefaultClientConnectionOperator  - Connecting to api.openweathermap.org:80
63281 [TestNG-PoolService-2] DEBUG org.apache.http.client.protocol.RequestAddCookies  - CookieSpec selected: ignoreCookies
63281 [TestNG-PoolService-2] DEBUG org.apache.http.client.protocol.RequestAuthCache  - Auth cache not set in the context
63281 [TestNG-PoolService-2] DEBUG org.apache.http.client.protocol.RequestTargetAuthentication  - Target auth state: UNCHALLENGED
63281 [TestNG-PoolService-2] DEBUG org.apache.http.client.protocol.RequestProxyAuthentication  - Proxy auth state: UNCHALLENGED
63281 [TestNG-PoolService-2] DEBUG org.apache.http.impl.client.DefaultHttpClient  - Attempt 1 to execute request
63281 [TestNG-PoolService-2] DEBUG org.apache.http.impl.conn.DefaultClientConnection  - Sending request: GET /data/2.5/weather?q=Hisar&appid=7fe67bf08c80ded756e598d6f8fedaea HTTP/1.1
63281 [TestNG-PoolService-2] DEBUG org.apache.http.wire  -  >> "GET /data/2.5/weather?q=Hisar&appid=7fe67bf08c80ded756e598d6f8fedaea HTTP/1.1[\r][\n]"
63281 [TestNG-PoolService-2] DEBUG org.apache.http.wire  -  >> "Accept: */*[\r][\n]"
63281 [TestNG-PoolService-2] DEBUG org.apache.http.wire  -  >> "Host: api.openweathermap.org[\r][\n]"
63281 [TestNG-PoolService-2] DEBUG org.apache.http.wire  -  >> "Connection: Keep-Alive[\r][\n]"
63281 [TestNG-PoolService-2] DEBUG org.apache.http.wire  -  >> "User-Agent: Apache-HttpClient/4.5.3 (Java/1.8.0_201)[\r][\n]"
63281 [TestNG-PoolService-2] DEBUG org.apache.http.wire  -  >> "Accept-Encoding: gzip,deflate[\r][\n]"
63281 [TestNG-PoolService-2] DEBUG org.apache.http.wire  -  >> "[\r][\n]"
63281 [TestNG-PoolService-2] DEBUG org.apache.http.headers  - >> GET /data/2.5/weather?q=Hisar&appid=7fe67bf08c80ded756e598d6f8fedaea HTTP/1.1
63281 [TestNG-PoolService-2] DEBUG org.apache.http.headers  - >> Accept: */*
63281 [TestNG-PoolService-2] DEBUG org.apache.http.headers  - >> Host: api.openweathermap.org
63281 [TestNG-PoolService-2] DEBUG org.apache.http.headers  - >> Connection: Keep-Alive
63281 [TestNG-PoolService-2] DEBUG org.apache.http.headers  - >> User-Agent: Apache-HttpClient/4.5.3 (Java/1.8.0_201)
63281 [TestNG-PoolService-2] DEBUG org.apache.http.headers  - >> Accept-Encoding: gzip,deflate
63365 [TestNG-PoolService-2] DEBUG org.apache.http.wire  -  << "HTTP/1.1 200 OK[\r][\n]"
63365 [TestNG-PoolService-2] DEBUG org.apache.http.wire  -  << "Server: openresty[\r][\n]"
63365 [TestNG-PoolService-2] DEBUG org.apache.http.wire  -  << "Date: Wed, 14 Oct 2020 23:47:47 GMT[\r][\n]"
63365 [TestNG-PoolService-2] DEBUG org.apache.http.wire  -  << "Content-Type: application/json; charset=utf-8[\r][\n]"
63365 [TestNG-PoolService-2] DEBUG org.apache.http.wire  -  << "Content-Length: 480[\r][\n]"
63365 [TestNG-PoolService-2] DEBUG org.apache.http.wire  -  << "Connection: keep-alive[\r][\n]"
63365 [TestNG-PoolService-2] DEBUG org.apache.http.wire  -  << "X-Cache-Key: /data/2.5/weather?q=hisar[\r][\n]"
63365 [TestNG-PoolService-2] DEBUG org.apache.http.wire  -  << "Access-Control-Allow-Origin: *[\r][\n]"
63365 [TestNG-PoolService-2] DEBUG org.apache.http.wire  -  << "Access-Control-Allow-Credentials: true[\r][\n]"
63365 [TestNG-PoolService-2] DEBUG org.apache.http.wire  -  << "Access-Control-Allow-Methods: GET, POST[\r][\n]"
63365 [TestNG-PoolService-2] DEBUG org.apache.http.wire  -  << "[\r][\n]"
63365 [TestNG-PoolService-2] DEBUG org.apache.http.impl.conn.DefaultClientConnection  - Receiving response: HTTP/1.1 200 OK
63365 [TestNG-PoolService-2] DEBUG org.apache.http.headers  - << HTTP/1.1 200 OK
63365 [TestNG-PoolService-2] DEBUG org.apache.http.headers  - << Server: openresty
63365 [TestNG-PoolService-2] DEBUG org.apache.http.headers  - << Date: Wed, 14 Oct 2020 23:47:47 GMT
63365 [TestNG-PoolService-2] DEBUG org.apache.http.headers  - << Content-Type: application/json; charset=utf-8
63365 [TestNG-PoolService-2] DEBUG org.apache.http.headers  - << Content-Length: 480
63365 [TestNG-PoolService-2] DEBUG org.apache.http.headers  - << Connection: keep-alive
63365 [TestNG-PoolService-2] DEBUG org.apache.http.headers  - << X-Cache-Key: /data/2.5/weather?q=hisar
63365 [TestNG-PoolService-2] DEBUG org.apache.http.headers  - << Access-Control-Allow-Origin: *
63365 [TestNG-PoolService-2] DEBUG org.apache.http.headers  - << Access-Control-Allow-Credentials: true
63365 [TestNG-PoolService-2] DEBUG org.apache.http.headers  - << Access-Control-Allow-Methods: GET, POST
63365 [TestNG-PoolService-2] DEBUG org.apache.http.impl.client.DefaultHttpClient  - Connection can be kept alive indefinitely
63365 [TestNG-PoolService-2] DEBUG io.restassured.internal.RequestSpecificationImpl$RestAssuredHttpBuilder  - Parsing response as: application/json; charset=utf-8
63365 [TestNG-PoolService-2] DEBUG io.restassured.internal.RequestSpecificationImpl$RestAssuredHttpBuilder  - Parsed data to instance of: class org.apache.http.conn.EofSensorInputStream
io.restassured.internal.RestAssuredResponseImpl@507070d4
63366 [TestNG-PoolService-2] DEBUG org.apache.http.wire  -  << "{"coord":{"lon":75.72,"lat":29.17},"weather":[{"id":801,"main":"Clouds","description":"few clouds","icon":"02n"}],"base":"stations","main":{"temp":296.02,"feels_like":292.28,"temp_min":296.02,"temp_max":296.02,"pressure":1007,"humidity":24,"sea_level":1007,"grnd_level":983},"visibility":10000,"wind":{"speed":2.77,"deg":36},"clouds":{"all":12},"dt":1602719267,"sys":{"country":"IN","sunrise":1602723493,"sunset":1602764830},"timezone":19800,"id":1270022,"name":"Hisar","cod":200}"
63366 [TestNG-PoolService-2] DEBUG org.apache.http.impl.conn.BasicClientConnectionManager  - Releasing connection org.apache.http.impl.conn.ManagedClientConnectionImpl@57580159
63366 [TestNG-PoolService-2] DEBUG org.apache.http.impl.conn.BasicClientConnectionManager  - Connection can be kept alive indefinitely
{"coord":{"lon":75.72,"lat":29.17},"weather":[{"id":801,"main":"Clouds","description":"few clouds","icon":"02n"}],"base":"stations","main":{"temp":296.02,"feels_like":292.28,"temp_min":296.02,"temp_max":296.02,"pressure":1007,"humidity":24,"sea_level":1007,"grnd_level":983},"visibility":10000,"wind":{"speed":2.77,"deg":36},"clouds":{"all":12},"dt":1602719267,"sys":{"country":"IN","sunrise":1602723493,"sunset":1602764830},"timezone":19800,"id":1270022,"name":"Hisar","cod":200}
296.02
Celsius: 22.869995
63366 [TestNG-PoolService-2] INFO org.apache.log4j.Logger  - Temperature from API is 22.869995 for City Hisar
63366 [TestNG-PoolService-2] ERROR org.apache.log4j.Logger  - FAIL: Difference between the API 22.869995 and UI 35.0 temp: 12.130005 for City Hisar is greater than variance set:10
]]></system-out>
  </testcase>
  <testcase name="getTemp[com.temp.test.City@4e7bdab7](30)" classname="com.temp.test.TestsWeather" time="5.069">
    <system-out><![CDATA[63579 [TestNG-PoolService-2] INFO org.apache.log4j.Logger  - Select the city on the pin menu
64267 [TestNG-PoolService-9] INFO org.apache.log4j.Logger  - Temperature on UI is 23.0 for City Hubli
64267 [TestNG-PoolService-9] INFO org.apache.log4j.Logger  - Get Temp using API
64272 [TestNG-PoolService-9] DEBUG org.apache.http.impl.conn.BasicClientConnectionManager  - Get connection for route {}->http://api.openweathermap.org:80
64272 [TestNG-PoolService-9] DEBUG org.apache.http.impl.conn.DefaultClientConnectionOperator  - Connecting to api.openweathermap.org:80
64334 [TestNG-PoolService-9] DEBUG org.apache.http.client.protocol.RequestAddCookies  - CookieSpec selected: ignoreCookies
64334 [TestNG-PoolService-9] DEBUG org.apache.http.client.protocol.RequestAuthCache  - Auth cache not set in the context
64334 [TestNG-PoolService-9] DEBUG org.apache.http.client.protocol.RequestTargetAuthentication  - Target auth state: UNCHALLENGED
64334 [TestNG-PoolService-9] DEBUG org.apache.http.client.protocol.RequestProxyAuthentication  - Proxy auth state: UNCHALLENGED
64334 [TestNG-PoolService-9] DEBUG org.apache.http.impl.client.DefaultHttpClient  - Attempt 1 to execute request
64334 [TestNG-PoolService-9] DEBUG org.apache.http.impl.conn.DefaultClientConnection  - Sending request: GET /data/2.5/weather?q=Hubli&appid=7fe67bf08c80ded756e598d6f8fedaea HTTP/1.1
64334 [TestNG-PoolService-9] DEBUG org.apache.http.wire  -  >> "GET /data/2.5/weather?q=Hubli&appid=7fe67bf08c80ded756e598d6f8fedaea HTTP/1.1[\r][\n]"
64334 [TestNG-PoolService-9] DEBUG org.apache.http.wire  -  >> "Accept: */*[\r][\n]"
64334 [TestNG-PoolService-9] DEBUG org.apache.http.wire  -  >> "Host: api.openweathermap.org[\r][\n]"
64334 [TestNG-PoolService-9] DEBUG org.apache.http.wire  -  >> "Connection: Keep-Alive[\r][\n]"
64334 [TestNG-PoolService-9] DEBUG org.apache.http.wire  -  >> "User-Agent: Apache-HttpClient/4.5.3 (Java/1.8.0_201)[\r][\n]"
64334 [TestNG-PoolService-9] DEBUG org.apache.http.wire  -  >> "Accept-Encoding: gzip,deflate[\r][\n]"
64334 [TestNG-PoolService-9] DEBUG org.apache.http.wire  -  >> "[\r][\n]"
64334 [TestNG-PoolService-9] DEBUG org.apache.http.headers  - >> GET /data/2.5/weather?q=Hubli&appid=7fe67bf08c80ded756e598d6f8fedaea HTTP/1.1
64334 [TestNG-PoolService-9] DEBUG org.apache.http.headers  - >> Accept: */*
64334 [TestNG-PoolService-9] DEBUG org.apache.http.headers  - >> Host: api.openweathermap.org
64334 [TestNG-PoolService-9] DEBUG org.apache.http.headers  - >> Connection: Keep-Alive
64334 [TestNG-PoolService-9] DEBUG org.apache.http.headers  - >> User-Agent: Apache-HttpClient/4.5.3 (Java/1.8.0_201)
64334 [TestNG-PoolService-9] DEBUG org.apache.http.headers  - >> Accept-Encoding: gzip,deflate
64419 [TestNG-PoolService-9] DEBUG org.apache.http.wire  -  << "HTTP/1.1 200 OK[\r][\n]"
64419 [TestNG-PoolService-9] DEBUG org.apache.http.wire  -  << "Server: openresty[\r][\n]"
64419 [TestNG-PoolService-9] DEBUG org.apache.http.wire  -  << "Date: Wed, 14 Oct 2020 23:47:48 GMT[\r][\n]"
64419 [TestNG-PoolService-9] DEBUG org.apache.http.wire  -  << "Content-Type: application/json; charset=utf-8[\r][\n]"
64419 [TestNG-PoolService-9] DEBUG org.apache.http.wire  -  << "Content-Length: 486[\r][\n]"
64419 [TestNG-PoolService-9] DEBUG org.apache.http.wire  -  << "Connection: keep-alive[\r][\n]"
64419 [TestNG-PoolService-9] DEBUG org.apache.http.wire  -  << "X-Cache-Key: /data/2.5/weather?q=hubli[\r][\n]"
64419 [TestNG-PoolService-9] DEBUG org.apache.http.wire  -  << "Access-Control-Allow-Origin: *[\r][\n]"
64419 [TestNG-PoolService-9] DEBUG org.apache.http.wire  -  << "Access-Control-Allow-Credentials: true[\r][\n]"
64419 [TestNG-PoolService-9] DEBUG org.apache.http.wire  -  << "Access-Control-Allow-Methods: GET, POST[\r][\n]"
64419 [TestNG-PoolService-9] DEBUG org.apache.http.wire  -  << "[\r][\n]"
64419 [TestNG-PoolService-9] DEBUG org.apache.http.impl.conn.DefaultClientConnection  - Receiving response: HTTP/1.1 200 OK
64419 [TestNG-PoolService-9] DEBUG org.apache.http.headers  - << HTTP/1.1 200 OK
64419 [TestNG-PoolService-9] DEBUG org.apache.http.headers  - << Server: openresty
64419 [TestNG-PoolService-9] DEBUG org.apache.http.headers  - << Date: Wed, 14 Oct 2020 23:47:48 GMT
64419 [TestNG-PoolService-9] DEBUG org.apache.http.headers  - << Content-Type: application/json; charset=utf-8
64419 [TestNG-PoolService-9] DEBUG org.apache.http.headers  - << Content-Length: 486
64419 [TestNG-PoolService-9] DEBUG org.apache.http.headers  - << Connection: keep-alive
64419 [TestNG-PoolService-9] DEBUG org.apache.http.headers  - << X-Cache-Key: /data/2.5/weather?q=hubli
64419 [TestNG-PoolService-9] DEBUG org.apache.http.headers  - << Access-Control-Allow-Origin: *
64419 [TestNG-PoolService-9] DEBUG org.apache.http.headers  - << Access-Control-Allow-Credentials: true
64419 [TestNG-PoolService-9] DEBUG org.apache.http.headers  - << Access-Control-Allow-Methods: GET, POST
64419 [TestNG-PoolService-9] DEBUG org.apache.http.impl.client.DefaultHttpClient  - Connection can be kept alive indefinitely
64420 [TestNG-PoolService-9] DEBUG io.restassured.internal.RequestSpecificationImpl$RestAssuredHttpBuilder  - Parsing response as: application/json; charset=utf-8
64420 [TestNG-PoolService-9] DEBUG io.restassured.internal.RequestSpecificationImpl$RestAssuredHttpBuilder  - Parsed data to instance of: class org.apache.http.conn.EofSensorInputStream
io.restassured.internal.RestAssuredResponseImpl@5cf2e071
64420 [TestNG-PoolService-9] DEBUG org.apache.http.wire  -  << "{"coord":{"lon":75.17,"lat":15.35},"weather":[{"id":804,"main":"Clouds","description":"overcast clouds","icon":"04n"}],"base":"stations","main":{"temp":293.27,"feels_like":291.81,"temp_min":293.27,"temp_max":293.27,"pressure":1003,"humidity":92,"sea_level":1003,"grnd_level":931},"visibility":10000,"wind":{"speed":6.56,"deg":234},"clouds":{"all":92},"dt":1602719268,"sys":{"country":"IN","sunrise":1602723056,"sunset":1602765531},"timezone":19800,"id":1269920,"name":"Hubli","cod":200}"
64420 [TestNG-PoolService-9] DEBUG org.apache.http.impl.conn.BasicClientConnectionManager  - Releasing connection org.apache.http.impl.conn.ManagedClientConnectionImpl@2d7ba8c7
64420 [TestNG-PoolService-9] DEBUG org.apache.http.impl.conn.BasicClientConnectionManager  - Connection can be kept alive indefinitely
{"coord":{"lon":75.17,"lat":15.35},"weather":[{"id":804,"main":"Clouds","description":"overcast clouds","icon":"04n"}],"base":"stations","main":{"temp":293.27,"feels_like":291.81,"temp_min":293.27,"temp_max":293.27,"pressure":1003,"humidity":92,"sea_level":1003,"grnd_level":931},"visibility":10000,"wind":{"speed":6.56,"deg":234},"clouds":{"all":92},"dt":1602719268,"sys":{"country":"IN","sunrise":1602723056,"sunset":1602765531},"timezone":19800,"id":1269920,"name":"Hubli","cod":200}
293.27
64846 [TestNG-PoolService-5] INFO org.apache.log4j.Logger  - Temperature on UI is 25.0 for City Hyderabad
64846 [TestNG-PoolService-5] INFO org.apache.log4j.Logger  - Get Temp using API
64850 [TestNG-PoolService-5] DEBUG org.apache.http.impl.conn.BasicClientConnectionManager  - Get connection for route {}->http://api.openweathermap.org:80
64850 [TestNG-PoolService-5] DEBUG org.apache.http.impl.conn.DefaultClientConnectionOperator  - Connecting to api.openweathermap.org:80
64908 [TestNG-PoolService-5] DEBUG org.apache.http.client.protocol.RequestAddCookies  - CookieSpec selected: ignoreCookies
64908 [TestNG-PoolService-5] DEBUG org.apache.http.client.protocol.RequestAuthCache  - Auth cache not set in the context
64908 [TestNG-PoolService-5] DEBUG org.apache.http.client.protocol.RequestTargetAuthentication  - Target auth state: UNCHALLENGED
64908 [TestNG-PoolService-5] DEBUG org.apache.http.client.protocol.RequestProxyAuthentication  - Proxy auth state: UNCHALLENGED
64908 [TestNG-PoolService-5] DEBUG org.apache.http.impl.client.DefaultHttpClient  - Attempt 1 to execute request
64908 [TestNG-PoolService-5] DEBUG org.apache.http.impl.conn.DefaultClientConnection  - Sending request: GET /data/2.5/weather?q=Hyderabad&appid=7fe67bf08c80ded756e598d6f8fedaea HTTP/1.1
64908 [TestNG-PoolService-5] DEBUG org.apache.http.wire  -  >> "GET /data/2.5/weather?q=Hyderabad&appid=7fe67bf08c80ded756e598d6f8fedaea HTTP/1.1[\r][\n]"
64908 [TestNG-PoolService-5] DEBUG org.apache.http.wire  -  >> "Accept: */*[\r][\n]"
64908 [TestNG-PoolService-5] DEBUG org.apache.http.wire  -  >> "Host: api.openweathermap.org[\r][\n]"
64908 [TestNG-PoolService-5] DEBUG org.apache.http.wire  -  >> "Connection: Keep-Alive[\r][\n]"
64908 [TestNG-PoolService-5] DEBUG org.apache.http.wire  -  >> "User-Agent: Apache-HttpClient/4.5.3 (Java/1.8.0_201)[\r][\n]"
64908 [TestNG-PoolService-5] DEBUG org.apache.http.wire  -  >> "Accept-Encoding: gzip,deflate[\r][\n]"
64908 [TestNG-PoolService-5] DEBUG org.apache.http.wire  -  >> "[\r][\n]"
64908 [TestNG-PoolService-5] DEBUG org.apache.http.headers  - >> GET /data/2.5/weather?q=Hyderabad&appid=7fe67bf08c80ded756e598d6f8fedaea HTTP/1.1
64909 [TestNG-PoolService-5] DEBUG org.apache.http.headers  - >> Accept: */*
64909 [TestNG-PoolService-5] DEBUG org.apache.http.headers  - >> Host: api.openweathermap.org
64909 [TestNG-PoolService-5] DEBUG org.apache.http.headers  - >> Connection: Keep-Alive
64909 [TestNG-PoolService-5] DEBUG org.apache.http.headers  - >> User-Agent: Apache-HttpClient/4.5.3 (Java/1.8.0_201)
64909 [TestNG-PoolService-5] DEBUG org.apache.http.headers  - >> Accept-Encoding: gzip,deflate
64970 [TestNG-PoolService-5] DEBUG org.apache.http.wire  -  << "HTTP/1.1 200 OK[\r][\n]"
64970 [TestNG-PoolService-5] DEBUG org.apache.http.wire  -  << "Server: openresty[\r][\n]"
64970 [TestNG-PoolService-5] DEBUG org.apache.http.wire  -  << "Date: Wed, 14 Oct 2020 23:47:49 GMT[\r][\n]"
64970 [TestNG-PoolService-5] DEBUG org.apache.http.wire  -  << "Content-Type: application/json; charset=utf-8[\r][\n]"
64970 [TestNG-PoolService-5] DEBUG org.apache.http.wire  -  << "Content-Length: 544[\r][\n]"
64970 [TestNG-PoolService-5] DEBUG org.apache.http.wire  -  << "Connection: keep-alive[\r][\n]"
64970 [TestNG-PoolService-5] DEBUG org.apache.http.wire  -  << "X-Cache-Key: /data/2.5/weather?q=hyderabad[\r][\n]"
64970 [TestNG-PoolService-5] DEBUG org.apache.http.wire  -  << "Access-Control-Allow-Origin: *[\r][\n]"
64970 [TestNG-PoolService-5] DEBUG org.apache.http.wire  -  << "Access-Control-Allow-Credentials: true[\r][\n]"
64970 [TestNG-PoolService-5] DEBUG org.apache.http.wire  -  << "Access-Control-Allow-Methods: GET, POST[\r][\n]"
64970 [TestNG-PoolService-5] DEBUG org.apache.http.wire  -  << "[\r][\n]"
64970 [TestNG-PoolService-5] DEBUG org.apache.http.impl.conn.DefaultClientConnection  - Receiving response: HTTP/1.1 200 OK
64970 [TestNG-PoolService-5] DEBUG org.apache.http.headers  - << HTTP/1.1 200 OK
64970 [TestNG-PoolService-5] DEBUG org.apache.http.headers  - << Server: openresty
64970 [TestNG-PoolService-5] DEBUG org.apache.http.headers  - << Date: Wed, 14 Oct 2020 23:47:49 GMT
64970 [TestNG-PoolService-5] DEBUG org.apache.http.headers  - << Content-Type: application/json; charset=utf-8
64970 [TestNG-PoolService-5] DEBUG org.apache.http.headers  - << Content-Length: 544
64970 [TestNG-PoolService-5] DEBUG org.apache.http.headers  - << Connection: keep-alive
64970 [TestNG-PoolService-5] DEBUG org.apache.http.headers  - << X-Cache-Key: /data/2.5/weather?q=hyderabad
64970 [TestNG-PoolService-5] DEBUG org.apache.http.headers  - << Access-Control-Allow-Origin: *
64970 [TestNG-PoolService-5] DEBUG org.apache.http.headers  - << Access-Control-Allow-Credentials: true
64970 [TestNG-PoolService-5] DEBUG org.apache.http.headers  - << Access-Control-Allow-Methods: GET, POST
64970 [TestNG-PoolService-5] DEBUG org.apache.http.impl.client.DefaultHttpClient  - Connection can be kept alive indefinitely
64970 [TestNG-PoolService-5] DEBUG io.restassured.internal.RequestSpecificationImpl$RestAssuredHttpBuilder  - Parsing response as: application/json; charset=utf-8
64970 [TestNG-PoolService-5] DEBUG io.restassured.internal.RequestSpecificationImpl$RestAssuredHttpBuilder  - Parsed data to instance of: class org.apache.http.conn.EofSensorInputStream
io.restassured.internal.RestAssuredResponseImpl@1b6eee11
64971 [TestNG-PoolService-5] DEBUG org.apache.http.wire  -  << "{"coord":{"lon":78.47,"lat":17.38},"weather":[{"id":500,"main":"Rain","description":"light rain","icon":"10n"},{"id":701,"main":"Mist","description":"mist","icon":"50n"}],"base":"stations","main":{"temp":295.73,"feels_like":298.38,"temp_min":295.37,"temp_max":296.15,"pressure":1005,"humidity":94},"visibility":4000,"wind":{"speed":2.6,"deg":170},"rain":{"1h":0.21},"clouds":{"all":75},"dt":1602719121,"sys":{"type":1,"id":9213,"country":"IN","sunrise":1602722342,"sunset":1602764662},"timezone":19800,"id":1269843,"name":"Hyderabad","cod":200}"
64971 [TestNG-PoolService-5] DEBUG org.apache.http.impl.conn.BasicClientConnectionManager  - Releasing connection org.apache.http.impl.conn.ManagedClientConnectionImpl@6f110d86
64971 [TestNG-PoolService-5] DEBUG org.apache.http.impl.conn.BasicClientConnectionManager  - Connection can be kept alive indefinitely
{"coord":{"lon":78.47,"lat":17.38},"weather":[{"id":500,"main":"Rain","description":"light rain","icon":"10n"},{"id":701,"main":"Mist","description":"mist","icon":"50n"}],"base":"stations","main":{"temp":295.73,"feels_like":298.38,"temp_min":295.37,"temp_max":296.15,"pressure":1005,"humidity":94},"visibility":4000,"wind":{"speed":2.6,"deg":170},"rain":{"1h":0.21},"clouds":{"all":75},"dt":1602719121,"sys":{"type":1,"id":9213,"country":"IN","sunrise":1602722342,"sunset":1602764662},"timezone":19800,"id":1269843,"name":"Hyderabad","cod":200}
295.73
Celsius: 20.119995
Celsius: 22.580017
65176 [TestNG-PoolService-9] INFO org.apache.log4j.Logger  - Temperature from API is 20.119995 for City Hubli
65176 [TestNG-PoolService-5] INFO org.apache.log4j.Logger  - Temperature from API is 22.580017 for City Hyderabad
65177 [TestNG-PoolService-9] INFO org.apache.log4j.Logger  - PASS: Difference between the API 20.119995 and UI 23.0 temp: 2.880005 for City Hubli is less than variance set: 10
65177 [TestNG-PoolService-5] INFO org.apache.log4j.Logger  - PASS: Difference between the API 22.580017 and UI 25.0 temp: 2.419983 for City Hyderabad is less than variance set: 10
65413 [TestNG-PoolService-7] INFO org.apache.log4j.Logger  - Temperature on UI is 29.0 for City Imphal
65413 [TestNG-PoolService-7] INFO org.apache.log4j.Logger  - Get Temp using API
65418 [TestNG-PoolService-7] DEBUG org.apache.http.impl.conn.BasicClientConnectionManager  - Get connection for route {}->http://api.openweathermap.org:80
65418 [TestNG-PoolService-7] DEBUG org.apache.http.impl.conn.DefaultClientConnectionOperator  - Connecting to api.openweathermap.org:80
65476 [TestNG-PoolService-7] DEBUG org.apache.http.client.protocol.RequestAddCookies  - CookieSpec selected: ignoreCookies
65476 [TestNG-PoolService-7] DEBUG org.apache.http.client.protocol.RequestAuthCache  - Auth cache not set in the context
65476 [TestNG-PoolService-7] DEBUG org.apache.http.client.protocol.RequestTargetAuthentication  - Target auth state: UNCHALLENGED
65476 [TestNG-PoolService-7] DEBUG org.apache.http.client.protocol.RequestProxyAuthentication  - Proxy auth state: UNCHALLENGED
65476 [TestNG-PoolService-7] DEBUG org.apache.http.impl.client.DefaultHttpClient  - Attempt 1 to execute request
65476 [TestNG-PoolService-7] DEBUG org.apache.http.impl.conn.DefaultClientConnection  - Sending request: GET /data/2.5/weather?q=Imphal&appid=7fe67bf08c80ded756e598d6f8fedaea HTTP/1.1
65476 [TestNG-PoolService-7] DEBUG org.apache.http.wire  -  >> "GET /data/2.5/weather?q=Imphal&appid=7fe67bf08c80ded756e598d6f8fedaea HTTP/1.1[\r][\n]"
65476 [TestNG-PoolService-7] DEBUG org.apache.http.wire  -  >> "Accept: */*[\r][\n]"
65476 [TestNG-PoolService-7] DEBUG org.apache.http.wire  -  >> "Host: api.openweathermap.org[\r][\n]"
65476 [TestNG-PoolService-7] DEBUG org.apache.http.wire  -  >> "Connection: Keep-Alive[\r][\n]"
65476 [TestNG-PoolService-7] DEBUG org.apache.http.wire  -  >> "User-Agent: Apache-HttpClient/4.5.3 (Java/1.8.0_201)[\r][\n]"
65476 [TestNG-PoolService-7] DEBUG org.apache.http.wire  -  >> "Accept-Encoding: gzip,deflate[\r][\n]"
65476 [TestNG-PoolService-7] DEBUG org.apache.http.wire  -  >> "[\r][\n]"
65476 [TestNG-PoolService-7] DEBUG org.apache.http.headers  - >> GET /data/2.5/weather?q=Imphal&appid=7fe67bf08c80ded756e598d6f8fedaea HTTP/1.1
65476 [TestNG-PoolService-7] DEBUG org.apache.http.headers  - >> Accept: */*
65476 [TestNG-PoolService-7] DEBUG org.apache.http.headers  - >> Host: api.openweathermap.org
65476 [TestNG-PoolService-7] DEBUG org.apache.http.headers  - >> Connection: Keep-Alive
65476 [TestNG-PoolService-7] DEBUG org.apache.http.headers  - >> User-Agent: Apache-HttpClient/4.5.3 (Java/1.8.0_201)
65476 [TestNG-PoolService-7] DEBUG org.apache.http.headers  - >> Accept-Encoding: gzip,deflate
65558 [TestNG-PoolService-7] DEBUG org.apache.http.wire  -  << "HTTP/1.1 200 OK[\r][\n]"
65558 [TestNG-PoolService-7] DEBUG org.apache.http.wire  -  << "Server: openresty[\r][\n]"
65559 [TestNG-PoolService-7] DEBUG org.apache.http.wire  -  << "Date: Wed, 14 Oct 2020 23:47:49 GMT[\r][\n]"
65559 [TestNG-PoolService-7] DEBUG org.apache.http.wire  -  << "Content-Type: application/json; charset=utf-8[\r][\n]"
65559 [TestNG-PoolService-7] DEBUG org.apache.http.wire  -  << "Content-Length: 478[\r][\n]"
65559 [TestNG-PoolService-7] DEBUG org.apache.http.wire  -  << "Connection: keep-alive[\r][\n]"
65559 [TestNG-PoolService-7] DEBUG org.apache.http.wire  -  << "X-Cache-Key: /data/2.5/weather?q=imphal[\r][\n]"
65559 [TestNG-PoolService-7] DEBUG org.apache.http.wire  -  << "Access-Control-Allow-Origin: *[\r][\n]"
65559 [TestNG-PoolService-7] DEBUG org.apache.http.wire  -  << "Access-Control-Allow-Credentials: true[\r][\n]"
65559 [TestNG-PoolService-7] DEBUG org.apache.http.wire  -  << "Access-Control-Allow-Methods: GET, POST[\r][\n]"
65559 [TestNG-PoolService-7] DEBUG org.apache.http.wire  -  << "[\r][\n]"
65559 [TestNG-PoolService-7] DEBUG org.apache.http.impl.conn.DefaultClientConnection  - Receiving response: HTTP/1.1 200 OK
65559 [TestNG-PoolService-7] DEBUG org.apache.http.headers  - << HTTP/1.1 200 OK
65559 [TestNG-PoolService-7] DEBUG org.apache.http.headers  - << Server: openresty
65559 [TestNG-PoolService-7] DEBUG org.apache.http.headers  - << Date: Wed, 14 Oct 2020 23:47:49 GMT
65559 [TestNG-PoolService-7] DEBUG org.apache.http.headers  - << Content-Type: application/json; charset=utf-8
65559 [TestNG-PoolService-7] DEBUG org.apache.http.headers  - << Content-Length: 478
65559 [TestNG-PoolService-7] DEBUG org.apache.http.headers  - << Connection: keep-alive
65559 [TestNG-PoolService-7] DEBUG org.apache.http.headers  - << X-Cache-Key: /data/2.5/weather?q=imphal
65559 [TestNG-PoolService-7] DEBUG org.apache.http.headers  - << Access-Control-Allow-Origin: *
65559 [TestNG-PoolService-7] DEBUG org.apache.http.headers  - << Access-Control-Allow-Credentials: true
65559 [TestNG-PoolService-7] DEBUG org.apache.http.headers  - << Access-Control-Allow-Methods: GET, POST
65560 [TestNG-PoolService-7] DEBUG org.apache.http.impl.client.DefaultHttpClient  - Connection can be kept alive indefinitely
65560 [TestNG-PoolService-7] DEBUG io.restassured.internal.RequestSpecificationImpl$RestAssuredHttpBuilder  - Parsing response as: application/json; charset=utf-8
65560 [TestNG-PoolService-7] DEBUG io.restassured.internal.RequestSpecificationImpl$RestAssuredHttpBuilder  - Parsed data to instance of: class org.apache.http.conn.EofSensorInputStream
io.restassured.internal.RestAssuredResponseImpl@406552d4
65562 [TestNG-PoolService-7] DEBUG org.apache.http.wire  -  << "{"coord":{"lon":93.95,"lat":24.82},"weather":[{"id":800,"main":"Clear","description":"clear sky","icon":"01d"}],"base":"stations","main":{"temp":290.89,"feels_like":292.03,"temp_min":290.89,"temp_max":290.89,"pressure":1009,"humidity":88,"sea_level":1009,"grnd_level":921},"visibility":10000,"wind":{"speed":1.06,"deg":31},"clouds":{"all":3},"dt":1602719269,"sys":{"country":"IN","sunrise":1602718926,"sunset":1602760649},"timezone":19800,"id":1269771,"name":"Imphal","cod":200}"
65562 [TestNG-PoolService-7] DEBUG org.apache.http.impl.conn.BasicClientConnectionManager  - Releasing connection org.apache.http.impl.conn.ManagedClientConnectionImpl@5fe14906
65562 [TestNG-PoolService-7] DEBUG org.apache.http.impl.conn.BasicClientConnectionManager  - Connection can be kept alive indefinitely
{"coord":{"lon":93.95,"lat":24.82},"weather":[{"id":800,"main":"Clear","description":"clear sky","icon":"01d"}],"base":"stations","main":{"temp":290.89,"feels_like":292.03,"temp_min":290.89,"temp_max":290.89,"pressure":1009,"humidity":88,"sea_level":1009,"grnd_level":921},"visibility":10000,"wind":{"speed":1.06,"deg":31},"clouds":{"all":3},"dt":1602719269,"sys":{"country":"IN","sunrise":1602718926,"sunset":1602760649},"timezone":19800,"id":1269771,"name":"Imphal","cod":200}
290.89
Celsius: 17.74002
65565 [TestNG-PoolService-7] INFO org.apache.log4j.Logger  - Temperature from API is 17.74002 for City Imphal
65565 [TestNG-PoolService-7] ERROR org.apache.log4j.Logger  - FAIL: Difference between the API 17.74002 and UI 29.0 temp: 11.259979 for City Imphal is greater than variance set:10
65972 [Finalizer] DEBUG org.apache.http.impl.conn.DefaultClientConnection  - Connection 0.0.0.0:55523<->178.128.122.9:80 closed
65973 [Finalizer] DEBUG org.apache.http.impl.conn.DefaultClientConnection  - Connection 0.0.0.0:55518<->178.128.122.9:80 closed
65973 [Finalizer] DEBUG org.apache.http.impl.conn.DefaultClientConnection  - Connection 0.0.0.0:55520<->178.128.122.9:80 closed
65974 [Finalizer] DEBUG org.apache.http.impl.conn.DefaultClientConnection  - Connection 0.0.0.0:55521<->178.128.122.9:80 closed
66040 [TestNG-PoolService-4] INFO org.apache.log4j.Logger  - Temperature on UI is 30.0 for City Indore
66041 [TestNG-PoolService-4] INFO org.apache.log4j.Logger  - Get Temp using API
66045 [TestNG-PoolService-4] DEBUG org.apache.http.impl.conn.BasicClientConnectionManager  - Get connection for route {}->http://api.openweathermap.org:80
66045 [TestNG-PoolService-4] DEBUG org.apache.http.impl.conn.DefaultClientConnectionOperator  - Connecting to api.openweathermap.org:80
66102 [TestNG-PoolService-4] DEBUG org.apache.http.client.protocol.RequestAddCookies  - CookieSpec selected: ignoreCookies
66102 [TestNG-PoolService-4] DEBUG org.apache.http.client.protocol.RequestAuthCache  - Auth cache not set in the context
66102 [TestNG-PoolService-4] DEBUG org.apache.http.client.protocol.RequestTargetAuthentication  - Target auth state: UNCHALLENGED
66103 [TestNG-PoolService-4] DEBUG org.apache.http.client.protocol.RequestProxyAuthentication  - Proxy auth state: UNCHALLENGED
66103 [TestNG-PoolService-4] DEBUG org.apache.http.impl.client.DefaultHttpClient  - Attempt 1 to execute request
66103 [TestNG-PoolService-4] DEBUG org.apache.http.impl.conn.DefaultClientConnection  - Sending request: GET /data/2.5/weather?q=Indore&appid=7fe67bf08c80ded756e598d6f8fedaea HTTP/1.1
66103 [TestNG-PoolService-4] DEBUG org.apache.http.wire  -  >> "GET /data/2.5/weather?q=Indore&appid=7fe67bf08c80ded756e598d6f8fedaea HTTP/1.1[\r][\n]"
66103 [TestNG-PoolService-4] DEBUG org.apache.http.wire  -  >> "Accept: */*[\r][\n]"
66103 [TestNG-PoolService-4] DEBUG org.apache.http.wire  -  >> "Host: api.openweathermap.org[\r][\n]"
66103 [TestNG-PoolService-4] DEBUG org.apache.http.wire  -  >> "Connection: Keep-Alive[\r][\n]"
66103 [TestNG-PoolService-4] DEBUG org.apache.http.wire  -  >> "User-Agent: Apache-HttpClient/4.5.3 (Java/1.8.0_201)[\r][\n]"
66103 [TestNG-PoolService-4] DEBUG org.apache.http.wire  -  >> "Accept-Encoding: gzip,deflate[\r][\n]"
66103 [TestNG-PoolService-4] DEBUG org.apache.http.wire  -  >> "[\r][\n]"
66103 [TestNG-PoolService-4] DEBUG org.apache.http.headers  - >> GET /data/2.5/weather?q=Indore&appid=7fe67bf08c80ded756e598d6f8fedaea HTTP/1.1
66103 [TestNG-PoolService-4] DEBUG org.apache.http.headers  - >> Accept: */*
66103 [TestNG-PoolService-4] DEBUG org.apache.http.headers  - >> Host: api.openweathermap.org
66103 [TestNG-PoolService-4] DEBUG org.apache.http.headers  - >> Connection: Keep-Alive
66103 [TestNG-PoolService-4] DEBUG org.apache.http.headers  - >> User-Agent: Apache-HttpClient/4.5.3 (Java/1.8.0_201)
66103 [TestNG-PoolService-4] DEBUG org.apache.http.headers  - >> Accept-Encoding: gzip,deflate
66164 [TestNG-PoolService-4] DEBUG org.apache.http.wire  -  << "HTTP/1.1 200 OK[\r][\n]"
66164 [TestNG-PoolService-4] DEBUG org.apache.http.wire  -  << "Server: openresty[\r][\n]"
66164 [TestNG-PoolService-4] DEBUG org.apache.http.wire  -  << "Date: Wed, 14 Oct 2020 23:47:50 GMT[\r][\n]"
66164 [TestNG-PoolService-4] DEBUG org.apache.http.wire  -  << "Content-Type: application/json; charset=utf-8[\r][\n]"
66164 [TestNG-PoolService-4] DEBUG org.apache.http.wire  -  << "Content-Length: 487[\r][\n]"
66164 [TestNG-PoolService-4] DEBUG org.apache.http.wire  -  << "Connection: keep-alive[\r][\n]"
66164 [TestNG-PoolService-4] DEBUG org.apache.http.wire  -  << "X-Cache-Key: /data/2.5/weather?q=indore[\r][\n]"
66164 [TestNG-PoolService-4] DEBUG org.apache.http.wire  -  << "Access-Control-Allow-Origin: *[\r][\n]"
66164 [TestNG-PoolService-4] DEBUG org.apache.http.wire  -  << "Access-Control-Allow-Credentials: true[\r][\n]"
66164 [TestNG-PoolService-4] DEBUG org.apache.http.wire  -  << "Access-Control-Allow-Methods: GET, POST[\r][\n]"
66164 [TestNG-PoolService-4] DEBUG org.apache.http.wire  -  << "[\r][\n]"
66164 [TestNG-PoolService-4] DEBUG org.apache.http.impl.conn.DefaultClientConnection  - Receiving response: HTTP/1.1 200 OK
66164 [TestNG-PoolService-4] DEBUG org.apache.http.headers  - << HTTP/1.1 200 OK
66164 [TestNG-PoolService-4] DEBUG org.apache.http.headers  - << Server: openresty
66164 [TestNG-PoolService-4] DEBUG org.apache.http.headers  - << Date: Wed, 14 Oct 2020 23:47:50 GMT
66164 [TestNG-PoolService-4] DEBUG org.apache.http.headers  - << Content-Type: application/json; charset=utf-8
66164 [TestNG-PoolService-4] DEBUG org.apache.http.headers  - << Content-Length: 487
66164 [TestNG-PoolService-4] DEBUG org.apache.http.headers  - << Connection: keep-alive
66164 [TestNG-PoolService-4] DEBUG org.apache.http.headers  - << X-Cache-Key: /data/2.5/weather?q=indore
66164 [TestNG-PoolService-4] DEBUG org.apache.http.headers  - << Access-Control-Allow-Origin: *
66165 [TestNG-PoolService-4] DEBUG org.apache.http.headers  - << Access-Control-Allow-Credentials: true
66165 [TestNG-PoolService-4] DEBUG org.apache.http.headers  - << Access-Control-Allow-Methods: GET, POST
66165 [TestNG-PoolService-4] DEBUG org.apache.http.impl.client.DefaultHttpClient  - Connection can be kept alive indefinitely
66166 [TestNG-PoolService-4] DEBUG io.restassured.internal.RequestSpecificationImpl$RestAssuredHttpBuilder  - Parsing response as: application/json; charset=utf-8
66166 [TestNG-PoolService-4] DEBUG io.restassured.internal.RequestSpecificationImpl$RestAssuredHttpBuilder  - Parsed data to instance of: class org.apache.http.conn.EofSensorInputStream
io.restassured.internal.RestAssuredResponseImpl@7f0e0386
66167 [TestNG-PoolService-4] DEBUG org.apache.http.wire  -  << "{"coord":{"lon":75.83,"lat":22.72},"weather":[{"id":804,"main":"Clouds","description":"overcast clouds","icon":"04n"}],"base":"stations","main":{"temp":295.84,"feels_like":297.03,"temp_min":295.84,"temp_max":295.84,"pressure":1005,"humidity":83,"sea_level":1005,"grnd_level":944},"visibility":10000,"wind":{"speed":3.35,"deg":65},"clouds":{"all":100},"dt":1602719107,"sys":{"country":"IN","sunrise":1602723188,"sunset":1602765082},"timezone":19800,"id":1269743,"name":"Indore","cod":200}"
66167 [TestNG-PoolService-4] DEBUG org.apache.http.impl.conn.BasicClientConnectionManager  - Releasing connection org.apache.http.impl.conn.ManagedClientConnectionImpl@78d29cc7
66167 [TestNG-PoolService-4] DEBUG org.apache.http.impl.conn.BasicClientConnectionManager  - Connection can be kept alive indefinitely
{"coord":{"lon":75.83,"lat":22.72},"weather":[{"id":804,"main":"Clouds","description":"overcast clouds","icon":"04n"}],"base":"stations","main":{"temp":295.84,"feels_like":297.03,"temp_min":295.84,"temp_max":295.84,"pressure":1005,"humidity":83,"sea_level":1005,"grnd_level":944},"visibility":10000,"wind":{"speed":3.35,"deg":65},"clouds":{"all":100},"dt":1602719107,"sys":{"country":"IN","sunrise":1602723188,"sunset":1602765082},"timezone":19800,"id":1269743,"name":"Indore","cod":200}
295.84
Celsius: 22.690002
66169 [TestNG-PoolService-4] INFO org.apache.log4j.Logger  - Temperature from API is 22.690002 for City Indore
66169 [TestNG-PoolService-4] INFO org.apache.log4j.Logger  - PASS: Difference between the API 22.690002 and UI 30.0 temp: 7.3099976 for City Indore is less than variance set: 10
66644 [TestNG-PoolService-0] INFO org.apache.log4j.Logger  - Temperature on UI is 32.0 for City Jabalpur
66644 [TestNG-PoolService-0] INFO org.apache.log4j.Logger  - Get Temp using API
66648 [TestNG-PoolService-0] DEBUG org.apache.http.impl.conn.BasicClientConnectionManager  - Get connection for route {}->http://api.openweathermap.org:80
66648 [TestNG-PoolService-0] DEBUG org.apache.http.impl.conn.DefaultClientConnectionOperator  - Connecting to api.openweathermap.org:80
66708 [TestNG-PoolService-0] DEBUG org.apache.http.client.protocol.RequestAddCookies  - CookieSpec selected: ignoreCookies
66708 [TestNG-PoolService-0] DEBUG org.apache.http.client.protocol.RequestAuthCache  - Auth cache not set in the context
66708 [TestNG-PoolService-0] DEBUG org.apache.http.client.protocol.RequestTargetAuthentication  - Target auth state: UNCHALLENGED
66708 [TestNG-PoolService-0] DEBUG org.apache.http.client.protocol.RequestProxyAuthentication  - Proxy auth state: UNCHALLENGED
66708 [TestNG-PoolService-0] DEBUG org.apache.http.impl.client.DefaultHttpClient  - Attempt 1 to execute request
66708 [TestNG-PoolService-0] DEBUG org.apache.http.impl.conn.DefaultClientConnection  - Sending request: GET /data/2.5/weather?q=Jabalpur&appid=7fe67bf08c80ded756e598d6f8fedaea HTTP/1.1
66708 [TestNG-PoolService-0] DEBUG org.apache.http.wire  -  >> "GET /data/2.5/weather?q=Jabalpur&appid=7fe67bf08c80ded756e598d6f8fedaea HTTP/1.1[\r][\n]"
66708 [TestNG-PoolService-0] DEBUG org.apache.http.wire  -  >> "Accept: */*[\r][\n]"
66708 [TestNG-PoolService-0] DEBUG org.apache.http.wire  -  >> "Host: api.openweathermap.org[\r][\n]"
66708 [TestNG-PoolService-0] DEBUG org.apache.http.wire  -  >> "Connection: Keep-Alive[\r][\n]"
66708 [TestNG-PoolService-0] DEBUG org.apache.http.wire  -  >> "User-Agent: Apache-HttpClient/4.5.3 (Java/1.8.0_201)[\r][\n]"
66708 [TestNG-PoolService-0] DEBUG org.apache.http.wire  -  >> "Accept-Encoding: gzip,deflate[\r][\n]"
66708 [TestNG-PoolService-0] DEBUG org.apache.http.wire  -  >> "[\r][\n]"
66708 [TestNG-PoolService-0] DEBUG org.apache.http.headers  - >> GET /data/2.5/weather?q=Jabalpur&appid=7fe67bf08c80ded756e598d6f8fedaea HTTP/1.1
66708 [TestNG-PoolService-0] DEBUG org.apache.http.headers  - >> Accept: */*
66708 [TestNG-PoolService-0] DEBUG org.apache.http.headers  - >> Host: api.openweathermap.org
66708 [TestNG-PoolService-0] DEBUG org.apache.http.headers  - >> Connection: Keep-Alive
66708 [TestNG-PoolService-0] DEBUG org.apache.http.headers  - >> User-Agent: Apache-HttpClient/4.5.3 (Java/1.8.0_201)
66708 [TestNG-PoolService-0] DEBUG org.apache.http.headers  - >> Accept-Encoding: gzip,deflate
66790 [TestNG-PoolService-0] DEBUG org.apache.http.wire  -  << "HTTP/1.1 200 OK[\r][\n]"
66790 [TestNG-PoolService-0] DEBUG org.apache.http.wire  -  << "Server: openresty[\r][\n]"
66790 [TestNG-PoolService-0] DEBUG org.apache.http.wire  -  << "Date: Wed, 14 Oct 2020 23:47:50 GMT[\r][\n]"
66790 [TestNG-PoolService-0] DEBUG org.apache.http.wire  -  << "Content-Type: application/json; charset=utf-8[\r][\n]"
66790 [TestNG-PoolService-0] DEBUG org.apache.http.wire  -  << "Content-Length: 488[\r][\n]"
66790 [TestNG-PoolService-0] DEBUG org.apache.http.wire  -  << "Connection: keep-alive[\r][\n]"
66790 [TestNG-PoolService-0] DEBUG org.apache.http.wire  -  << "X-Cache-Key: /data/2.5/weather?q=jabalpur[\r][\n]"
66790 [TestNG-PoolService-0] DEBUG org.apache.http.wire  -  << "Access-Control-Allow-Origin: *[\r][\n]"
66790 [TestNG-PoolService-0] DEBUG org.apache.http.wire  -  << "Access-Control-Allow-Credentials: true[\r][\n]"
66790 [TestNG-PoolService-0] DEBUG org.apache.http.wire  -  << "Access-Control-Allow-Methods: GET, POST[\r][\n]"
66790 [TestNG-PoolService-0] DEBUG org.apache.http.wire  -  << "[\r][\n]"
66790 [TestNG-PoolService-0] DEBUG org.apache.http.impl.conn.DefaultClientConnection  - Receiving response: HTTP/1.1 200 OK
66791 [TestNG-PoolService-0] DEBUG org.apache.http.headers  - << HTTP/1.1 200 OK
66791 [TestNG-PoolService-0] DEBUG org.apache.http.headers  - << Server: openresty
66791 [TestNG-PoolService-0] DEBUG org.apache.http.headers  - << Date: Wed, 14 Oct 2020 23:47:50 GMT
66791 [TestNG-PoolService-0] DEBUG org.apache.http.headers  - << Content-Type: application/json; charset=utf-8
66791 [TestNG-PoolService-0] DEBUG org.apache.http.headers  - << Content-Length: 488
66791 [TestNG-PoolService-0] DEBUG org.apache.http.headers  - << Connection: keep-alive
66791 [TestNG-PoolService-0] DEBUG org.apache.http.headers  - << X-Cache-Key: /data/2.5/weather?q=jabalpur
66791 [TestNG-PoolService-0] DEBUG org.apache.http.headers  - << Access-Control-Allow-Origin: *
66791 [TestNG-PoolService-0] DEBUG org.apache.http.headers  - << Access-Control-Allow-Credentials: true
66791 [TestNG-PoolService-0] DEBUG org.apache.http.headers  - << Access-Control-Allow-Methods: GET, POST
66791 [TestNG-PoolService-0] DEBUG org.apache.http.impl.client.DefaultHttpClient  - Connection can be kept alive indefinitely
66792 [TestNG-PoolService-0] DEBUG io.restassured.internal.RequestSpecificationImpl$RestAssuredHttpBuilder  - Parsing response as: application/json; charset=utf-8
66792 [TestNG-PoolService-0] DEBUG io.restassured.internal.RequestSpecificationImpl$RestAssuredHttpBuilder  - Parsed data to instance of: class org.apache.http.conn.EofSensorInputStream
io.restassured.internal.RestAssuredResponseImpl@2e5c09b8
66793 [TestNG-PoolService-0] DEBUG org.apache.http.wire  -  << "{"coord":{"lon":79.95,"lat":23.17},"weather":[{"id":804,"main":"Clouds","description":"overcast clouds","icon":"04n"}],"base":"stations","main":{"temp":295.77,"feels_like":297.46,"temp_min":295.77,"temp_max":295.77,"pressure":1006,"humidity":82,"sea_level":1006,"grnd_level":959},"visibility":10000,"wind":{"speed":2.45,"deg":59},"clouds":{"all":94},"dt":1602719270,"sys":{"country":"IN","sunrise":1602722218,"sunset":1602764075},"timezone":19800,"id":1269633,"name":"Jabalpur","cod":200}"
66793 [TestNG-PoolService-0] DEBUG org.apache.http.impl.conn.BasicClientConnectionManager  - Releasing connection org.apache.http.impl.conn.ManagedClientConnectionImpl@3cfa930c
66793 [TestNG-PoolService-0] DEBUG org.apache.http.impl.conn.BasicClientConnectionManager  - Connection can be kept alive indefinitely
{"coord":{"lon":79.95,"lat":23.17},"weather":[{"id":804,"main":"Clouds","description":"overcast clouds","icon":"04n"}],"base":"stations","main":{"temp":295.77,"feels_like":297.46,"temp_min":295.77,"temp_max":295.77,"pressure":1006,"humidity":82,"sea_level":1006,"grnd_level":959},"visibility":10000,"wind":{"speed":2.45,"deg":59},"clouds":{"all":94},"dt":1602719270,"sys":{"country":"IN","sunrise":1602722218,"sunset":1602764075},"timezone":19800,"id":1269633,"name":"Jabalpur","cod":200}
295.77
Celsius: 22.619995
66794 [TestNG-PoolService-0] INFO org.apache.log4j.Logger  - Temperature from API is 22.619995 for City Jabalpur
66794 [TestNG-PoolService-0] INFO org.apache.log4j.Logger  - PASS: Difference between the API 22.619995 and UI 32.0 temp: 9.380005 for City Jabalpur is less than variance set: 10
67272 [TestNG-PoolService-8] INFO org.apache.log4j.Logger  - Temperature on UI is 33.0 for City Jaipur
67273 [TestNG-PoolService-8] INFO org.apache.log4j.Logger  - Get Temp using API
67275 [TestNG-PoolService-8] DEBUG org.apache.http.impl.conn.BasicClientConnectionManager  - Get connection for route {}->http://api.openweathermap.org:80
67275 [TestNG-PoolService-8] DEBUG org.apache.http.impl.conn.DefaultClientConnectionOperator  - Connecting to api.openweathermap.org:80
67337 [TestNG-PoolService-8] DEBUG org.apache.http.client.protocol.RequestAddCookies  - CookieSpec selected: ignoreCookies
67337 [TestNG-PoolService-8] DEBUG org.apache.http.client.protocol.RequestAuthCache  - Auth cache not set in the context
67338 [TestNG-PoolService-8] DEBUG org.apache.http.client.protocol.RequestTargetAuthentication  - Target auth state: UNCHALLENGED
67338 [TestNG-PoolService-8] DEBUG org.apache.http.client.protocol.RequestProxyAuthentication  - Proxy auth state: UNCHALLENGED
67338 [TestNG-PoolService-8] DEBUG org.apache.http.impl.client.DefaultHttpClient  - Attempt 1 to execute request
67338 [TestNG-PoolService-8] DEBUG org.apache.http.impl.conn.DefaultClientConnection  - Sending request: GET /data/2.5/weather?q=Jaipur&appid=7fe67bf08c80ded756e598d6f8fedaea HTTP/1.1
67338 [TestNG-PoolService-8] DEBUG org.apache.http.wire  -  >> "GET /data/2.5/weather?q=Jaipur&appid=7fe67bf08c80ded756e598d6f8fedaea HTTP/1.1[\r][\n]"
67338 [TestNG-PoolService-8] DEBUG org.apache.http.wire  -  >> "Accept: */*[\r][\n]"
67338 [TestNG-PoolService-8] DEBUG org.apache.http.wire  -  >> "Host: api.openweathermap.org[\r][\n]"
67338 [TestNG-PoolService-8] DEBUG org.apache.http.wire  -  >> "Connection: Keep-Alive[\r][\n]"
67338 [TestNG-PoolService-8] DEBUG org.apache.http.wire  -  >> "User-Agent: Apache-HttpClient/4.5.3 (Java/1.8.0_201)[\r][\n]"
67338 [TestNG-PoolService-8] DEBUG org.apache.http.wire  -  >> "Accept-Encoding: gzip,deflate[\r][\n]"
67338 [TestNG-PoolService-8] DEBUG org.apache.http.wire  -  >> "[\r][\n]"
67338 [TestNG-PoolService-8] DEBUG org.apache.http.headers  - >> GET /data/2.5/weather?q=Jaipur&appid=7fe67bf08c80ded756e598d6f8fedaea HTTP/1.1
67338 [TestNG-PoolService-8] DEBUG org.apache.http.headers  - >> Accept: */*
67338 [TestNG-PoolService-8] DEBUG org.apache.http.headers  - >> Host: api.openweathermap.org
67338 [TestNG-PoolService-8] DEBUG org.apache.http.headers  - >> Connection: Keep-Alive
67338 [TestNG-PoolService-8] DEBUG org.apache.http.headers  - >> User-Agent: Apache-HttpClient/4.5.3 (Java/1.8.0_201)
67338 [TestNG-PoolService-8] DEBUG org.apache.http.headers  - >> Accept-Encoding: gzip,deflate
67398 [TestNG-PoolService-8] DEBUG org.apache.http.wire  -  << "HTTP/1.1 200 OK[\r][\n]"
67398 [TestNG-PoolService-8] DEBUG org.apache.http.wire  -  << "Server: openresty[\r][\n]"
67398 [TestNG-PoolService-8] DEBUG org.apache.http.wire  -  << "Date: Wed, 14 Oct 2020 23:47:51 GMT[\r][\n]"
67398 [TestNG-PoolService-8] DEBUG org.apache.http.wire  -  << "Content-Type: application/json; charset=utf-8[\r][\n]"
67398 [TestNG-PoolService-8] DEBUG org.apache.http.wire  -  << "Content-Length: 455[\r][\n]"
67398 [TestNG-PoolService-8] DEBUG org.apache.http.wire  -  << "Connection: keep-alive[\r][\n]"
67398 [TestNG-PoolService-8] DEBUG org.apache.http.wire  -  << "X-Cache-Key: /data/2.5/weather?q=jaipur[\r][\n]"
67398 [TestNG-PoolService-8] DEBUG org.apache.http.wire  -  << "Access-Control-Allow-Origin: *[\r][\n]"
67398 [TestNG-PoolService-8] DEBUG org.apache.http.wire  -  << "Access-Control-Allow-Credentials: true[\r][\n]"
67398 [TestNG-PoolService-8] DEBUG org.apache.http.wire  -  << "Access-Control-Allow-Methods: GET, POST[\r][\n]"
67398 [TestNG-PoolService-8] DEBUG org.apache.http.wire  -  << "[\r][\n]"
67398 [TestNG-PoolService-8] DEBUG org.apache.http.impl.conn.DefaultClientConnection  - Receiving response: HTTP/1.1 200 OK
67398 [TestNG-PoolService-8] DEBUG org.apache.http.headers  - << HTTP/1.1 200 OK
67398 [TestNG-PoolService-8] DEBUG org.apache.http.headers  - << Server: openresty
67398 [TestNG-PoolService-8] DEBUG org.apache.http.headers  - << Date: Wed, 14 Oct 2020 23:47:51 GMT
67398 [TestNG-PoolService-8] DEBUG org.apache.http.headers  - << Content-Type: application/json; charset=utf-8
67398 [TestNG-PoolService-8] DEBUG org.apache.http.headers  - << Content-Length: 455
67398 [TestNG-PoolService-8] DEBUG org.apache.http.headers  - << Connection: keep-alive
67398 [TestNG-PoolService-8] DEBUG org.apache.http.headers  - << X-Cache-Key: /data/2.5/weather?q=jaipur
67398 [TestNG-PoolService-8] DEBUG org.apache.http.headers  - << Access-Control-Allow-Origin: *
67398 [TestNG-PoolService-8] DEBUG org.apache.http.headers  - << Access-Control-Allow-Credentials: true
67398 [TestNG-PoolService-8] DEBUG org.apache.http.headers  - << Access-Control-Allow-Methods: GET, POST
67398 [TestNG-PoolService-8] DEBUG org.apache.http.impl.client.DefaultHttpClient  - Connection can be kept alive indefinitely
67398 [TestNG-PoolService-8] DEBUG io.restassured.internal.RequestSpecificationImpl$RestAssuredHttpBuilder  - Parsing response as: application/json; charset=utf-8
67398 [TestNG-PoolService-8] DEBUG io.restassured.internal.RequestSpecificationImpl$RestAssuredHttpBuilder  - Parsed data to instance of: class org.apache.http.conn.EofSensorInputStream
io.restassured.internal.RestAssuredResponseImpl@5add25b9
67399 [TestNG-PoolService-8] DEBUG org.apache.http.wire  -  << "{"coord":{"lon":75.82,"lat":26.92},"weather":[{"id":721,"main":"Haze","description":"haze","icon":"50n"}],"base":"stations","main":{"temp":301.15,"feels_like":302.44,"temp_min":301.15,"temp_max":301.15,"pressure":1008,"humidity":51},"visibility":3000,"wind":{"speed":1.5,"deg":0},"clouds":{"all":40},"dt":1602719030,"sys":{"type":1,"id":9170,"country":"IN","sunrise":1602723369,"sunset":1602764907},"timezone":19800,"id":1269515,"name":"Jaipur","cod":200}"
67399 [TestNG-PoolService-8] DEBUG org.apache.http.impl.conn.BasicClientConnectionManager  - Releasing connection org.apache.http.impl.conn.ManagedClientConnectionImpl@1cd461c0
67399 [TestNG-PoolService-8] DEBUG org.apache.http.impl.conn.BasicClientConnectionManager  - Connection can be kept alive indefinitely
{"coord":{"lon":75.82,"lat":26.92},"weather":[{"id":721,"main":"Haze","description":"haze","icon":"50n"}],"base":"stations","main":{"temp":301.15,"feels_like":302.44,"temp_min":301.15,"temp_max":301.15,"pressure":1008,"humidity":51},"visibility":3000,"wind":{"speed":1.5,"deg":0},"clouds":{"all":40},"dt":1602719030,"sys":{"type":1,"id":9170,"country":"IN","sunrise":1602723369,"sunset":1602764907},"timezone":19800,"id":1269515,"name":"Jaipur","cod":200}
301.15
Celsius: 28.0
67399 [TestNG-PoolService-8] INFO org.apache.log4j.Logger  - Temperature from API is 28.0 for City Jaipur
67399 [TestNG-PoolService-8] INFO org.apache.log4j.Logger  - PASS: Difference between the API 28.0 and UI 33.0 temp: 5.0 for City Jaipur is less than variance set: 10
67787 [Finalizer] DEBUG org.apache.http.impl.conn.DefaultClientConnection  - Connection 0.0.0.0:55527<->178.128.122.9:80 closed
67788 [Finalizer] DEBUG org.apache.http.impl.conn.DefaultClientConnection  - Connection 0.0.0.0:55526<->178.128.122.9:80 closed
67788 [Finalizer] DEBUG org.apache.http.impl.conn.DefaultClientConnection  - Connection 0.0.0.0:55525<->178.128.122.9:80 closed
67848 [TestNG-PoolService-6] INFO org.apache.log4j.Logger  - Temperature on UI is 34.0 for City Jalandhar
67848 [TestNG-PoolService-6] INFO org.apache.log4j.Logger  - Get Temp using API
67852 [TestNG-PoolService-6] DEBUG org.apache.http.impl.conn.BasicClientConnectionManager  - Get connection for route {}->http://api.openweathermap.org:80
67852 [TestNG-PoolService-6] DEBUG org.apache.http.impl.conn.DefaultClientConnectionOperator  - Connecting to api.openweathermap.org:80
67910 [TestNG-PoolService-6] DEBUG org.apache.http.client.protocol.RequestAddCookies  - CookieSpec selected: ignoreCookies
67910 [TestNG-PoolService-6] DEBUG org.apache.http.client.protocol.RequestAuthCache  - Auth cache not set in the context
67911 [TestNG-PoolService-6] DEBUG org.apache.http.client.protocol.RequestTargetAuthentication  - Target auth state: UNCHALLENGED
67911 [TestNG-PoolService-6] DEBUG org.apache.http.client.protocol.RequestProxyAuthentication  - Proxy auth state: UNCHALLENGED
67911 [TestNG-PoolService-6] DEBUG org.apache.http.impl.client.DefaultHttpClient  - Attempt 1 to execute request
67911 [TestNG-PoolService-6] DEBUG org.apache.http.impl.conn.DefaultClientConnection  - Sending request: GET /data/2.5/weather?q=Jalandhar&appid=7fe67bf08c80ded756e598d6f8fedaea HTTP/1.1
67911 [TestNG-PoolService-6] DEBUG org.apache.http.wire  -  >> "GET /data/2.5/weather?q=Jalandhar&appid=7fe67bf08c80ded756e598d6f8fedaea HTTP/1.1[\r][\n]"
67911 [TestNG-PoolService-6] DEBUG org.apache.http.wire  -  >> "Accept: */*[\r][\n]"
67911 [TestNG-PoolService-6] DEBUG org.apache.http.wire  -  >> "Host: api.openweathermap.org[\r][\n]"
67911 [TestNG-PoolService-6] DEBUG org.apache.http.wire  -  >> "Connection: Keep-Alive[\r][\n]"
67911 [TestNG-PoolService-6] DEBUG org.apache.http.wire  -  >> "User-Agent: Apache-HttpClient/4.5.3 (Java/1.8.0_201)[\r][\n]"
67911 [TestNG-PoolService-6] DEBUG org.apache.http.wire  -  >> "Accept-Encoding: gzip,deflate[\r][\n]"
67911 [TestNG-PoolService-6] DEBUG org.apache.http.wire  -  >> "[\r][\n]"
67911 [TestNG-PoolService-6] DEBUG org.apache.http.headers  - >> GET /data/2.5/weather?q=Jalandhar&appid=7fe67bf08c80ded756e598d6f8fedaea HTTP/1.1
67911 [TestNG-PoolService-6] DEBUG org.apache.http.headers  - >> Accept: */*
67911 [TestNG-PoolService-6] DEBUG org.apache.http.headers  - >> Host: api.openweathermap.org
67911 [TestNG-PoolService-6] DEBUG org.apache.http.headers  - >> Connection: Keep-Alive
67911 [TestNG-PoolService-6] DEBUG org.apache.http.headers  - >> User-Agent: Apache-HttpClient/4.5.3 (Java/1.8.0_201)
67911 [TestNG-PoolService-6] DEBUG org.apache.http.headers  - >> Accept-Encoding: gzip,deflate
67973 [TestNG-PoolService-6] DEBUG org.apache.http.wire  -  << "HTTP/1.1 200 OK[\r][\n]"
67973 [TestNG-PoolService-6] DEBUG org.apache.http.wire  -  << "Server: openresty[\r][\n]"
67973 [TestNG-PoolService-6] DEBUG org.apache.http.wire  -  << "Date: Wed, 14 Oct 2020 23:47:52 GMT[\r][\n]"
67973 [TestNG-PoolService-6] DEBUG org.apache.http.wire  -  << "Content-Type: application/json; charset=utf-8[\r][\n]"
67973 [TestNG-PoolService-6] DEBUG org.apache.http.wire  -  << "Content-Length: 482[\r][\n]"
67973 [TestNG-PoolService-6] DEBUG org.apache.http.wire  -  << "Connection: keep-alive[\r][\n]"
67973 [TestNG-PoolService-6] DEBUG org.apache.http.wire  -  << "X-Cache-Key: /data/2.5/weather?q=jalandhar[\r][\n]"
67973 [TestNG-PoolService-6] DEBUG org.apache.http.wire  -  << "Access-Control-Allow-Origin: *[\r][\n]"
67973 [TestNG-PoolService-6] DEBUG org.apache.http.wire  -  << "Access-Control-Allow-Credentials: true[\r][\n]"
67973 [TestNG-PoolService-6] DEBUG org.apache.http.wire  -  << "Access-Control-Allow-Methods: GET, POST[\r][\n]"
67973 [TestNG-PoolService-6] DEBUG org.apache.http.wire  -  << "[\r][\n]"
67973 [TestNG-PoolService-6] DEBUG org.apache.http.impl.conn.DefaultClientConnection  - Receiving response: HTTP/1.1 200 OK
67973 [TestNG-PoolService-6] DEBUG org.apache.http.headers  - << HTTP/1.1 200 OK
67973 [TestNG-PoolService-6] DEBUG org.apache.http.headers  - << Server: openresty
67973 [TestNG-PoolService-6] DEBUG org.apache.http.headers  - << Date: Wed, 14 Oct 2020 23:47:52 GMT
67973 [TestNG-PoolService-6] DEBUG org.apache.http.headers  - << Content-Type: application/json; charset=utf-8
67973 [TestNG-PoolService-6] DEBUG org.apache.http.headers  - << Content-Length: 482
67973 [TestNG-PoolService-6] DEBUG org.apache.http.headers  - << Connection: keep-alive
67973 [TestNG-PoolService-6] DEBUG org.apache.http.headers  - << X-Cache-Key: /data/2.5/weather?q=jalandhar
67973 [TestNG-PoolService-6] DEBUG org.apache.http.headers  - << Access-Control-Allow-Origin: *
67973 [TestNG-PoolService-6] DEBUG org.apache.http.headers  - << Access-Control-Allow-Credentials: true
67973 [TestNG-PoolService-6] DEBUG org.apache.http.headers  - << Access-Control-Allow-Methods: GET, POST
67974 [TestNG-PoolService-6] DEBUG org.apache.http.impl.client.DefaultHttpClient  - Connection can be kept alive indefinitely
67974 [TestNG-PoolService-6] DEBUG io.restassured.internal.RequestSpecificationImpl$RestAssuredHttpBuilder  - Parsing response as: application/json; charset=utf-8
67974 [TestNG-PoolService-6] DEBUG io.restassured.internal.RequestSpecificationImpl$RestAssuredHttpBuilder  - Parsed data to instance of: class org.apache.http.conn.EofSensorInputStream
io.restassured.internal.RestAssuredResponseImpl@2e5014f0
67974 [TestNG-PoolService-6] DEBUG org.apache.http.wire  -  << "{"coord":{"lon":75.58,"lat":31.33},"weather":[{"id":800,"main":"Clear","description":"clear sky","icon":"01n"}],"base":"stations","main":{"temp":293.22,"feels_like":290.49,"temp_min":293.22,"temp_max":293.22,"pressure":1010,"humidity":28,"sea_level":1010,"grnd_level":982},"visibility":10000,"wind":{"speed":1.28,"deg":354},"clouds":{"all":0},"dt":1602719107,"sys":{"country":"IN","sunrise":1602723627,"sunset":1602764764},"timezone":19800,"id":1268782,"name":"Jalandhar","cod":200}"
67975 [TestNG-PoolService-6] DEBUG org.apache.http.impl.conn.BasicClientConnectionManager  - Releasing connection org.apache.http.impl.conn.ManagedClientConnectionImpl@62504504
67975 [TestNG-PoolService-6] DEBUG org.apache.http.impl.conn.BasicClientConnectionManager  - Connection can be kept alive indefinitely
{"coord":{"lon":75.58,"lat":31.33},"weather":[{"id":800,"main":"Clear","description":"clear sky","icon":"01n"}],"base":"stations","main":{"temp":293.22,"feels_like":290.49,"temp_min":293.22,"temp_max":293.22,"pressure":1010,"humidity":28,"sea_level":1010,"grnd_level":982},"visibility":10000,"wind":{"speed":1.28,"deg":354},"clouds":{"all":0},"dt":1602719107,"sys":{"country":"IN","sunrise":1602723627,"sunset":1602764764},"timezone":19800,"id":1268782,"name":"Jalandhar","cod":200}
293.22
Celsius: 20.070007
67975 [TestNG-PoolService-6] INFO org.apache.log4j.Logger  - Temperature from API is 20.070007 for City Jalandhar
67975 [TestNG-PoolService-6] ERROR org.apache.log4j.Logger  - FAIL: Difference between the API 20.070007 and UI 34.0 temp: 13.929993 for City Jalandhar is greater than variance set:10
]]></system-out>
  </testcase>
  <testcase name="getTemp[com.temp.test.City@7f90a8d8](31)" classname="com.temp.test.TestsWeather" time="0.003">
    <system-out><![CDATA[68349 [TestNG-PoolService-5] INFO org.apache.log4j.Logger  - Select the city on the pin menu
]]></system-out>
  </testcase>
  <testcase name="getTemp[com.temp.test.City@42cfd55d](32)" classname="com.temp.test.TestsWeather" time="0.002">
    <system-out><![CDATA[68362 [TestNG-PoolService-9] INFO org.apache.log4j.Logger  - Select the city on the pin menu
]]></system-out>
  </testcase>
  <testcase name="getTemp[com.temp.test.City@542160ff](33)" classname="com.temp.test.TestsWeather" time="0.005">
    <system-out><![CDATA[68403 [TestNG-PoolService-0] INFO org.apache.log4j.Logger  - Select the city on the pin menu
]]></system-out>
  </testcase>
  <testcase name="getTemp[com.temp.test.City@2947baa3](34)" classname="com.temp.test.TestsWeather" time="0.003">
    <failure message="For city Imphal: The Actual temp is 17.74002 and expected is 29.0 expected [29.0] but found [17.74002]" type="java.lang.AssertionError"><![CDATA[java.lang.AssertionError: For city Imphal: The Actual temp is 17.74002 and expected is 29.0 expected [29.0] but found [17.74002]
	at com.temp.test.TestsWeather.getTemp(TestsWeather.java:224)
]]></failure>
    <system-out><![CDATA[68426 [TestNG-PoolService-4] INFO org.apache.log4j.Logger  - Select the city on the pin menu
]]></system-out>
  </testcase>
  <testcase name="getTemp[com.temp.test.City@12e505df](35)" classname="com.temp.test.TestsWeather" time="0.002">
    <system-out><![CDATA[68449 [TestNG-PoolService-7] INFO org.apache.log4j.Logger  - Select the city on the pin menu
]]></system-out>
  </testcase>
  <testcase name="getTemp[com.temp.test.City@56809717](36)" classname="com.temp.test.TestsWeather" time="0.003">
    <failure message="For city Jalandhar: The Actual temp is 20.070007 and expected is 34.0 expected [34.0] but found [20.070007]" type="java.lang.AssertionError"><![CDATA[java.lang.AssertionError: For city Jalandhar: The Actual temp is 20.070007 and expected is 34.0 expected [34.0] but found [20.070007]
	at com.temp.test.TestsWeather.getTemp(TestsWeather.java:224)
]]></failure>
    <system-out><![CDATA[68523 [TestNG-PoolService-8] INFO org.apache.log4j.Logger  - Select the city on the pin menu
]]></system-out>
  </testcase>
  <testcase name="getTemp[com.temp.test.City@2c70ea4f](37)" classname="com.temp.test.TestsWeather" time="1.034">
    <failure message="For city Jammu: The Actual temp is 20.0 and expected is 34.0 expected [34.0] but found [20.0]" type="java.lang.AssertionError"><![CDATA[java.lang.AssertionError: For city Jammu: The Actual temp is 20.0 and expected is 34.0 expected [34.0] but found [20.0]
	at com.temp.test.TestsWeather.getTemp(TestsWeather.java:224)
]]></failure>
    <system-out><![CDATA[68579 [TestNG-PoolService-6] INFO org.apache.log4j.Logger  - Select the city on the pin menu
68729 [TestNG-PoolService-1] INFO org.apache.log4j.Logger  - Temperature on UI is 34.0 for City Jammu
68729 [TestNG-PoolService-1] INFO org.apache.log4j.Logger  - Get Temp using API
68735 [TestNG-PoolService-1] DEBUG org.apache.http.impl.conn.BasicClientConnectionManager  - Get connection for route {}->http://api.openweathermap.org:80
68735 [TestNG-PoolService-1] DEBUG org.apache.http.impl.conn.DefaultClientConnectionOperator  - Connecting to api.openweathermap.org:80
68792 [TestNG-PoolService-1] DEBUG org.apache.http.client.protocol.RequestAddCookies  - CookieSpec selected: ignoreCookies
68792 [TestNG-PoolService-1] DEBUG org.apache.http.client.protocol.RequestAuthCache  - Auth cache not set in the context
68792 [TestNG-PoolService-1] DEBUG org.apache.http.client.protocol.RequestTargetAuthentication  - Target auth state: UNCHALLENGED
68792 [TestNG-PoolService-1] DEBUG org.apache.http.client.protocol.RequestProxyAuthentication  - Proxy auth state: UNCHALLENGED
68792 [TestNG-PoolService-1] DEBUG org.apache.http.impl.client.DefaultHttpClient  - Attempt 1 to execute request
68792 [TestNG-PoolService-1] DEBUG org.apache.http.impl.conn.DefaultClientConnection  - Sending request: GET /data/2.5/weather?q=Jammu&appid=7fe67bf08c80ded756e598d6f8fedaea HTTP/1.1
68792 [TestNG-PoolService-1] DEBUG org.apache.http.wire  -  >> "GET /data/2.5/weather?q=Jammu&appid=7fe67bf08c80ded756e598d6f8fedaea HTTP/1.1[\r][\n]"
68792 [TestNG-PoolService-1] DEBUG org.apache.http.wire  -  >> "Accept: */*[\r][\n]"
68792 [TestNG-PoolService-1] DEBUG org.apache.http.wire  -  >> "Host: api.openweathermap.org[\r][\n]"
68792 [TestNG-PoolService-1] DEBUG org.apache.http.wire  -  >> "Connection: Keep-Alive[\r][\n]"
68792 [TestNG-PoolService-1] DEBUG org.apache.http.wire  -  >> "User-Agent: Apache-HttpClient/4.5.3 (Java/1.8.0_201)[\r][\n]"
68792 [TestNG-PoolService-1] DEBUG org.apache.http.wire  -  >> "Accept-Encoding: gzip,deflate[\r][\n]"
68792 [TestNG-PoolService-1] DEBUG org.apache.http.wire  -  >> "[\r][\n]"
68792 [TestNG-PoolService-1] DEBUG org.apache.http.headers  - >> GET /data/2.5/weather?q=Jammu&appid=7fe67bf08c80ded756e598d6f8fedaea HTTP/1.1
68792 [TestNG-PoolService-1] DEBUG org.apache.http.headers  - >> Accept: */*
68792 [TestNG-PoolService-1] DEBUG org.apache.http.headers  - >> Host: api.openweathermap.org
68792 [TestNG-PoolService-1] DEBUG org.apache.http.headers  - >> Connection: Keep-Alive
68792 [TestNG-PoolService-1] DEBUG org.apache.http.headers  - >> User-Agent: Apache-HttpClient/4.5.3 (Java/1.8.0_201)
68792 [TestNG-PoolService-1] DEBUG org.apache.http.headers  - >> Accept-Encoding: gzip,deflate
68852 [TestNG-PoolService-1] DEBUG org.apache.http.wire  -  << "HTTP/1.1 200 OK[\r][\n]"
68852 [TestNG-PoolService-1] DEBUG org.apache.http.wire  -  << "Server: openresty[\r][\n]"
68852 [TestNG-PoolService-1] DEBUG org.apache.http.wire  -  << "Date: Wed, 14 Oct 2020 23:47:52 GMT[\r][\n]"
68852 [TestNG-PoolService-1] DEBUG org.apache.http.wire  -  << "Content-Type: application/json; charset=utf-8[\r][\n]"
68852 [TestNG-PoolService-1] DEBUG org.apache.http.wire  -  << "Content-Length: 456[\r][\n]"
68852 [TestNG-PoolService-1] DEBUG org.apache.http.wire  -  << "Connection: keep-alive[\r][\n]"
68852 [TestNG-PoolService-1] DEBUG org.apache.http.wire  -  << "X-Cache-Key: /data/2.5/weather?q=jammu[\r][\n]"
68852 [TestNG-PoolService-1] DEBUG org.apache.http.wire  -  << "Access-Control-Allow-Origin: *[\r][\n]"
68852 [TestNG-PoolService-1] DEBUG org.apache.http.wire  -  << "Access-Control-Allow-Credentials: true[\r][\n]"
68852 [TestNG-PoolService-1] DEBUG org.apache.http.wire  -  << "Access-Control-Allow-Methods: GET, POST[\r][\n]"
68852 [TestNG-PoolService-1] DEBUG org.apache.http.wire  -  << "[\r][\n]"
68852 [TestNG-PoolService-1] DEBUG org.apache.http.impl.conn.DefaultClientConnection  - Receiving response: HTTP/1.1 200 OK
68852 [TestNG-PoolService-1] DEBUG org.apache.http.headers  - << HTTP/1.1 200 OK
68852 [TestNG-PoolService-1] DEBUG org.apache.http.headers  - << Server: openresty
68852 [TestNG-PoolService-1] DEBUG org.apache.http.headers  - << Date: Wed, 14 Oct 2020 23:47:52 GMT
68852 [TestNG-PoolService-1] DEBUG org.apache.http.headers  - << Content-Type: application/json; charset=utf-8
68852 [TestNG-PoolService-1] DEBUG org.apache.http.headers  - << Content-Length: 456
68852 [TestNG-PoolService-1] DEBUG org.apache.http.headers  - << Connection: keep-alive
68852 [TestNG-PoolService-1] DEBUG org.apache.http.headers  - << X-Cache-Key: /data/2.5/weather?q=jammu
68852 [TestNG-PoolService-1] DEBUG org.apache.http.headers  - << Access-Control-Allow-Origin: *
68852 [TestNG-PoolService-1] DEBUG org.apache.http.headers  - << Access-Control-Allow-Credentials: true
68852 [TestNG-PoolService-1] DEBUG org.apache.http.headers  - << Access-Control-Allow-Methods: GET, POST
68852 [TestNG-PoolService-1] DEBUG org.apache.http.impl.client.DefaultHttpClient  - Connection can be kept alive indefinitely
68853 [TestNG-PoolService-1] DEBUG io.restassured.internal.RequestSpecificationImpl$RestAssuredHttpBuilder  - Parsing response as: application/json; charset=utf-8
68853 [TestNG-PoolService-1] DEBUG io.restassured.internal.RequestSpecificationImpl$RestAssuredHttpBuilder  - Parsed data to instance of: class org.apache.http.conn.EofSensorInputStream
io.restassured.internal.RestAssuredResponseImpl@8cc15dc
68853 [TestNG-PoolService-1] DEBUG org.apache.http.wire  -  << "{"coord":{"lon":74.87,"lat":32.73},"weather":[{"id":711,"main":"Smoke","description":"smoke","icon":"50n"}],"base":"stations","main":{"temp":293.15,"feels_like":294.69,"temp_min":293.15,"temp_max":293.15,"pressure":1008,"humidity":82},"visibility":4000,"wind":{"speed":1.1,"deg":40},"clouds":{"all":0},"dt":1602719030,"sys":{"type":1,"id":7594,"country":"IN","sunrise":1602723865,"sunset":1602764866},"timezone":19800,"id":1269321,"name":"Jammu","cod":200}"
68853 [TestNG-PoolService-1] DEBUG org.apache.http.impl.conn.BasicClientConnectionManager  - Releasing connection org.apache.http.impl.conn.ManagedClientConnectionImpl@44f4038b
68853 [TestNG-PoolService-1] DEBUG org.apache.http.impl.conn.BasicClientConnectionManager  - Connection can be kept alive indefinitely
{"coord":{"lon":74.87,"lat":32.73},"weather":[{"id":711,"main":"Smoke","description":"smoke","icon":"50n"}],"base":"stations","main":{"temp":293.15,"feels_like":294.69,"temp_min":293.15,"temp_max":293.15,"pressure":1008,"humidity":82},"visibility":4000,"wind":{"speed":1.1,"deg":40},"clouds":{"all":0},"dt":1602719030,"sys":{"type":1,"id":7594,"country":"IN","sunrise":1602723865,"sunset":1602764866},"timezone":19800,"id":1269321,"name":"Jammu","cod":200}
293.15
Celsius: 20.0
68854 [TestNG-PoolService-1] INFO org.apache.log4j.Logger  - Temperature from API is 20.0 for City Jammu
68854 [TestNG-PoolService-1] ERROR org.apache.log4j.Logger  - FAIL: Difference between the API 20.0 and UI 34.0 temp: 14.0 for City Jammu is greater than variance set:10
69320 [TestNG-PoolService-3] INFO org.apache.log4j.Logger  - Temperature on UI is 37.0 for City Jamnagar
69320 [TestNG-PoolService-3] INFO org.apache.log4j.Logger  - Get Temp using API
69324 [TestNG-PoolService-3] DEBUG org.apache.http.impl.conn.BasicClientConnectionManager  - Get connection for route {}->http://api.openweathermap.org:80
69324 [TestNG-PoolService-3] DEBUG org.apache.http.impl.conn.DefaultClientConnectionOperator  - Connecting to api.openweathermap.org:80
69385 [TestNG-PoolService-3] DEBUG org.apache.http.client.protocol.RequestAddCookies  - CookieSpec selected: ignoreCookies
69385 [TestNG-PoolService-3] DEBUG org.apache.http.client.protocol.RequestAuthCache  - Auth cache not set in the context
69385 [TestNG-PoolService-3] DEBUG org.apache.http.client.protocol.RequestTargetAuthentication  - Target auth state: UNCHALLENGED
69385 [TestNG-PoolService-3] DEBUG org.apache.http.client.protocol.RequestProxyAuthentication  - Proxy auth state: UNCHALLENGED
69385 [TestNG-PoolService-3] DEBUG org.apache.http.impl.client.DefaultHttpClient  - Attempt 1 to execute request
69385 [TestNG-PoolService-3] DEBUG org.apache.http.impl.conn.DefaultClientConnection  - Sending request: GET /data/2.5/weather?q=Jamnagar&appid=7fe67bf08c80ded756e598d6f8fedaea HTTP/1.1
69385 [TestNG-PoolService-3] DEBUG org.apache.http.wire  -  >> "GET /data/2.5/weather?q=Jamnagar&appid=7fe67bf08c80ded756e598d6f8fedaea HTTP/1.1[\r][\n]"
69385 [TestNG-PoolService-3] DEBUG org.apache.http.wire  -  >> "Accept: */*[\r][\n]"
69385 [TestNG-PoolService-3] DEBUG org.apache.http.wire  -  >> "Host: api.openweathermap.org[\r][\n]"
69385 [TestNG-PoolService-3] DEBUG org.apache.http.wire  -  >> "Connection: Keep-Alive[\r][\n]"
69385 [TestNG-PoolService-3] DEBUG org.apache.http.wire  -  >> "User-Agent: Apache-HttpClient/4.5.3 (Java/1.8.0_201)[\r][\n]"
69385 [TestNG-PoolService-3] DEBUG org.apache.http.wire  -  >> "Accept-Encoding: gzip,deflate[\r][\n]"
69385 [TestNG-PoolService-3] DEBUG org.apache.http.wire  -  >> "[\r][\n]"
69385 [TestNG-PoolService-3] DEBUG org.apache.http.headers  - >> GET /data/2.5/weather?q=Jamnagar&appid=7fe67bf08c80ded756e598d6f8fedaea HTTP/1.1
69385 [TestNG-PoolService-3] DEBUG org.apache.http.headers  - >> Accept: */*
69385 [TestNG-PoolService-3] DEBUG org.apache.http.headers  - >> Host: api.openweathermap.org
69385 [TestNG-PoolService-3] DEBUG org.apache.http.headers  - >> Connection: Keep-Alive
69385 [TestNG-PoolService-3] DEBUG org.apache.http.headers  - >> User-Agent: Apache-HttpClient/4.5.3 (Java/1.8.0_201)
69385 [TestNG-PoolService-3] DEBUG org.apache.http.headers  - >> Accept-Encoding: gzip,deflate
69466 [TestNG-PoolService-3] DEBUG org.apache.http.wire  -  << "HTTP/1.1 200 OK[\r][\n]"
69466 [TestNG-PoolService-3] DEBUG org.apache.http.wire  -  << "Server: openresty[\r][\n]"
69466 [TestNG-PoolService-3] DEBUG org.apache.http.wire  -  << "Date: Wed, 14 Oct 2020 23:47:53 GMT[\r][\n]"
69466 [TestNG-PoolService-3] DEBUG org.apache.http.wire  -  << "Content-Type: application/json; charset=utf-8[\r][\n]"
69466 [TestNG-PoolService-3] DEBUG org.apache.http.wire  -  << "Content-Length: 488[\r][\n]"
69466 [TestNG-PoolService-3] DEBUG org.apache.http.wire  -  << "Connection: keep-alive[\r][\n]"
69466 [TestNG-PoolService-3] DEBUG org.apache.http.wire  -  << "X-Cache-Key: /data/2.5/weather?q=jamnagar[\r][\n]"
69466 [TestNG-PoolService-3] DEBUG org.apache.http.wire  -  << "Access-Control-Allow-Origin: *[\r][\n]"
69467 [TestNG-PoolService-3] DEBUG org.apache.http.wire  -  << "Access-Control-Allow-Credentials: true[\r][\n]"
69467 [TestNG-PoolService-3] DEBUG org.apache.http.wire  -  << "Access-Control-Allow-Methods: GET, POST[\r][\n]"
69467 [TestNG-PoolService-3] DEBUG org.apache.http.wire  -  << "[\r][\n]"
69467 [TestNG-PoolService-3] DEBUG org.apache.http.impl.conn.DefaultClientConnection  - Receiving response: HTTP/1.1 200 OK
69467 [TestNG-PoolService-3] DEBUG org.apache.http.headers  - << HTTP/1.1 200 OK
69467 [TestNG-PoolService-3] DEBUG org.apache.http.headers  - << Server: openresty
69467 [TestNG-PoolService-3] DEBUG org.apache.http.headers  - << Date: Wed, 14 Oct 2020 23:47:53 GMT
69467 [TestNG-PoolService-3] DEBUG org.apache.http.headers  - << Content-Type: application/json; charset=utf-8
69467 [TestNG-PoolService-3] DEBUG org.apache.http.headers  - << Content-Length: 488
69467 [TestNG-PoolService-3] DEBUG org.apache.http.headers  - << Connection: keep-alive
69467 [TestNG-PoolService-3] DEBUG org.apache.http.headers  - << X-Cache-Key: /data/2.5/weather?q=jamnagar
69467 [TestNG-PoolService-3] DEBUG org.apache.http.headers  - << Access-Control-Allow-Origin: *
69467 [TestNG-PoolService-3] DEBUG org.apache.http.headers  - << Access-Control-Allow-Credentials: true
69467 [TestNG-PoolService-3] DEBUG org.apache.http.headers  - << Access-Control-Allow-Methods: GET, POST
69467 [TestNG-PoolService-3] DEBUG org.apache.http.impl.client.DefaultHttpClient  - Connection can be kept alive indefinitely
69467 [TestNG-PoolService-3] DEBUG io.restassured.internal.RequestSpecificationImpl$RestAssuredHttpBuilder  - Parsing response as: application/json; charset=utf-8
69467 [TestNG-PoolService-3] DEBUG io.restassured.internal.RequestSpecificationImpl$RestAssuredHttpBuilder  - Parsed data to instance of: class org.apache.http.conn.EofSensorInputStream
io.restassured.internal.RestAssuredResponseImpl@153a5468
69468 [TestNG-PoolService-3] DEBUG org.apache.http.wire  -  << "{"coord":{"lon":70.07,"lat":22.47},"weather":[{"id":804,"main":"Clouds","description":"overcast clouds","icon":"04n"}],"base":"stations","main":{"temp":302.39,"feels_like":300.01,"temp_min":302.39,"temp_max":302.39,"pressure":1003,"humidity":40,"sea_level":1003,"grnd_level":1001},"visibility":10000,"wind":{"speed":5.32,"deg":4},"clouds":{"all":97},"dt":1602719273,"sys":{"country":"IN","sunrise":1602724561,"sunset":1602766474},"timezone":19800,"id":1269317,"name":"Jamnagar","cod":200}"
69468 [TestNG-PoolService-3] DEBUG org.apache.http.impl.conn.BasicClientConnectionManager  - Releasing connection org.apache.http.impl.conn.ManagedClientConnectionImpl@8455d78
69468 [TestNG-PoolService-3] DEBUG org.apache.http.impl.conn.BasicClientConnectionManager  - Connection can be kept alive indefinitely
{"coord":{"lon":70.07,"lat":22.47},"weather":[{"id":804,"main":"Clouds","description":"overcast clouds","icon":"04n"}],"base":"stations","main":{"temp":302.39,"feels_like":300.01,"temp_min":302.39,"temp_max":302.39,"pressure":1003,"humidity":40,"sea_level":1003,"grnd_level":1001},"visibility":10000,"wind":{"speed":5.32,"deg":4},"clouds":{"all":97},"dt":1602719273,"sys":{"country":"IN","sunrise":1602724561,"sunset":1602766474},"timezone":19800,"id":1269317,"name":"Jamnagar","cod":200}
302.39
Celsius: 29.24002
69469 [TestNG-PoolService-3] INFO org.apache.log4j.Logger  - Temperature from API is 29.24002 for City Jamnagar
69469 [TestNG-PoolService-3] INFO org.apache.log4j.Logger  - PASS: Difference between the API 29.24002 and UI 37.0 temp: 7.7599792 for City Jamnagar is less than variance set: 10
]]></system-out>
  </testcase>
  <testcase name="getTemp[com.temp.test.City@6635c29b](38)" classname="com.temp.test.TestsWeather" time="0.314">
    <system-out><![CDATA[69499 [TestNG-PoolService-1] INFO org.apache.log4j.Logger  - Select the city on the pin menu
70204 [Finalizer] DEBUG org.apache.http.impl.conn.DefaultClientConnection  - Connection 0.0.0.0:55532<->178.128.122.9:80 closed
70205 [Finalizer] DEBUG org.apache.http.impl.conn.DefaultClientConnection  - Connection 0.0.0.0:55530<->178.128.122.9:80 closed
70205 [Finalizer] DEBUG org.apache.http.impl.conn.DefaultClientConnection  - Connection 0.0.0.0:55529<->178.128.122.9:80 closed
]]></system-out>
  </testcase>
  <testcase name="getTemp[com.temp.test.City@28dd9748](39)" classname="com.temp.test.TestsWeather" time="4.611">
    <system-out><![CDATA[70215 [TestNG-PoolService-3] INFO org.apache.log4j.Logger  - Select the city on the pin menu
70270 [TestNG-PoolService-2] INFO org.apache.log4j.Logger  - Temperature on UI is 32.0 for City Jamshedpur
70270 [TestNG-PoolService-2] INFO org.apache.log4j.Logger  - Get Temp using API
70274 [TestNG-PoolService-2] DEBUG org.apache.http.impl.conn.BasicClientConnectionManager  - Get connection for route {}->http://api.openweathermap.org:80
70275 [TestNG-PoolService-2] DEBUG org.apache.http.impl.conn.DefaultClientConnectionOperator  - Connecting to api.openweathermap.org:80
70340 [TestNG-PoolService-2] DEBUG org.apache.http.client.protocol.RequestAddCookies  - CookieSpec selected: ignoreCookies
70340 [TestNG-PoolService-2] DEBUG org.apache.http.client.protocol.RequestAuthCache  - Auth cache not set in the context
70340 [TestNG-PoolService-2] DEBUG org.apache.http.client.protocol.RequestTargetAuthentication  - Target auth state: UNCHALLENGED
70340 [TestNG-PoolService-2] DEBUG org.apache.http.client.protocol.RequestProxyAuthentication  - Proxy auth state: UNCHALLENGED
70340 [TestNG-PoolService-2] DEBUG org.apache.http.impl.client.DefaultHttpClient  - Attempt 1 to execute request
70340 [TestNG-PoolService-2] DEBUG org.apache.http.impl.conn.DefaultClientConnection  - Sending request: GET /data/2.5/weather?q=Jamshedpur&appid=7fe67bf08c80ded756e598d6f8fedaea HTTP/1.1
70340 [TestNG-PoolService-2] DEBUG org.apache.http.wire  -  >> "GET /data/2.5/weather?q=Jamshedpur&appid=7fe67bf08c80ded756e598d6f8fedaea HTTP/1.1[\r][\n]"
70340 [TestNG-PoolService-2] DEBUG org.apache.http.wire  -  >> "Accept: */*[\r][\n]"
70340 [TestNG-PoolService-2] DEBUG org.apache.http.wire  -  >> "Host: api.openweathermap.org[\r][\n]"
70340 [TestNG-PoolService-2] DEBUG org.apache.http.wire  -  >> "Connection: Keep-Alive[\r][\n]"
70341 [TestNG-PoolService-2] DEBUG org.apache.http.wire  -  >> "User-Agent: Apache-HttpClient/4.5.3 (Java/1.8.0_201)[\r][\n]"
70341 [TestNG-PoolService-2] DEBUG org.apache.http.wire  -  >> "Accept-Encoding: gzip,deflate[\r][\n]"
70341 [TestNG-PoolService-2] DEBUG org.apache.http.wire  -  >> "[\r][\n]"
70341 [TestNG-PoolService-2] DEBUG org.apache.http.headers  - >> GET /data/2.5/weather?q=Jamshedpur&appid=7fe67bf08c80ded756e598d6f8fedaea HTTP/1.1
70341 [TestNG-PoolService-2] DEBUG org.apache.http.headers  - >> Accept: */*
70341 [TestNG-PoolService-2] DEBUG org.apache.http.headers  - >> Host: api.openweathermap.org
70341 [TestNG-PoolService-2] DEBUG org.apache.http.headers  - >> Connection: Keep-Alive
70341 [TestNG-PoolService-2] DEBUG org.apache.http.headers  - >> User-Agent: Apache-HttpClient/4.5.3 (Java/1.8.0_201)
70341 [TestNG-PoolService-2] DEBUG org.apache.http.headers  - >> Accept-Encoding: gzip,deflate
70409 [TestNG-PoolService-2] DEBUG org.apache.http.wire  -  << "HTTP/1.1 200 OK[\r][\n]"
70409 [TestNG-PoolService-2] DEBUG org.apache.http.wire  -  << "Server: openresty[\r][\n]"
70409 [TestNG-PoolService-2] DEBUG org.apache.http.wire  -  << "Date: Wed, 14 Oct 2020 23:47:54 GMT[\r][\n]"
70410 [TestNG-PoolService-2] DEBUG org.apache.http.wire  -  << "Content-Type: application/json; charset=utf-8[\r][\n]"
70410 [TestNG-PoolService-2] DEBUG org.apache.http.wire  -  << "Content-Length: 480[\r][\n]"
70410 [TestNG-PoolService-2] DEBUG org.apache.http.wire  -  << "Connection: keep-alive[\r][\n]"
70410 [TestNG-PoolService-2] DEBUG org.apache.http.wire  -  << "X-Cache-Key: /data/2.5/weather?q=jamshedpur[\r][\n]"
70410 [TestNG-PoolService-2] DEBUG org.apache.http.wire  -  << "Access-Control-Allow-Origin: *[\r][\n]"
70410 [TestNG-PoolService-2] DEBUG org.apache.http.wire  -  << "Access-Control-Allow-Credentials: true[\r][\n]"
70410 [TestNG-PoolService-2] DEBUG org.apache.http.wire  -  << "Access-Control-Allow-Methods: GET, POST[\r][\n]"
70410 [TestNG-PoolService-2] DEBUG org.apache.http.wire  -  << "[\r][\n]"
70410 [TestNG-PoolService-2] DEBUG org.apache.http.impl.conn.DefaultClientConnection  - Receiving response: HTTP/1.1 200 OK
70410 [TestNG-PoolService-2] DEBUG org.apache.http.headers  - << HTTP/1.1 200 OK
70410 [TestNG-PoolService-2] DEBUG org.apache.http.headers  - << Server: openresty
70410 [TestNG-PoolService-2] DEBUG org.apache.http.headers  - << Date: Wed, 14 Oct 2020 23:47:54 GMT
70410 [TestNG-PoolService-2] DEBUG org.apache.http.headers  - << Content-Type: application/json; charset=utf-8
70410 [TestNG-PoolService-2] DEBUG org.apache.http.headers  - << Content-Length: 480
70410 [TestNG-PoolService-2] DEBUG org.apache.http.headers  - << Connection: keep-alive
70410 [TestNG-PoolService-2] DEBUG org.apache.http.headers  - << X-Cache-Key: /data/2.5/weather?q=jamshedpur
70410 [TestNG-PoolService-2] DEBUG org.apache.http.headers  - << Access-Control-Allow-Origin: *
70410 [TestNG-PoolService-2] DEBUG org.apache.http.headers  - << Access-Control-Allow-Credentials: true
70410 [TestNG-PoolService-2] DEBUG org.apache.http.headers  - << Access-Control-Allow-Methods: GET, POST
70410 [TestNG-PoolService-2] DEBUG org.apache.http.impl.client.DefaultHttpClient  - Connection can be kept alive indefinitely
70410 [TestNG-PoolService-2] DEBUG io.restassured.internal.RequestSpecificationImpl$RestAssuredHttpBuilder  - Parsing response as: application/json; charset=utf-8
70410 [TestNG-PoolService-2] DEBUG io.restassured.internal.RequestSpecificationImpl$RestAssuredHttpBuilder  - Parsed data to instance of: class org.apache.http.conn.EofSensorInputStream
io.restassured.internal.RestAssuredResponseImpl@528213ec
70410 [TestNG-PoolService-2] DEBUG org.apache.http.wire  -  << "{"coord":{"lon":86.18,"lat":22.8},"weather":[{"id":800,"main":"Clear","description":"clear sky","icon":"01n"}],"base":"stations","main":{"temp":297.72,"feels_like":301.7,"temp_min":297.72,"temp_max":297.72,"pressure":1008,"humidity":85,"sea_level":1008,"grnd_level":989},"visibility":10000,"wind":{"speed":0.93,"deg":47},"clouds":{"all":0},"dt":1602719101,"sys":{"country":"IN","sunrise":1602720707,"sunset":1602762596},"timezone":19800,"id":1269300,"name":"Jamshedpur","cod":200}"
70411 [TestNG-PoolService-2] DEBUG org.apache.http.impl.conn.BasicClientConnectionManager  - Releasing connection org.apache.http.impl.conn.ManagedClientConnectionImpl@1f76b22a
70411 [TestNG-PoolService-2] DEBUG org.apache.http.impl.conn.BasicClientConnectionManager  - Connection can be kept alive indefinitely
{"coord":{"lon":86.18,"lat":22.8},"weather":[{"id":800,"main":"Clear","description":"clear sky","icon":"01n"}],"base":"stations","main":{"temp":297.72,"feels_like":301.7,"temp_min":297.72,"temp_max":297.72,"pressure":1008,"humidity":85,"sea_level":1008,"grnd_level":989},"visibility":10000,"wind":{"speed":0.93,"deg":47},"clouds":{"all":0},"dt":1602719101,"sys":{"country":"IN","sunrise":1602720707,"sunset":1602762596},"timezone":19800,"id":1269300,"name":"Jamshedpur","cod":200}
297.72
Celsius: 24.570007
70411 [TestNG-PoolService-2] INFO org.apache.log4j.Logger  - Temperature from API is 24.570007 for City Jamshedpur
70411 [TestNG-PoolService-2] INFO org.apache.log4j.Logger  - PASS: Difference between the API 24.570007 and UI 32.0 temp: 7.4299927 for City Jamshedpur is less than variance set: 10
71142 [TestNG-PoolService-5] INFO org.apache.log4j.Logger  - Temperature on UI is 35.0 for City Jhansi
71143 [TestNG-PoolService-5] INFO org.apache.log4j.Logger  - Get Temp using API
71146 [TestNG-PoolService-5] DEBUG org.apache.http.impl.conn.BasicClientConnectionManager  - Get connection for route {}->http://api.openweathermap.org:80
71146 [TestNG-PoolService-5] DEBUG org.apache.http.impl.conn.DefaultClientConnectionOperator  - Connecting to api.openweathermap.org:80
71210 [TestNG-PoolService-5] DEBUG org.apache.http.client.protocol.RequestAddCookies  - CookieSpec selected: ignoreCookies
71210 [TestNG-PoolService-5] DEBUG org.apache.http.client.protocol.RequestAuthCache  - Auth cache not set in the context
71210 [TestNG-PoolService-5] DEBUG org.apache.http.client.protocol.RequestTargetAuthentication  - Target auth state: UNCHALLENGED
71210 [TestNG-PoolService-5] DEBUG org.apache.http.client.protocol.RequestProxyAuthentication  - Proxy auth state: UNCHALLENGED
71210 [TestNG-PoolService-5] DEBUG org.apache.http.impl.client.DefaultHttpClient  - Attempt 1 to execute request
71210 [TestNG-PoolService-5] DEBUG org.apache.http.impl.conn.DefaultClientConnection  - Sending request: GET /data/2.5/weather?q=Jhansi&appid=7fe67bf08c80ded756e598d6f8fedaea HTTP/1.1
71210 [TestNG-PoolService-5] DEBUG org.apache.http.wire  -  >> "GET /data/2.5/weather?q=Jhansi&appid=7fe67bf08c80ded756e598d6f8fedaea HTTP/1.1[\r][\n]"
71211 [TestNG-PoolService-5] DEBUG org.apache.http.wire  -  >> "Accept: */*[\r][\n]"
71211 [TestNG-PoolService-5] DEBUG org.apache.http.wire  -  >> "Host: api.openweathermap.org[\r][\n]"
71211 [TestNG-PoolService-5] DEBUG org.apache.http.wire  -  >> "Connection: Keep-Alive[\r][\n]"
71211 [TestNG-PoolService-5] DEBUG org.apache.http.wire  -  >> "User-Agent: Apache-HttpClient/4.5.3 (Java/1.8.0_201)[\r][\n]"
71211 [TestNG-PoolService-5] DEBUG org.apache.http.wire  -  >> "Accept-Encoding: gzip,deflate[\r][\n]"
71211 [TestNG-PoolService-5] DEBUG org.apache.http.wire  -  >> "[\r][\n]"
71211 [TestNG-PoolService-5] DEBUG org.apache.http.headers  - >> GET /data/2.5/weather?q=Jhansi&appid=7fe67bf08c80ded756e598d6f8fedaea HTTP/1.1
71211 [TestNG-PoolService-5] DEBUG org.apache.http.headers  - >> Accept: */*
71211 [TestNG-PoolService-5] DEBUG org.apache.http.headers  - >> Host: api.openweathermap.org
71211 [TestNG-PoolService-5] DEBUG org.apache.http.headers  - >> Connection: Keep-Alive
71211 [TestNG-PoolService-5] DEBUG org.apache.http.headers  - >> User-Agent: Apache-HttpClient/4.5.3 (Java/1.8.0_201)
71211 [TestNG-PoolService-5] DEBUG org.apache.http.headers  - >> Accept-Encoding: gzip,deflate
71328 [TestNG-PoolService-5] DEBUG org.apache.http.wire  -  << "HTTP/1.1 200 OK[\r][\n]"
71328 [TestNG-PoolService-5] DEBUG org.apache.http.wire  -  << "Server: openresty[\r][\n]"
71328 [TestNG-PoolService-5] DEBUG org.apache.http.wire  -  << "Date: Wed, 14 Oct 2020 23:47:55 GMT[\r][\n]"
71328 [TestNG-PoolService-5] DEBUG org.apache.http.wire  -  << "Content-Type: application/json; charset=utf-8[\r][\n]"
71328 [TestNG-PoolService-5] DEBUG org.apache.http.wire  -  << "Content-Length: 482[\r][\n]"
71328 [TestNG-PoolService-5] DEBUG org.apache.http.wire  -  << "Connection: keep-alive[\r][\n]"
71328 [TestNG-PoolService-5] DEBUG org.apache.http.wire  -  << "X-Cache-Key: /data/2.5/weather?q=jhansi[\r][\n]"
71328 [TestNG-PoolService-5] DEBUG org.apache.http.wire  -  << "Access-Control-Allow-Origin: *[\r][\n]"
71328 [TestNG-PoolService-5] DEBUG org.apache.http.wire  -  << "Access-Control-Allow-Credentials: true[\r][\n]"
71328 [TestNG-PoolService-5] DEBUG org.apache.http.wire  -  << "Access-Control-Allow-Methods: GET, POST[\r][\n]"
71328 [TestNG-PoolService-5] DEBUG org.apache.http.wire  -  << "[\r][\n]"
71328 [TestNG-PoolService-5] DEBUG org.apache.http.impl.conn.DefaultClientConnection  - Receiving response: HTTP/1.1 200 OK
71328 [TestNG-PoolService-5] DEBUG org.apache.http.headers  - << HTTP/1.1 200 OK
71328 [TestNG-PoolService-5] DEBUG org.apache.http.headers  - << Server: openresty
71328 [TestNG-PoolService-5] DEBUG org.apache.http.headers  - << Date: Wed, 14 Oct 2020 23:47:55 GMT
71328 [TestNG-PoolService-5] DEBUG org.apache.http.headers  - << Content-Type: application/json; charset=utf-8
71328 [TestNG-PoolService-5] DEBUG org.apache.http.headers  - << Content-Length: 482
71328 [TestNG-PoolService-5] DEBUG org.apache.http.headers  - << Connection: keep-alive
71328 [TestNG-PoolService-5] DEBUG org.apache.http.headers  - << X-Cache-Key: /data/2.5/weather?q=jhansi
71328 [TestNG-PoolService-5] DEBUG org.apache.http.headers  - << Access-Control-Allow-Origin: *
71328 [TestNG-PoolService-5] DEBUG org.apache.http.headers  - << Access-Control-Allow-Credentials: true
71328 [TestNG-PoolService-5] DEBUG org.apache.http.headers  - << Access-Control-Allow-Methods: GET, POST
71328 [TestNG-PoolService-5] DEBUG org.apache.http.impl.client.DefaultHttpClient  - Connection can be kept alive indefinitely
71328 [TestNG-PoolService-5] DEBUG io.restassured.internal.RequestSpecificationImpl$RestAssuredHttpBuilder  - Parsing response as: application/json; charset=utf-8
71328 [TestNG-PoolService-5] DEBUG io.restassured.internal.RequestSpecificationImpl$RestAssuredHttpBuilder  - Parsed data to instance of: class org.apache.http.conn.EofSensorInputStream
io.restassured.internal.RestAssuredResponseImpl@703d7fad
71329 [TestNG-PoolService-5] DEBUG org.apache.http.wire  -  << "{"coord":{"lon":78.58,"lat":25.43},"weather":[{"id":801,"main":"Clouds","description":"few clouds","icon":"02n"}],"base":"stations","main":{"temp":298.89,"feels_like":300.14,"temp_min":298.89,"temp_max":298.89,"pressure":1007,"humidity":66,"sea_level":1007,"grnd_level":979},"visibility":10000,"wind":{"speed":2.77,"deg":72},"clouds":{"all":22},"dt":1602719275,"sys":{"country":"IN","sunrise":1602722642,"sunset":1602764309},"timezone":19800,"id":1269006,"name":"Jh[0xc4][0x81]nsi","cod":200}"
71329 [TestNG-PoolService-5] DEBUG org.apache.http.impl.conn.BasicClientConnectionManager  - Releasing connection org.apache.http.impl.conn.ManagedClientConnectionImpl@6aa77b5a
71329 [TestNG-PoolService-5] DEBUG org.apache.http.impl.conn.BasicClientConnectionManager  - Connection can be kept alive indefinitely
{"coord":{"lon":78.58,"lat":25.43},"weather":[{"id":801,"main":"Clouds","description":"few clouds","icon":"02n"}],"base":"stations","main":{"temp":298.89,"feels_like":300.14,"temp_min":298.89,"temp_max":298.89,"pressure":1007,"humidity":66,"sea_level":1007,"grnd_level":979},"visibility":10000,"wind":{"speed":2.77,"deg":72},"clouds":{"all":22},"dt":1602719275,"sys":{"country":"IN","sunrise":1602722642,"sunset":1602764309},"timezone":19800,"id":1269006,"name":"Jhānsi","cod":200}
298.89
Celsius: 25.74002
71329 [TestNG-PoolService-5] INFO org.apache.log4j.Logger  - Temperature from API is 25.74002 for City Jhansi
71332 [TestNG-PoolService-5] INFO org.apache.log4j.Logger  - PASS: Difference between the API 25.74002 and UI 35.0 temp: 9.259979 for City Jhansi is less than variance set: 10
71732 [TestNG-PoolService-9] INFO org.apache.log4j.Logger  - Temperature on UI is 36.0 for City Jodhpur
71732 [TestNG-PoolService-9] INFO org.apache.log4j.Logger  - Get Temp using API
71735 [TestNG-PoolService-9] DEBUG org.apache.http.impl.conn.BasicClientConnectionManager  - Get connection for route {}->http://api.openweathermap.org:80
71735 [TestNG-PoolService-9] DEBUG org.apache.http.impl.conn.DefaultClientConnectionOperator  - Connecting to api.openweathermap.org:80
71799 [TestNG-PoolService-9] DEBUG org.apache.http.client.protocol.RequestAddCookies  - CookieSpec selected: ignoreCookies
71799 [TestNG-PoolService-9] DEBUG org.apache.http.client.protocol.RequestAuthCache  - Auth cache not set in the context
71799 [TestNG-PoolService-9] DEBUG org.apache.http.client.protocol.RequestTargetAuthentication  - Target auth state: UNCHALLENGED
71799 [TestNG-PoolService-9] DEBUG org.apache.http.client.protocol.RequestProxyAuthentication  - Proxy auth state: UNCHALLENGED
71799 [TestNG-PoolService-9] DEBUG org.apache.http.impl.client.DefaultHttpClient  - Attempt 1 to execute request
71799 [TestNG-PoolService-9] DEBUG org.apache.http.impl.conn.DefaultClientConnection  - Sending request: GET /data/2.5/weather?q=Jodhpur&appid=7fe67bf08c80ded756e598d6f8fedaea HTTP/1.1
71799 [TestNG-PoolService-9] DEBUG org.apache.http.wire  -  >> "GET /data/2.5/weather?q=Jodhpur&appid=7fe67bf08c80ded756e598d6f8fedaea HTTP/1.1[\r][\n]"
71799 [TestNG-PoolService-9] DEBUG org.apache.http.wire  -  >> "Accept: */*[\r][\n]"
71799 [TestNG-PoolService-9] DEBUG org.apache.http.wire  -  >> "Host: api.openweathermap.org[\r][\n]"
71799 [TestNG-PoolService-9] DEBUG org.apache.http.wire  -  >> "Connection: Keep-Alive[\r][\n]"
71800 [TestNG-PoolService-9] DEBUG org.apache.http.wire  -  >> "User-Agent: Apache-HttpClient/4.5.3 (Java/1.8.0_201)[\r][\n]"
71800 [TestNG-PoolService-9] DEBUG org.apache.http.wire  -  >> "Accept-Encoding: gzip,deflate[\r][\n]"
71800 [TestNG-PoolService-9] DEBUG org.apache.http.wire  -  >> "[\r][\n]"
71800 [TestNG-PoolService-9] DEBUG org.apache.http.headers  - >> GET /data/2.5/weather?q=Jodhpur&appid=7fe67bf08c80ded756e598d6f8fedaea HTTP/1.1
71800 [TestNG-PoolService-9] DEBUG org.apache.http.headers  - >> Accept: */*
71800 [TestNG-PoolService-9] DEBUG org.apache.http.headers  - >> Host: api.openweathermap.org
71800 [TestNG-PoolService-9] DEBUG org.apache.http.headers  - >> Connection: Keep-Alive
71800 [TestNG-PoolService-9] DEBUG org.apache.http.headers  - >> User-Agent: Apache-HttpClient/4.5.3 (Java/1.8.0_201)
71800 [TestNG-PoolService-9] DEBUG org.apache.http.headers  - >> Accept-Encoding: gzip,deflate
71891 [TestNG-PoolService-9] DEBUG org.apache.http.wire  -  << "HTTP/1.1 200 OK[\r][\n]"
71891 [TestNG-PoolService-9] DEBUG org.apache.http.wire  -  << "Server: openresty[\r][\n]"
71891 [TestNG-PoolService-9] DEBUG org.apache.http.wire  -  << "Date: Wed, 14 Oct 2020 23:47:56 GMT[\r][\n]"
71891 [TestNG-PoolService-9] DEBUG org.apache.http.wire  -  << "Content-Type: application/json; charset=utf-8[\r][\n]"
71891 [TestNG-PoolService-9] DEBUG org.apache.http.wire  -  << "Content-Length: 479[\r][\n]"
71891 [TestNG-PoolService-9] DEBUG org.apache.http.wire  -  << "Connection: keep-alive[\r][\n]"
71891 [TestNG-PoolService-9] DEBUG org.apache.http.wire  -  << "X-Cache-Key: /data/2.5/weather?q=jodhpur[\r][\n]"
71891 [TestNG-PoolService-9] DEBUG org.apache.http.wire  -  << "Access-Control-Allow-Origin: *[\r][\n]"
71891 [TestNG-PoolService-9] DEBUG org.apache.http.wire  -  << "Access-Control-Allow-Credentials: true[\r][\n]"
71891 [TestNG-PoolService-9] DEBUG org.apache.http.wire  -  << "Access-Control-Allow-Methods: GET, POST[\r][\n]"
71891 [TestNG-PoolService-9] DEBUG org.apache.http.wire  -  << "[\r][\n]"
71891 [TestNG-PoolService-9] DEBUG org.apache.http.impl.conn.DefaultClientConnection  - Receiving response: HTTP/1.1 200 OK
71891 [TestNG-PoolService-9] DEBUG org.apache.http.headers  - << HTTP/1.1 200 OK
71891 [TestNG-PoolService-9] DEBUG org.apache.http.headers  - << Server: openresty
71891 [TestNG-PoolService-9] DEBUG org.apache.http.headers  - << Date: Wed, 14 Oct 2020 23:47:56 GMT
71891 [TestNG-PoolService-9] DEBUG org.apache.http.headers  - << Content-Type: application/json; charset=utf-8
71891 [TestNG-PoolService-9] DEBUG org.apache.http.headers  - << Content-Length: 479
71891 [TestNG-PoolService-9] DEBUG org.apache.http.headers  - << Connection: keep-alive
71891 [TestNG-PoolService-9] DEBUG org.apache.http.headers  - << X-Cache-Key: /data/2.5/weather?q=jodhpur
71891 [TestNG-PoolService-9] DEBUG org.apache.http.headers  - << Access-Control-Allow-Origin: *
71891 [TestNG-PoolService-9] DEBUG org.apache.http.headers  - << Access-Control-Allow-Credentials: true
71891 [TestNG-PoolService-9] DEBUG org.apache.http.headers  - << Access-Control-Allow-Methods: GET, POST
71891 [TestNG-PoolService-9] DEBUG org.apache.http.impl.client.DefaultHttpClient  - Connection can be kept alive indefinitely
71891 [TestNG-PoolService-9] DEBUG io.restassured.internal.RequestSpecificationImpl$RestAssuredHttpBuilder  - Parsing response as: application/json; charset=utf-8
71891 [TestNG-PoolService-9] DEBUG io.restassured.internal.RequestSpecificationImpl$RestAssuredHttpBuilder  - Parsed data to instance of: class org.apache.http.conn.EofSensorInputStream
io.restassured.internal.RestAssuredResponseImpl@3a559642
71892 [TestNG-PoolService-9] DEBUG org.apache.http.wire  -  << "{"coord":{"lon":73.03,"lat":26.29},"weather":[{"id":800,"main":"Clear","description":"clear sky","icon":"01n"}],"base":"stations","main":{"temp":298.87,"feels_like":294.62,"temp_min":298.87,"temp_max":298.87,"pressure":1007,"humidity":27,"sea_level":1007,"grnd_level":979},"visibility":10000,"wind":{"speed":4.55,"deg":43},"clouds":{"all":5},"dt":1602719276,"sys":{"country":"IN","sunrise":1602724011,"sunset":1602765603},"timezone":19800,"id":1268865,"name":"Jodhpur","cod":200}"
71893 [TestNG-PoolService-9] DEBUG org.apache.http.impl.conn.BasicClientConnectionManager  - Releasing connection org.apache.http.impl.conn.ManagedClientConnectionImpl@15d9cc65
71893 [TestNG-PoolService-9] DEBUG org.apache.http.impl.conn.BasicClientConnectionManager  - Connection can be kept alive indefinitely
{"coord":{"lon":73.03,"lat":26.29},"weather":[{"id":800,"main":"Clear","description":"clear sky","icon":"01n"}],"base":"stations","main":{"temp":298.87,"feels_like":294.62,"temp_min":298.87,"temp_max":298.87,"pressure":1007,"humidity":27,"sea_level":1007,"grnd_level":979},"visibility":10000,"wind":{"speed":4.55,"deg":43},"clouds":{"all":5},"dt":1602719276,"sys":{"country":"IN","sunrise":1602724011,"sunset":1602765603},"timezone":19800,"id":1268865,"name":"Jodhpur","cod":200}
298.87
Celsius: 25.720001
71893 [TestNG-PoolService-9] INFO org.apache.log4j.Logger  - Temperature from API is 25.720001 for City Jodhpur
71893 [TestNG-PoolService-9] ERROR org.apache.log4j.Logger  - FAIL: Difference between the API 25.720001 and UI 36.0 temp: 10.279999 for City Jodhpur is greater than variance set:10
72251 [Finalizer] DEBUG org.apache.http.impl.conn.DefaultClientConnection  - Connection 0.0.0.0:55534<->178.128.122.9:80 closed
72252 [Finalizer] DEBUG org.apache.http.impl.conn.DefaultClientConnection  - Connection 0.0.0.0:55536<->178.128.122.9:80 closed
72252 [Finalizer] DEBUG org.apache.http.impl.conn.DefaultClientConnection  - Connection 0.0.0.0:55535<->178.128.122.9:80 closed
72321 [TestNG-PoolService-7] INFO org.apache.log4j.Logger  - Temperature on UI is 31.0 for City Kharagpur
72321 [TestNG-PoolService-7] INFO org.apache.log4j.Logger  - Get Temp using API
72324 [TestNG-PoolService-7] DEBUG org.apache.http.impl.conn.BasicClientConnectionManager  - Get connection for route {}->http://api.openweathermap.org:80
72324 [TestNG-PoolService-7] DEBUG org.apache.http.impl.conn.DefaultClientConnectionOperator  - Connecting to api.openweathermap.org:80
72383 [TestNG-PoolService-7] DEBUG org.apache.http.client.protocol.RequestAddCookies  - CookieSpec selected: ignoreCookies
72383 [TestNG-PoolService-7] DEBUG org.apache.http.client.protocol.RequestAuthCache  - Auth cache not set in the context
72383 [TestNG-PoolService-7] DEBUG org.apache.http.client.protocol.RequestTargetAuthentication  - Target auth state: UNCHALLENGED
72383 [TestNG-PoolService-7] DEBUG org.apache.http.client.protocol.RequestProxyAuthentication  - Proxy auth state: UNCHALLENGED
72383 [TestNG-PoolService-7] DEBUG org.apache.http.impl.client.DefaultHttpClient  - Attempt 1 to execute request
72383 [TestNG-PoolService-7] DEBUG org.apache.http.impl.conn.DefaultClientConnection  - Sending request: GET /data/2.5/weather?q=Kharagpur&appid=7fe67bf08c80ded756e598d6f8fedaea HTTP/1.1
72383 [TestNG-PoolService-7] DEBUG org.apache.http.wire  -  >> "GET /data/2.5/weather?q=Kharagpur&appid=7fe67bf08c80ded756e598d6f8fedaea HTTP/1.1[\r][\n]"
72383 [TestNG-PoolService-7] DEBUG org.apache.http.wire  -  >> "Accept: */*[\r][\n]"
72383 [TestNG-PoolService-7] DEBUG org.apache.http.wire  -  >> "Host: api.openweathermap.org[\r][\n]"
72383 [TestNG-PoolService-7] DEBUG org.apache.http.wire  -  >> "Connection: Keep-Alive[\r][\n]"
72383 [TestNG-PoolService-7] DEBUG org.apache.http.wire  -  >> "User-Agent: Apache-HttpClient/4.5.3 (Java/1.8.0_201)[\r][\n]"
72383 [TestNG-PoolService-7] DEBUG org.apache.http.wire  -  >> "Accept-Encoding: gzip,deflate[\r][\n]"
72383 [TestNG-PoolService-7] DEBUG org.apache.http.wire  -  >> "[\r][\n]"
72383 [TestNG-PoolService-7] DEBUG org.apache.http.headers  - >> GET /data/2.5/weather?q=Kharagpur&appid=7fe67bf08c80ded756e598d6f8fedaea HTTP/1.1
72383 [TestNG-PoolService-7] DEBUG org.apache.http.headers  - >> Accept: */*
72383 [TestNG-PoolService-7] DEBUG org.apache.http.headers  - >> Host: api.openweathermap.org
72383 [TestNG-PoolService-7] DEBUG org.apache.http.headers  - >> Connection: Keep-Alive
72383 [TestNG-PoolService-7] DEBUG org.apache.http.headers  - >> User-Agent: Apache-HttpClient/4.5.3 (Java/1.8.0_201)
72383 [TestNG-PoolService-7] DEBUG org.apache.http.headers  - >> Accept-Encoding: gzip,deflate
72463 [TestNG-PoolService-7] DEBUG org.apache.http.wire  -  << "HTTP/1.1 200 OK[\r][\n]"
72463 [TestNG-PoolService-7] DEBUG org.apache.http.wire  -  << "Server: openresty[\r][\n]"
72463 [TestNG-PoolService-7] DEBUG org.apache.http.wire  -  << "Date: Wed, 14 Oct 2020 23:47:56 GMT[\r][\n]"
72463 [TestNG-PoolService-7] DEBUG org.apache.http.wire  -  << "Content-Type: application/json; charset=utf-8[\r][\n]"
72463 [TestNG-PoolService-7] DEBUG org.apache.http.wire  -  << "Content-Length: 485[\r][\n]"
72463 [TestNG-PoolService-7] DEBUG org.apache.http.wire  -  << "Connection: keep-alive[\r][\n]"
72463 [TestNG-PoolService-7] DEBUG org.apache.http.wire  -  << "X-Cache-Key: /data/2.5/weather?q=kharagpur[\r][\n]"
72463 [TestNG-PoolService-7] DEBUG org.apache.http.wire  -  << "Access-Control-Allow-Origin: *[\r][\n]"
72463 [TestNG-PoolService-7] DEBUG org.apache.http.wire  -  << "Access-Control-Allow-Credentials: true[\r][\n]"
72463 [TestNG-PoolService-7] DEBUG org.apache.http.wire  -  << "Access-Control-Allow-Methods: GET, POST[\r][\n]"
72463 [TestNG-PoolService-7] DEBUG org.apache.http.wire  -  << "[\r][\n]"
72463 [TestNG-PoolService-7] DEBUG org.apache.http.impl.conn.DefaultClientConnection  - Receiving response: HTTP/1.1 200 OK
72463 [TestNG-PoolService-7] DEBUG org.apache.http.headers  - << HTTP/1.1 200 OK
72463 [TestNG-PoolService-7] DEBUG org.apache.http.headers  - << Server: openresty
72463 [TestNG-PoolService-7] DEBUG org.apache.http.headers  - << Date: Wed, 14 Oct 2020 23:47:56 GMT
72463 [TestNG-PoolService-7] DEBUG org.apache.http.headers  - << Content-Type: application/json; charset=utf-8
72463 [TestNG-PoolService-7] DEBUG org.apache.http.headers  - << Content-Length: 485
72463 [TestNG-PoolService-7] DEBUG org.apache.http.headers  - << Connection: keep-alive
72463 [TestNG-PoolService-7] DEBUG org.apache.http.headers  - << X-Cache-Key: /data/2.5/weather?q=kharagpur
72463 [TestNG-PoolService-7] DEBUG org.apache.http.headers  - << Access-Control-Allow-Origin: *
72463 [TestNG-PoolService-7] DEBUG org.apache.http.headers  - << Access-Control-Allow-Credentials: true
72463 [TestNG-PoolService-7] DEBUG org.apache.http.headers  - << Access-Control-Allow-Methods: GET, POST
72463 [TestNG-PoolService-7] DEBUG org.apache.http.impl.client.DefaultHttpClient  - Connection can be kept alive indefinitely
72464 [TestNG-PoolService-7] DEBUG io.restassured.internal.RequestSpecificationImpl$RestAssuredHttpBuilder  - Parsing response as: application/json; charset=utf-8
72464 [TestNG-PoolService-7] DEBUG io.restassured.internal.RequestSpecificationImpl$RestAssuredHttpBuilder  - Parsed data to instance of: class org.apache.http.conn.EofSensorInputStream
io.restassured.internal.RestAssuredResponseImpl@176a67bc
72464 [TestNG-PoolService-7] DEBUG org.apache.http.wire  -  << "{"coord":{"lon":87.33,"lat":22.33},"weather":[{"id":801,"main":"Clouds","description":"few clouds","icon":"02n"}],"base":"stations","main":{"temp":297.47,"feels_like":301.34,"temp_min":297.47,"temp_max":297.47,"pressure":1007,"humidity":92,"sea_level":1007,"grnd_level":1002},"visibility":10000,"wind":{"speed":1.91,"deg":50},"clouds":{"all":13},"dt":1602719276,"sys":{"country":"IN","sunrise":1602720412,"sunset":1602762340},"timezone":19800,"id":1266976,"name":"Kharagpur","cod":200}"
72464 [TestNG-PoolService-7] DEBUG org.apache.http.impl.conn.BasicClientConnectionManager  - Releasing connection org.apache.http.impl.conn.ManagedClientConnectionImpl@2cf95ebd
72464 [TestNG-PoolService-7] DEBUG org.apache.http.impl.conn.BasicClientConnectionManager  - Connection can be kept alive indefinitely
{"coord":{"lon":87.33,"lat":22.33},"weather":[{"id":801,"main":"Clouds","description":"few clouds","icon":"02n"}],"base":"stations","main":{"temp":297.47,"feels_like":301.34,"temp_min":297.47,"temp_max":297.47,"pressure":1007,"humidity":92,"sea_level":1007,"grnd_level":1002},"visibility":10000,"wind":{"speed":1.91,"deg":50},"clouds":{"all":13},"dt":1602719276,"sys":{"country":"IN","sunrise":1602720412,"sunset":1602762340},"timezone":19800,"id":1266976,"name":"Kharagpur","cod":200}
297.47
Celsius: 24.320007
72465 [TestNG-PoolService-7] INFO org.apache.log4j.Logger  - Temperature from API is 24.320007 for City Kharagpur
72473 [TestNG-PoolService-7] INFO org.apache.log4j.Logger  - PASS: Difference between the API 24.320007 and UI 31.0 temp: 6.6799927 for City Kharagpur is less than variance set: 10
72922 [TestNG-PoolService-0] INFO org.apache.log4j.Logger  - Temperature on UI is 35.0 for City Kanpur
72922 [TestNG-PoolService-0] INFO org.apache.log4j.Logger  - Get Temp using API
72925 [TestNG-PoolService-0] DEBUG org.apache.http.impl.conn.BasicClientConnectionManager  - Get connection for route {}->http://api.openweathermap.org:80
72926 [TestNG-PoolService-0] DEBUG org.apache.http.impl.conn.DefaultClientConnectionOperator  - Connecting to api.openweathermap.org:80
72982 [TestNG-PoolService-0] DEBUG org.apache.http.client.protocol.RequestAddCookies  - CookieSpec selected: ignoreCookies
72982 [TestNG-PoolService-0] DEBUG org.apache.http.client.protocol.RequestAuthCache  - Auth cache not set in the context
72982 [TestNG-PoolService-0] DEBUG org.apache.http.client.protocol.RequestTargetAuthentication  - Target auth state: UNCHALLENGED
72982 [TestNG-PoolService-0] DEBUG org.apache.http.client.protocol.RequestProxyAuthentication  - Proxy auth state: UNCHALLENGED
72982 [TestNG-PoolService-0] DEBUG org.apache.http.impl.client.DefaultHttpClient  - Attempt 1 to execute request
72982 [TestNG-PoolService-0] DEBUG org.apache.http.impl.conn.DefaultClientConnection  - Sending request: GET /data/2.5/weather?q=Kanpur&appid=7fe67bf08c80ded756e598d6f8fedaea HTTP/1.1
72982 [TestNG-PoolService-0] DEBUG org.apache.http.wire  -  >> "GET /data/2.5/weather?q=Kanpur&appid=7fe67bf08c80ded756e598d6f8fedaea HTTP/1.1[\r][\n]"
72982 [TestNG-PoolService-0] DEBUG org.apache.http.wire  -  >> "Accept: */*[\r][\n]"
72982 [TestNG-PoolService-0] DEBUG org.apache.http.wire  -  >> "Host: api.openweathermap.org[\r][\n]"
72984 [TestNG-PoolService-0] DEBUG org.apache.http.wire  -  >> "Connection: Keep-Alive[\r][\n]"
72984 [TestNG-PoolService-0] DEBUG org.apache.http.wire  -  >> "User-Agent: Apache-HttpClient/4.5.3 (Java/1.8.0_201)[\r][\n]"
72984 [TestNG-PoolService-0] DEBUG org.apache.http.wire  -  >> "Accept-Encoding: gzip,deflate[\r][\n]"
72984 [TestNG-PoolService-0] DEBUG org.apache.http.wire  -  >> "[\r][\n]"
72984 [TestNG-PoolService-0] DEBUG org.apache.http.headers  - >> GET /data/2.5/weather?q=Kanpur&appid=7fe67bf08c80ded756e598d6f8fedaea HTTP/1.1
72984 [TestNG-PoolService-0] DEBUG org.apache.http.headers  - >> Accept: */*
72984 [TestNG-PoolService-0] DEBUG org.apache.http.headers  - >> Host: api.openweathermap.org
72984 [TestNG-PoolService-0] DEBUG org.apache.http.headers  - >> Connection: Keep-Alive
72984 [TestNG-PoolService-0] DEBUG org.apache.http.headers  - >> User-Agent: Apache-HttpClient/4.5.3 (Java/1.8.0_201)
72984 [TestNG-PoolService-0] DEBUG org.apache.http.headers  - >> Accept-Encoding: gzip,deflate
73043 [TestNG-PoolService-0] DEBUG org.apache.http.wire  -  << "HTTP/1.1 200 OK[\r][\n]"
73043 [TestNG-PoolService-0] DEBUG org.apache.http.wire  -  << "Server: openresty[\r][\n]"
73043 [TestNG-PoolService-0] DEBUG org.apache.http.wire  -  << "Date: Wed, 14 Oct 2020 23:47:57 GMT[\r][\n]"
73043 [TestNG-PoolService-0] DEBUG org.apache.http.wire  -  << "Content-Type: application/json; charset=utf-8[\r][\n]"
73043 [TestNG-PoolService-0] DEBUG org.apache.http.wire  -  << "Content-Length: 457[\r][\n]"
73043 [TestNG-PoolService-0] DEBUG org.apache.http.wire  -  << "Connection: keep-alive[\r][\n]"
73043 [TestNG-PoolService-0] DEBUG org.apache.http.wire  -  << "X-Cache-Key: /data/2.5/weather?q=kanpur[\r][\n]"
73043 [TestNG-PoolService-0] DEBUG org.apache.http.wire  -  << "Access-Control-Allow-Origin: *[\r][\n]"
73043 [TestNG-PoolService-0] DEBUG org.apache.http.wire  -  << "Access-Control-Allow-Credentials: true[\r][\n]"
73043 [TestNG-PoolService-0] DEBUG org.apache.http.wire  -  << "Access-Control-Allow-Methods: GET, POST[\r][\n]"
73043 [TestNG-PoolService-0] DEBUG org.apache.http.wire  -  << "[\r][\n]"
73043 [TestNG-PoolService-0] DEBUG org.apache.http.impl.conn.DefaultClientConnection  - Receiving response: HTTP/1.1 200 OK
73043 [TestNG-PoolService-0] DEBUG org.apache.http.headers  - << HTTP/1.1 200 OK
73043 [TestNG-PoolService-0] DEBUG org.apache.http.headers  - << Server: openresty
73043 [TestNG-PoolService-0] DEBUG org.apache.http.headers  - << Date: Wed, 14 Oct 2020 23:47:57 GMT
73043 [TestNG-PoolService-0] DEBUG org.apache.http.headers  - << Content-Type: application/json; charset=utf-8
73043 [TestNG-PoolService-0] DEBUG org.apache.http.headers  - << Content-Length: 457
73043 [TestNG-PoolService-0] DEBUG org.apache.http.headers  - << Connection: keep-alive
73044 [TestNG-PoolService-0] DEBUG org.apache.http.headers  - << X-Cache-Key: /data/2.5/weather?q=kanpur
73044 [TestNG-PoolService-0] DEBUG org.apache.http.headers  - << Access-Control-Allow-Origin: *
73044 [TestNG-PoolService-0] DEBUG org.apache.http.headers  - << Access-Control-Allow-Credentials: true
73044 [TestNG-PoolService-0] DEBUG org.apache.http.headers  - << Access-Control-Allow-Methods: GET, POST
73044 [TestNG-PoolService-0] DEBUG org.apache.http.impl.client.DefaultHttpClient  - Connection can be kept alive indefinitely
73044 [TestNG-PoolService-0] DEBUG io.restassured.internal.RequestSpecificationImpl$RestAssuredHttpBuilder  - Parsing response as: application/json; charset=utf-8
73044 [TestNG-PoolService-0] DEBUG io.restassured.internal.RequestSpecificationImpl$RestAssuredHttpBuilder  - Parsed data to instance of: class org.apache.http.conn.EofSensorInputStream
io.restassured.internal.RestAssuredResponseImpl@c1a8d99
73045 [TestNG-PoolService-0] DEBUG org.apache.http.wire  -  << "{"coord":{"lon":80.35,"lat":26.47},"weather":[{"id":701,"main":"Mist","description":"mist","icon":"50n"}],"base":"stations","main":{"temp":300.15,"feels_like":304.81,"temp_min":300.15,"temp_max":300.15,"pressure":1006,"humidity":88},"visibility":3000,"wind":{"speed":2.38,"deg":82},"clouds":{"all":27},"dt":1602719256,"sys":{"type":1,"id":9176,"country":"IN","sunrise":1602722261,"sunset":1602763840},"timezone":19800,"id":1267995,"name":"Kanpur","cod":200}"
73046 [TestNG-PoolService-0] DEBUG org.apache.http.impl.conn.BasicClientConnectionManager  - Releasing connection org.apache.http.impl.conn.ManagedClientConnectionImpl@5d719f56
73046 [TestNG-PoolService-0] DEBUG org.apache.http.impl.conn.BasicClientConnectionManager  - Connection can be kept alive indefinitely
{"coord":{"lon":80.35,"lat":26.47},"weather":[{"id":701,"main":"Mist","description":"mist","icon":"50n"}],"base":"stations","main":{"temp":300.15,"feels_like":304.81,"temp_min":300.15,"temp_max":300.15,"pressure":1006,"humidity":88},"visibility":3000,"wind":{"speed":2.38,"deg":82},"clouds":{"all":27},"dt":1602719256,"sys":{"type":1,"id":9176,"country":"IN","sunrise":1602722261,"sunset":1602763840},"timezone":19800,"id":1267995,"name":"Kanpur","cod":200}
300.15
Celsius: 27.0
73048 [TestNG-PoolService-0] INFO org.apache.log4j.Logger  - Temperature from API is 27.0 for City Kanpur
73048 [TestNG-PoolService-0] INFO org.apache.log4j.Logger  - PASS: Difference between the API 27.0 and UI 35.0 temp: 8.0 for City Kanpur is less than variance set: 10
73525 [Finalizer] DEBUG org.apache.http.impl.conn.DefaultClientConnection  - Connection 0.0.0.0:55539<->178.128.122.9:80 closed
73525 [Finalizer] DEBUG org.apache.http.impl.conn.DefaultClientConnection  - Connection 0.0.0.0:55538<->178.128.122.9:80 closed
73544 [TestNG-PoolService-4] INFO org.apache.log4j.Logger  - Temperature on UI is 33.0 for City Karnal
73544 [TestNG-PoolService-4] INFO org.apache.log4j.Logger  - Get Temp using API
73548 [TestNG-PoolService-4] DEBUG org.apache.http.impl.conn.BasicClientConnectionManager  - Get connection for route {}->http://api.openweathermap.org:80
73548 [TestNG-PoolService-4] DEBUG org.apache.http.impl.conn.DefaultClientConnectionOperator  - Connecting to api.openweathermap.org:80
73605 [TestNG-PoolService-4] DEBUG org.apache.http.client.protocol.RequestAddCookies  - CookieSpec selected: ignoreCookies
73605 [TestNG-PoolService-4] DEBUG org.apache.http.client.protocol.RequestAuthCache  - Auth cache not set in the context
73605 [TestNG-PoolService-4] DEBUG org.apache.http.client.protocol.RequestTargetAuthentication  - Target auth state: UNCHALLENGED
73605 [TestNG-PoolService-4] DEBUG org.apache.http.client.protocol.RequestProxyAuthentication  - Proxy auth state: UNCHALLENGED
73605 [TestNG-PoolService-4] DEBUG org.apache.http.impl.client.DefaultHttpClient  - Attempt 1 to execute request
73605 [TestNG-PoolService-4] DEBUG org.apache.http.impl.conn.DefaultClientConnection  - Sending request: GET /data/2.5/weather?q=Karnal&appid=7fe67bf08c80ded756e598d6f8fedaea HTTP/1.1
73605 [TestNG-PoolService-4] DEBUG org.apache.http.wire  -  >> "GET /data/2.5/weather?q=Karnal&appid=7fe67bf08c80ded756e598d6f8fedaea HTTP/1.1[\r][\n]"
73605 [TestNG-PoolService-4] DEBUG org.apache.http.wire  -  >> "Accept: */*[\r][\n]"
73605 [TestNG-PoolService-4] DEBUG org.apache.http.wire  -  >> "Host: api.openweathermap.org[\r][\n]"
73605 [TestNG-PoolService-4] DEBUG org.apache.http.wire  -  >> "Connection: Keep-Alive[\r][\n]"
73605 [TestNG-PoolService-4] DEBUG org.apache.http.wire  -  >> "User-Agent: Apache-HttpClient/4.5.3 (Java/1.8.0_201)[\r][\n]"
73605 [TestNG-PoolService-4] DEBUG org.apache.http.wire  -  >> "Accept-Encoding: gzip,deflate[\r][\n]"
73605 [TestNG-PoolService-4] DEBUG org.apache.http.wire  -  >> "[\r][\n]"
73605 [TestNG-PoolService-4] DEBUG org.apache.http.headers  - >> GET /data/2.5/weather?q=Karnal&appid=7fe67bf08c80ded756e598d6f8fedaea HTTP/1.1
73605 [TestNG-PoolService-4] DEBUG org.apache.http.headers  - >> Accept: */*
73605 [TestNG-PoolService-4] DEBUG org.apache.http.headers  - >> Host: api.openweathermap.org
73605 [TestNG-PoolService-4] DEBUG org.apache.http.headers  - >> Connection: Keep-Alive
73605 [TestNG-PoolService-4] DEBUG org.apache.http.headers  - >> User-Agent: Apache-HttpClient/4.5.3 (Java/1.8.0_201)
73605 [TestNG-PoolService-4] DEBUG org.apache.http.headers  - >> Accept-Encoding: gzip,deflate
73665 [TestNG-PoolService-4] DEBUG org.apache.http.wire  -  << "HTTP/1.1 200 OK[\r][\n]"
73665 [TestNG-PoolService-4] DEBUG org.apache.http.wire  -  << "Server: openresty[\r][\n]"
73665 [TestNG-PoolService-4] DEBUG org.apache.http.wire  -  << "Date: Wed, 14 Oct 2020 23:47:57 GMT[\r][\n]"
73665 [TestNG-PoolService-4] DEBUG org.apache.http.wire  -  << "Content-Type: application/json; charset=utf-8[\r][\n]"
73665 [TestNG-PoolService-4] DEBUG org.apache.http.wire  -  << "Content-Length: 478[\r][\n]"
73665 [TestNG-PoolService-4] DEBUG org.apache.http.wire  -  << "Connection: keep-alive[\r][\n]"
73665 [TestNG-PoolService-4] DEBUG org.apache.http.wire  -  << "X-Cache-Key: /data/2.5/weather?q=karnal[\r][\n]"
73665 [TestNG-PoolService-4] DEBUG org.apache.http.wire  -  << "Access-Control-Allow-Origin: *[\r][\n]"
73666 [TestNG-PoolService-4] DEBUG org.apache.http.wire  -  << "Access-Control-Allow-Credentials: true[\r][\n]"
73666 [TestNG-PoolService-4] DEBUG org.apache.http.wire  -  << "Access-Control-Allow-Methods: GET, POST[\r][\n]"
73666 [TestNG-PoolService-4] DEBUG org.apache.http.wire  -  << "[\r][\n]"
73666 [TestNG-PoolService-4] DEBUG org.apache.http.impl.conn.DefaultClientConnection  - Receiving response: HTTP/1.1 200 OK
73666 [TestNG-PoolService-4] DEBUG org.apache.http.headers  - << HTTP/1.1 200 OK
73666 [TestNG-PoolService-4] DEBUG org.apache.http.headers  - << Server: openresty
73666 [TestNG-PoolService-4] DEBUG org.apache.http.headers  - << Date: Wed, 14 Oct 2020 23:47:57 GMT
73666 [TestNG-PoolService-4] DEBUG org.apache.http.headers  - << Content-Type: application/json; charset=utf-8
73666 [TestNG-PoolService-4] DEBUG org.apache.http.headers  - << Content-Length: 478
73666 [TestNG-PoolService-4] DEBUG org.apache.http.headers  - << Connection: keep-alive
73666 [TestNG-PoolService-4] DEBUG org.apache.http.headers  - << X-Cache-Key: /data/2.5/weather?q=karnal
73666 [TestNG-PoolService-4] DEBUG org.apache.http.headers  - << Access-Control-Allow-Origin: *
73666 [TestNG-PoolService-4] DEBUG org.apache.http.headers  - << Access-Control-Allow-Credentials: true
73666 [TestNG-PoolService-4] DEBUG org.apache.http.headers  - << Access-Control-Allow-Methods: GET, POST
73666 [TestNG-PoolService-4] DEBUG org.apache.http.impl.client.DefaultHttpClient  - Connection can be kept alive indefinitely
73666 [TestNG-PoolService-4] DEBUG io.restassured.internal.RequestSpecificationImpl$RestAssuredHttpBuilder  - Parsing response as: application/json; charset=utf-8
73666 [TestNG-PoolService-4] DEBUG io.restassured.internal.RequestSpecificationImpl$RestAssuredHttpBuilder  - Parsed data to instance of: class org.apache.http.conn.EofSensorInputStream
io.restassured.internal.RestAssuredResponseImpl@45801816
73667 [TestNG-PoolService-4] DEBUG org.apache.http.wire  -  << "{"coord":{"lon":76.98,"lat":29.68},"weather":[{"id":800,"main":"Clear","description":"clear sky","icon":"01n"}],"base":"stations","main":{"temp":293.85,"feels_like":291.59,"temp_min":293.85,"temp_max":293.85,"pressure":1007,"humidity":36,"sea_level":1007,"grnd_level":979},"visibility":10000,"wind":{"speed":1.65,"deg":8},"clouds":{"all":0},"dt":1602719275,"sys":{"country":"IN","sunrise":1602723214,"sunset":1602764505},"timezone":19800,"id":1267708,"name":"Karn[0xc4][0x81]l","cod":200}"
73667 [TestNG-PoolService-4] DEBUG org.apache.http.impl.conn.BasicClientConnectionManager  - Releasing connection org.apache.http.impl.conn.ManagedClientConnectionImpl@6f0c4894
73667 [TestNG-PoolService-4] DEBUG org.apache.http.impl.conn.BasicClientConnectionManager  - Connection can be kept alive indefinitely
{"coord":{"lon":76.98,"lat":29.68},"weather":[{"id":800,"main":"Clear","description":"clear sky","icon":"01n"}],"base":"stations","main":{"temp":293.85,"feels_like":291.59,"temp_min":293.85,"temp_max":293.85,"pressure":1007,"humidity":36,"sea_level":1007,"grnd_level":979},"visibility":10000,"wind":{"speed":1.65,"deg":8},"clouds":{"all":0},"dt":1602719275,"sys":{"country":"IN","sunrise":1602723214,"sunset":1602764505},"timezone":19800,"id":1267708,"name":"Karnāl","cod":200}
293.85
Celsius: 20.700012
73668 [TestNG-PoolService-4] INFO org.apache.log4j.Logger  - Temperature from API is 20.700012 for City Karnal
73668 [TestNG-PoolService-4] ERROR org.apache.log4j.Logger  - FAIL: Difference between the API 20.700012 and UI 33.0 temp: 12.299988 for City Karnal is greater than variance set:10
]]></system-out>
  </testcase>
  <testcase name="getTemp[com.temp.test.City@2a68557d](40)" classname="com.temp.test.TestsWeather" time="0.211">
    <system-out><![CDATA[74077 [TestNG-PoolService-2] INFO org.apache.log4j.Logger  - Select the city on the pin menu
74134 [TestNG-PoolService-8] INFO org.apache.log4j.Logger  - Temperature on UI is 23.0 for City Kolhapur
74134 [TestNG-PoolService-8] INFO org.apache.log4j.Logger  - Get Temp using API
74138 [TestNG-PoolService-8] DEBUG org.apache.http.impl.conn.BasicClientConnectionManager  - Get connection for route {}->http://api.openweathermap.org:80
74138 [TestNG-PoolService-8] DEBUG org.apache.http.impl.conn.DefaultClientConnectionOperator  - Connecting to api.openweathermap.org:80
74195 [TestNG-PoolService-8] DEBUG org.apache.http.client.protocol.RequestAddCookies  - CookieSpec selected: ignoreCookies
74195 [TestNG-PoolService-8] DEBUG org.apache.http.client.protocol.RequestAuthCache  - Auth cache not set in the context
74195 [TestNG-PoolService-8] DEBUG org.apache.http.client.protocol.RequestTargetAuthentication  - Target auth state: UNCHALLENGED
74195 [TestNG-PoolService-8] DEBUG org.apache.http.client.protocol.RequestProxyAuthentication  - Proxy auth state: UNCHALLENGED
74195 [TestNG-PoolService-8] DEBUG org.apache.http.impl.client.DefaultHttpClient  - Attempt 1 to execute request
74195 [TestNG-PoolService-8] DEBUG org.apache.http.impl.conn.DefaultClientConnection  - Sending request: GET /data/2.5/weather?q=Kolhapur&appid=7fe67bf08c80ded756e598d6f8fedaea HTTP/1.1
74195 [TestNG-PoolService-8] DEBUG org.apache.http.wire  -  >> "GET /data/2.5/weather?q=Kolhapur&appid=7fe67bf08c80ded756e598d6f8fedaea HTTP/1.1[\r][\n]"
74195 [TestNG-PoolService-8] DEBUG org.apache.http.wire  -  >> "Accept: */*[\r][\n]"
74195 [TestNG-PoolService-8] DEBUG org.apache.http.wire  -  >> "Host: api.openweathermap.org[\r][\n]"
74195 [TestNG-PoolService-8] DEBUG org.apache.http.wire  -  >> "Connection: Keep-Alive[\r][\n]"
74195 [TestNG-PoolService-8] DEBUG org.apache.http.wire  -  >> "User-Agent: Apache-HttpClient/4.5.3 (Java/1.8.0_201)[\r][\n]"
74195 [TestNG-PoolService-8] DEBUG org.apache.http.wire  -  >> "Accept-Encoding: gzip,deflate[\r][\n]"
74195 [TestNG-PoolService-8] DEBUG org.apache.http.wire  -  >> "[\r][\n]"
74195 [TestNG-PoolService-8] DEBUG org.apache.http.headers  - >> GET /data/2.5/weather?q=Kolhapur&appid=7fe67bf08c80ded756e598d6f8fedaea HTTP/1.1
74195 [TestNG-PoolService-8] DEBUG org.apache.http.headers  - >> Accept: */*
74195 [TestNG-PoolService-8] DEBUG org.apache.http.headers  - >> Host: api.openweathermap.org
74195 [TestNG-PoolService-8] DEBUG org.apache.http.headers  - >> Connection: Keep-Alive
74195 [TestNG-PoolService-8] DEBUG org.apache.http.headers  - >> User-Agent: Apache-HttpClient/4.5.3 (Java/1.8.0_201)
74195 [TestNG-PoolService-8] DEBUG org.apache.http.headers  - >> Accept-Encoding: gzip,deflate
74263 [TestNG-PoolService-8] DEBUG org.apache.http.wire  -  << "HTTP/1.1 200 OK[\r][\n]"
74263 [TestNG-PoolService-8] DEBUG org.apache.http.wire  -  << "Server: openresty[\r][\n]"
74263 [TestNG-PoolService-8] DEBUG org.apache.http.wire  -  << "Date: Wed, 14 Oct 2020 23:47:58 GMT[\r][\n]"
74263 [TestNG-PoolService-8] DEBUG org.apache.http.wire  -  << "Content-Type: application/json; charset=utf-8[\r][\n]"
74263 [TestNG-PoolService-8] DEBUG org.apache.http.wire  -  << "Content-Length: 490[\r][\n]"
74263 [TestNG-PoolService-8] DEBUG org.apache.http.wire  -  << "Connection: keep-alive[\r][\n]"
74263 [TestNG-PoolService-8] DEBUG org.apache.http.wire  -  << "X-Cache-Key: /data/2.5/weather?q=kolhapur[\r][\n]"
74263 [TestNG-PoolService-8] DEBUG org.apache.http.wire  -  << "Access-Control-Allow-Origin: *[\r][\n]"
74263 [TestNG-PoolService-8] DEBUG org.apache.http.wire  -  << "Access-Control-Allow-Credentials: true[\r][\n]"
74263 [TestNG-PoolService-8] DEBUG org.apache.http.wire  -  << "Access-Control-Allow-Methods: GET, POST[\r][\n]"
74263 [TestNG-PoolService-8] DEBUG org.apache.http.wire  -  << "[\r][\n]"
74263 [TestNG-PoolService-8] DEBUG org.apache.http.impl.conn.DefaultClientConnection  - Receiving response: HTTP/1.1 200 OK
74263 [TestNG-PoolService-8] DEBUG org.apache.http.headers  - << HTTP/1.1 200 OK
74263 [TestNG-PoolService-8] DEBUG org.apache.http.headers  - << Server: openresty
74263 [TestNG-PoolService-8] DEBUG org.apache.http.headers  - << Date: Wed, 14 Oct 2020 23:47:58 GMT
74263 [TestNG-PoolService-8] DEBUG org.apache.http.headers  - << Content-Type: application/json; charset=utf-8
74263 [TestNG-PoolService-8] DEBUG org.apache.http.headers  - << Content-Length: 490
74263 [TestNG-PoolService-8] DEBUG org.apache.http.headers  - << Connection: keep-alive
74263 [TestNG-PoolService-8] DEBUG org.apache.http.headers  - << X-Cache-Key: /data/2.5/weather?q=kolhapur
74263 [TestNG-PoolService-8] DEBUG org.apache.http.headers  - << Access-Control-Allow-Origin: *
74263 [TestNG-PoolService-8] DEBUG org.apache.http.headers  - << Access-Control-Allow-Credentials: true
74263 [TestNG-PoolService-8] DEBUG org.apache.http.headers  - << Access-Control-Allow-Methods: GET, POST
74263 [TestNG-PoolService-8] DEBUG org.apache.http.impl.client.DefaultHttpClient  - Connection can be kept alive indefinitely
74263 [TestNG-PoolService-8] DEBUG io.restassured.internal.RequestSpecificationImpl$RestAssuredHttpBuilder  - Parsing response as: application/json; charset=utf-8
74263 [TestNG-PoolService-8] DEBUG io.restassured.internal.RequestSpecificationImpl$RestAssuredHttpBuilder  - Parsed data to instance of: class org.apache.http.conn.EofSensorInputStream
io.restassured.internal.RestAssuredResponseImpl@393d4eac
74263 [TestNG-PoolService-8] DEBUG org.apache.http.wire  -  << "{"coord":{"lon":74.22,"lat":16.7},"weather":[{"id":804,"main":"Clouds","description":"overcast clouds","icon":"04n"}],"base":"stations","main":{"temp":293.98,"feels_like":295.85,"temp_min":293.98,"temp_max":293.98,"pressure":1001,"humidity":96,"sea_level":1001,"grnd_level":939},"visibility":10000,"wind":{"speed":2.72,"deg":244},"clouds":{"all":100},"dt":1602719278,"sys":{"country":"IN","sunrise":1602723336,"sunset":1602765708},"timezone":19800,"id":1266285,"name":"Kolh[0xc4][0x81]pur","cod":200}"
74264 [TestNG-PoolService-8] DEBUG org.apache.http.impl.conn.BasicClientConnectionManager  - Releasing connection org.apache.http.impl.conn.ManagedClientConnectionImpl@55655911
74264 [TestNG-PoolService-8] DEBUG org.apache.http.impl.conn.BasicClientConnectionManager  - Connection can be kept alive indefinitely
{"coord":{"lon":74.22,"lat":16.7},"weather":[{"id":804,"main":"Clouds","description":"overcast clouds","icon":"04n"}],"base":"stations","main":{"temp":293.98,"feels_like":295.85,"temp_min":293.98,"temp_max":293.98,"pressure":1001,"humidity":96,"sea_level":1001,"grnd_level":939},"visibility":10000,"wind":{"speed":2.72,"deg":244},"clouds":{"all":100},"dt":1602719278,"sys":{"country":"IN","sunrise":1602723336,"sunset":1602765708},"timezone":19800,"id":1266285,"name":"Kolhāpur","cod":200}
293.98
Celsius: 20.830017
74264 [TestNG-PoolService-8] INFO org.apache.log4j.Logger  - Temperature from API is 20.830017 for City Kolhapur
74264 [TestNG-PoolService-8] INFO org.apache.log4j.Logger  - PASS: Difference between the API 20.830017 and UI 23.0 temp: 2.169983 for City Kolhapur is less than variance set: 10
]]></system-out>
  </testcase>
  <testcase name="getTemp[com.temp.test.City@283ffa91](41)" classname="com.temp.test.TestsWeather" time="0.003">
    <failure message="For city Jodhpur: The Actual temp is 25.720001 and expected is 36.0 expected [36.0] but found [25.720001]" type="java.lang.AssertionError"><![CDATA[java.lang.AssertionError: For city Jodhpur: The Actual temp is 25.720001 and expected is 36.0 expected [36.0] but found [25.720001]
	at com.temp.test.TestsWeather.getTemp(TestsWeather.java:224)
]]></failure>
    <system-out><![CDATA[74679 [TestNG-PoolService-5] INFO org.apache.log4j.Logger  - Select the city on the pin menu
]]></system-out>
  </testcase>
  <testcase name="getTemp[com.temp.test.City@76d18f0a](42)" classname="com.temp.test.TestsWeather" time="0.004">
    <system-out><![CDATA[74718 [TestNG-PoolService-9] INFO org.apache.log4j.Logger  - Select the city on the pin menu
]]></system-out>
  </testcase>
  <testcase name="getTemp[com.temp.test.City@402fca48](43)" classname="com.temp.test.TestsWeather" time="0.003">
    <system-out><![CDATA[74744 [TestNG-PoolService-7] INFO org.apache.log4j.Logger  - Select the city on the pin menu
]]></system-out>
  </testcase>
  <testcase name="getTemp[com.temp.test.City@4b6ecd02](44)" classname="com.temp.test.TestsWeather" time="0.016">
    <failure message="For city Karnal: The Actual temp is 20.700012 and expected is 33.0 expected [33.0] but found [20.700012]" type="java.lang.AssertionError"><![CDATA[java.lang.AssertionError: For city Karnal: The Actual temp is 20.700012 and expected is 33.0 expected [33.0] but found [20.700012]
	at com.temp.test.TestsWeather.getTemp(TestsWeather.java:224)
]]></failure>
    <system-out><![CDATA[74767 [TestNG-PoolService-0] INFO org.apache.log4j.Logger  - Select the city on the pin menu
74785 [TestNG-PoolService-6] INFO org.apache.log4j.Logger  - Temperature on UI is 33.0 for City Kolkata
74785 [TestNG-PoolService-6] INFO org.apache.log4j.Logger  - Get Temp using API
74790 [TestNG-PoolService-6] DEBUG org.apache.http.impl.conn.BasicClientConnectionManager  - Get connection for route {}->http://api.openweathermap.org:80
74790 [TestNG-PoolService-6] DEBUG org.apache.http.impl.conn.DefaultClientConnectionOperator  - Connecting to api.openweathermap.org:80
]]></system-out>
  </testcase>
  <testcase name="getTemp[com.temp.test.City@60fe5828](45)" classname="com.temp.test.TestsWeather" time="0.073">
    <system-out><![CDATA[74795 [TestNG-PoolService-4] INFO org.apache.log4j.Logger  - Select the city on the pin menu
74854 [TestNG-PoolService-6] DEBUG org.apache.http.client.protocol.RequestAddCookies  - CookieSpec selected: ignoreCookies
74854 [TestNG-PoolService-6] DEBUG org.apache.http.client.protocol.RequestAuthCache  - Auth cache not set in the context
74854 [TestNG-PoolService-6] DEBUG org.apache.http.client.protocol.RequestTargetAuthentication  - Target auth state: UNCHALLENGED
74854 [TestNG-PoolService-6] DEBUG org.apache.http.client.protocol.RequestProxyAuthentication  - Proxy auth state: UNCHALLENGED
74854 [TestNG-PoolService-6] DEBUG org.apache.http.impl.client.DefaultHttpClient  - Attempt 1 to execute request
74854 [TestNG-PoolService-6] DEBUG org.apache.http.impl.conn.DefaultClientConnection  - Sending request: GET /data/2.5/weather?q=Kolkata&appid=7fe67bf08c80ded756e598d6f8fedaea HTTP/1.1
74854 [TestNG-PoolService-6] DEBUG org.apache.http.wire  -  >> "GET /data/2.5/weather?q=Kolkata&appid=7fe67bf08c80ded756e598d6f8fedaea HTTP/1.1[\r][\n]"
74854 [TestNG-PoolService-6] DEBUG org.apache.http.wire  -  >> "Accept: */*[\r][\n]"
74854 [TestNG-PoolService-6] DEBUG org.apache.http.wire  -  >> "Host: api.openweathermap.org[\r][\n]"
74854 [TestNG-PoolService-6] DEBUG org.apache.http.wire  -  >> "Connection: Keep-Alive[\r][\n]"
74854 [TestNG-PoolService-6] DEBUG org.apache.http.wire  -  >> "User-Agent: Apache-HttpClient/4.5.3 (Java/1.8.0_201)[\r][\n]"
74854 [TestNG-PoolService-6] DEBUG org.apache.http.wire  -  >> "Accept-Encoding: gzip,deflate[\r][\n]"
74854 [TestNG-PoolService-6] DEBUG org.apache.http.wire  -  >> "[\r][\n]"
74854 [TestNG-PoolService-6] DEBUG org.apache.http.headers  - >> GET /data/2.5/weather?q=Kolkata&appid=7fe67bf08c80ded756e598d6f8fedaea HTTP/1.1
74854 [TestNG-PoolService-6] DEBUG org.apache.http.headers  - >> Accept: */*
74854 [TestNG-PoolService-6] DEBUG org.apache.http.headers  - >> Host: api.openweathermap.org
74854 [TestNG-PoolService-6] DEBUG org.apache.http.headers  - >> Connection: Keep-Alive
74854 [TestNG-PoolService-6] DEBUG org.apache.http.headers  - >> User-Agent: Apache-HttpClient/4.5.3 (Java/1.8.0_201)
74854 [TestNG-PoolService-6] DEBUG org.apache.http.headers  - >> Accept-Encoding: gzip,deflate
]]></system-out>
  </testcase>
  <testcase name="getTemp[com.temp.test.City@4ca5aeb0](46)" classname="com.temp.test.TestsWeather" time="0.798">
    <system-out><![CDATA[74865 [TestNG-PoolService-8] INFO org.apache.log4j.Logger  - Select the city on the pin menu
74920 [TestNG-PoolService-6] DEBUG org.apache.http.wire  -  << "HTTP/1.1 200 OK[\r][\n]"
74920 [TestNG-PoolService-6] DEBUG org.apache.http.wire  -  << "Server: openresty[\r][\n]"
74920 [TestNG-PoolService-6] DEBUG org.apache.http.wire  -  << "Date: Wed, 14 Oct 2020 23:47:58 GMT[\r][\n]"
74920 [TestNG-PoolService-6] DEBUG org.apache.http.wire  -  << "Content-Type: application/json; charset=utf-8[\r][\n]"
74920 [TestNG-PoolService-6] DEBUG org.apache.http.wire  -  << "Content-Length: 457[\r][\n]"
74920 [TestNG-PoolService-6] DEBUG org.apache.http.wire  -  << "Connection: keep-alive[\r][\n]"
74920 [TestNG-PoolService-6] DEBUG org.apache.http.wire  -  << "X-Cache-Key: /data/2.5/weather?q=kolkata[\r][\n]"
74920 [TestNG-PoolService-6] DEBUG org.apache.http.wire  -  << "Access-Control-Allow-Origin: *[\r][\n]"
74920 [TestNG-PoolService-6] DEBUG org.apache.http.wire  -  << "Access-Control-Allow-Credentials: true[\r][\n]"
74920 [TestNG-PoolService-6] DEBUG org.apache.http.wire  -  << "Access-Control-Allow-Methods: GET, POST[\r][\n]"
74920 [TestNG-PoolService-6] DEBUG org.apache.http.wire  -  << "[\r][\n]"
74920 [TestNG-PoolService-6] DEBUG org.apache.http.impl.conn.DefaultClientConnection  - Receiving response: HTTP/1.1 200 OK
74920 [TestNG-PoolService-6] DEBUG org.apache.http.headers  - << HTTP/1.1 200 OK
74920 [TestNG-PoolService-6] DEBUG org.apache.http.headers  - << Server: openresty
74920 [TestNG-PoolService-6] DEBUG org.apache.http.headers  - << Date: Wed, 14 Oct 2020 23:47:58 GMT
74920 [TestNG-PoolService-6] DEBUG org.apache.http.headers  - << Content-Type: application/json; charset=utf-8
74920 [TestNG-PoolService-6] DEBUG org.apache.http.headers  - << Content-Length: 457
74920 [TestNG-PoolService-6] DEBUG org.apache.http.headers  - << Connection: keep-alive
74920 [TestNG-PoolService-6] DEBUG org.apache.http.headers  - << X-Cache-Key: /data/2.5/weather?q=kolkata
74920 [TestNG-PoolService-6] DEBUG org.apache.http.headers  - << Access-Control-Allow-Origin: *
74920 [TestNG-PoolService-6] DEBUG org.apache.http.headers  - << Access-Control-Allow-Credentials: true
74920 [TestNG-PoolService-6] DEBUG org.apache.http.headers  - << Access-Control-Allow-Methods: GET, POST
74920 [TestNG-PoolService-6] DEBUG org.apache.http.impl.client.DefaultHttpClient  - Connection can be kept alive indefinitely
74920 [TestNG-PoolService-6] DEBUG io.restassured.internal.RequestSpecificationImpl$RestAssuredHttpBuilder  - Parsing response as: application/json; charset=utf-8
74920 [TestNG-PoolService-6] DEBUG io.restassured.internal.RequestSpecificationImpl$RestAssuredHttpBuilder  - Parsed data to instance of: class org.apache.http.conn.EofSensorInputStream
io.restassured.internal.RestAssuredResponseImpl@322256b2
74921 [TestNG-PoolService-6] DEBUG org.apache.http.wire  -  << "{"coord":{"lon":88.37,"lat":22.57},"weather":[{"id":721,"main":"Haze","description":"haze","icon":"50n"}],"base":"stations","main":{"temp":300.15,"feels_like":306.12,"temp_min":300.15,"temp_max":300.15,"pressure":1005,"humidity":94},"visibility":3200,"wind":{"speed":1.5,"deg":30},"clouds":{"all":20},"dt":1602719227,"sys":{"type":1,"id":9114,"country":"IN","sunrise":1602720172,"sunset":1602762081},"timezone":19800,"id":1275004,"name":"Kolkata","cod":200}"
74921 [TestNG-PoolService-6] DEBUG org.apache.http.impl.conn.BasicClientConnectionManager  - Releasing connection org.apache.http.impl.conn.ManagedClientConnectionImpl@1cc21
74921 [TestNG-PoolService-6] DEBUG org.apache.http.impl.conn.BasicClientConnectionManager  - Connection can be kept alive indefinitely
{"coord":{"lon":88.37,"lat":22.57},"weather":[{"id":721,"main":"Haze","description":"haze","icon":"50n"}],"base":"stations","main":{"temp":300.15,"feels_like":306.12,"temp_min":300.15,"temp_max":300.15,"pressure":1005,"humidity":94},"visibility":3200,"wind":{"speed":1.5,"deg":30},"clouds":{"all":20},"dt":1602719227,"sys":{"type":1,"id":9114,"country":"IN","sunrise":1602720172,"sunset":1602762081},"timezone":19800,"id":1275004,"name":"Kolkata","cod":200}
300.15
Celsius: 27.0
74921 [TestNG-PoolService-6] INFO org.apache.log4j.Logger  - Temperature from API is 27.0 for City Kolkata
74921 [TestNG-PoolService-6] INFO org.apache.log4j.Logger  - PASS: Difference between the API 27.0 and UI 33.0 temp: 6.0 for City Kolkata is less than variance set: 10
75538 [Finalizer] DEBUG org.apache.http.impl.conn.DefaultClientConnection  - Connection 0.0.0.0:55542<->178.128.122.9:80 closed
75539 [Finalizer] DEBUG org.apache.http.impl.conn.DefaultClientConnection  - Connection 0.0.0.0:55540<->178.128.122.9:80 closed
75539 [Finalizer] DEBUG org.apache.http.impl.conn.DefaultClientConnection  - Connection 0.0.0.0:55541<->178.128.122.9:80 closed
75593 [TestNG-PoolService-1] INFO org.apache.log4j.Logger  - Temperature on UI is 34.0 for City Kota
75593 [TestNG-PoolService-1] INFO org.apache.log4j.Logger  - Get Temp using API
75597 [TestNG-PoolService-1] DEBUG org.apache.http.impl.conn.BasicClientConnectionManager  - Get connection for route {}->http://api.openweathermap.org:80
75598 [TestNG-PoolService-1] DEBUG org.apache.http.impl.conn.DefaultClientConnectionOperator  - Connecting to api.openweathermap.org:80
75659 [TestNG-PoolService-1] DEBUG org.apache.http.client.protocol.RequestAddCookies  - CookieSpec selected: ignoreCookies
75659 [TestNG-PoolService-1] DEBUG org.apache.http.client.protocol.RequestAuthCache  - Auth cache not set in the context
75659 [TestNG-PoolService-1] DEBUG org.apache.http.client.protocol.RequestTargetAuthentication  - Target auth state: UNCHALLENGED
75659 [TestNG-PoolService-1] DEBUG org.apache.http.client.protocol.RequestProxyAuthentication  - Proxy auth state: UNCHALLENGED
75659 [TestNG-PoolService-1] DEBUG org.apache.http.impl.client.DefaultHttpClient  - Attempt 1 to execute request
75659 [TestNG-PoolService-1] DEBUG org.apache.http.impl.conn.DefaultClientConnection  - Sending request: GET /data/2.5/weather?q=Kota&appid=7fe67bf08c80ded756e598d6f8fedaea HTTP/1.1
75659 [TestNG-PoolService-1] DEBUG org.apache.http.wire  -  >> "GET /data/2.5/weather?q=Kota&appid=7fe67bf08c80ded756e598d6f8fedaea HTTP/1.1[\r][\n]"
75659 [TestNG-PoolService-1] DEBUG org.apache.http.wire  -  >> "Accept: */*[\r][\n]"
75659 [TestNG-PoolService-1] DEBUG org.apache.http.wire  -  >> "Host: api.openweathermap.org[\r][\n]"
75659 [TestNG-PoolService-1] DEBUG org.apache.http.wire  -  >> "Connection: Keep-Alive[\r][\n]"
75659 [TestNG-PoolService-1] DEBUG org.apache.http.wire  -  >> "User-Agent: Apache-HttpClient/4.5.3 (Java/1.8.0_201)[\r][\n]"
75659 [TestNG-PoolService-1] DEBUG org.apache.http.wire  -  >> "Accept-Encoding: gzip,deflate[\r][\n]"
75659 [TestNG-PoolService-1] DEBUG org.apache.http.wire  -  >> "[\r][\n]"
75659 [TestNG-PoolService-1] DEBUG org.apache.http.headers  - >> GET /data/2.5/weather?q=Kota&appid=7fe67bf08c80ded756e598d6f8fedaea HTTP/1.1
75659 [TestNG-PoolService-1] DEBUG org.apache.http.headers  - >> Accept: */*
75659 [TestNG-PoolService-1] DEBUG org.apache.http.headers  - >> Host: api.openweathermap.org
75659 [TestNG-PoolService-1] DEBUG org.apache.http.headers  - >> Connection: Keep-Alive
75659 [TestNG-PoolService-1] DEBUG org.apache.http.headers  - >> User-Agent: Apache-HttpClient/4.5.3 (Java/1.8.0_201)
75659 [TestNG-PoolService-1] DEBUG org.apache.http.headers  - >> Accept-Encoding: gzip,deflate
]]></system-out>
  </testcase>
  <testcase name="getTemp[com.temp.test.City@33802194](47)" classname="com.temp.test.TestsWeather" time="0.699">
    <system-out><![CDATA[75734 [TestNG-PoolService-6] INFO org.apache.log4j.Logger  - Select the city on the pin menu
75740 [TestNG-PoolService-1] DEBUG org.apache.http.wire  -  << "HTTP/1.1 200 OK[\r][\n]"
75740 [TestNG-PoolService-1] DEBUG org.apache.http.wire  -  << "Server: openresty[\r][\n]"
75740 [TestNG-PoolService-1] DEBUG org.apache.http.wire  -  << "Date: Wed, 14 Oct 2020 23:47:59 GMT[\r][\n]"
75740 [TestNG-PoolService-1] DEBUG org.apache.http.wire  -  << "Content-Type: application/json; charset=utf-8[\r][\n]"
75740 [TestNG-PoolService-1] DEBUG org.apache.http.wire  -  << "Content-Length: 476[\r][\n]"
75740 [TestNG-PoolService-1] DEBUG org.apache.http.wire  -  << "Connection: keep-alive[\r][\n]"
75740 [TestNG-PoolService-1] DEBUG org.apache.http.wire  -  << "X-Cache-Key: /data/2.5/weather?q=kota[\r][\n]"
75740 [TestNG-PoolService-1] DEBUG org.apache.http.wire  -  << "Access-Control-Allow-Origin: *[\r][\n]"
75740 [TestNG-PoolService-1] DEBUG org.apache.http.wire  -  << "Access-Control-Allow-Credentials: true[\r][\n]"
75740 [TestNG-PoolService-1] DEBUG org.apache.http.wire  -  << "Access-Control-Allow-Methods: GET, POST[\r][\n]"
75740 [TestNG-PoolService-1] DEBUG org.apache.http.wire  -  << "[\r][\n]"
75740 [TestNG-PoolService-1] DEBUG org.apache.http.impl.conn.DefaultClientConnection  - Receiving response: HTTP/1.1 200 OK
75740 [TestNG-PoolService-1] DEBUG org.apache.http.headers  - << HTTP/1.1 200 OK
75740 [TestNG-PoolService-1] DEBUG org.apache.http.headers  - << Server: openresty
75740 [TestNG-PoolService-1] DEBUG org.apache.http.headers  - << Date: Wed, 14 Oct 2020 23:47:59 GMT
75740 [TestNG-PoolService-1] DEBUG org.apache.http.headers  - << Content-Type: application/json; charset=utf-8
75740 [TestNG-PoolService-1] DEBUG org.apache.http.headers  - << Content-Length: 476
75740 [TestNG-PoolService-1] DEBUG org.apache.http.headers  - << Connection: keep-alive
75740 [TestNG-PoolService-1] DEBUG org.apache.http.headers  - << X-Cache-Key: /data/2.5/weather?q=kota
75740 [TestNG-PoolService-1] DEBUG org.apache.http.headers  - << Access-Control-Allow-Origin: *
75740 [TestNG-PoolService-1] DEBUG org.apache.http.headers  - << Access-Control-Allow-Credentials: true
75740 [TestNG-PoolService-1] DEBUG org.apache.http.headers  - << Access-Control-Allow-Methods: GET, POST
75740 [TestNG-PoolService-1] DEBUG org.apache.http.impl.client.DefaultHttpClient  - Connection can be kept alive indefinitely
75741 [TestNG-PoolService-1] DEBUG io.restassured.internal.RequestSpecificationImpl$RestAssuredHttpBuilder  - Parsing response as: application/json; charset=utf-8
75741 [TestNG-PoolService-1] DEBUG io.restassured.internal.RequestSpecificationImpl$RestAssuredHttpBuilder  - Parsed data to instance of: class org.apache.http.conn.EofSensorInputStream
io.restassured.internal.RestAssuredResponseImpl@24d927bd
75741 [TestNG-PoolService-1] DEBUG org.apache.http.wire  -  << "{"coord":{"lon":75.83,"lat":25.18},"weather":[{"id":801,"main":"Clouds","description":"few clouds","icon":"02n"}],"base":"stations","main":{"temp":298.7,"feels_like":299.23,"temp_min":298.7,"temp_max":298.7,"pressure":1006,"humidity":58,"sea_level":1006,"grnd_level":980},"visibility":10000,"wind":{"speed":2.45,"deg":45},"clouds":{"all":24},"dt":1602719279,"sys":{"country":"IN","sunrise":1602723291,"sunset":1602764979},"timezone":19800,"id":1266049,"name":"Kota","cod":200}"
75741 [TestNG-PoolService-1] DEBUG org.apache.http.impl.conn.BasicClientConnectionManager  - Releasing connection org.apache.http.impl.conn.ManagedClientConnectionImpl@6cd5a547
75741 [TestNG-PoolService-1] DEBUG org.apache.http.impl.conn.BasicClientConnectionManager  - Connection can be kept alive indefinitely
{"coord":{"lon":75.83,"lat":25.18},"weather":[{"id":801,"main":"Clouds","description":"few clouds","icon":"02n"}],"base":"stations","main":{"temp":298.7,"feels_like":299.23,"temp_min":298.7,"temp_max":298.7,"pressure":1006,"humidity":58,"sea_level":1006,"grnd_level":980},"visibility":10000,"wind":{"speed":2.45,"deg":45},"clouds":{"all":24},"dt":1602719279,"sys":{"country":"IN","sunrise":1602723291,"sunset":1602764979},"timezone":19800,"id":1266049,"name":"Kota","cod":200}
298.7
Celsius: 25.550018
75742 [TestNG-PoolService-1] INFO org.apache.log4j.Logger  - Temperature from API is 25.550018 for City Kota
75742 [TestNG-PoolService-1] INFO org.apache.log4j.Logger  - PASS: Difference between the API 25.550018 and UI 34.0 temp: 8.449982 for City Kota is less than variance set: 10
76438 [TestNG-PoolService-3] INFO org.apache.log4j.Logger  - Temperature on UI is 35.0 for City Lucknow
76438 [TestNG-PoolService-3] INFO org.apache.log4j.Logger  - Get Temp using API
76442 [TestNG-PoolService-3] DEBUG org.apache.http.impl.conn.BasicClientConnectionManager  - Get connection for route {}->http://api.openweathermap.org:80
76442 [TestNG-PoolService-3] DEBUG org.apache.http.impl.conn.DefaultClientConnectionOperator  - Connecting to api.openweathermap.org:80
]]></system-out>
  </testcase>
  <testcase name="getTemp[com.temp.test.City@5d187042](48)" classname="com.temp.test.TestsWeather" time="0.07">
    <failure message="For input string: &quot;&quot;" type="java.lang.NumberFormatException"><![CDATA[java.lang.NumberFormatException: For input string: ""
	at com.temp.test.TestsWeather.getTemp(TestsWeather.java:183)
]]></failure>
    <system-out><![CDATA[76495 [TestNG-PoolService-1] INFO org.apache.log4j.Logger  - Select the city on the pin menu
76500 [TestNG-PoolService-3] DEBUG org.apache.http.client.protocol.RequestAddCookies  - CookieSpec selected: ignoreCookies
76500 [TestNG-PoolService-3] DEBUG org.apache.http.client.protocol.RequestAuthCache  - Auth cache not set in the context
76500 [TestNG-PoolService-3] DEBUG org.apache.http.client.protocol.RequestTargetAuthentication  - Target auth state: UNCHALLENGED
76500 [TestNG-PoolService-3] DEBUG org.apache.http.client.protocol.RequestProxyAuthentication  - Proxy auth state: UNCHALLENGED
76500 [TestNG-PoolService-3] DEBUG org.apache.http.impl.client.DefaultHttpClient  - Attempt 1 to execute request
76500 [TestNG-PoolService-3] DEBUG org.apache.http.impl.conn.DefaultClientConnection  - Sending request: GET /data/2.5/weather?q=Lucknow&appid=7fe67bf08c80ded756e598d6f8fedaea HTTP/1.1
76500 [TestNG-PoolService-3] DEBUG org.apache.http.wire  -  >> "GET /data/2.5/weather?q=Lucknow&appid=7fe67bf08c80ded756e598d6f8fedaea HTTP/1.1[\r][\n]"
76500 [TestNG-PoolService-3] DEBUG org.apache.http.wire  -  >> "Accept: */*[\r][\n]"
76500 [TestNG-PoolService-3] DEBUG org.apache.http.wire  -  >> "Host: api.openweathermap.org[\r][\n]"
76500 [TestNG-PoolService-3] DEBUG org.apache.http.wire  -  >> "Connection: Keep-Alive[\r][\n]"
76500 [TestNG-PoolService-3] DEBUG org.apache.http.wire  -  >> "User-Agent: Apache-HttpClient/4.5.3 (Java/1.8.0_201)[\r][\n]"
76500 [TestNG-PoolService-3] DEBUG org.apache.http.wire  -  >> "Accept-Encoding: gzip,deflate[\r][\n]"
76500 [TestNG-PoolService-3] DEBUG org.apache.http.wire  -  >> "[\r][\n]"
76500 [TestNG-PoolService-3] DEBUG org.apache.http.headers  - >> GET /data/2.5/weather?q=Lucknow&appid=7fe67bf08c80ded756e598d6f8fedaea HTTP/1.1
76500 [TestNG-PoolService-3] DEBUG org.apache.http.headers  - >> Accept: */*
76500 [TestNG-PoolService-3] DEBUG org.apache.http.headers  - >> Host: api.openweathermap.org
76500 [TestNG-PoolService-3] DEBUG org.apache.http.headers  - >> Connection: Keep-Alive
76501 [TestNG-PoolService-3] DEBUG org.apache.http.headers  - >> User-Agent: Apache-HttpClient/4.5.3 (Java/1.8.0_201)
76501 [TestNG-PoolService-3] DEBUG org.apache.http.headers  - >> Accept-Encoding: gzip,deflate
]]></system-out>
  </testcase>
  <testcase name="getTemp[com.temp.test.City@2c41ae11](49)" classname="com.temp.test.TestsWeather" time="0.773">
    <system-out><![CDATA[76527 [TestNG-PoolService-5] INFO org.apache.log4j.Logger  - Select the city on the pin menu
76560 [TestNG-PoolService-3] DEBUG org.apache.http.wire  -  << "HTTP/1.1 200 OK[\r][\n]"
76560 [TestNG-PoolService-3] DEBUG org.apache.http.wire  -  << "Server: openresty[\r][\n]"
76560 [TestNG-PoolService-3] DEBUG org.apache.http.wire  -  << "Date: Wed, 14 Oct 2020 23:48:00 GMT[\r][\n]"
76560 [TestNG-PoolService-3] DEBUG org.apache.http.wire  -  << "Content-Type: application/json; charset=utf-8[\r][\n]"
76560 [TestNG-PoolService-3] DEBUG org.apache.http.wire  -  << "Content-Length: 458[\r][\n]"
76560 [TestNG-PoolService-3] DEBUG org.apache.http.wire  -  << "Connection: keep-alive[\r][\n]"
76560 [TestNG-PoolService-3] DEBUG org.apache.http.wire  -  << "X-Cache-Key: /data/2.5/weather?q=lucknow[\r][\n]"
76560 [TestNG-PoolService-3] DEBUG org.apache.http.wire  -  << "Access-Control-Allow-Origin: *[\r][\n]"
76560 [TestNG-PoolService-3] DEBUG org.apache.http.wire  -  << "Access-Control-Allow-Credentials: true[\r][\n]"
76560 [TestNG-PoolService-3] DEBUG org.apache.http.wire  -  << "Access-Control-Allow-Methods: GET, POST[\r][\n]"
76560 [TestNG-PoolService-3] DEBUG org.apache.http.wire  -  << "[\r][\n]"
76560 [TestNG-PoolService-3] DEBUG org.apache.http.impl.conn.DefaultClientConnection  - Receiving response: HTTP/1.1 200 OK
76560 [TestNG-PoolService-3] DEBUG org.apache.http.headers  - << HTTP/1.1 200 OK
76560 [TestNG-PoolService-3] DEBUG org.apache.http.headers  - << Server: openresty
76560 [TestNG-PoolService-3] DEBUG org.apache.http.headers  - << Date: Wed, 14 Oct 2020 23:48:00 GMT
76560 [TestNG-PoolService-3] DEBUG org.apache.http.headers  - << Content-Type: application/json; charset=utf-8
76560 [TestNG-PoolService-3] DEBUG org.apache.http.headers  - << Content-Length: 458
76560 [TestNG-PoolService-3] DEBUG org.apache.http.headers  - << Connection: keep-alive
76560 [TestNG-PoolService-3] DEBUG org.apache.http.headers  - << X-Cache-Key: /data/2.5/weather?q=lucknow
76560 [TestNG-PoolService-3] DEBUG org.apache.http.headers  - << Access-Control-Allow-Origin: *
76560 [TestNG-PoolService-3] DEBUG org.apache.http.headers  - << Access-Control-Allow-Credentials: true
76560 [TestNG-PoolService-3] DEBUG org.apache.http.headers  - << Access-Control-Allow-Methods: GET, POST
76561 [TestNG-PoolService-3] DEBUG org.apache.http.impl.client.DefaultHttpClient  - Connection can be kept alive indefinitely
76561 [TestNG-PoolService-3] DEBUG io.restassured.internal.RequestSpecificationImpl$RestAssuredHttpBuilder  - Parsing response as: application/json; charset=utf-8
76561 [TestNG-PoolService-3] DEBUG io.restassured.internal.RequestSpecificationImpl$RestAssuredHttpBuilder  - Parsed data to instance of: class org.apache.http.conn.EofSensorInputStream
io.restassured.internal.RestAssuredResponseImpl@13d2819d
76561 [TestNG-PoolService-3] DEBUG org.apache.http.wire  -  << "{"coord":{"lon":80.92,"lat":26.85},"weather":[{"id":701,"main":"Mist","description":"mist","icon":"50n"}],"base":"stations","main":{"temp":300.15,"feels_like":305.23,"temp_min":300.15,"temp_max":300.15,"pressure":1006,"humidity":88},"visibility":3000,"wind":{"speed":1.77,"deg":97},"clouds":{"all":10},"dt":1602718995,"sys":{"type":1,"id":9176,"country":"IN","sunrise":1602722141,"sunset":1602763686},"timezone":19800,"id":1264733,"name":"Lucknow","cod":200}"
76561 [TestNG-PoolService-3] DEBUG org.apache.http.impl.conn.BasicClientConnectionManager  - Releasing connection org.apache.http.impl.conn.ManagedClientConnectionImpl@14694861
76561 [TestNG-PoolService-3] DEBUG org.apache.http.impl.conn.BasicClientConnectionManager  - Connection can be kept alive indefinitely
{"coord":{"lon":80.92,"lat":26.85},"weather":[{"id":701,"main":"Mist","description":"mist","icon":"50n"}],"base":"stations","main":{"temp":300.15,"feels_like":305.23,"temp_min":300.15,"temp_max":300.15,"pressure":1006,"humidity":88},"visibility":3000,"wind":{"speed":1.77,"deg":97},"clouds":{"all":10},"dt":1602718995,"sys":{"type":1,"id":9176,"country":"IN","sunrise":1602722141,"sunset":1602763686},"timezone":19800,"id":1264733,"name":"Lucknow","cod":200}
300.15
Celsius: 27.0
76562 [TestNG-PoolService-3] INFO org.apache.log4j.Logger  - Temperature from API is 27.0 for City Lucknow
76562 [TestNG-PoolService-3] INFO org.apache.log4j.Logger  - PASS: Difference between the API 27.0 and UI 35.0 temp: 8.0 for City Lucknow is less than variance set: 10
]]></system-out>
  </testcase>
  <testcase name="getTemp[com.temp.test.City@41823338](50)" classname="com.temp.test.TestsWeather" time="4.149">
    <failure message="For city Ludhiana: The Actual temp is 20.200012 and expected is 34.0 expected [34.0] but found [20.200012]" type="java.lang.AssertionError"><![CDATA[java.lang.AssertionError: For city Ludhiana: The Actual temp is 20.200012 and expected is 34.0 expected [34.0] but found [20.200012]
	at com.temp.test.TestsWeather.getTemp(TestsWeather.java:224)
]]></failure>
    <system-out><![CDATA[77354 [TestNG-PoolService-3] INFO org.apache.log4j.Logger  - Select the city on the pin menu
77397 [TestNG-PoolService-2] INFO org.apache.log4j.Logger  - Temperature on UI is 34.0 for City Ludhiana
77397 [TestNG-PoolService-2] INFO org.apache.log4j.Logger  - Get Temp using API
77401 [TestNG-PoolService-2] DEBUG org.apache.http.impl.conn.BasicClientConnectionManager  - Get connection for route {}->http://api.openweathermap.org:80
77401 [TestNG-PoolService-2] DEBUG org.apache.http.impl.conn.DefaultClientConnectionOperator  - Connecting to api.openweathermap.org:80
77464 [TestNG-PoolService-2] DEBUG org.apache.http.client.protocol.RequestAddCookies  - CookieSpec selected: ignoreCookies
77464 [TestNG-PoolService-2] DEBUG org.apache.http.client.protocol.RequestAuthCache  - Auth cache not set in the context
77464 [TestNG-PoolService-2] DEBUG org.apache.http.client.protocol.RequestTargetAuthentication  - Target auth state: UNCHALLENGED
77464 [TestNG-PoolService-2] DEBUG org.apache.http.client.protocol.RequestProxyAuthentication  - Proxy auth state: UNCHALLENGED
77464 [TestNG-PoolService-2] DEBUG org.apache.http.impl.client.DefaultHttpClient  - Attempt 1 to execute request
77464 [TestNG-PoolService-2] DEBUG org.apache.http.impl.conn.DefaultClientConnection  - Sending request: GET /data/2.5/weather?q=Ludhiana&appid=7fe67bf08c80ded756e598d6f8fedaea HTTP/1.1
77465 [TestNG-PoolService-2] DEBUG org.apache.http.wire  -  >> "GET /data/2.5/weather?q=Ludhiana&appid=7fe67bf08c80ded756e598d6f8fedaea HTTP/1.1[\r][\n]"
77465 [TestNG-PoolService-2] DEBUG org.apache.http.wire  -  >> "Accept: */*[\r][\n]"
77465 [TestNG-PoolService-2] DEBUG org.apache.http.wire  -  >> "Host: api.openweathermap.org[\r][\n]"
77465 [TestNG-PoolService-2] DEBUG org.apache.http.wire  -  >> "Connection: Keep-Alive[\r][\n]"
77465 [TestNG-PoolService-2] DEBUG org.apache.http.wire  -  >> "User-Agent: Apache-HttpClient/4.5.3 (Java/1.8.0_201)[\r][\n]"
77465 [TestNG-PoolService-2] DEBUG org.apache.http.wire  -  >> "Accept-Encoding: gzip,deflate[\r][\n]"
77465 [TestNG-PoolService-2] DEBUG org.apache.http.wire  -  >> "[\r][\n]"
77465 [TestNG-PoolService-2] DEBUG org.apache.http.headers  - >> GET /data/2.5/weather?q=Ludhiana&appid=7fe67bf08c80ded756e598d6f8fedaea HTTP/1.1
77465 [TestNG-PoolService-2] DEBUG org.apache.http.headers  - >> Accept: */*
77465 [TestNG-PoolService-2] DEBUG org.apache.http.headers  - >> Host: api.openweathermap.org
77465 [TestNG-PoolService-2] DEBUG org.apache.http.headers  - >> Connection: Keep-Alive
77465 [TestNG-PoolService-2] DEBUG org.apache.http.headers  - >> User-Agent: Apache-HttpClient/4.5.3 (Java/1.8.0_201)
77465 [TestNG-PoolService-2] DEBUG org.apache.http.headers  - >> Accept-Encoding: gzip,deflate
77557 [TestNG-PoolService-2] DEBUG org.apache.http.wire  -  << "HTTP/1.1 200 OK[\r][\n]"
77557 [TestNG-PoolService-2] DEBUG org.apache.http.wire  -  << "Server: openresty[\r][\n]"
77557 [TestNG-PoolService-2] DEBUG org.apache.http.wire  -  << "Date: Wed, 14 Oct 2020 23:48:01 GMT[\r][\n]"
77557 [TestNG-PoolService-2] DEBUG org.apache.http.wire  -  << "Content-Type: application/json; charset=utf-8[\r][\n]"
77557 [TestNG-PoolService-2] DEBUG org.apache.http.wire  -  << "Content-Length: 480[\r][\n]"
77557 [TestNG-PoolService-2] DEBUG org.apache.http.wire  -  << "Connection: keep-alive[\r][\n]"
77557 [TestNG-PoolService-2] DEBUG org.apache.http.wire  -  << "X-Cache-Key: /data/2.5/weather?q=ludhiana[\r][\n]"
77557 [TestNG-PoolService-2] DEBUG org.apache.http.wire  -  << "Access-Control-Allow-Origin: *[\r][\n]"
77557 [TestNG-PoolService-2] DEBUG org.apache.http.wire  -  << "Access-Control-Allow-Credentials: true[\r][\n]"
77557 [TestNG-PoolService-2] DEBUG org.apache.http.wire  -  << "Access-Control-Allow-Methods: GET, POST[\r][\n]"
77557 [TestNG-PoolService-2] DEBUG org.apache.http.wire  -  << "[\r][\n]"
77557 [TestNG-PoolService-2] DEBUG org.apache.http.impl.conn.DefaultClientConnection  - Receiving response: HTTP/1.1 200 OK
77557 [TestNG-PoolService-2] DEBUG org.apache.http.headers  - << HTTP/1.1 200 OK
77557 [TestNG-PoolService-2] DEBUG org.apache.http.headers  - << Server: openresty
77557 [TestNG-PoolService-2] DEBUG org.apache.http.headers  - << Date: Wed, 14 Oct 2020 23:48:01 GMT
77557 [TestNG-PoolService-2] DEBUG org.apache.http.headers  - << Content-Type: application/json; charset=utf-8
77557 [TestNG-PoolService-2] DEBUG org.apache.http.headers  - << Content-Length: 480
77557 [TestNG-PoolService-2] DEBUG org.apache.http.headers  - << Connection: keep-alive
77557 [TestNG-PoolService-2] DEBUG org.apache.http.headers  - << X-Cache-Key: /data/2.5/weather?q=ludhiana
77557 [TestNG-PoolService-2] DEBUG org.apache.http.headers  - << Access-Control-Allow-Origin: *
77557 [TestNG-PoolService-2] DEBUG org.apache.http.headers  - << Access-Control-Allow-Credentials: true
77557 [TestNG-PoolService-2] DEBUG org.apache.http.headers  - << Access-Control-Allow-Methods: GET, POST
77557 [TestNG-PoolService-2] DEBUG org.apache.http.impl.client.DefaultHttpClient  - Connection can be kept alive indefinitely
77557 [TestNG-PoolService-2] DEBUG io.restassured.internal.RequestSpecificationImpl$RestAssuredHttpBuilder  - Parsing response as: application/json; charset=utf-8
77557 [TestNG-PoolService-2] DEBUG io.restassured.internal.RequestSpecificationImpl$RestAssuredHttpBuilder  - Parsed data to instance of: class org.apache.http.conn.EofSensorInputStream
io.restassured.internal.RestAssuredResponseImpl@2468a771
77558 [TestNG-PoolService-2] DEBUG org.apache.http.wire  -  << "{"coord":{"lon":75.85,"lat":30.9},"weather":[{"id":800,"main":"Clear","description":"clear sky","icon":"01n"}],"base":"stations","main":{"temp":293.35,"feels_like":290.34,"temp_min":293.35,"temp_max":293.35,"pressure":1009,"humidity":27,"sea_level":1009,"grnd_level":980},"visibility":10000,"wind":{"speed":1.59,"deg":353},"clouds":{"all":0},"dt":1602719281,"sys":{"country":"IN","sunrise":1602723542,"sunset":1602764719},"timezone":19800,"id":1264728,"name":"Ludhiana","cod":200}"
77558 [TestNG-PoolService-2] DEBUG org.apache.http.impl.conn.BasicClientConnectionManager  - Releasing connection org.apache.http.impl.conn.ManagedClientConnectionImpl@51b9c50
77558 [TestNG-PoolService-2] DEBUG org.apache.http.impl.conn.BasicClientConnectionManager  - Connection can be kept alive indefinitely
{"coord":{"lon":75.85,"lat":30.9},"weather":[{"id":800,"main":"Clear","description":"clear sky","icon":"01n"}],"base":"stations","main":{"temp":293.35,"feels_like":290.34,"temp_min":293.35,"temp_max":293.35,"pressure":1009,"humidity":27,"sea_level":1009,"grnd_level":980},"visibility":10000,"wind":{"speed":1.59,"deg":353},"clouds":{"all":0},"dt":1602719281,"sys":{"country":"IN","sunrise":1602723542,"sunset":1602764719},"timezone":19800,"id":1264728,"name":"Ludhiana","cod":200}
293.35
Celsius: 20.200012
77559 [TestNG-PoolService-2] INFO org.apache.log4j.Logger  - Temperature from API is 20.200012 for City Ludhiana
77559 [TestNG-PoolService-2] ERROR org.apache.log4j.Logger  - FAIL: Difference between the API 20.200012 and UI 34.0 temp: 13.799988 for City Ludhiana is greater than variance set:10
78010 [Finalizer] DEBUG org.apache.http.impl.conn.DefaultClientConnection  - Connection 0.0.0.0:55544<->178.128.122.9:80 closed
78010 [Finalizer] DEBUG org.apache.http.impl.conn.DefaultClientConnection  - Connection 0.0.0.0:55545<->178.128.122.9:80 closed
78010 [Finalizer] DEBUG org.apache.http.impl.conn.DefaultClientConnection  - Connection 0.0.0.0:55547<->178.128.122.9:80 closed
78152 [TestNG-PoolService-0] INFO org.apache.log4j.Logger  - Temperature on UI is 32.0 for City Moradabad
78152 [TestNG-PoolService-0] INFO org.apache.log4j.Logger  - Get Temp using API
78160 [TestNG-PoolService-0] DEBUG org.apache.http.impl.conn.BasicClientConnectionManager  - Get connection for route {}->http://api.openweathermap.org:80
78160 [TestNG-PoolService-0] DEBUG org.apache.http.impl.conn.DefaultClientConnectionOperator  - Connecting to api.openweathermap.org:80
78224 [TestNG-PoolService-0] DEBUG org.apache.http.client.protocol.RequestAddCookies  - CookieSpec selected: ignoreCookies
78224 [TestNG-PoolService-0] DEBUG org.apache.http.client.protocol.RequestAuthCache  - Auth cache not set in the context
78224 [TestNG-PoolService-0] DEBUG org.apache.http.client.protocol.RequestTargetAuthentication  - Target auth state: UNCHALLENGED
78224 [TestNG-PoolService-0] DEBUG org.apache.http.client.protocol.RequestProxyAuthentication  - Proxy auth state: UNCHALLENGED
78224 [TestNG-PoolService-0] DEBUG org.apache.http.impl.client.DefaultHttpClient  - Attempt 1 to execute request
78224 [TestNG-PoolService-0] DEBUG org.apache.http.impl.conn.DefaultClientConnection  - Sending request: GET /data/2.5/weather?q=Moradabad&appid=7fe67bf08c80ded756e598d6f8fedaea HTTP/1.1
78224 [TestNG-PoolService-0] DEBUG org.apache.http.wire  -  >> "GET /data/2.5/weather?q=Moradabad&appid=7fe67bf08c80ded756e598d6f8fedaea HTTP/1.1[\r][\n]"
78224 [TestNG-PoolService-0] DEBUG org.apache.http.wire  -  >> "Accept: */*[\r][\n]"
78224 [TestNG-PoolService-0] DEBUG org.apache.http.wire  -  >> "Host: api.openweathermap.org[\r][\n]"
78224 [TestNG-PoolService-0] DEBUG org.apache.http.wire  -  >> "Connection: Keep-Alive[\r][\n]"
78224 [TestNG-PoolService-0] DEBUG org.apache.http.wire  -  >> "User-Agent: Apache-HttpClient/4.5.3 (Java/1.8.0_201)[\r][\n]"
78224 [TestNG-PoolService-0] DEBUG org.apache.http.wire  -  >> "Accept-Encoding: gzip,deflate[\r][\n]"
78224 [TestNG-PoolService-0] DEBUG org.apache.http.wire  -  >> "[\r][\n]"
78224 [TestNG-PoolService-0] DEBUG org.apache.http.headers  - >> GET /data/2.5/weather?q=Moradabad&appid=7fe67bf08c80ded756e598d6f8fedaea HTTP/1.1
78224 [TestNG-PoolService-0] DEBUG org.apache.http.headers  - >> Accept: */*
78224 [TestNG-PoolService-0] DEBUG org.apache.http.headers  - >> Host: api.openweathermap.org
78224 [TestNG-PoolService-0] DEBUG org.apache.http.headers  - >> Connection: Keep-Alive
78224 [TestNG-PoolService-0] DEBUG org.apache.http.headers  - >> User-Agent: Apache-HttpClient/4.5.3 (Java/1.8.0_201)
78224 [TestNG-PoolService-0] DEBUG org.apache.http.headers  - >> Accept-Encoding: gzip,deflate
78316 [TestNG-PoolService-0] DEBUG org.apache.http.wire  -  << "HTTP/1.1 200 OK[\r][\n]"
78316 [TestNG-PoolService-0] DEBUG org.apache.http.wire  -  << "Server: openresty[\r][\n]"
78316 [TestNG-PoolService-0] DEBUG org.apache.http.wire  -  << "Date: Wed, 14 Oct 2020 23:48:02 GMT[\r][\n]"
78316 [TestNG-PoolService-0] DEBUG org.apache.http.wire  -  << "Content-Type: application/json; charset=utf-8[\r][\n]"
78316 [TestNG-PoolService-0] DEBUG org.apache.http.wire  -  << "Content-Length: 488[\r][\n]"
78316 [TestNG-PoolService-0] DEBUG org.apache.http.wire  -  << "Connection: keep-alive[\r][\n]"
78316 [TestNG-PoolService-0] DEBUG org.apache.http.wire  -  << "X-Cache-Key: /data/2.5/weather?q=moradabad[\r][\n]"
78316 [TestNG-PoolService-0] DEBUG org.apache.http.wire  -  << "Access-Control-Allow-Origin: *[\r][\n]"
78316 [TestNG-PoolService-0] DEBUG org.apache.http.wire  -  << "Access-Control-Allow-Credentials: true[\r][\n]"
78316 [TestNG-PoolService-0] DEBUG org.apache.http.wire  -  << "Access-Control-Allow-Methods: GET, POST[\r][\n]"
78316 [TestNG-PoolService-0] DEBUG org.apache.http.wire  -  << "[\r][\n]"
78316 [TestNG-PoolService-0] DEBUG org.apache.http.impl.conn.DefaultClientConnection  - Receiving response: HTTP/1.1 200 OK
78316 [TestNG-PoolService-0] DEBUG org.apache.http.headers  - << HTTP/1.1 200 OK
78316 [TestNG-PoolService-0] DEBUG org.apache.http.headers  - << Server: openresty
78316 [TestNG-PoolService-0] DEBUG org.apache.http.headers  - << Date: Wed, 14 Oct 2020 23:48:02 GMT
78316 [TestNG-PoolService-0] DEBUG org.apache.http.headers  - << Content-Type: application/json; charset=utf-8
78316 [TestNG-PoolService-0] DEBUG org.apache.http.headers  - << Content-Length: 488
78316 [TestNG-PoolService-0] DEBUG org.apache.http.headers  - << Connection: keep-alive
78316 [TestNG-PoolService-0] DEBUG org.apache.http.headers  - << X-Cache-Key: /data/2.5/weather?q=moradabad
78316 [TestNG-PoolService-0] DEBUG org.apache.http.headers  - << Access-Control-Allow-Origin: *
78316 [TestNG-PoolService-0] DEBUG org.apache.http.headers  - << Access-Control-Allow-Credentials: true
78316 [TestNG-PoolService-0] DEBUG org.apache.http.headers  - << Access-Control-Allow-Methods: GET, POST
78316 [TestNG-PoolService-0] DEBUG org.apache.http.impl.client.DefaultHttpClient  - Connection can be kept alive indefinitely
78316 [TestNG-PoolService-0] DEBUG io.restassured.internal.RequestSpecificationImpl$RestAssuredHttpBuilder  - Parsing response as: application/json; charset=utf-8
78316 [TestNG-PoolService-0] DEBUG io.restassured.internal.RequestSpecificationImpl$RestAssuredHttpBuilder  - Parsed data to instance of: class org.apache.http.conn.EofSensorInputStream
io.restassured.internal.RestAssuredResponseImpl@157f0124
78317 [TestNG-PoolService-0] DEBUG org.apache.http.wire  -  << "{"coord":{"lon":78.78,"lat":28.83},"weather":[{"id":801,"main":"Clouds","description":"few clouds","icon":"02n"}],"base":"stations","main":{"temp":294.55,"feels_like":295.09,"temp_min":294.55,"temp_max":294.55,"pressure":1008,"humidity":63,"sea_level":1008,"grnd_level":985},"visibility":10000,"wind":{"speed":1.06,"deg":100},"clouds":{"all":18},"dt":1602719282,"sys":{"country":"IN","sunrise":1602722743,"sunset":1602764112},"timezone":19800,"id":1262801,"name":"Mor[0xc4][0x81]d[0xc4][0x81]b[0xc4][0x81]d","cod":200}"
78317 [TestNG-PoolService-0] DEBUG org.apache.http.impl.conn.BasicClientConnectionManager  - Releasing connection org.apache.http.impl.conn.ManagedClientConnectionImpl@334c89bd
78317 [TestNG-PoolService-0] DEBUG org.apache.http.impl.conn.BasicClientConnectionManager  - Connection can be kept alive indefinitely
{"coord":{"lon":78.78,"lat":28.83},"weather":[{"id":801,"main":"Clouds","description":"few clouds","icon":"02n"}],"base":"stations","main":{"temp":294.55,"feels_like":295.09,"temp_min":294.55,"temp_max":294.55,"pressure":1008,"humidity":63,"sea_level":1008,"grnd_level":985},"visibility":10000,"wind":{"speed":1.06,"deg":100},"clouds":{"all":18},"dt":1602719282,"sys":{"country":"IN","sunrise":1602722743,"sunset":1602764112},"timezone":19800,"id":1262801,"name":"Morādābād","cod":200}
294.55
Celsius: 21.399994
78317 [TestNG-PoolService-0] INFO org.apache.log4j.Logger  - Temperature from API is 21.399994 for City Moradabad
78317 [TestNG-PoolService-0] ERROR org.apache.log4j.Logger  - FAIL: Difference between the API 21.399994 and UI 32.0 temp: 10.600006 for City Moradabad is greater than variance set:10
78690 [TestNG-PoolService-7] INFO org.apache.log4j.Logger  - Temperature on UI is 33.0 for City Meerut
78690 [TestNG-PoolService-7] INFO org.apache.log4j.Logger  - Get Temp using API
78694 [TestNG-PoolService-7] DEBUG org.apache.http.impl.conn.BasicClientConnectionManager  - Get connection for route {}->http://api.openweathermap.org:80
78694 [TestNG-PoolService-7] DEBUG org.apache.http.impl.conn.DefaultClientConnectionOperator  - Connecting to api.openweathermap.org:80
78752 [TestNG-PoolService-7] DEBUG org.apache.http.client.protocol.RequestAddCookies  - CookieSpec selected: ignoreCookies
78752 [TestNG-PoolService-7] DEBUG org.apache.http.client.protocol.RequestAuthCache  - Auth cache not set in the context
78752 [TestNG-PoolService-7] DEBUG org.apache.http.client.protocol.RequestTargetAuthentication  - Target auth state: UNCHALLENGED
78752 [TestNG-PoolService-7] DEBUG org.apache.http.client.protocol.RequestProxyAuthentication  - Proxy auth state: UNCHALLENGED
78752 [TestNG-PoolService-7] DEBUG org.apache.http.impl.client.DefaultHttpClient  - Attempt 1 to execute request
78752 [TestNG-PoolService-7] DEBUG org.apache.http.impl.conn.DefaultClientConnection  - Sending request: GET /data/2.5/weather?q=Meerut&appid=7fe67bf08c80ded756e598d6f8fedaea HTTP/1.1
78752 [TestNG-PoolService-7] DEBUG org.apache.http.wire  -  >> "GET /data/2.5/weather?q=Meerut&appid=7fe67bf08c80ded756e598d6f8fedaea HTTP/1.1[\r][\n]"
78752 [TestNG-PoolService-7] DEBUG org.apache.http.wire  -  >> "Accept: */*[\r][\n]"
78752 [TestNG-PoolService-7] DEBUG org.apache.http.wire  -  >> "Host: api.openweathermap.org[\r][\n]"
78753 [TestNG-PoolService-7] DEBUG org.apache.http.wire  -  >> "Connection: Keep-Alive[\r][\n]"
78753 [TestNG-PoolService-7] DEBUG org.apache.http.wire  -  >> "User-Agent: Apache-HttpClient/4.5.3 (Java/1.8.0_201)[\r][\n]"
78753 [TestNG-PoolService-7] DEBUG org.apache.http.wire  -  >> "Accept-Encoding: gzip,deflate[\r][\n]"
78753 [TestNG-PoolService-7] DEBUG org.apache.http.wire  -  >> "[\r][\n]"
78753 [TestNG-PoolService-7] DEBUG org.apache.http.headers  - >> GET /data/2.5/weather?q=Meerut&appid=7fe67bf08c80ded756e598d6f8fedaea HTTP/1.1
78753 [TestNG-PoolService-7] DEBUG org.apache.http.headers  - >> Accept: */*
78753 [TestNG-PoolService-7] DEBUG org.apache.http.headers  - >> Host: api.openweathermap.org
78753 [TestNG-PoolService-7] DEBUG org.apache.http.headers  - >> Connection: Keep-Alive
78753 [TestNG-PoolService-7] DEBUG org.apache.http.headers  - >> User-Agent: Apache-HttpClient/4.5.3 (Java/1.8.0_201)
78753 [TestNG-PoolService-7] DEBUG org.apache.http.headers  - >> Accept-Encoding: gzip,deflate
78848 [TestNG-PoolService-7] DEBUG org.apache.http.wire  -  << "HTTP/1.1 200 OK[\r][\n]"
78848 [TestNG-PoolService-7] DEBUG org.apache.http.wire  -  << "Server: openresty[\r][\n]"
78848 [TestNG-PoolService-7] DEBUG org.apache.http.wire  -  << "Date: Wed, 14 Oct 2020 23:48:03 GMT[\r][\n]"
78848 [TestNG-PoolService-7] DEBUG org.apache.http.wire  -  << "Content-Type: application/json; charset=utf-8[\r][\n]"
78848 [TestNG-PoolService-7] DEBUG org.apache.http.wire  -  << "Content-Length: 480[\r][\n]"
78848 [TestNG-PoolService-7] DEBUG org.apache.http.wire  -  << "Connection: keep-alive[\r][\n]"
78848 [TestNG-PoolService-7] DEBUG org.apache.http.wire  -  << "X-Cache-Key: /data/2.5/weather?q=meerut[\r][\n]"
78848 [TestNG-PoolService-7] DEBUG org.apache.http.wire  -  << "Access-Control-Allow-Origin: *[\r][\n]"
78848 [TestNG-PoolService-7] DEBUG org.apache.http.wire  -  << "Access-Control-Allow-Credentials: true[\r][\n]"
78848 [TestNG-PoolService-7] DEBUG org.apache.http.wire  -  << "Access-Control-Allow-Methods: GET, POST[\r][\n]"
78848 [TestNG-PoolService-7] DEBUG org.apache.http.wire  -  << "[\r][\n]"
78848 [TestNG-PoolService-7] DEBUG org.apache.http.impl.conn.DefaultClientConnection  - Receiving response: HTTP/1.1 200 OK
78848 [TestNG-PoolService-7] DEBUG org.apache.http.headers  - << HTTP/1.1 200 OK
78848 [TestNG-PoolService-7] DEBUG org.apache.http.headers  - << Server: openresty
78848 [TestNG-PoolService-7] DEBUG org.apache.http.headers  - << Date: Wed, 14 Oct 2020 23:48:03 GMT
78849 [TestNG-PoolService-7] DEBUG org.apache.http.headers  - << Content-Type: application/json; charset=utf-8
78849 [TestNG-PoolService-7] DEBUG org.apache.http.headers  - << Content-Length: 480
78849 [TestNG-PoolService-7] DEBUG org.apache.http.headers  - << Connection: keep-alive
78849 [TestNG-PoolService-7] DEBUG org.apache.http.headers  - << X-Cache-Key: /data/2.5/weather?q=meerut
78849 [TestNG-PoolService-7] DEBUG org.apache.http.headers  - << Access-Control-Allow-Origin: *
78849 [TestNG-PoolService-7] DEBUG org.apache.http.headers  - << Access-Control-Allow-Credentials: true
78849 [TestNG-PoolService-7] DEBUG org.apache.http.headers  - << Access-Control-Allow-Methods: GET, POST
78849 [TestNG-PoolService-7] DEBUG org.apache.http.impl.client.DefaultHttpClient  - Connection can be kept alive indefinitely
78850 [TestNG-PoolService-7] DEBUG io.restassured.internal.RequestSpecificationImpl$RestAssuredHttpBuilder  - Parsing response as: application/json; charset=utf-8
78850 [TestNG-PoolService-7] DEBUG io.restassured.internal.RequestSpecificationImpl$RestAssuredHttpBuilder  - Parsed data to instance of: class org.apache.http.conn.EofSensorInputStream
io.restassured.internal.RestAssuredResponseImpl@51ee52cd
78851 [TestNG-PoolService-7] DEBUG org.apache.http.wire  -  << "{"coord":{"lon":77.7,"lat":28.98},"weather":[{"id":801,"main":"Clouds","description":"few clouds","icon":"02n"}],"base":"stations","main":{"temp":296.44,"feels_like":296.54,"temp_min":296.44,"temp_max":296.44,"pressure":1007,"humidity":50,"sea_level":1007,"grnd_level":981},"visibility":10000,"wind":{"speed":0.86,"deg":29},"clouds":{"all":14},"dt":1602719283,"sys":{"country":"IN","sunrise":1602723009,"sunset":1602764364},"timezone":19800,"id":1263214,"name":"Meerut","cod":200}"
78851 [TestNG-PoolService-7] DEBUG org.apache.http.impl.conn.BasicClientConnectionManager  - Releasing connection org.apache.http.impl.conn.ManagedClientConnectionImpl@694e0899
78851 [TestNG-PoolService-7] DEBUG org.apache.http.impl.conn.BasicClientConnectionManager  - Connection can be kept alive indefinitely
{"coord":{"lon":77.7,"lat":28.98},"weather":[{"id":801,"main":"Clouds","description":"few clouds","icon":"02n"}],"base":"stations","main":{"temp":296.44,"feels_like":296.54,"temp_min":296.44,"temp_max":296.44,"pressure":1007,"humidity":50,"sea_level":1007,"grnd_level":981},"visibility":10000,"wind":{"speed":0.86,"deg":29},"clouds":{"all":14},"dt":1602719283,"sys":{"country":"IN","sunrise":1602723009,"sunset":1602764364},"timezone":19800,"id":1263214,"name":"Meerut","cod":200}
296.44
Celsius: 23.290009
78853 [TestNG-PoolService-7] INFO org.apache.log4j.Logger  - Temperature from API is 23.290009 for City Meerut
78853 [TestNG-PoolService-7] INFO org.apache.log4j.Logger  - PASS: Difference between the API 23.290009 and UI 33.0 temp: 9.709991 for City Meerut is less than variance set: 10
79258 [Finalizer] DEBUG org.apache.http.impl.conn.DefaultClientConnection  - Connection 0.0.0.0:55548<->178.128.122.9:80 closed
79258 [Finalizer] DEBUG org.apache.http.impl.conn.DefaultClientConnection  - Connection 0.0.0.0:55549<->178.128.122.9:80 closed
79310 [TestNG-PoolService-9] INFO org.apache.log4j.Logger  - Temperature on UI is 26.0 for City Mangalore
79310 [TestNG-PoolService-9] INFO org.apache.log4j.Logger  - Get Temp using API
79314 [TestNG-PoolService-9] DEBUG org.apache.http.impl.conn.BasicClientConnectionManager  - Get connection for route {}->http://api.openweathermap.org:80
79314 [TestNG-PoolService-9] DEBUG org.apache.http.impl.conn.DefaultClientConnectionOperator  - Connecting to api.openweathermap.org:80
79373 [TestNG-PoolService-9] DEBUG org.apache.http.client.protocol.RequestAddCookies  - CookieSpec selected: ignoreCookies
79373 [TestNG-PoolService-9] DEBUG org.apache.http.client.protocol.RequestAuthCache  - Auth cache not set in the context
79373 [TestNG-PoolService-9] DEBUG org.apache.http.client.protocol.RequestTargetAuthentication  - Target auth state: UNCHALLENGED
79373 [TestNG-PoolService-9] DEBUG org.apache.http.client.protocol.RequestProxyAuthentication  - Proxy auth state: UNCHALLENGED
79373 [TestNG-PoolService-9] DEBUG org.apache.http.impl.client.DefaultHttpClient  - Attempt 1 to execute request
79373 [TestNG-PoolService-9] DEBUG org.apache.http.impl.conn.DefaultClientConnection  - Sending request: GET /data/2.5/weather?q=Mangalore&appid=7fe67bf08c80ded756e598d6f8fedaea HTTP/1.1
79373 [TestNG-PoolService-9] DEBUG org.apache.http.wire  -  >> "GET /data/2.5/weather?q=Mangalore&appid=7fe67bf08c80ded756e598d6f8fedaea HTTP/1.1[\r][\n]"
79373 [TestNG-PoolService-9] DEBUG org.apache.http.wire  -  >> "Accept: */*[\r][\n]"
79373 [TestNG-PoolService-9] DEBUG org.apache.http.wire  -  >> "Host: api.openweathermap.org[\r][\n]"
79373 [TestNG-PoolService-9] DEBUG org.apache.http.wire  -  >> "Connection: Keep-Alive[\r][\n]"
79373 [TestNG-PoolService-9] DEBUG org.apache.http.wire  -  >> "User-Agent: Apache-HttpClient/4.5.3 (Java/1.8.0_201)[\r][\n]"
79373 [TestNG-PoolService-9] DEBUG org.apache.http.wire  -  >> "Accept-Encoding: gzip,deflate[\r][\n]"
79373 [TestNG-PoolService-9] DEBUG org.apache.http.wire  -  >> "[\r][\n]"
79374 [TestNG-PoolService-9] DEBUG org.apache.http.headers  - >> GET /data/2.5/weather?q=Mangalore&appid=7fe67bf08c80ded756e598d6f8fedaea HTTP/1.1
79374 [TestNG-PoolService-9] DEBUG org.apache.http.headers  - >> Accept: */*
79374 [TestNG-PoolService-9] DEBUG org.apache.http.headers  - >> Host: api.openweathermap.org
79374 [TestNG-PoolService-9] DEBUG org.apache.http.headers  - >> Connection: Keep-Alive
79374 [TestNG-PoolService-9] DEBUG org.apache.http.headers  - >> User-Agent: Apache-HttpClient/4.5.3 (Java/1.8.0_201)
79374 [TestNG-PoolService-9] DEBUG org.apache.http.headers  - >> Accept-Encoding: gzip,deflate
79449 [TestNG-PoolService-9] DEBUG org.apache.http.wire  -  << "HTTP/1.1 200 OK[\r][\n]"
79449 [TestNG-PoolService-9] DEBUG org.apache.http.wire  -  << "Server: openresty[\r][\n]"
79449 [TestNG-PoolService-9] DEBUG org.apache.http.wire  -  << "Date: Wed, 14 Oct 2020 23:48:03 GMT[\r][\n]"
79450 [TestNG-PoolService-9] DEBUG org.apache.http.wire  -  << "Content-Type: application/json; charset=utf-8[\r][\n]"
79450 [TestNG-PoolService-9] DEBUG org.apache.http.wire  -  << "Content-Length: 460[\r][\n]"
79450 [TestNG-PoolService-9] DEBUG org.apache.http.wire  -  << "Connection: keep-alive[\r][\n]"
79450 [TestNG-PoolService-9] DEBUG org.apache.http.wire  -  << "X-Cache-Key: /data/2.5/weather?q=mangalore[\r][\n]"
79450 [TestNG-PoolService-9] DEBUG org.apache.http.wire  -  << "Access-Control-Allow-Origin: *[\r][\n]"
79450 [TestNG-PoolService-9] DEBUG org.apache.http.wire  -  << "Access-Control-Allow-Credentials: true[\r][\n]"
79450 [TestNG-PoolService-9] DEBUG org.apache.http.wire  -  << "Access-Control-Allow-Methods: GET, POST[\r][\n]"
79450 [TestNG-PoolService-9] DEBUG org.apache.http.wire  -  << "[\r][\n]"
79450 [TestNG-PoolService-9] DEBUG org.apache.http.impl.conn.DefaultClientConnection  - Receiving response: HTTP/1.1 200 OK
79450 [TestNG-PoolService-9] DEBUG org.apache.http.headers  - << HTTP/1.1 200 OK
79450 [TestNG-PoolService-9] DEBUG org.apache.http.headers  - << Server: openresty
79450 [TestNG-PoolService-9] DEBUG org.apache.http.headers  - << Date: Wed, 14 Oct 2020 23:48:03 GMT
79450 [TestNG-PoolService-9] DEBUG org.apache.http.headers  - << Content-Type: application/json; charset=utf-8
79450 [TestNG-PoolService-9] DEBUG org.apache.http.headers  - << Content-Length: 460
79450 [TestNG-PoolService-9] DEBUG org.apache.http.headers  - << Connection: keep-alive
79450 [TestNG-PoolService-9] DEBUG org.apache.http.headers  - << X-Cache-Key: /data/2.5/weather?q=mangalore
79450 [TestNG-PoolService-9] DEBUG org.apache.http.headers  - << Access-Control-Allow-Origin: *
79450 [TestNG-PoolService-9] DEBUG org.apache.http.headers  - << Access-Control-Allow-Credentials: true
79450 [TestNG-PoolService-9] DEBUG org.apache.http.headers  - << Access-Control-Allow-Methods: GET, POST
79450 [TestNG-PoolService-9] DEBUG org.apache.http.impl.client.DefaultHttpClient  - Connection can be kept alive indefinitely
79451 [TestNG-PoolService-9] DEBUG io.restassured.internal.RequestSpecificationImpl$RestAssuredHttpBuilder  - Parsing response as: application/json; charset=utf-8
79451 [TestNG-PoolService-9] DEBUG io.restassured.internal.RequestSpecificationImpl$RestAssuredHttpBuilder  - Parsed data to instance of: class org.apache.http.conn.EofSensorInputStream
io.restassured.internal.RestAssuredResponseImpl@6a338015
79452 [TestNG-PoolService-9] DEBUG org.apache.http.wire  -  << "{"coord":{"lon":74.88,"lat":12.87},"weather":[{"id":701,"main":"Mist","description":"mist","icon":"50n"}],"base":"stations","main":{"temp":298.15,"feels_like":301.15,"temp_min":298.15,"temp_max":298.15,"pressure":1004,"humidity":88},"visibility":4000,"wind":{"speed":3.1,"deg":230},"clouds":{"all":75},"dt":1602719283,"sys":{"type":1,"id":9217,"country":"IN","sunrise":1602723032,"sunset":1602765694},"timezone":19800,"id":1263780,"name":"Mangalore","cod":200}"
79452 [TestNG-PoolService-9] DEBUG org.apache.http.impl.conn.BasicClientConnectionManager  - Releasing connection org.apache.http.impl.conn.ManagedClientConnectionImpl@1d8d9ee
79452 [TestNG-PoolService-9] DEBUG org.apache.http.impl.conn.BasicClientConnectionManager  - Connection can be kept alive indefinitely
{"coord":{"lon":74.88,"lat":12.87},"weather":[{"id":701,"main":"Mist","description":"mist","icon":"50n"}],"base":"stations","main":{"temp":298.15,"feels_like":301.15,"temp_min":298.15,"temp_max":298.15,"pressure":1004,"humidity":88},"visibility":4000,"wind":{"speed":3.1,"deg":230},"clouds":{"all":75},"dt":1602719283,"sys":{"type":1,"id":9217,"country":"IN","sunrise":1602723032,"sunset":1602765694},"timezone":19800,"id":1263780,"name":"Mangalore","cod":200}
298.15
Celsius: 25.0
79453 [TestNG-PoolService-9] INFO org.apache.log4j.Logger  - Temperature from API is 25.0 for City Mangalore
79453 [TestNG-PoolService-9] INFO org.apache.log4j.Logger  - PASS: Difference between the API 25.0 and UI 26.0 temp: 1.0 for City Mangalore is less than variance set: 10
79952 [TestNG-PoolService-4] INFO org.apache.log4j.Logger  - Temperature on UI is 30.0 for City Mumbai
79952 [TestNG-PoolService-4] INFO org.apache.log4j.Logger  - Get Temp using API
79956 [TestNG-PoolService-4] DEBUG org.apache.http.impl.conn.BasicClientConnectionManager  - Get connection for route {}->http://api.openweathermap.org:80
79956 [TestNG-PoolService-4] DEBUG org.apache.http.impl.conn.DefaultClientConnectionOperator  - Connecting to api.openweathermap.org:80
80030 [TestNG-PoolService-4] DEBUG org.apache.http.client.protocol.RequestAddCookies  - CookieSpec selected: ignoreCookies
80030 [TestNG-PoolService-4] DEBUG org.apache.http.client.protocol.RequestAuthCache  - Auth cache not set in the context
80030 [TestNG-PoolService-4] DEBUG org.apache.http.client.protocol.RequestTargetAuthentication  - Target auth state: UNCHALLENGED
80030 [TestNG-PoolService-4] DEBUG org.apache.http.client.protocol.RequestProxyAuthentication  - Proxy auth state: UNCHALLENGED
80030 [TestNG-PoolService-4] DEBUG org.apache.http.impl.client.DefaultHttpClient  - Attempt 1 to execute request
80030 [TestNG-PoolService-4] DEBUG org.apache.http.impl.conn.DefaultClientConnection  - Sending request: GET /data/2.5/weather?q=Mumbai&appid=7fe67bf08c80ded756e598d6f8fedaea HTTP/1.1
80030 [TestNG-PoolService-4] DEBUG org.apache.http.wire  -  >> "GET /data/2.5/weather?q=Mumbai&appid=7fe67bf08c80ded756e598d6f8fedaea HTTP/1.1[\r][\n]"
80030 [TestNG-PoolService-4] DEBUG org.apache.http.wire  -  >> "Accept: */*[\r][\n]"
80030 [TestNG-PoolService-4] DEBUG org.apache.http.wire  -  >> "Host: api.openweathermap.org[\r][\n]"
80030 [TestNG-PoolService-4] DEBUG org.apache.http.wire  -  >> "Connection: Keep-Alive[\r][\n]"
80030 [TestNG-PoolService-4] DEBUG org.apache.http.wire  -  >> "User-Agent: Apache-HttpClient/4.5.3 (Java/1.8.0_201)[\r][\n]"
80030 [TestNG-PoolService-4] DEBUG org.apache.http.wire  -  >> "Accept-Encoding: gzip,deflate[\r][\n]"
80030 [TestNG-PoolService-4] DEBUG org.apache.http.wire  -  >> "[\r][\n]"
80030 [TestNG-PoolService-4] DEBUG org.apache.http.headers  - >> GET /data/2.5/weather?q=Mumbai&appid=7fe67bf08c80ded756e598d6f8fedaea HTTP/1.1
80030 [TestNG-PoolService-4] DEBUG org.apache.http.headers  - >> Accept: */*
80030 [TestNG-PoolService-4] DEBUG org.apache.http.headers  - >> Host: api.openweathermap.org
80030 [TestNG-PoolService-4] DEBUG org.apache.http.headers  - >> Connection: Keep-Alive
80030 [TestNG-PoolService-4] DEBUG org.apache.http.headers  - >> User-Agent: Apache-HttpClient/4.5.3 (Java/1.8.0_201)
80031 [TestNG-PoolService-4] DEBUG org.apache.http.headers  - >> Accept-Encoding: gzip,deflate
80088 [TestNG-PoolService-4] DEBUG org.apache.http.wire  -  << "HTTP/1.1 200 OK[\r][\n]"
80089 [TestNG-PoolService-4] DEBUG org.apache.http.wire  -  << "Server: openresty[\r][\n]"
80089 [TestNG-PoolService-4] DEBUG org.apache.http.wire  -  << "Date: Wed, 14 Oct 2020 23:48:04 GMT[\r][\n]"
80089 [TestNG-PoolService-4] DEBUG org.apache.http.wire  -  << "Content-Type: application/json; charset=utf-8[\r][\n]"
80089 [TestNG-PoolService-4] DEBUG org.apache.http.wire  -  << "Content-Length: 471[\r][\n]"
80089 [TestNG-PoolService-4] DEBUG org.apache.http.wire  -  << "Connection: keep-alive[\r][\n]"
80089 [TestNG-PoolService-4] DEBUG org.apache.http.wire  -  << "X-Cache-Key: /data/2.5/weather?q=mumbai[\r][\n]"
80089 [TestNG-PoolService-4] DEBUG org.apache.http.wire  -  << "Access-Control-Allow-Origin: *[\r][\n]"
80089 [TestNG-PoolService-4] DEBUG org.apache.http.wire  -  << "Access-Control-Allow-Credentials: true[\r][\n]"
80089 [TestNG-PoolService-4] DEBUG org.apache.http.wire  -  << "Access-Control-Allow-Methods: GET, POST[\r][\n]"
80089 [TestNG-PoolService-4] DEBUG org.apache.http.wire  -  << "[\r][\n]"
80089 [TestNG-PoolService-4] DEBUG org.apache.http.impl.conn.DefaultClientConnection  - Receiving response: HTTP/1.1 200 OK
80089 [TestNG-PoolService-4] DEBUG org.apache.http.headers  - << HTTP/1.1 200 OK
80089 [TestNG-PoolService-4] DEBUG org.apache.http.headers  - << Server: openresty
80089 [TestNG-PoolService-4] DEBUG org.apache.http.headers  - << Date: Wed, 14 Oct 2020 23:48:04 GMT
80089 [TestNG-PoolService-4] DEBUG org.apache.http.headers  - << Content-Type: application/json; charset=utf-8
80089 [TestNG-PoolService-4] DEBUG org.apache.http.headers  - << Content-Length: 471
80089 [TestNG-PoolService-4] DEBUG org.apache.http.headers  - << Connection: keep-alive
80089 [TestNG-PoolService-4] DEBUG org.apache.http.headers  - << X-Cache-Key: /data/2.5/weather?q=mumbai
80089 [TestNG-PoolService-4] DEBUG org.apache.http.headers  - << Access-Control-Allow-Origin: *
80089 [TestNG-PoolService-4] DEBUG org.apache.http.headers  - << Access-Control-Allow-Credentials: true
80089 [TestNG-PoolService-4] DEBUG org.apache.http.headers  - << Access-Control-Allow-Methods: GET, POST
80090 [TestNG-PoolService-4] DEBUG org.apache.http.impl.client.DefaultHttpClient  - Connection can be kept alive indefinitely
80090 [TestNG-PoolService-4] DEBUG io.restassured.internal.RequestSpecificationImpl$RestAssuredHttpBuilder  - Parsing response as: application/json; charset=utf-8
80090 [TestNG-PoolService-4] DEBUG io.restassured.internal.RequestSpecificationImpl$RestAssuredHttpBuilder  - Parsed data to instance of: class org.apache.http.conn.EofSensorInputStream
io.restassured.internal.RestAssuredResponseImpl@5e0351fe
80091 [TestNG-PoolService-4] DEBUG org.apache.http.wire  -  << "{"coord":{"lon":72.85,"lat":19.01},"weather":[{"id":804,"main":"Clouds","description":"overcast clouds","icon":"04n"}],"base":"stations","main":{"temp":299.15,"feels_like":304.74,"temp_min":299.15,"temp_max":299.15,"pressure":1001,"humidity":100},"visibility":2100,"wind":{"speed":2.1,"deg":310},"clouds":{"all":90},"dt":1602718544,"sys":{"type":1,"id":9052,"country":"IN","sunrise":1602723754,"sunset":1602765946},"timezone":19800,"id":1275339,"name":"Mumbai","cod":200}"
80091 [TestNG-PoolService-4] DEBUG org.apache.http.impl.conn.BasicClientConnectionManager  - Releasing connection org.apache.http.impl.conn.ManagedClientConnectionImpl@2408a2fe
80092 [TestNG-PoolService-4] DEBUG org.apache.http.impl.conn.BasicClientConnectionManager  - Connection can be kept alive indefinitely
{"coord":{"lon":72.85,"lat":19.01},"weather":[{"id":804,"main":"Clouds","description":"overcast clouds","icon":"04n"}],"base":"stations","main":{"temp":299.15,"feels_like":304.74,"temp_min":299.15,"temp_max":299.15,"pressure":1001,"humidity":100},"visibility":2100,"wind":{"speed":2.1,"deg":310},"clouds":{"all":90},"dt":1602718544,"sys":{"type":1,"id":9052,"country":"IN","sunrise":1602723754,"sunset":1602765946},"timezone":19800,"id":1275339,"name":"Mumbai","cod":200}
299.15
Celsius: 26.0
80093 [TestNG-PoolService-4] INFO org.apache.log4j.Logger  - Temperature from API is 26.0 for City Mumbai
80093 [TestNG-PoolService-4] INFO org.apache.log4j.Logger  - PASS: Difference between the API 26.0 and UI 30.0 temp: 4.0 for City Mumbai is less than variance set: 10
80539 [Finalizer] DEBUG org.apache.http.impl.conn.DefaultClientConnection  - Connection 0.0.0.0:55551<->178.128.122.9:80 closed
80539 [Finalizer] DEBUG org.apache.http.impl.conn.DefaultClientConnection  - Connection 0.0.0.0:55552<->178.128.122.9:80 closed
]]></system-out>
  </testcase>
  <testcase name="getTemp[com.temp.test.City@2b10acd](51)" classname="com.temp.test.TestsWeather" time="0.004">
    <system-out><![CDATA[80540 [TestNG-PoolService-2] INFO org.apache.log4j.Logger  - Select the city on the pin menu
]]></system-out>
  </testcase>
  <testcase name="getTemp[com.temp.test.City@20fa1bb3](52)" classname="com.temp.test.TestsWeather" time="0.007">
    <failure message="For city Moradabad: The Actual temp is 21.399994 and expected is 32.0 expected [32.0] but found [21.399994]" type="java.lang.AssertionError"><![CDATA[java.lang.AssertionError: For city Moradabad: The Actual temp is 21.399994 and expected is 32.0 expected [32.0] but found [21.399994]
	at com.temp.test.TestsWeather.getTemp(TestsWeather.java:224)
]]></failure>
    <system-out><![CDATA[80563 [TestNG-PoolService-7] INFO org.apache.log4j.Logger  - Select the city on the pin menu
80581 [TestNG-PoolService-8] INFO org.apache.log4j.Logger  - Temperature on UI is 33.0 for City Muzaffarnagar
80581 [TestNG-PoolService-8] INFO org.apache.log4j.Logger  - Get Temp using API
]]></system-out>
  </testcase>
  <testcase name="getTemp[com.temp.test.City@4711cae6](53)" classname="com.temp.test.TestsWeather" time="0.011">
    <system-out><![CDATA[80587 [TestNG-PoolService-0] INFO org.apache.log4j.Logger  - Select the city on the pin menu
80587 [TestNG-PoolService-8] DEBUG org.apache.http.impl.conn.BasicClientConnectionManager  - Get connection for route {}->http://api.openweathermap.org:80
80588 [TestNG-PoolService-8] DEBUG org.apache.http.impl.conn.DefaultClientConnectionOperator  - Connecting to api.openweathermap.org:80
]]></system-out>
  </testcase>
  <testcase name="getTemp[com.temp.test.City@4ada5b70](54)" classname="com.temp.test.TestsWeather" time="0.07">
    <system-out><![CDATA[80639 [TestNG-PoolService-9] INFO org.apache.log4j.Logger  - Select the city on the pin menu
80649 [TestNG-PoolService-8] DEBUG org.apache.http.client.protocol.RequestAddCookies  - CookieSpec selected: ignoreCookies
80649 [TestNG-PoolService-8] DEBUG org.apache.http.client.protocol.RequestAuthCache  - Auth cache not set in the context
80649 [TestNG-PoolService-8] DEBUG org.apache.http.client.protocol.RequestTargetAuthentication  - Target auth state: UNCHALLENGED
80649 [TestNG-PoolService-8] DEBUG org.apache.http.client.protocol.RequestProxyAuthentication  - Proxy auth state: UNCHALLENGED
80649 [TestNG-PoolService-8] DEBUG org.apache.http.impl.client.DefaultHttpClient  - Attempt 1 to execute request
80649 [TestNG-PoolService-8] DEBUG org.apache.http.impl.conn.DefaultClientConnection  - Sending request: GET /data/2.5/weather?q=Muzaffarnagar&appid=7fe67bf08c80ded756e598d6f8fedaea HTTP/1.1
80649 [TestNG-PoolService-8] DEBUG org.apache.http.wire  -  >> "GET /data/2.5/weather?q=Muzaffarnagar&appid=7fe67bf08c80ded756e598d6f8fedaea HTTP/1.1[\r][\n]"
80649 [TestNG-PoolService-8] DEBUG org.apache.http.wire  -  >> "Accept: */*[\r][\n]"
80650 [TestNG-PoolService-8] DEBUG org.apache.http.wire  -  >> "Host: api.openweathermap.org[\r][\n]"
80650 [TestNG-PoolService-8] DEBUG org.apache.http.wire  -  >> "Connection: Keep-Alive[\r][\n]"
80650 [TestNG-PoolService-8] DEBUG org.apache.http.wire  -  >> "User-Agent: Apache-HttpClient/4.5.3 (Java/1.8.0_201)[\r][\n]"
80650 [TestNG-PoolService-8] DEBUG org.apache.http.wire  -  >> "Accept-Encoding: gzip,deflate[\r][\n]"
80650 [TestNG-PoolService-8] DEBUG org.apache.http.wire  -  >> "[\r][\n]"
80650 [TestNG-PoolService-8] DEBUG org.apache.http.headers  - >> GET /data/2.5/weather?q=Muzaffarnagar&appid=7fe67bf08c80ded756e598d6f8fedaea HTTP/1.1
80650 [TestNG-PoolService-8] DEBUG org.apache.http.headers  - >> Accept: */*
80650 [TestNG-PoolService-8] DEBUG org.apache.http.headers  - >> Host: api.openweathermap.org
80650 [TestNG-PoolService-8] DEBUG org.apache.http.headers  - >> Connection: Keep-Alive
80650 [TestNG-PoolService-8] DEBUG org.apache.http.headers  - >> User-Agent: Apache-HttpClient/4.5.3 (Java/1.8.0_201)
80650 [TestNG-PoolService-8] DEBUG org.apache.http.headers  - >> Accept-Encoding: gzip,deflate
]]></system-out>
  </testcase>
  <testcase name="getTemp[com.temp.test.City@63a1797a](55)" classname="com.temp.test.TestsWeather" time="0.124">
    <failure message="For city Muzaffarnagar: The Actual temp is 21.0 and expected is 33.0 expected [33.0] but found [21.0]" type="java.lang.AssertionError"><![CDATA[java.lang.AssertionError: For city Muzaffarnagar: The Actual temp is 21.0 and expected is 33.0 expected [33.0] but found [21.0]
	at com.temp.test.TestsWeather.getTemp(TestsWeather.java:224)
]]></failure>
    <system-out><![CDATA[80701 [TestNG-PoolService-4] INFO org.apache.log4j.Logger  - Select the city on the pin menu
80714 [TestNG-PoolService-8] DEBUG org.apache.http.wire  -  << "HTTP/1.1 200 OK[\r][\n]"
80714 [TestNG-PoolService-8] DEBUG org.apache.http.wire  -  << "Server: openresty[\r][\n]"
80714 [TestNG-PoolService-8] DEBUG org.apache.http.wire  -  << "Date: Wed, 14 Oct 2020 23:48:04 GMT[\r][\n]"
80714 [TestNG-PoolService-8] DEBUG org.apache.http.wire  -  << "Content-Type: application/json; charset=utf-8[\r][\n]"
80714 [TestNG-PoolService-8] DEBUG org.apache.http.wire  -  << "Content-Length: 485[\r][\n]"
80714 [TestNG-PoolService-8] DEBUG org.apache.http.wire  -  << "Connection: keep-alive[\r][\n]"
80714 [TestNG-PoolService-8] DEBUG org.apache.http.wire  -  << "X-Cache-Key: /data/2.5/weather?q=muzaffarnagar[\r][\n]"
80714 [TestNG-PoolService-8] DEBUG org.apache.http.wire  -  << "Access-Control-Allow-Origin: *[\r][\n]"
80714 [TestNG-PoolService-8] DEBUG org.apache.http.wire  -  << "Access-Control-Allow-Credentials: true[\r][\n]"
80714 [TestNG-PoolService-8] DEBUG org.apache.http.wire  -  << "Access-Control-Allow-Methods: GET, POST[\r][\n]"
80714 [TestNG-PoolService-8] DEBUG org.apache.http.wire  -  << "[\r][\n]"
80714 [TestNG-PoolService-8] DEBUG org.apache.http.impl.conn.DefaultClientConnection  - Receiving response: HTTP/1.1 200 OK
80714 [TestNG-PoolService-8] DEBUG org.apache.http.headers  - << HTTP/1.1 200 OK
80714 [TestNG-PoolService-8] DEBUG org.apache.http.headers  - << Server: openresty
80714 [TestNG-PoolService-8] DEBUG org.apache.http.headers  - << Date: Wed, 14 Oct 2020 23:48:04 GMT
80714 [TestNG-PoolService-8] DEBUG org.apache.http.headers  - << Content-Type: application/json; charset=utf-8
80714 [TestNG-PoolService-8] DEBUG org.apache.http.headers  - << Content-Length: 485
80714 [TestNG-PoolService-8] DEBUG org.apache.http.headers  - << Connection: keep-alive
80714 [TestNG-PoolService-8] DEBUG org.apache.http.headers  - << X-Cache-Key: /data/2.5/weather?q=muzaffarnagar
80714 [TestNG-PoolService-8] DEBUG org.apache.http.headers  - << Access-Control-Allow-Origin: *
80714 [TestNG-PoolService-8] DEBUG org.apache.http.headers  - << Access-Control-Allow-Credentials: true
80714 [TestNG-PoolService-8] DEBUG org.apache.http.headers  - << Access-Control-Allow-Methods: GET, POST
80715 [TestNG-PoolService-8] DEBUG org.apache.http.impl.client.DefaultHttpClient  - Connection can be kept alive indefinitely
80715 [TestNG-PoolService-8] DEBUG io.restassured.internal.RequestSpecificationImpl$RestAssuredHttpBuilder  - Parsing response as: application/json; charset=utf-8
80715 [TestNG-PoolService-8] DEBUG io.restassured.internal.RequestSpecificationImpl$RestAssuredHttpBuilder  - Parsed data to instance of: class org.apache.http.conn.EofSensorInputStream
io.restassured.internal.RestAssuredResponseImpl@642407f5
80715 [TestNG-PoolService-8] DEBUG org.apache.http.wire  -  << "{"coord":{"lon":77.68,"lat":29.47},"weather":[{"id":800,"main":"Clear","description":"clear sky","icon":"01n"}],"base":"stations","main":{"temp":294.15,"feels_like":294.57,"temp_min":294.15,"temp_max":294.15,"pressure":1008,"humidity":62,"sea_level":1008,"grnd_level":981},"visibility":10000,"wind":{"speed":0.93,"deg":43},"clouds":{"all":0},"dt":1602719108,"sys":{"country":"IN","sunrise":1602723036,"sunset":1602764346},"timezone":19800,"id":1262332,"name":"Muzaffarnagar","cod":200}"
80715 [TestNG-PoolService-8] DEBUG org.apache.http.impl.conn.BasicClientConnectionManager  - Releasing connection org.apache.http.impl.conn.ManagedClientConnectionImpl@2949f064
80715 [TestNG-PoolService-8] DEBUG org.apache.http.impl.conn.BasicClientConnectionManager  - Connection can be kept alive indefinitely
{"coord":{"lon":77.68,"lat":29.47},"weather":[{"id":800,"main":"Clear","description":"clear sky","icon":"01n"}],"base":"stations","main":{"temp":294.15,"feels_like":294.57,"temp_min":294.15,"temp_max":294.15,"pressure":1008,"humidity":62,"sea_level":1008,"grnd_level":981},"visibility":10000,"wind":{"speed":0.93,"deg":43},"clouds":{"all":0},"dt":1602719108,"sys":{"country":"IN","sunrise":1602723036,"sunset":1602764346},"timezone":19800,"id":1262332,"name":"Muzaffarnagar","cod":200}
294.15
Celsius: 21.0
80716 [TestNG-PoolService-8] INFO org.apache.log4j.Logger  - Temperature from API is 21.0 for City Muzaffarnagar
80716 [TestNG-PoolService-8] ERROR org.apache.log4j.Logger  - FAIL: Difference between the API 21.0 and UI 33.0 temp: 12.0 for City Muzaffarnagar is greater than variance set:10
]]></system-out>
  </testcase>
  <testcase name="getTemp[com.temp.test.City@16a931bb](56)" classname="com.temp.test.TestsWeather" time="1.477">
    <system-out><![CDATA[81449 [TestNG-PoolService-8] INFO org.apache.log4j.Logger  - Select the city on the pin menu
81466 [TestNG-PoolService-6] INFO org.apache.log4j.Logger  - Temperature on UI is 33.0 for City Muzaffarpur
81466 [TestNG-PoolService-6] INFO org.apache.log4j.Logger  - Get Temp using API
81471 [TestNG-PoolService-6] DEBUG org.apache.http.impl.conn.BasicClientConnectionManager  - Get connection for route {}->http://api.openweathermap.org:80
81471 [TestNG-PoolService-6] DEBUG org.apache.http.impl.conn.DefaultClientConnectionOperator  - Connecting to api.openweathermap.org:80
81527 [TestNG-PoolService-6] DEBUG org.apache.http.client.protocol.RequestAddCookies  - CookieSpec selected: ignoreCookies
81527 [TestNG-PoolService-6] DEBUG org.apache.http.client.protocol.RequestAuthCache  - Auth cache not set in the context
81527 [TestNG-PoolService-6] DEBUG org.apache.http.client.protocol.RequestTargetAuthentication  - Target auth state: UNCHALLENGED
81527 [TestNG-PoolService-6] DEBUG org.apache.http.client.protocol.RequestProxyAuthentication  - Proxy auth state: UNCHALLENGED
81527 [TestNG-PoolService-6] DEBUG org.apache.http.impl.client.DefaultHttpClient  - Attempt 1 to execute request
81527 [TestNG-PoolService-6] DEBUG org.apache.http.impl.conn.DefaultClientConnection  - Sending request: GET /data/2.5/weather?q=Muzaffarpur&appid=7fe67bf08c80ded756e598d6f8fedaea HTTP/1.1
81527 [TestNG-PoolService-6] DEBUG org.apache.http.wire  -  >> "GET /data/2.5/weather?q=Muzaffarpur&appid=7fe67bf08c80ded756e598d6f8fedaea HTTP/1.1[\r][\n]"
81527 [TestNG-PoolService-6] DEBUG org.apache.http.wire  -  >> "Accept: */*[\r][\n]"
81527 [TestNG-PoolService-6] DEBUG org.apache.http.wire  -  >> "Host: api.openweathermap.org[\r][\n]"
81527 [TestNG-PoolService-6] DEBUG org.apache.http.wire  -  >> "Connection: Keep-Alive[\r][\n]"
81527 [TestNG-PoolService-6] DEBUG org.apache.http.wire  -  >> "User-Agent: Apache-HttpClient/4.5.3 (Java/1.8.0_201)[\r][\n]"
81527 [TestNG-PoolService-6] DEBUG org.apache.http.wire  -  >> "Accept-Encoding: gzip,deflate[\r][\n]"
81527 [TestNG-PoolService-6] DEBUG org.apache.http.wire  -  >> "[\r][\n]"
81527 [TestNG-PoolService-6] DEBUG org.apache.http.headers  - >> GET /data/2.5/weather?q=Muzaffarpur&appid=7fe67bf08c80ded756e598d6f8fedaea HTTP/1.1
81527 [TestNG-PoolService-6] DEBUG org.apache.http.headers  - >> Accept: */*
81527 [TestNG-PoolService-6] DEBUG org.apache.http.headers  - >> Host: api.openweathermap.org
81527 [TestNG-PoolService-6] DEBUG org.apache.http.headers  - >> Connection: Keep-Alive
81527 [TestNG-PoolService-6] DEBUG org.apache.http.headers  - >> User-Agent: Apache-HttpClient/4.5.3 (Java/1.8.0_201)
81527 [TestNG-PoolService-6] DEBUG org.apache.http.headers  - >> Accept-Encoding: gzip,deflate
81610 [TestNG-PoolService-6] DEBUG org.apache.http.wire  -  << "HTTP/1.1 200 OK[\r][\n]"
81610 [TestNG-PoolService-6] DEBUG org.apache.http.wire  -  << "Server: openresty[\r][\n]"
81610 [TestNG-PoolService-6] DEBUG org.apache.http.wire  -  << "Date: Wed, 14 Oct 2020 23:48:05 GMT[\r][\n]"
81610 [TestNG-PoolService-6] DEBUG org.apache.http.wire  -  << "Content-Type: application/json; charset=utf-8[\r][\n]"
81610 [TestNG-PoolService-6] DEBUG org.apache.http.wire  -  << "Content-Length: 460[\r][\n]"
81610 [TestNG-PoolService-6] DEBUG org.apache.http.wire  -  << "Connection: keep-alive[\r][\n]"
81610 [TestNG-PoolService-6] DEBUG org.apache.http.wire  -  << "X-Cache-Key: /data/2.5/weather?q=muzaffarpur[\r][\n]"
81610 [TestNG-PoolService-6] DEBUG org.apache.http.wire  -  << "Access-Control-Allow-Origin: *[\r][\n]"
81610 [TestNG-PoolService-6] DEBUG org.apache.http.wire  -  << "Access-Control-Allow-Credentials: true[\r][\n]"
81610 [TestNG-PoolService-6] DEBUG org.apache.http.wire  -  << "Access-Control-Allow-Methods: GET, POST[\r][\n]"
81610 [TestNG-PoolService-6] DEBUG org.apache.http.wire  -  << "[\r][\n]"
81610 [TestNG-PoolService-6] DEBUG org.apache.http.impl.conn.DefaultClientConnection  - Receiving response: HTTP/1.1 200 OK
81610 [TestNG-PoolService-6] DEBUG org.apache.http.headers  - << HTTP/1.1 200 OK
81610 [TestNG-PoolService-6] DEBUG org.apache.http.headers  - << Server: openresty
81610 [TestNG-PoolService-6] DEBUG org.apache.http.headers  - << Date: Wed, 14 Oct 2020 23:48:05 GMT
81610 [TestNG-PoolService-6] DEBUG org.apache.http.headers  - << Content-Type: application/json; charset=utf-8
81610 [TestNG-PoolService-6] DEBUG org.apache.http.headers  - << Content-Length: 460
81610 [TestNG-PoolService-6] DEBUG org.apache.http.headers  - << Connection: keep-alive
81610 [TestNG-PoolService-6] DEBUG org.apache.http.headers  - << X-Cache-Key: /data/2.5/weather?q=muzaffarpur
81610 [TestNG-PoolService-6] DEBUG org.apache.http.headers  - << Access-Control-Allow-Origin: *
81610 [TestNG-PoolService-6] DEBUG org.apache.http.headers  - << Access-Control-Allow-Credentials: true
81610 [TestNG-PoolService-6] DEBUG org.apache.http.headers  - << Access-Control-Allow-Methods: GET, POST
81610 [TestNG-PoolService-6] DEBUG org.apache.http.impl.client.DefaultHttpClient  - Connection can be kept alive indefinitely
81610 [TestNG-PoolService-6] DEBUG io.restassured.internal.RequestSpecificationImpl$RestAssuredHttpBuilder  - Parsing response as: application/json; charset=utf-8
81610 [TestNG-PoolService-6] DEBUG io.restassured.internal.RequestSpecificationImpl$RestAssuredHttpBuilder  - Parsed data to instance of: class org.apache.http.conn.EofSensorInputStream
io.restassured.internal.RestAssuredResponseImpl@411f2599
81611 [TestNG-PoolService-6] DEBUG org.apache.http.wire  -  << "{"coord":{"lon":85.4,"lat":26.12},"weather":[{"id":701,"main":"Mist","description":"mist","icon":"50n"}],"base":"stations","main":{"temp":299.15,"feels_like":303.1,"temp_min":299.15,"temp_max":299.15,"pressure":1006,"humidity":83},"visibility":2500,"wind":{"speed":1.75,"deg":79},"clouds":{"all":16},"dt":1602719285,"sys":{"type":1,"id":9129,"country":"IN","sunrise":1602721034,"sunset":1602762644},"timezone":19800,"id":1262330,"name":"Muzaffarpur","cod":200}"
81611 [TestNG-PoolService-6] DEBUG org.apache.http.impl.conn.BasicClientConnectionManager  - Releasing connection org.apache.http.impl.conn.ManagedClientConnectionImpl@5ac816bf
81611 [TestNG-PoolService-6] DEBUG org.apache.http.impl.conn.BasicClientConnectionManager  - Connection can be kept alive indefinitely
{"coord":{"lon":85.4,"lat":26.12},"weather":[{"id":701,"main":"Mist","description":"mist","icon":"50n"}],"base":"stations","main":{"temp":299.15,"feels_like":303.1,"temp_min":299.15,"temp_max":299.15,"pressure":1006,"humidity":83},"visibility":2500,"wind":{"speed":1.75,"deg":79},"clouds":{"all":16},"dt":1602719285,"sys":{"type":1,"id":9129,"country":"IN","sunrise":1602721034,"sunset":1602762644},"timezone":19800,"id":1262330,"name":"Muzaffarpur","cod":200}
299.15
Celsius: 26.0
81612 [TestNG-PoolService-6] INFO org.apache.log4j.Logger  - Temperature from API is 26.0 for City Muzaffarpur
81612 [TestNG-PoolService-6] INFO org.apache.log4j.Logger  - PASS: Difference between the API 26.0 and UI 33.0 temp: 7.0 for City Muzaffarpur is less than variance set: 10
82208 [Finalizer] DEBUG org.apache.http.impl.conn.DefaultClientConnection  - Connection 0.0.0.0:55553<->178.128.122.9:80 closed
82208 [Finalizer] DEBUG org.apache.http.impl.conn.DefaultClientConnection  - Connection 0.0.0.0:55555<->178.128.122.9:80 closed
82229 [TestNG-PoolService-1] INFO org.apache.log4j.Logger  - Temperature on UI is 25.0 for City Mysore
82229 [TestNG-PoolService-1] INFO org.apache.log4j.Logger  - Get Temp using API
82232 [TestNG-PoolService-1] DEBUG org.apache.http.impl.conn.BasicClientConnectionManager  - Get connection for route {}->http://api.openweathermap.org:80
82232 [TestNG-PoolService-1] DEBUG org.apache.http.impl.conn.DefaultClientConnectionOperator  - Connecting to api.openweathermap.org:80
82288 [TestNG-PoolService-1] DEBUG org.apache.http.client.protocol.RequestAddCookies  - CookieSpec selected: ignoreCookies
82289 [TestNG-PoolService-1] DEBUG org.apache.http.client.protocol.RequestAuthCache  - Auth cache not set in the context
82289 [TestNG-PoolService-1] DEBUG org.apache.http.client.protocol.RequestTargetAuthentication  - Target auth state: UNCHALLENGED
82289 [TestNG-PoolService-1] DEBUG org.apache.http.client.protocol.RequestProxyAuthentication  - Proxy auth state: UNCHALLENGED
82289 [TestNG-PoolService-1] DEBUG org.apache.http.impl.client.DefaultHttpClient  - Attempt 1 to execute request
82289 [TestNG-PoolService-1] DEBUG org.apache.http.impl.conn.DefaultClientConnection  - Sending request: GET /data/2.5/weather?q=Mysore&appid=7fe67bf08c80ded756e598d6f8fedaea HTTP/1.1
82289 [TestNG-PoolService-1] DEBUG org.apache.http.wire  -  >> "GET /data/2.5/weather?q=Mysore&appid=7fe67bf08c80ded756e598d6f8fedaea HTTP/1.1[\r][\n]"
82289 [TestNG-PoolService-1] DEBUG org.apache.http.wire  -  >> "Accept: */*[\r][\n]"
82289 [TestNG-PoolService-1] DEBUG org.apache.http.wire  -  >> "Host: api.openweathermap.org[\r][\n]"
82289 [TestNG-PoolService-1] DEBUG org.apache.http.wire  -  >> "Connection: Keep-Alive[\r][\n]"
82289 [TestNG-PoolService-1] DEBUG org.apache.http.wire  -  >> "User-Agent: Apache-HttpClient/4.5.3 (Java/1.8.0_201)[\r][\n]"
82289 [TestNG-PoolService-1] DEBUG org.apache.http.wire  -  >> "Accept-Encoding: gzip,deflate[\r][\n]"
82289 [TestNG-PoolService-1] DEBUG org.apache.http.wire  -  >> "[\r][\n]"
82289 [TestNG-PoolService-1] DEBUG org.apache.http.headers  - >> GET /data/2.5/weather?q=Mysore&appid=7fe67bf08c80ded756e598d6f8fedaea HTTP/1.1
82289 [TestNG-PoolService-1] DEBUG org.apache.http.headers  - >> Accept: */*
82289 [TestNG-PoolService-1] DEBUG org.apache.http.headers  - >> Host: api.openweathermap.org
82289 [TestNG-PoolService-1] DEBUG org.apache.http.headers  - >> Connection: Keep-Alive
82289 [TestNG-PoolService-1] DEBUG org.apache.http.headers  - >> User-Agent: Apache-HttpClient/4.5.3 (Java/1.8.0_201)
82289 [TestNG-PoolService-1] DEBUG org.apache.http.headers  - >> Accept-Encoding: gzip,deflate
82363 [TestNG-PoolService-1] DEBUG org.apache.http.wire  -  << "HTTP/1.1 200 OK[\r][\n]"
82363 [TestNG-PoolService-1] DEBUG org.apache.http.wire  -  << "Server: openresty[\r][\n]"
82363 [TestNG-PoolService-1] DEBUG org.apache.http.wire  -  << "Date: Wed, 14 Oct 2020 23:48:06 GMT[\r][\n]"
82363 [TestNG-PoolService-1] DEBUG org.apache.http.wire  -  << "Content-Type: application/json; charset=utf-8[\r][\n]"
82363 [TestNG-PoolService-1] DEBUG org.apache.http.wire  -  << "Content-Length: 487[\r][\n]"
82363 [TestNG-PoolService-1] DEBUG org.apache.http.wire  -  << "Connection: keep-alive[\r][\n]"
82363 [TestNG-PoolService-1] DEBUG org.apache.http.wire  -  << "X-Cache-Key: /data/2.5/weather?q=mysore[\r][\n]"
82363 [TestNG-PoolService-1] DEBUG org.apache.http.wire  -  << "Access-Control-Allow-Origin: *[\r][\n]"
82363 [TestNG-PoolService-1] DEBUG org.apache.http.wire  -  << "Access-Control-Allow-Credentials: true[\r][\n]"
82363 [TestNG-PoolService-1] DEBUG org.apache.http.wire  -  << "Access-Control-Allow-Methods: GET, POST[\r][\n]"
82363 [TestNG-PoolService-1] DEBUG org.apache.http.wire  -  << "[\r][\n]"
82364 [TestNG-PoolService-1] DEBUG org.apache.http.impl.conn.DefaultClientConnection  - Receiving response: HTTP/1.1 200 OK
82364 [TestNG-PoolService-1] DEBUG org.apache.http.headers  - << HTTP/1.1 200 OK
82364 [TestNG-PoolService-1] DEBUG org.apache.http.headers  - << Server: openresty
82364 [TestNG-PoolService-1] DEBUG org.apache.http.headers  - << Date: Wed, 14 Oct 2020 23:48:06 GMT
82364 [TestNG-PoolService-1] DEBUG org.apache.http.headers  - << Content-Type: application/json; charset=utf-8
82364 [TestNG-PoolService-1] DEBUG org.apache.http.headers  - << Content-Length: 487
82364 [TestNG-PoolService-1] DEBUG org.apache.http.headers  - << Connection: keep-alive
82364 [TestNG-PoolService-1] DEBUG org.apache.http.headers  - << X-Cache-Key: /data/2.5/weather?q=mysore
82364 [TestNG-PoolService-1] DEBUG org.apache.http.headers  - << Access-Control-Allow-Origin: *
82364 [TestNG-PoolService-1] DEBUG org.apache.http.headers  - << Access-Control-Allow-Credentials: true
82364 [TestNG-PoolService-1] DEBUG org.apache.http.headers  - << Access-Control-Allow-Methods: GET, POST
82364 [TestNG-PoolService-1] DEBUG org.apache.http.impl.client.DefaultHttpClient  - Connection can be kept alive indefinitely
82365 [TestNG-PoolService-1] DEBUG io.restassured.internal.RequestSpecificationImpl$RestAssuredHttpBuilder  - Parsing response as: application/json; charset=utf-8
82365 [TestNG-PoolService-1] DEBUG io.restassured.internal.RequestSpecificationImpl$RestAssuredHttpBuilder  - Parsed data to instance of: class org.apache.http.conn.EofSensorInputStream
io.restassured.internal.RestAssuredResponseImpl@72d35e68
82366 [TestNG-PoolService-1] DEBUG org.apache.http.wire  -  << "{"coord":{"lon":76.65,"lat":12.31},"weather":[{"id":804,"main":"Clouds","description":"overcast clouds","icon":"04n"}],"base":"stations","main":{"temp":291.48,"feels_like":290.66,"temp_min":291.48,"temp_max":291.48,"pressure":1007,"humidity":92,"sea_level":1007,"grnd_level":922},"visibility":10000,"wind":{"speed":4.57,"deg":237},"clouds":{"all":93},"dt":1602719286,"sys":{"country":"IN","sunrise":1602722586,"sunset":1602765291},"timezone":19800,"id":1262321,"name":"Mysore","cod":200}"
82366 [TestNG-PoolService-1] DEBUG org.apache.http.impl.conn.BasicClientConnectionManager  - Releasing connection org.apache.http.impl.conn.ManagedClientConnectionImpl@7d6bbbfe
82366 [TestNG-PoolService-1] DEBUG org.apache.http.impl.conn.BasicClientConnectionManager  - Connection can be kept alive indefinitely
{"coord":{"lon":76.65,"lat":12.31},"weather":[{"id":804,"main":"Clouds","description":"overcast clouds","icon":"04n"}],"base":"stations","main":{"temp":291.48,"feels_like":290.66,"temp_min":291.48,"temp_max":291.48,"pressure":1007,"humidity":92,"sea_level":1007,"grnd_level":922},"visibility":10000,"wind":{"speed":4.57,"deg":237},"clouds":{"all":93},"dt":1602719286,"sys":{"country":"IN","sunrise":1602722586,"sunset":1602765291},"timezone":19800,"id":1262321,"name":"Mysore","cod":200}
291.48
Celsius: 18.330017
82367 [TestNG-PoolService-1] INFO org.apache.log4j.Logger  - Temperature from API is 18.330017 for City Mysore
82367 [TestNG-PoolService-1] INFO org.apache.log4j.Logger  - PASS: Difference between the API 18.330017 and UI 25.0 temp: 6.669983 for City Mysore is less than variance set: 10
]]></system-out>
  </testcase>
  <testcase name="getTemp[com.temp.test.City@73dc429a](57)" classname="com.temp.test.TestsWeather" time="0.082">
    <system-out><![CDATA[82899 [TestNG-PoolService-6] INFO org.apache.log4j.Logger  - Select the city on the pin menu
82912 [TestNG-PoolService-5] INFO org.apache.log4j.Logger  - Temperature on UI is 30.0 for City Nagpur
82912 [TestNG-PoolService-5] INFO org.apache.log4j.Logger  - Get Temp using API
82916 [TestNG-PoolService-5] DEBUG org.apache.http.impl.conn.BasicClientConnectionManager  - Get connection for route {}->http://api.openweathermap.org:80
82916 [TestNG-PoolService-5] DEBUG org.apache.http.impl.conn.DefaultClientConnectionOperator  - Connecting to api.openweathermap.org:80
82976 [TestNG-PoolService-5] DEBUG org.apache.http.client.protocol.RequestAddCookies  - CookieSpec selected: ignoreCookies
82976 [TestNG-PoolService-5] DEBUG org.apache.http.client.protocol.RequestAuthCache  - Auth cache not set in the context
82976 [TestNG-PoolService-5] DEBUG org.apache.http.client.protocol.RequestTargetAuthentication  - Target auth state: UNCHALLENGED
82976 [TestNG-PoolService-5] DEBUG org.apache.http.client.protocol.RequestProxyAuthentication  - Proxy auth state: UNCHALLENGED
82976 [TestNG-PoolService-5] DEBUG org.apache.http.impl.client.DefaultHttpClient  - Attempt 1 to execute request
82976 [TestNG-PoolService-5] DEBUG org.apache.http.impl.conn.DefaultClientConnection  - Sending request: GET /data/2.5/weather?q=Nagpur&appid=7fe67bf08c80ded756e598d6f8fedaea HTTP/1.1
82976 [TestNG-PoolService-5] DEBUG org.apache.http.wire  -  >> "GET /data/2.5/weather?q=Nagpur&appid=7fe67bf08c80ded756e598d6f8fedaea HTTP/1.1[\r][\n]"
82976 [TestNG-PoolService-5] DEBUG org.apache.http.wire  -  >> "Accept: */*[\r][\n]"
82976 [TestNG-PoolService-5] DEBUG org.apache.http.wire  -  >> "Host: api.openweathermap.org[\r][\n]"
82976 [TestNG-PoolService-5] DEBUG org.apache.http.wire  -  >> "Connection: Keep-Alive[\r][\n]"
82976 [TestNG-PoolService-5] DEBUG org.apache.http.wire  -  >> "User-Agent: Apache-HttpClient/4.5.3 (Java/1.8.0_201)[\r][\n]"
82976 [TestNG-PoolService-5] DEBUG org.apache.http.wire  -  >> "Accept-Encoding: gzip,deflate[\r][\n]"
82976 [TestNG-PoolService-5] DEBUG org.apache.http.wire  -  >> "[\r][\n]"
82976 [TestNG-PoolService-5] DEBUG org.apache.http.headers  - >> GET /data/2.5/weather?q=Nagpur&appid=7fe67bf08c80ded756e598d6f8fedaea HTTP/1.1
82976 [TestNG-PoolService-5] DEBUG org.apache.http.headers  - >> Accept: */*
82976 [TestNG-PoolService-5] DEBUG org.apache.http.headers  - >> Host: api.openweathermap.org
82976 [TestNG-PoolService-5] DEBUG org.apache.http.headers  - >> Connection: Keep-Alive
82976 [TestNG-PoolService-5] DEBUG org.apache.http.headers  - >> User-Agent: Apache-HttpClient/4.5.3 (Java/1.8.0_201)
82976 [TestNG-PoolService-5] DEBUG org.apache.http.headers  - >> Accept-Encoding: gzip,deflate
]]></system-out>
  </testcase>
  <testcase name="getTemp[com.temp.test.City@10a248bb](58)" classname="com.temp.test.TestsWeather" time="0.494">
    <system-out><![CDATA[82990 [TestNG-PoolService-1] INFO org.apache.log4j.Logger  - Select the city on the pin menu
83044 [TestNG-PoolService-5] DEBUG org.apache.http.wire  -  << "HTTP/1.1 200 OK[\r][\n]"
83044 [TestNG-PoolService-5] DEBUG org.apache.http.wire  -  << "Server: openresty[\r][\n]"
83044 [TestNG-PoolService-5] DEBUG org.apache.http.wire  -  << "Date: Wed, 14 Oct 2020 23:48:07 GMT[\r][\n]"
83044 [TestNG-PoolService-5] DEBUG org.apache.http.wire  -  << "Content-Type: application/json; charset=utf-8[\r][\n]"
83044 [TestNG-PoolService-5] DEBUG org.apache.http.wire  -  << "Content-Length: 455[\r][\n]"
83044 [TestNG-PoolService-5] DEBUG org.apache.http.wire  -  << "Connection: keep-alive[\r][\n]"
83044 [TestNG-PoolService-5] DEBUG org.apache.http.wire  -  << "X-Cache-Key: /data/2.5/weather?q=nagpur[\r][\n]"
83044 [TestNG-PoolService-5] DEBUG org.apache.http.wire  -  << "Access-Control-Allow-Origin: *[\r][\n]"
83044 [TestNG-PoolService-5] DEBUG org.apache.http.wire  -  << "Access-Control-Allow-Credentials: true[\r][\n]"
83044 [TestNG-PoolService-5] DEBUG org.apache.http.wire  -  << "Access-Control-Allow-Methods: GET, POST[\r][\n]"
83044 [TestNG-PoolService-5] DEBUG org.apache.http.wire  -  << "[\r][\n]"
83044 [TestNG-PoolService-5] DEBUG org.apache.http.impl.conn.DefaultClientConnection  - Receiving response: HTTP/1.1 200 OK
83044 [TestNG-PoolService-5] DEBUG org.apache.http.headers  - << HTTP/1.1 200 OK
83044 [TestNG-PoolService-5] DEBUG org.apache.http.headers  - << Server: openresty
83044 [TestNG-PoolService-5] DEBUG org.apache.http.headers  - << Date: Wed, 14 Oct 2020 23:48:07 GMT
83044 [TestNG-PoolService-5] DEBUG org.apache.http.headers  - << Content-Type: application/json; charset=utf-8
83044 [TestNG-PoolService-5] DEBUG org.apache.http.headers  - << Content-Length: 455
83044 [TestNG-PoolService-5] DEBUG org.apache.http.headers  - << Connection: keep-alive
83044 [TestNG-PoolService-5] DEBUG org.apache.http.headers  - << X-Cache-Key: /data/2.5/weather?q=nagpur
83044 [TestNG-PoolService-5] DEBUG org.apache.http.headers  - << Access-Control-Allow-Origin: *
83044 [TestNG-PoolService-5] DEBUG org.apache.http.headers  - << Access-Control-Allow-Credentials: true
83044 [TestNG-PoolService-5] DEBUG org.apache.http.headers  - << Access-Control-Allow-Methods: GET, POST
83044 [TestNG-PoolService-5] DEBUG org.apache.http.impl.client.DefaultHttpClient  - Connection can be kept alive indefinitely
83044 [TestNG-PoolService-5] DEBUG io.restassured.internal.RequestSpecificationImpl$RestAssuredHttpBuilder  - Parsing response as: application/json; charset=utf-8
83044 [TestNG-PoolService-5] DEBUG io.restassured.internal.RequestSpecificationImpl$RestAssuredHttpBuilder  - Parsed data to instance of: class org.apache.http.conn.EofSensorInputStream
io.restassured.internal.RestAssuredResponseImpl@5269a532
83045 [TestNG-PoolService-5] DEBUG org.apache.http.wire  -  << "{"coord":{"lon":79.1,"lat":21.15},"weather":[{"id":701,"main":"Mist","description":"mist","icon":"50n"}],"base":"stations","main":{"temp":298.15,"feels_like":301.85,"temp_min":298.15,"temp_max":298.15,"pressure":1005,"humidity":88},"visibility":3000,"wind":{"speed":2.1,"deg":90},"clouds":{"all":75},"dt":1602719101,"sys":{"type":1,"id":9069,"country":"IN","sunrise":1602722339,"sunset":1602764362},"timezone":19800,"id":1262180,"name":"Nagpur","cod":200}"
83045 [TestNG-PoolService-5] DEBUG org.apache.http.impl.conn.BasicClientConnectionManager  - Releasing connection org.apache.http.impl.conn.ManagedClientConnectionImpl@77abcab6
83045 [TestNG-PoolService-5] DEBUG org.apache.http.impl.conn.BasicClientConnectionManager  - Connection can be kept alive indefinitely
{"coord":{"lon":79.1,"lat":21.15},"weather":[{"id":701,"main":"Mist","description":"mist","icon":"50n"}],"base":"stations","main":{"temp":298.15,"feels_like":301.85,"temp_min":298.15,"temp_max":298.15,"pressure":1005,"humidity":88},"visibility":3000,"wind":{"speed":2.1,"deg":90},"clouds":{"all":75},"dt":1602719101,"sys":{"type":1,"id":9069,"country":"IN","sunrise":1602722339,"sunset":1602764362},"timezone":19800,"id":1262180,"name":"Nagpur","cod":200}
298.15
Celsius: 25.0
83045 [TestNG-PoolService-5] INFO org.apache.log4j.Logger  - Temperature from API is 25.0 for City Nagpur
83045 [TestNG-PoolService-5] INFO org.apache.log4j.Logger  - PASS: Difference between the API 25.0 and UI 30.0 temp: 5.0 for City Nagpur is less than variance set: 10
83722 [TestNG-PoolService-3] INFO org.apache.log4j.Logger  - Temperature on UI is 26.0 for City Nanded
83722 [TestNG-PoolService-3] INFO org.apache.log4j.Logger  - Get Temp using API
83727 [TestNG-PoolService-3] DEBUG org.apache.http.impl.conn.BasicClientConnectionManager  - Get connection for route {}->http://api.openweathermap.org:80
83727 [TestNG-PoolService-3] DEBUG org.apache.http.impl.conn.DefaultClientConnectionOperator  - Connecting to api.openweathermap.org:80
]]></system-out>
  </testcase>
  <testcase name="getTemp[com.temp.test.City@46042329](59)" classname="com.temp.test.TestsWeather" time="0.157">
    <failure message="JSONObject[&quot;main&quot;] not found." type="org.json.JSONException"><![CDATA[org.json.JSONException: JSONObject["main"] not found.
	at com.temp.test.TestsWeather.getTemp(TestsWeather.java:198)
]]></failure>
    <system-out><![CDATA[83770 [TestNG-PoolService-5] INFO org.apache.log4j.Logger  - Select the city on the pin menu
83792 [TestNG-PoolService-3] DEBUG org.apache.http.client.protocol.RequestAddCookies  - CookieSpec selected: ignoreCookies
83792 [TestNG-PoolService-3] DEBUG org.apache.http.client.protocol.RequestAuthCache  - Auth cache not set in the context
83792 [TestNG-PoolService-3] DEBUG org.apache.http.client.protocol.RequestTargetAuthentication  - Target auth state: UNCHALLENGED
83792 [TestNG-PoolService-3] DEBUG org.apache.http.client.protocol.RequestProxyAuthentication  - Proxy auth state: UNCHALLENGED
83792 [TestNG-PoolService-3] DEBUG org.apache.http.impl.client.DefaultHttpClient  - Attempt 1 to execute request
83792 [TestNG-PoolService-3] DEBUG org.apache.http.impl.conn.DefaultClientConnection  - Sending request: GET /data/2.5/weather?q=Nanded&appid=7fe67bf08c80ded756e598d6f8fedaea HTTP/1.1
83792 [TestNG-PoolService-3] DEBUG org.apache.http.wire  -  >> "GET /data/2.5/weather?q=Nanded&appid=7fe67bf08c80ded756e598d6f8fedaea HTTP/1.1[\r][\n]"
83792 [TestNG-PoolService-3] DEBUG org.apache.http.wire  -  >> "Accept: */*[\r][\n]"
83792 [TestNG-PoolService-3] DEBUG org.apache.http.wire  -  >> "Host: api.openweathermap.org[\r][\n]"
83792 [TestNG-PoolService-3] DEBUG org.apache.http.wire  -  >> "Connection: Keep-Alive[\r][\n]"
83792 [TestNG-PoolService-3] DEBUG org.apache.http.wire  -  >> "User-Agent: Apache-HttpClient/4.5.3 (Java/1.8.0_201)[\r][\n]"
83792 [TestNG-PoolService-3] DEBUG org.apache.http.wire  -  >> "Accept-Encoding: gzip,deflate[\r][\n]"
83792 [TestNG-PoolService-3] DEBUG org.apache.http.wire  -  >> "[\r][\n]"
83792 [TestNG-PoolService-3] DEBUG org.apache.http.headers  - >> GET /data/2.5/weather?q=Nanded&appid=7fe67bf08c80ded756e598d6f8fedaea HTTP/1.1
83792 [TestNG-PoolService-3] DEBUG org.apache.http.headers  - >> Accept: */*
83792 [TestNG-PoolService-3] DEBUG org.apache.http.headers  - >> Host: api.openweathermap.org
83792 [TestNG-PoolService-3] DEBUG org.apache.http.headers  - >> Connection: Keep-Alive
83792 [TestNG-PoolService-3] DEBUG org.apache.http.headers  - >> User-Agent: Apache-HttpClient/4.5.3 (Java/1.8.0_201)
83792 [TestNG-PoolService-3] DEBUG org.apache.http.headers  - >> Accept-Encoding: gzip,deflate
83860 [TestNG-PoolService-3] DEBUG org.apache.http.wire  -  << "HTTP/1.1 404 Not Found[\r][\n]"
83861 [TestNG-PoolService-3] DEBUG org.apache.http.wire  -  << "Server: openresty[\r][\n]"
83861 [TestNG-PoolService-3] DEBUG org.apache.http.wire  -  << "Date: Wed, 14 Oct 2020 23:48:07 GMT[\r][\n]"
83861 [TestNG-PoolService-3] DEBUG org.apache.http.wire  -  << "Content-Type: application/json; charset=utf-8[\r][\n]"
83861 [TestNG-PoolService-3] DEBUG org.apache.http.wire  -  << "Content-Length: 40[\r][\n]"
83861 [TestNG-PoolService-3] DEBUG org.apache.http.wire  -  << "Connection: keep-alive[\r][\n]"
83861 [TestNG-PoolService-3] DEBUG org.apache.http.wire  -  << "X-Cache-Key: /data/2.5/weather?q=nanded[\r][\n]"
83861 [TestNG-PoolService-3] DEBUG org.apache.http.wire  -  << "Access-Control-Allow-Origin: *[\r][\n]"
83861 [TestNG-PoolService-3] DEBUG org.apache.http.wire  -  << "Access-Control-Allow-Credentials: true[\r][\n]"
83861 [TestNG-PoolService-3] DEBUG org.apache.http.wire  -  << "Access-Control-Allow-Methods: GET, POST[\r][\n]"
83861 [TestNG-PoolService-3] DEBUG org.apache.http.wire  -  << "[\r][\n]"
83861 [TestNG-PoolService-3] DEBUG org.apache.http.impl.conn.DefaultClientConnection  - Receiving response: HTTP/1.1 404 Not Found
83861 [TestNG-PoolService-3] DEBUG org.apache.http.headers  - << HTTP/1.1 404 Not Found
83861 [TestNG-PoolService-3] DEBUG org.apache.http.headers  - << Server: openresty
83861 [TestNG-PoolService-3] DEBUG org.apache.http.headers  - << Date: Wed, 14 Oct 2020 23:48:07 GMT
83861 [TestNG-PoolService-3] DEBUG org.apache.http.headers  - << Content-Type: application/json; charset=utf-8
83861 [TestNG-PoolService-3] DEBUG org.apache.http.headers  - << Content-Length: 40
83861 [TestNG-PoolService-3] DEBUG org.apache.http.headers  - << Connection: keep-alive
83861 [TestNG-PoolService-3] DEBUG org.apache.http.headers  - << X-Cache-Key: /data/2.5/weather?q=nanded
83861 [TestNG-PoolService-3] DEBUG org.apache.http.headers  - << Access-Control-Allow-Origin: *
83861 [TestNG-PoolService-3] DEBUG org.apache.http.headers  - << Access-Control-Allow-Credentials: true
83861 [TestNG-PoolService-3] DEBUG org.apache.http.headers  - << Access-Control-Allow-Methods: GET, POST
83861 [TestNG-PoolService-3] DEBUG org.apache.http.impl.client.DefaultHttpClient  - Connection can be kept alive indefinitely
83861 [TestNG-PoolService-3] DEBUG io.restassured.internal.RequestSpecificationImpl$RestAssuredHttpBuilder  - Parsing response as: application/json; charset=utf-8
83861 [TestNG-PoolService-3] DEBUG io.restassured.internal.RequestSpecificationImpl$RestAssuredHttpBuilder  - Parsed data to instance of: class org.apache.http.conn.EofSensorInputStream
io.restassured.internal.RestAssuredResponseImpl@5c7d6d71
83861 [TestNG-PoolService-3] DEBUG org.apache.http.wire  -  << "{"cod":"404","message":"city not found"}"
83861 [TestNG-PoolService-3] DEBUG org.apache.http.impl.conn.BasicClientConnectionManager  - Releasing connection org.apache.http.impl.conn.ManagedClientConnectionImpl@12d39131
83862 [TestNG-PoolService-3] DEBUG org.apache.http.impl.conn.BasicClientConnectionManager  - Connection can be kept alive indefinitely
{"cod":"404","message":"city not found"}
]]></system-out>
  </testcase>
  <testcase name="getTemp[com.temp.test.City@2810dc9f](60)" classname="com.temp.test.TestsWeather" time="3.818">
    <system-out><![CDATA[83864 [TestNG-PoolService-3] INFO org.apache.log4j.Logger  - Select the city on the pin menu
83864 [Finalizer] DEBUG org.apache.http.impl.conn.DefaultClientConnection  - Connection 0.0.0.0:55556<->178.128.122.9:80 closed
83864 [Finalizer] DEBUG org.apache.http.impl.conn.DefaultClientConnection  - Connection 0.0.0.0:55557<->178.128.122.9:80 closed
83865 [Finalizer] DEBUG org.apache.http.impl.conn.DefaultClientConnection  - Connection 0.0.0.0:55558<->178.128.122.9:80 closed
84431 [TestNG-PoolService-0] INFO org.apache.log4j.Logger  - Temperature on UI is 34.0 for City New Delhi
84432 [TestNG-PoolService-0] INFO org.apache.log4j.Logger  - Get Temp using API
84436 [TestNG-PoolService-0] DEBUG org.apache.http.impl.conn.BasicClientConnectionManager  - Get connection for route {}->http://api.openweathermap.org:80
84436 [TestNG-PoolService-0] DEBUG org.apache.http.impl.conn.DefaultClientConnectionOperator  - Connecting to api.openweathermap.org:80
84495 [TestNG-PoolService-0] DEBUG org.apache.http.client.protocol.RequestAddCookies  - CookieSpec selected: ignoreCookies
84495 [TestNG-PoolService-0] DEBUG org.apache.http.client.protocol.RequestAuthCache  - Auth cache not set in the context
84495 [TestNG-PoolService-0] DEBUG org.apache.http.client.protocol.RequestTargetAuthentication  - Target auth state: UNCHALLENGED
84495 [TestNG-PoolService-0] DEBUG org.apache.http.client.protocol.RequestProxyAuthentication  - Proxy auth state: UNCHALLENGED
84495 [TestNG-PoolService-0] DEBUG org.apache.http.impl.client.DefaultHttpClient  - Attempt 1 to execute request
84495 [TestNG-PoolService-0] DEBUG org.apache.http.impl.conn.DefaultClientConnection  - Sending request: GET /data/2.5/weather?q=New%20Delhi&appid=7fe67bf08c80ded756e598d6f8fedaea HTTP/1.1
84495 [TestNG-PoolService-0] DEBUG org.apache.http.wire  -  >> "GET /data/2.5/weather?q=New%20Delhi&appid=7fe67bf08c80ded756e598d6f8fedaea HTTP/1.1[\r][\n]"
84495 [TestNG-PoolService-0] DEBUG org.apache.http.wire  -  >> "Accept: */*[\r][\n]"
84495 [TestNG-PoolService-0] DEBUG org.apache.http.wire  -  >> "Host: api.openweathermap.org[\r][\n]"
84495 [TestNG-PoolService-0] DEBUG org.apache.http.wire  -  >> "Connection: Keep-Alive[\r][\n]"
84495 [TestNG-PoolService-0] DEBUG org.apache.http.wire  -  >> "User-Agent: Apache-HttpClient/4.5.3 (Java/1.8.0_201)[\r][\n]"
84495 [TestNG-PoolService-0] DEBUG org.apache.http.wire  -  >> "Accept-Encoding: gzip,deflate[\r][\n]"
84495 [TestNG-PoolService-0] DEBUG org.apache.http.wire  -  >> "[\r][\n]"
84495 [TestNG-PoolService-0] DEBUG org.apache.http.headers  - >> GET /data/2.5/weather?q=New%20Delhi&appid=7fe67bf08c80ded756e598d6f8fedaea HTTP/1.1
84495 [TestNG-PoolService-0] DEBUG org.apache.http.headers  - >> Accept: */*
84495 [TestNG-PoolService-0] DEBUG org.apache.http.headers  - >> Host: api.openweathermap.org
84495 [TestNG-PoolService-0] DEBUG org.apache.http.headers  - >> Connection: Keep-Alive
84495 [TestNG-PoolService-0] DEBUG org.apache.http.headers  - >> User-Agent: Apache-HttpClient/4.5.3 (Java/1.8.0_201)
84495 [TestNG-PoolService-0] DEBUG org.apache.http.headers  - >> Accept-Encoding: gzip,deflate
84555 [TestNG-PoolService-0] DEBUG org.apache.http.wire  -  << "HTTP/1.1 200 OK[\r][\n]"
84555 [TestNG-PoolService-0] DEBUG org.apache.http.wire  -  << "Server: openresty[\r][\n]"
84555 [TestNG-PoolService-0] DEBUG org.apache.http.wire  -  << "Date: Wed, 14 Oct 2020 23:48:08 GMT[\r][\n]"
84555 [TestNG-PoolService-0] DEBUG org.apache.http.wire  -  << "Content-Type: application/json; charset=utf-8[\r][\n]"
84555 [TestNG-PoolService-0] DEBUG org.apache.http.wire  -  << "Content-Length: 459[\r][\n]"
84555 [TestNG-PoolService-0] DEBUG org.apache.http.wire  -  << "Connection: keep-alive[\r][\n]"
84555 [TestNG-PoolService-0] DEBUG org.apache.http.wire  -  << "X-Cache-Key: /data/2.5/weather?q=new%20delhi[\r][\n]"
84555 [TestNG-PoolService-0] DEBUG org.apache.http.wire  -  << "Access-Control-Allow-Origin: *[\r][\n]"
84555 [TestNG-PoolService-0] DEBUG org.apache.http.wire  -  << "Access-Control-Allow-Credentials: true[\r][\n]"
84555 [TestNG-PoolService-0] DEBUG org.apache.http.wire  -  << "Access-Control-Allow-Methods: GET, POST[\r][\n]"
84555 [TestNG-PoolService-0] DEBUG org.apache.http.wire  -  << "[\r][\n]"
84555 [TestNG-PoolService-0] DEBUG org.apache.http.impl.conn.DefaultClientConnection  - Receiving response: HTTP/1.1 200 OK
84555 [TestNG-PoolService-0] DEBUG org.apache.http.headers  - << HTTP/1.1 200 OK
84555 [TestNG-PoolService-0] DEBUG org.apache.http.headers  - << Server: openresty
84555 [TestNG-PoolService-0] DEBUG org.apache.http.headers  - << Date: Wed, 14 Oct 2020 23:48:08 GMT
84555 [TestNG-PoolService-0] DEBUG org.apache.http.headers  - << Content-Type: application/json; charset=utf-8
84555 [TestNG-PoolService-0] DEBUG org.apache.http.headers  - << Content-Length: 459
84555 [TestNG-PoolService-0] DEBUG org.apache.http.headers  - << Connection: keep-alive
84555 [TestNG-PoolService-0] DEBUG org.apache.http.headers  - << X-Cache-Key: /data/2.5/weather?q=new%20delhi
84555 [TestNG-PoolService-0] DEBUG org.apache.http.headers  - << Access-Control-Allow-Origin: *
84555 [TestNG-PoolService-0] DEBUG org.apache.http.headers  - << Access-Control-Allow-Credentials: true
84555 [TestNG-PoolService-0] DEBUG org.apache.http.headers  - << Access-Control-Allow-Methods: GET, POST
84555 [TestNG-PoolService-0] DEBUG org.apache.http.impl.client.DefaultHttpClient  - Connection can be kept alive indefinitely
84556 [TestNG-PoolService-0] DEBUG io.restassured.internal.RequestSpecificationImpl$RestAssuredHttpBuilder  - Parsing response as: application/json; charset=utf-8
84556 [TestNG-PoolService-0] DEBUG io.restassured.internal.RequestSpecificationImpl$RestAssuredHttpBuilder  - Parsed data to instance of: class org.apache.http.conn.EofSensorInputStream
io.restassured.internal.RestAssuredResponseImpl@6f2211c1
84556 [TestNG-PoolService-0] DEBUG org.apache.http.wire  -  << "{"coord":{"lon":77.23,"lat":28.61},"weather":[{"id":721,"main":"Haze","description":"haze","icon":"50n"}],"base":"stations","main":{"temp":300.23,"feels_like":302.58,"temp_min":299.15,"temp_max":301.48,"pressure":1008,"humidity":61},"visibility":2200,"wind":{"speed":1.2,"deg":41},"clouds":{"all":40},"dt":1602719106,"sys":{"type":1,"id":9165,"country":"IN","sunrise":1602723105,"sunset":1602764493},"timezone":19800,"id":1261481,"name":"New Delhi","cod":200}"
84556 [TestNG-PoolService-0] DEBUG org.apache.http.impl.conn.BasicClientConnectionManager  - Releasing connection org.apache.http.impl.conn.ManagedClientConnectionImpl@372eb693
84556 [TestNG-PoolService-0] DEBUG org.apache.http.impl.conn.BasicClientConnectionManager  - Connection can be kept alive indefinitely
{"coord":{"lon":77.23,"lat":28.61},"weather":[{"id":721,"main":"Haze","description":"haze","icon":"50n"}],"base":"stations","main":{"temp":300.23,"feels_like":302.58,"temp_min":299.15,"temp_max":301.48,"pressure":1008,"humidity":61},"visibility":2200,"wind":{"speed":1.2,"deg":41},"clouds":{"all":40},"dt":1602719106,"sys":{"type":1,"id":9165,"country":"IN","sunrise":1602723105,"sunset":1602764493},"timezone":19800,"id":1261481,"name":"New Delhi","cod":200}
300.23
Celsius: 27.080017
84558 [TestNG-PoolService-0] INFO org.apache.log4j.Logger  - Temperature from API is 27.080017 for City New Delhi
84558 [TestNG-PoolService-0] INFO org.apache.log4j.Logger  - PASS: Difference between the API 27.080017 and UI 34.0 temp: 6.919983 for City New Delhi is less than variance set: 10
85058 [TestNG-PoolService-7] INFO org.apache.log4j.Logger  - Temperature on UI is 29.0 for City Navi Mumbai
85058 [TestNG-PoolService-7] INFO org.apache.log4j.Logger  - Get Temp using API
85062 [TestNG-PoolService-7] DEBUG org.apache.http.impl.conn.BasicClientConnectionManager  - Get connection for route {}->http://api.openweathermap.org:80
85062 [TestNG-PoolService-7] DEBUG org.apache.http.impl.conn.DefaultClientConnectionOperator  - Connecting to api.openweathermap.org:80
85123 [TestNG-PoolService-7] DEBUG org.apache.http.client.protocol.RequestAddCookies  - CookieSpec selected: ignoreCookies
85123 [TestNG-PoolService-7] DEBUG org.apache.http.client.protocol.RequestAuthCache  - Auth cache not set in the context
85123 [TestNG-PoolService-7] DEBUG org.apache.http.client.protocol.RequestTargetAuthentication  - Target auth state: UNCHALLENGED
85123 [TestNG-PoolService-7] DEBUG org.apache.http.client.protocol.RequestProxyAuthentication  - Proxy auth state: UNCHALLENGED
85123 [TestNG-PoolService-7] DEBUG org.apache.http.impl.client.DefaultHttpClient  - Attempt 1 to execute request
85123 [TestNG-PoolService-7] DEBUG org.apache.http.impl.conn.DefaultClientConnection  - Sending request: GET /data/2.5/weather?q=Navi%20Mumbai&appid=7fe67bf08c80ded756e598d6f8fedaea HTTP/1.1
85123 [TestNG-PoolService-7] DEBUG org.apache.http.wire  -  >> "GET /data/2.5/weather?q=Navi%20Mumbai&appid=7fe67bf08c80ded756e598d6f8fedaea HTTP/1.1[\r][\n]"
85124 [TestNG-PoolService-7] DEBUG org.apache.http.wire  -  >> "Accept: */*[\r][\n]"
85124 [TestNG-PoolService-7] DEBUG org.apache.http.wire  -  >> "Host: api.openweathermap.org[\r][\n]"
85124 [TestNG-PoolService-7] DEBUG org.apache.http.wire  -  >> "Connection: Keep-Alive[\r][\n]"
85124 [TestNG-PoolService-7] DEBUG org.apache.http.wire  -  >> "User-Agent: Apache-HttpClient/4.5.3 (Java/1.8.0_201)[\r][\n]"
85124 [TestNG-PoolService-7] DEBUG org.apache.http.wire  -  >> "Accept-Encoding: gzip,deflate[\r][\n]"
85124 [TestNG-PoolService-7] DEBUG org.apache.http.wire  -  >> "[\r][\n]"
85124 [TestNG-PoolService-7] DEBUG org.apache.http.headers  - >> GET /data/2.5/weather?q=Navi%20Mumbai&appid=7fe67bf08c80ded756e598d6f8fedaea HTTP/1.1
85124 [TestNG-PoolService-7] DEBUG org.apache.http.headers  - >> Accept: */*
85124 [TestNG-PoolService-7] DEBUG org.apache.http.headers  - >> Host: api.openweathermap.org
85124 [TestNG-PoolService-7] DEBUG org.apache.http.headers  - >> Connection: Keep-Alive
85124 [TestNG-PoolService-7] DEBUG org.apache.http.headers  - >> User-Agent: Apache-HttpClient/4.5.3 (Java/1.8.0_201)
85124 [TestNG-PoolService-7] DEBUG org.apache.http.headers  - >> Accept-Encoding: gzip,deflate
85188 [TestNG-PoolService-7] DEBUG org.apache.http.wire  -  << "HTTP/1.1 200 OK[\r][\n]"
85188 [TestNG-PoolService-7] DEBUG org.apache.http.wire  -  << "Server: openresty[\r][\n]"
85188 [TestNG-PoolService-7] DEBUG org.apache.http.wire  -  << "Date: Wed, 14 Oct 2020 23:48:09 GMT[\r][\n]"
85188 [TestNG-PoolService-7] DEBUG org.apache.http.wire  -  << "Content-Type: application/json; charset=utf-8[\r][\n]"
85188 [TestNG-PoolService-7] DEBUG org.apache.http.wire  -  << "Content-Length: 491[\r][\n]"
85188 [TestNG-PoolService-7] DEBUG org.apache.http.wire  -  << "Connection: keep-alive[\r][\n]"
85188 [TestNG-PoolService-7] DEBUG org.apache.http.wire  -  << "X-Cache-Key: /data/2.5/weather?q=navi%20mumbai[\r][\n]"
85188 [TestNG-PoolService-7] DEBUG org.apache.http.wire  -  << "Access-Control-Allow-Origin: *[\r][\n]"
85188 [TestNG-PoolService-7] DEBUG org.apache.http.wire  -  << "Access-Control-Allow-Credentials: true[\r][\n]"
85188 [TestNG-PoolService-7] DEBUG org.apache.http.wire  -  << "Access-Control-Allow-Methods: GET, POST[\r][\n]"
85188 [TestNG-PoolService-7] DEBUG org.apache.http.wire  -  << "[\r][\n]"
85188 [TestNG-PoolService-7] DEBUG org.apache.http.impl.conn.DefaultClientConnection  - Receiving response: HTTP/1.1 200 OK
85188 [TestNG-PoolService-7] DEBUG org.apache.http.headers  - << HTTP/1.1 200 OK
85189 [TestNG-PoolService-7] DEBUG org.apache.http.headers  - << Server: openresty
85189 [TestNG-PoolService-7] DEBUG org.apache.http.headers  - << Date: Wed, 14 Oct 2020 23:48:09 GMT
85189 [TestNG-PoolService-7] DEBUG org.apache.http.headers  - << Content-Type: application/json; charset=utf-8
85189 [TestNG-PoolService-7] DEBUG org.apache.http.headers  - << Content-Length: 491
85189 [TestNG-PoolService-7] DEBUG org.apache.http.headers  - << Connection: keep-alive
85189 [TestNG-PoolService-7] DEBUG org.apache.http.headers  - << X-Cache-Key: /data/2.5/weather?q=navi%20mumbai
85189 [TestNG-PoolService-7] DEBUG org.apache.http.headers  - << Access-Control-Allow-Origin: *
85189 [TestNG-PoolService-7] DEBUG org.apache.http.headers  - << Access-Control-Allow-Credentials: true
85189 [TestNG-PoolService-7] DEBUG org.apache.http.headers  - << Access-Control-Allow-Methods: GET, POST
85189 [TestNG-PoolService-7] DEBUG org.apache.http.impl.client.DefaultHttpClient  - Connection can be kept alive indefinitely
85190 [TestNG-PoolService-7] DEBUG io.restassured.internal.RequestSpecificationImpl$RestAssuredHttpBuilder  - Parsing response as: application/json; charset=utf-8
85190 [TestNG-PoolService-7] DEBUG io.restassured.internal.RequestSpecificationImpl$RestAssuredHttpBuilder  - Parsed data to instance of: class org.apache.http.conn.EofSensorInputStream
io.restassured.internal.RestAssuredResponseImpl@22ab484f
85191 [TestNG-PoolService-7] DEBUG org.apache.http.wire  -  << "{"coord":{"lon":73.02,"lat":19.04},"weather":[{"id":501,"main":"Rain","description":"moderate rain","icon":"10n"}],"base":"stations","main":{"temp":299.15,"feels_like":304.74,"temp_min":299.15,"temp_max":299.15,"pressure":1001,"humidity":100},"visibility":2100,"wind":{"speed":2.1,"deg":310},"rain":{"1h":0.12},"clouds":{"all":90},"dt":1602719170,"sys":{"type":1,"id":9052,"country":"IN","sunrise":1602723715,"sunset":1602765904},"timezone":19800,"id":6619347,"name":"Navi Mumbai","cod":200}"
85191 [TestNG-PoolService-7] DEBUG org.apache.http.impl.conn.BasicClientConnectionManager  - Releasing connection org.apache.http.impl.conn.ManagedClientConnectionImpl@3669ef4b
85191 [TestNG-PoolService-7] DEBUG org.apache.http.impl.conn.BasicClientConnectionManager  - Connection can be kept alive indefinitely
{"coord":{"lon":73.02,"lat":19.04},"weather":[{"id":501,"main":"Rain","description":"moderate rain","icon":"10n"}],"base":"stations","main":{"temp":299.15,"feels_like":304.74,"temp_min":299.15,"temp_max":299.15,"pressure":1001,"humidity":100},"visibility":2100,"wind":{"speed":2.1,"deg":310},"rain":{"1h":0.12},"clouds":{"all":90},"dt":1602719170,"sys":{"type":1,"id":9052,"country":"IN","sunrise":1602723715,"sunset":1602765904},"timezone":19800,"id":6619347,"name":"Navi Mumbai","cod":200}
299.15
Celsius: 26.0
85193 [TestNG-PoolService-7] INFO org.apache.log4j.Logger  - Temperature from API is 26.0 for City Navi Mumbai
85193 [TestNG-PoolService-7] INFO org.apache.log4j.Logger  - PASS: Difference between the API 26.0 and UI 29.0 temp: 3.0 for City Navi Mumbai is less than variance set: 10
85582 [Finalizer] DEBUG org.apache.http.impl.conn.DefaultClientConnection  - Connection 0.0.0.0:55560<->178.128.122.9:80 closed
85582 [Finalizer] DEBUG org.apache.http.impl.conn.DefaultClientConnection  - Connection 0.0.0.0:55561<->178.128.122.9:80 closed
85657 [TestNG-PoolService-2] INFO org.apache.log4j.Logger  - Temperature on UI is 28.0 for City Nashik
85657 [TestNG-PoolService-2] INFO org.apache.log4j.Logger  - Get Temp using API
85660 [TestNG-PoolService-2] DEBUG org.apache.http.impl.conn.BasicClientConnectionManager  - Get connection for route {}->http://api.openweathermap.org:80
85660 [TestNG-PoolService-2] DEBUG org.apache.http.impl.conn.DefaultClientConnectionOperator  - Connecting to api.openweathermap.org:80
85716 [TestNG-PoolService-2] DEBUG org.apache.http.client.protocol.RequestAddCookies  - CookieSpec selected: ignoreCookies
85716 [TestNG-PoolService-2] DEBUG org.apache.http.client.protocol.RequestAuthCache  - Auth cache not set in the context
85716 [TestNG-PoolService-2] DEBUG org.apache.http.client.protocol.RequestTargetAuthentication  - Target auth state: UNCHALLENGED
85716 [TestNG-PoolService-2] DEBUG org.apache.http.client.protocol.RequestProxyAuthentication  - Proxy auth state: UNCHALLENGED
85716 [TestNG-PoolService-2] DEBUG org.apache.http.impl.client.DefaultHttpClient  - Attempt 1 to execute request
85716 [TestNG-PoolService-2] DEBUG org.apache.http.impl.conn.DefaultClientConnection  - Sending request: GET /data/2.5/weather?q=Nashik&appid=7fe67bf08c80ded756e598d6f8fedaea HTTP/1.1
85716 [TestNG-PoolService-2] DEBUG org.apache.http.wire  -  >> "GET /data/2.5/weather?q=Nashik&appid=7fe67bf08c80ded756e598d6f8fedaea HTTP/1.1[\r][\n]"
85716 [TestNG-PoolService-2] DEBUG org.apache.http.wire  -  >> "Accept: */*[\r][\n]"
85716 [TestNG-PoolService-2] DEBUG org.apache.http.wire  -  >> "Host: api.openweathermap.org[\r][\n]"
85716 [TestNG-PoolService-2] DEBUG org.apache.http.wire  -  >> "Connection: Keep-Alive[\r][\n]"
85716 [TestNG-PoolService-2] DEBUG org.apache.http.wire  -  >> "User-Agent: Apache-HttpClient/4.5.3 (Java/1.8.0_201)[\r][\n]"
85716 [TestNG-PoolService-2] DEBUG org.apache.http.wire  -  >> "Accept-Encoding: gzip,deflate[\r][\n]"
85716 [TestNG-PoolService-2] DEBUG org.apache.http.wire  -  >> "[\r][\n]"
85716 [TestNG-PoolService-2] DEBUG org.apache.http.headers  - >> GET /data/2.5/weather?q=Nashik&appid=7fe67bf08c80ded756e598d6f8fedaea HTTP/1.1
85716 [TestNG-PoolService-2] DEBUG org.apache.http.headers  - >> Accept: */*
85716 [TestNG-PoolService-2] DEBUG org.apache.http.headers  - >> Host: api.openweathermap.org
85716 [TestNG-PoolService-2] DEBUG org.apache.http.headers  - >> Connection: Keep-Alive
85716 [TestNG-PoolService-2] DEBUG org.apache.http.headers  - >> User-Agent: Apache-HttpClient/4.5.3 (Java/1.8.0_201)
85716 [TestNG-PoolService-2] DEBUG org.apache.http.headers  - >> Accept-Encoding: gzip,deflate
85794 [TestNG-PoolService-2] DEBUG org.apache.http.wire  -  << "HTTP/1.1 200 OK[\r][\n]"
85794 [TestNG-PoolService-2] DEBUG org.apache.http.wire  -  << "Server: openresty[\r][\n]"
85794 [TestNG-PoolService-2] DEBUG org.apache.http.wire  -  << "Date: Wed, 14 Oct 2020 23:48:09 GMT[\r][\n]"
85794 [TestNG-PoolService-2] DEBUG org.apache.http.wire  -  << "Content-Type: application/json; charset=utf-8[\r][\n]"
85794 [TestNG-PoolService-2] DEBUG org.apache.http.wire  -  << "Content-Length: 497[\r][\n]"
85794 [TestNG-PoolService-2] DEBUG org.apache.http.wire  -  << "Connection: keep-alive[\r][\n]"
85794 [TestNG-PoolService-2] DEBUG org.apache.http.wire  -  << "X-Cache-Key: /data/2.5/weather?q=nashik[\r][\n]"
85794 [TestNG-PoolService-2] DEBUG org.apache.http.wire  -  << "Access-Control-Allow-Origin: *[\r][\n]"
85794 [TestNG-PoolService-2] DEBUG org.apache.http.wire  -  << "Access-Control-Allow-Credentials: true[\r][\n]"
85794 [TestNG-PoolService-2] DEBUG org.apache.http.wire  -  << "Access-Control-Allow-Methods: GET, POST[\r][\n]"
85794 [TestNG-PoolService-2] DEBUG org.apache.http.wire  -  << "[\r][\n]"
85794 [TestNG-PoolService-2] DEBUG org.apache.http.impl.conn.DefaultClientConnection  - Receiving response: HTTP/1.1 200 OK
85794 [TestNG-PoolService-2] DEBUG org.apache.http.headers  - << HTTP/1.1 200 OK
85794 [TestNG-PoolService-2] DEBUG org.apache.http.headers  - << Server: openresty
85794 [TestNG-PoolService-2] DEBUG org.apache.http.headers  - << Date: Wed, 14 Oct 2020 23:48:09 GMT
85794 [TestNG-PoolService-2] DEBUG org.apache.http.headers  - << Content-Type: application/json; charset=utf-8
85795 [TestNG-PoolService-2] DEBUG org.apache.http.headers  - << Content-Length: 497
85795 [TestNG-PoolService-2] DEBUG org.apache.http.headers  - << Connection: keep-alive
85795 [TestNG-PoolService-2] DEBUG org.apache.http.headers  - << X-Cache-Key: /data/2.5/weather?q=nashik
85795 [TestNG-PoolService-2] DEBUG org.apache.http.headers  - << Access-Control-Allow-Origin: *
85795 [TestNG-PoolService-2] DEBUG org.apache.http.headers  - << Access-Control-Allow-Credentials: true
85795 [TestNG-PoolService-2] DEBUG org.apache.http.headers  - << Access-Control-Allow-Methods: GET, POST
85795 [TestNG-PoolService-2] DEBUG org.apache.http.impl.client.DefaultHttpClient  - Connection can be kept alive indefinitely
85795 [TestNG-PoolService-2] DEBUG io.restassured.internal.RequestSpecificationImpl$RestAssuredHttpBuilder  - Parsing response as: application/json; charset=utf-8
85796 [TestNG-PoolService-2] DEBUG io.restassured.internal.RequestSpecificationImpl$RestAssuredHttpBuilder  - Parsed data to instance of: class org.apache.http.conn.EofSensorInputStream
io.restassured.internal.RestAssuredResponseImpl@5a4d4d87
85797 [TestNG-PoolService-2] DEBUG org.apache.http.wire  -  << "{"coord":{"lon":73.8,"lat":19.98},"weather":[{"id":500,"main":"Rain","description":"light rain","icon":"10n"}],"base":"stations","main":{"temp":295.56,"feels_like":297.1,"temp_min":295.56,"temp_max":295.56,"pressure":1002,"humidity":87,"sea_level":1002,"grnd_level":937},"visibility":10000,"wind":{"speed":3.17,"deg":33},"rain":{"1h":0.65},"clouds":{"all":100},"dt":1602719289,"sys":{"country":"IN","sunrise":1602723565,"sunset":1602765680},"timezone":19800,"id":1261731,"name":"Nashik","cod":200}"
85797 [TestNG-PoolService-2] DEBUG org.apache.http.impl.conn.BasicClientConnectionManager  - Releasing connection org.apache.http.impl.conn.ManagedClientConnectionImpl@16041227
85797 [TestNG-PoolService-2] DEBUG org.apache.http.impl.conn.BasicClientConnectionManager  - Connection can be kept alive indefinitely
{"coord":{"lon":73.8,"lat":19.98},"weather":[{"id":500,"main":"Rain","description":"light rain","icon":"10n"}],"base":"stations","main":{"temp":295.56,"feels_like":297.1,"temp_min":295.56,"temp_max":295.56,"pressure":1002,"humidity":87,"sea_level":1002,"grnd_level":937},"visibility":10000,"wind":{"speed":3.17,"deg":33},"rain":{"1h":0.65},"clouds":{"all":100},"dt":1602719289,"sys":{"country":"IN","sunrise":1602723565,"sunset":1602765680},"timezone":19800,"id":1261731,"name":"Nashik","cod":200}
295.56
Celsius: 22.410004
85798 [TestNG-PoolService-2] INFO org.apache.log4j.Logger  - Temperature from API is 22.410004 for City Nashik
85798 [TestNG-PoolService-2] INFO org.apache.log4j.Logger  - PASS: Difference between the API 22.410004 and UI 28.0 temp: 5.5899963 for City Nashik is less than variance set: 10
86308 [Finalizer] DEBUG org.apache.http.impl.conn.DefaultClientConnection  - Connection 0.0.0.0:55562<->178.128.122.9:80 closed
86478 [TestNG-PoolService-9] INFO org.apache.log4j.Logger  - Temperature on UI is 33.0 for City Panipat
86478 [TestNG-PoolService-9] INFO org.apache.log4j.Logger  - Get Temp using API
86485 [TestNG-PoolService-9] DEBUG org.apache.http.impl.conn.BasicClientConnectionManager  - Get connection for route {}->http://api.openweathermap.org:80
86485 [TestNG-PoolService-9] DEBUG org.apache.http.impl.conn.DefaultClientConnectionOperator  - Connecting to api.openweathermap.org:80
86545 [TestNG-PoolService-9] DEBUG org.apache.http.client.protocol.RequestAddCookies  - CookieSpec selected: ignoreCookies
86545 [TestNG-PoolService-9] DEBUG org.apache.http.client.protocol.RequestAuthCache  - Auth cache not set in the context
86545 [TestNG-PoolService-9] DEBUG org.apache.http.client.protocol.RequestTargetAuthentication  - Target auth state: UNCHALLENGED
86545 [TestNG-PoolService-9] DEBUG org.apache.http.client.protocol.RequestProxyAuthentication  - Proxy auth state: UNCHALLENGED
86545 [TestNG-PoolService-9] DEBUG org.apache.http.impl.client.DefaultHttpClient  - Attempt 1 to execute request
86545 [TestNG-PoolService-9] DEBUG org.apache.http.impl.conn.DefaultClientConnection  - Sending request: GET /data/2.5/weather?q=Panipat&appid=7fe67bf08c80ded756e598d6f8fedaea HTTP/1.1
86545 [TestNG-PoolService-9] DEBUG org.apache.http.wire  -  >> "GET /data/2.5/weather?q=Panipat&appid=7fe67bf08c80ded756e598d6f8fedaea HTTP/1.1[\r][\n]"
86545 [TestNG-PoolService-9] DEBUG org.apache.http.wire  -  >> "Accept: */*[\r][\n]"
86545 [TestNG-PoolService-9] DEBUG org.apache.http.wire  -  >> "Host: api.openweathermap.org[\r][\n]"
86545 [TestNG-PoolService-9] DEBUG org.apache.http.wire  -  >> "Connection: Keep-Alive[\r][\n]"
86545 [TestNG-PoolService-9] DEBUG org.apache.http.wire  -  >> "User-Agent: Apache-HttpClient/4.5.3 (Java/1.8.0_201)[\r][\n]"
86545 [TestNG-PoolService-9] DEBUG org.apache.http.wire  -  >> "Accept-Encoding: gzip,deflate[\r][\n]"
86545 [TestNG-PoolService-9] DEBUG org.apache.http.wire  -  >> "[\r][\n]"
86545 [TestNG-PoolService-9] DEBUG org.apache.http.headers  - >> GET /data/2.5/weather?q=Panipat&appid=7fe67bf08c80ded756e598d6f8fedaea HTTP/1.1
86545 [TestNG-PoolService-9] DEBUG org.apache.http.headers  - >> Accept: */*
86545 [TestNG-PoolService-9] DEBUG org.apache.http.headers  - >> Host: api.openweathermap.org
86545 [TestNG-PoolService-9] DEBUG org.apache.http.headers  - >> Connection: Keep-Alive
86545 [TestNG-PoolService-9] DEBUG org.apache.http.headers  - >> User-Agent: Apache-HttpClient/4.5.3 (Java/1.8.0_201)
86545 [TestNG-PoolService-9] DEBUG org.apache.http.headers  - >> Accept-Encoding: gzip,deflate
86627 [TestNG-PoolService-9] DEBUG org.apache.http.wire  -  << "HTTP/1.1 200 OK[\r][\n]"
86627 [TestNG-PoolService-9] DEBUG org.apache.http.wire  -  << "Server: openresty[\r][\n]"
86627 [TestNG-PoolService-9] DEBUG org.apache.http.wire  -  << "Date: Wed, 14 Oct 2020 23:48:10 GMT[\r][\n]"
86627 [TestNG-PoolService-9] DEBUG org.apache.http.wire  -  << "Content-Type: application/json; charset=utf-8[\r][\n]"
86627 [TestNG-PoolService-9] DEBUG org.apache.http.wire  -  << "Content-Length: 480[\r][\n]"
86627 [TestNG-PoolService-9] DEBUG org.apache.http.wire  -  << "Connection: keep-alive[\r][\n]"
86627 [TestNG-PoolService-9] DEBUG org.apache.http.wire  -  << "X-Cache-Key: /data/2.5/weather?q=panipat[\r][\n]"
86627 [TestNG-PoolService-9] DEBUG org.apache.http.wire  -  << "Access-Control-Allow-Origin: *[\r][\n]"
86627 [TestNG-PoolService-9] DEBUG org.apache.http.wire  -  << "Access-Control-Allow-Credentials: true[\r][\n]"
86627 [TestNG-PoolService-9] DEBUG org.apache.http.wire  -  << "Access-Control-Allow-Methods: GET, POST[\r][\n]"
86627 [TestNG-PoolService-9] DEBUG org.apache.http.wire  -  << "[\r][\n]"
86627 [TestNG-PoolService-9] DEBUG org.apache.http.impl.conn.DefaultClientConnection  - Receiving response: HTTP/1.1 200 OK
86627 [TestNG-PoolService-9] DEBUG org.apache.http.headers  - << HTTP/1.1 200 OK
86627 [TestNG-PoolService-9] DEBUG org.apache.http.headers  - << Server: openresty
86627 [TestNG-PoolService-9] DEBUG org.apache.http.headers  - << Date: Wed, 14 Oct 2020 23:48:10 GMT
86627 [TestNG-PoolService-9] DEBUG org.apache.http.headers  - << Content-Type: application/json; charset=utf-8
86627 [TestNG-PoolService-9] DEBUG org.apache.http.headers  - << Content-Length: 480
86627 [TestNG-PoolService-9] DEBUG org.apache.http.headers  - << Connection: keep-alive
86627 [TestNG-PoolService-9] DEBUG org.apache.http.headers  - << X-Cache-Key: /data/2.5/weather?q=panipat
86627 [TestNG-PoolService-9] DEBUG org.apache.http.headers  - << Access-Control-Allow-Origin: *
86627 [TestNG-PoolService-9] DEBUG org.apache.http.headers  - << Access-Control-Allow-Credentials: true
86627 [TestNG-PoolService-9] DEBUG org.apache.http.headers  - << Access-Control-Allow-Methods: GET, POST
86627 [TestNG-PoolService-9] DEBUG org.apache.http.impl.client.DefaultHttpClient  - Connection can be kept alive indefinitely
86628 [TestNG-PoolService-9] DEBUG io.restassured.internal.RequestSpecificationImpl$RestAssuredHttpBuilder  - Parsing response as: application/json; charset=utf-8
86628 [TestNG-PoolService-9] DEBUG io.restassured.internal.RequestSpecificationImpl$RestAssuredHttpBuilder  - Parsed data to instance of: class org.apache.http.conn.EofSensorInputStream
io.restassured.internal.RestAssuredResponseImpl@74eeff5f
86628 [TestNG-PoolService-9] DEBUG org.apache.http.wire  -  << "{"coord":{"lon":76.97,"lat":29.39},"weather":[{"id":800,"main":"Clear","description":"clear sky","icon":"01n"}],"base":"stations","main":{"temp":294.86,"feels_like":291.81,"temp_min":294.86,"temp_max":294.86,"pressure":1007,"humidity":28,"sea_level":1007,"grnd_level":980},"visibility":10000,"wind":{"speed":2.06,"deg":358},"clouds":{"all":0},"dt":1602719290,"sys":{"country":"IN","sunrise":1602723203,"sunset":1602764520},"timezone":19800,"id":1260476,"name":"Panipat","cod":200}"
86628 [TestNG-PoolService-9] DEBUG org.apache.http.impl.conn.BasicClientConnectionManager  - Releasing connection org.apache.http.impl.conn.ManagedClientConnectionImpl@2177039c
86628 [TestNG-PoolService-9] DEBUG org.apache.http.impl.conn.BasicClientConnectionManager  - Connection can be kept alive indefinitely
{"coord":{"lon":76.97,"lat":29.39},"weather":[{"id":800,"main":"Clear","description":"clear sky","icon":"01n"}],"base":"stations","main":{"temp":294.86,"feels_like":291.81,"temp_min":294.86,"temp_max":294.86,"pressure":1007,"humidity":28,"sea_level":1007,"grnd_level":980},"visibility":10000,"wind":{"speed":2.06,"deg":358},"clouds":{"all":0},"dt":1602719290,"sys":{"country":"IN","sunrise":1602723203,"sunset":1602764520},"timezone":19800,"id":1260476,"name":"Panipat","cod":200}
294.86
Celsius: 21.709991
86629 [TestNG-PoolService-9] INFO org.apache.log4j.Logger  - Temperature from API is 21.709991 for City Panipat
86629 [TestNG-PoolService-9] ERROR org.apache.log4j.Logger  - FAIL: Difference between the API 21.709991 and UI 33.0 temp: 11.290009 for City Panipat is greater than variance set:10
]]></system-out>
  </testcase>
  <testcase name="getTemp[com.temp.test.City@782a92](61)" classname="com.temp.test.TestsWeather" time="0.004">
    <system-out><![CDATA[86922 [TestNG-PoolService-0] INFO org.apache.log4j.Logger  - Select the city on the pin menu
]]></system-out>
  </testcase>
  <testcase name="getTemp[com.temp.test.City@3ca76e36](62)" classname="com.temp.test.TestsWeather" time="0.018">
    <system-out><![CDATA[86950 [TestNG-PoolService-7] INFO org.apache.log4j.Logger  - Select the city on the pin menu
87022 [TestNG-PoolService-4] INFO org.apache.log4j.Logger  - Temperature on UI is 34.0 for City Patiala
87022 [TestNG-PoolService-4] INFO org.apache.log4j.Logger  - Get Temp using API
87027 [TestNG-PoolService-4] DEBUG org.apache.http.impl.conn.BasicClientConnectionManager  - Get connection for route {}->http://api.openweathermap.org:80
87027 [TestNG-PoolService-4] DEBUG org.apache.http.impl.conn.DefaultClientConnectionOperator  - Connecting to api.openweathermap.org:80
]]></system-out>
  </testcase>
  <testcase name="getTemp[com.temp.test.City@3dc53d20](63)" classname="com.temp.test.TestsWeather" time="0.199">
    <failure message="For city Panipat: The Actual temp is 21.709991 and expected is 33.0 expected [33.0] but found [21.709991]" type="java.lang.AssertionError"><![CDATA[java.lang.AssertionError: For city Panipat: The Actual temp is 21.709991 and expected is 33.0 expected [33.0] but found [21.709991]
	at com.temp.test.TestsWeather.getTemp(TestsWeather.java:224)
]]></failure>
    <system-out><![CDATA[87047 [TestNG-PoolService-2] INFO org.apache.log4j.Logger  - Select the city on the pin menu
87086 [TestNG-PoolService-4] DEBUG org.apache.http.client.protocol.RequestAddCookies  - CookieSpec selected: ignoreCookies
87086 [TestNG-PoolService-4] DEBUG org.apache.http.client.protocol.RequestAuthCache  - Auth cache not set in the context
87086 [TestNG-PoolService-4] DEBUG org.apache.http.client.protocol.RequestTargetAuthentication  - Target auth state: UNCHALLENGED
87086 [TestNG-PoolService-4] DEBUG org.apache.http.client.protocol.RequestProxyAuthentication  - Proxy auth state: UNCHALLENGED
87086 [TestNG-PoolService-4] DEBUG org.apache.http.impl.client.DefaultHttpClient  - Attempt 1 to execute request
87086 [TestNG-PoolService-4] DEBUG org.apache.http.impl.conn.DefaultClientConnection  - Sending request: GET /data/2.5/weather?q=Patiala&appid=7fe67bf08c80ded756e598d6f8fedaea HTTP/1.1
87086 [TestNG-PoolService-4] DEBUG org.apache.http.wire  -  >> "GET /data/2.5/weather?q=Patiala&appid=7fe67bf08c80ded756e598d6f8fedaea HTTP/1.1[\r][\n]"
87086 [TestNG-PoolService-4] DEBUG org.apache.http.wire  -  >> "Accept: */*[\r][\n]"
87086 [TestNG-PoolService-4] DEBUG org.apache.http.wire  -  >> "Host: api.openweathermap.org[\r][\n]"
87086 [TestNG-PoolService-4] DEBUG org.apache.http.wire  -  >> "Connection: Keep-Alive[\r][\n]"
87086 [TestNG-PoolService-4] DEBUG org.apache.http.wire  -  >> "User-Agent: Apache-HttpClient/4.5.3 (Java/1.8.0_201)[\r][\n]"
87086 [TestNG-PoolService-4] DEBUG org.apache.http.wire  -  >> "Accept-Encoding: gzip,deflate[\r][\n]"
87086 [TestNG-PoolService-4] DEBUG org.apache.http.wire  -  >> "[\r][\n]"
87086 [TestNG-PoolService-4] DEBUG org.apache.http.headers  - >> GET /data/2.5/weather?q=Patiala&appid=7fe67bf08c80ded756e598d6f8fedaea HTTP/1.1
87086 [TestNG-PoolService-4] DEBUG org.apache.http.headers  - >> Accept: */*
87086 [TestNG-PoolService-4] DEBUG org.apache.http.headers  - >> Host: api.openweathermap.org
87086 [TestNG-PoolService-4] DEBUG org.apache.http.headers  - >> Connection: Keep-Alive
87086 [TestNG-PoolService-4] DEBUG org.apache.http.headers  - >> User-Agent: Apache-HttpClient/4.5.3 (Java/1.8.0_201)
87086 [TestNG-PoolService-4] DEBUG org.apache.http.headers  - >> Accept-Encoding: gzip,deflate
87149 [TestNG-PoolService-4] DEBUG org.apache.http.wire  -  << "HTTP/1.1 200 OK[\r][\n]"
87149 [TestNG-PoolService-4] DEBUG org.apache.http.wire  -  << "Server: openresty[\r][\n]"
87149 [TestNG-PoolService-4] DEBUG org.apache.http.wire  -  << "Date: Wed, 14 Oct 2020 23:48:11 GMT[\r][\n]"
87149 [TestNG-PoolService-4] DEBUG org.apache.http.wire  -  << "Content-Type: application/json; charset=utf-8[\r][\n]"
87149 [TestNG-PoolService-4] DEBUG org.apache.http.wire  -  << "Content-Length: 479[\r][\n]"
87150 [TestNG-PoolService-4] DEBUG org.apache.http.wire  -  << "Connection: keep-alive[\r][\n]"
87150 [TestNG-PoolService-4] DEBUG org.apache.http.wire  -  << "X-Cache-Key: /data/2.5/weather?q=patiala[\r][\n]"
87150 [TestNG-PoolService-4] DEBUG org.apache.http.wire  -  << "Access-Control-Allow-Origin: *[\r][\n]"
87150 [TestNG-PoolService-4] DEBUG org.apache.http.wire  -  << "Access-Control-Allow-Credentials: true[\r][\n]"
87150 [TestNG-PoolService-4] DEBUG org.apache.http.wire  -  << "Access-Control-Allow-Methods: GET, POST[\r][\n]"
87150 [TestNG-PoolService-4] DEBUG org.apache.http.wire  -  << "[\r][\n]"
87150 [TestNG-PoolService-4] DEBUG org.apache.http.impl.conn.DefaultClientConnection  - Receiving response: HTTP/1.1 200 OK
87150 [TestNG-PoolService-4] DEBUG org.apache.http.headers  - << HTTP/1.1 200 OK
87150 [TestNG-PoolService-4] DEBUG org.apache.http.headers  - << Server: openresty
87150 [TestNG-PoolService-4] DEBUG org.apache.http.headers  - << Date: Wed, 14 Oct 2020 23:48:11 GMT
87150 [TestNG-PoolService-4] DEBUG org.apache.http.headers  - << Content-Type: application/json; charset=utf-8
87150 [TestNG-PoolService-4] DEBUG org.apache.http.headers  - << Content-Length: 479
87150 [TestNG-PoolService-4] DEBUG org.apache.http.headers  - << Connection: keep-alive
87150 [TestNG-PoolService-4] DEBUG org.apache.http.headers  - << X-Cache-Key: /data/2.5/weather?q=patiala
87150 [TestNG-PoolService-4] DEBUG org.apache.http.headers  - << Access-Control-Allow-Origin: *
87150 [TestNG-PoolService-4] DEBUG org.apache.http.headers  - << Access-Control-Allow-Credentials: true
87150 [TestNG-PoolService-4] DEBUG org.apache.http.headers  - << Access-Control-Allow-Methods: GET, POST
87150 [TestNG-PoolService-4] DEBUG org.apache.http.impl.client.DefaultHttpClient  - Connection can be kept alive indefinitely
87150 [TestNG-PoolService-4] DEBUG io.restassured.internal.RequestSpecificationImpl$RestAssuredHttpBuilder  - Parsing response as: application/json; charset=utf-8
87150 [TestNG-PoolService-4] DEBUG io.restassured.internal.RequestSpecificationImpl$RestAssuredHttpBuilder  - Parsed data to instance of: class org.apache.http.conn.EofSensorInputStream
io.restassured.internal.RestAssuredResponseImpl@9d11a0
87150 [TestNG-PoolService-4] DEBUG org.apache.http.wire  -  << "{"coord":{"lon":76.4,"lat":30.33},"weather":[{"id":800,"main":"Clear","description":"clear sky","icon":"01n"}],"base":"stations","main":{"temp":293.74,"feels_like":291.28,"temp_min":293.74,"temp_max":293.74,"pressure":1008,"humidity":31,"sea_level":1008,"grnd_level":979},"visibility":10000,"wind":{"speed":1.34,"deg":17},"clouds":{"all":2},"dt":1602719161,"sys":{"country":"IN","sunrise":1602723383,"sunset":1602764614},"timezone":19800,"id":1260107,"name":"Pati[0xc4][0x81]la","cod":200}"
87150 [TestNG-PoolService-4] DEBUG org.apache.http.impl.conn.BasicClientConnectionManager  - Releasing connection org.apache.http.impl.conn.ManagedClientConnectionImpl@6205164d
87150 [TestNG-PoolService-4] DEBUG org.apache.http.impl.conn.BasicClientConnectionManager  - Connection can be kept alive indefinitely
{"coord":{"lon":76.4,"lat":30.33},"weather":[{"id":800,"main":"Clear","description":"clear sky","icon":"01n"}],"base":"stations","main":{"temp":293.74,"feels_like":291.28,"temp_min":293.74,"temp_max":293.74,"pressure":1008,"humidity":31,"sea_level":1008,"grnd_level":979},"visibility":10000,"wind":{"speed":1.34,"deg":17},"clouds":{"all":2},"dt":1602719161,"sys":{"country":"IN","sunrise":1602723383,"sunset":1602764614},"timezone":19800,"id":1260107,"name":"Patiāla","cod":200}
293.74
Celsius: 20.589996
87151 [TestNG-PoolService-4] INFO org.apache.log4j.Logger  - Temperature from API is 20.589996 for City Patiala
87151 [TestNG-PoolService-4] ERROR org.apache.log4j.Logger  - FAIL: Difference between the API 20.589996 and UI 34.0 temp: 13.410004 for City Patiala is greater than variance set:10
]]></system-out>
  </testcase>
  <testcase name="getTemp[com.temp.test.City@cc45e0c](64)" classname="com.temp.test.TestsWeather" time="0.089">
    <failure message="For city Patiala: The Actual temp is 20.589996 and expected is 34.0 expected [34.0] but found [20.589996]" type="java.lang.AssertionError"><![CDATA[java.lang.AssertionError: For city Patiala: The Actual temp is 20.589996 and expected is 34.0 expected [34.0] but found [20.589996]
	at com.temp.test.TestsWeather.getTemp(TestsWeather.java:224)
]]></failure>
    <system-out><![CDATA[87731 [TestNG-PoolService-9] INFO org.apache.log4j.Logger  - Select the city on the pin menu
87793 [Finalizer] DEBUG org.apache.http.impl.conn.DefaultClientConnection  - Connection 0.0.0.0:55568<->178.128.122.9:80 closed
87793 [Finalizer] DEBUG org.apache.http.impl.conn.DefaultClientConnection  - Connection 0.0.0.0:55564<->178.128.122.9:80 closed
87840 [TestNG-PoolService-8] INFO org.apache.log4j.Logger  - Temperature on UI is 33.0 for City Patna
87840 [TestNG-PoolService-8] INFO org.apache.log4j.Logger  - Get Temp using API
87845 [TestNG-PoolService-8] DEBUG org.apache.http.impl.conn.BasicClientConnectionManager  - Get connection for route {}->http://api.openweathermap.org:80
87845 [TestNG-PoolService-8] DEBUG org.apache.http.impl.conn.DefaultClientConnectionOperator  - Connecting to api.openweathermap.org:80
87907 [TestNG-PoolService-8] DEBUG org.apache.http.client.protocol.RequestAddCookies  - CookieSpec selected: ignoreCookies
87907 [TestNG-PoolService-8] DEBUG org.apache.http.client.protocol.RequestAuthCache  - Auth cache not set in the context
87907 [TestNG-PoolService-8] DEBUG org.apache.http.client.protocol.RequestTargetAuthentication  - Target auth state: UNCHALLENGED
87907 [TestNG-PoolService-8] DEBUG org.apache.http.client.protocol.RequestProxyAuthentication  - Proxy auth state: UNCHALLENGED
87907 [TestNG-PoolService-8] DEBUG org.apache.http.impl.client.DefaultHttpClient  - Attempt 1 to execute request
87907 [TestNG-PoolService-8] DEBUG org.apache.http.impl.conn.DefaultClientConnection  - Sending request: GET /data/2.5/weather?q=Patna&appid=7fe67bf08c80ded756e598d6f8fedaea HTTP/1.1
87907 [TestNG-PoolService-8] DEBUG org.apache.http.wire  -  >> "GET /data/2.5/weather?q=Patna&appid=7fe67bf08c80ded756e598d6f8fedaea HTTP/1.1[\r][\n]"
87907 [TestNG-PoolService-8] DEBUG org.apache.http.wire  -  >> "Accept: */*[\r][\n]"
87907 [TestNG-PoolService-8] DEBUG org.apache.http.wire  -  >> "Host: api.openweathermap.org[\r][\n]"
87907 [TestNG-PoolService-8] DEBUG org.apache.http.wire  -  >> "Connection: Keep-Alive[\r][\n]"
87908 [TestNG-PoolService-8] DEBUG org.apache.http.wire  -  >> "User-Agent: Apache-HttpClient/4.5.3 (Java/1.8.0_201)[\r][\n]"
87908 [TestNG-PoolService-8] DEBUG org.apache.http.wire  -  >> "Accept-Encoding: gzip,deflate[\r][\n]"
87908 [TestNG-PoolService-8] DEBUG org.apache.http.wire  -  >> "[\r][\n]"
87908 [TestNG-PoolService-8] DEBUG org.apache.http.headers  - >> GET /data/2.5/weather?q=Patna&appid=7fe67bf08c80ded756e598d6f8fedaea HTTP/1.1
87908 [TestNG-PoolService-8] DEBUG org.apache.http.headers  - >> Accept: */*
87908 [TestNG-PoolService-8] DEBUG org.apache.http.headers  - >> Host: api.openweathermap.org
87908 [TestNG-PoolService-8] DEBUG org.apache.http.headers  - >> Connection: Keep-Alive
87908 [TestNG-PoolService-8] DEBUG org.apache.http.headers  - >> User-Agent: Apache-HttpClient/4.5.3 (Java/1.8.0_201)
87908 [TestNG-PoolService-8] DEBUG org.apache.http.headers  - >> Accept-Encoding: gzip,deflate
]]></system-out>
  </testcase>
  <testcase name="getTemp[com.temp.test.City@1381ce6](65)" classname="com.temp.test.TestsWeather" time="1.534">
    <system-out><![CDATA[87924 [TestNG-PoolService-4] INFO org.apache.log4j.Logger  - Select the city on the pin menu
87973 [TestNG-PoolService-8] DEBUG org.apache.http.wire  -  << "HTTP/1.1 200 OK[\r][\n]"
87973 [TestNG-PoolService-8] DEBUG org.apache.http.wire  -  << "Server: openresty[\r][\n]"
87973 [TestNG-PoolService-8] DEBUG org.apache.http.wire  -  << "Date: Wed, 14 Oct 2020 23:48:12 GMT[\r][\n]"
87973 [TestNG-PoolService-8] DEBUG org.apache.http.wire  -  << "Content-Type: application/json; charset=utf-8[\r][\n]"
87973 [TestNG-PoolService-8] DEBUG org.apache.http.wire  -  << "Content-Length: 452[\r][\n]"
87973 [TestNG-PoolService-8] DEBUG org.apache.http.wire  -  << "Connection: keep-alive[\r][\n]"
87973 [TestNG-PoolService-8] DEBUG org.apache.http.wire  -  << "X-Cache-Key: /data/2.5/weather?q=patna[\r][\n]"
87973 [TestNG-PoolService-8] DEBUG org.apache.http.wire  -  << "Access-Control-Allow-Origin: *[\r][\n]"
87973 [TestNG-PoolService-8] DEBUG org.apache.http.wire  -  << "Access-Control-Allow-Credentials: true[\r][\n]"
87973 [TestNG-PoolService-8] DEBUG org.apache.http.wire  -  << "Access-Control-Allow-Methods: GET, POST[\r][\n]"
87973 [TestNG-PoolService-8] DEBUG org.apache.http.wire  -  << "[\r][\n]"
87973 [TestNG-PoolService-8] DEBUG org.apache.http.impl.conn.DefaultClientConnection  - Receiving response: HTTP/1.1 200 OK
87973 [TestNG-PoolService-8] DEBUG org.apache.http.headers  - << HTTP/1.1 200 OK
87973 [TestNG-PoolService-8] DEBUG org.apache.http.headers  - << Server: openresty
87973 [TestNG-PoolService-8] DEBUG org.apache.http.headers  - << Date: Wed, 14 Oct 2020 23:48:12 GMT
87973 [TestNG-PoolService-8] DEBUG org.apache.http.headers  - << Content-Type: application/json; charset=utf-8
87973 [TestNG-PoolService-8] DEBUG org.apache.http.headers  - << Content-Length: 452
87973 [TestNG-PoolService-8] DEBUG org.apache.http.headers  - << Connection: keep-alive
87973 [TestNG-PoolService-8] DEBUG org.apache.http.headers  - << X-Cache-Key: /data/2.5/weather?q=patna
87973 [TestNG-PoolService-8] DEBUG org.apache.http.headers  - << Access-Control-Allow-Origin: *
87973 [TestNG-PoolService-8] DEBUG org.apache.http.headers  - << Access-Control-Allow-Credentials: true
87973 [TestNG-PoolService-8] DEBUG org.apache.http.headers  - << Access-Control-Allow-Methods: GET, POST
87973 [TestNG-PoolService-8] DEBUG org.apache.http.impl.client.DefaultHttpClient  - Connection can be kept alive indefinitely
87974 [TestNG-PoolService-8] DEBUG io.restassured.internal.RequestSpecificationImpl$RestAssuredHttpBuilder  - Parsing response as: application/json; charset=utf-8
87974 [TestNG-PoolService-8] DEBUG io.restassured.internal.RequestSpecificationImpl$RestAssuredHttpBuilder  - Parsed data to instance of: class org.apache.http.conn.EofSensorInputStream
io.restassured.internal.RestAssuredResponseImpl@3f4eb3f0
87974 [TestNG-PoolService-8] DEBUG org.apache.http.wire  -  << "{"coord":{"lon":85.12,"lat":25.6},"weather":[{"id":701,"main":"Mist","description":"mist","icon":"50n"}],"base":"stations","main":{"temp":299.15,"feels_like":302.93,"temp_min":299.15,"temp_max":299.15,"pressure":1006,"humidity":83},"visibility":2500,"wind":{"speed":2,"deg":81},"clouds":{"all":20},"dt":1602719109,"sys":{"type":1,"id":9129,"country":"IN","sunrise":1602721079,"sunset":1602762733},"timezone":19800,"id":1260086,"name":"Patna","cod":200}"
87974 [TestNG-PoolService-8] DEBUG org.apache.http.impl.conn.BasicClientConnectionManager  - Releasing connection org.apache.http.impl.conn.ManagedClientConnectionImpl@1f277e0
87974 [TestNG-PoolService-8] DEBUG org.apache.http.impl.conn.BasicClientConnectionManager  - Connection can be kept alive indefinitely
{"coord":{"lon":85.12,"lat":25.6},"weather":[{"id":701,"main":"Mist","description":"mist","icon":"50n"}],"base":"stations","main":{"temp":299.15,"feels_like":302.93,"temp_min":299.15,"temp_max":299.15,"pressure":1006,"humidity":83},"visibility":2500,"wind":{"speed":2,"deg":81},"clouds":{"all":20},"dt":1602719109,"sys":{"type":1,"id":9129,"country":"IN","sunrise":1602721079,"sunset":1602762733},"timezone":19800,"id":1260086,"name":"Patna","cod":200}
299.15
Celsius: 26.0
87975 [TestNG-PoolService-8] INFO org.apache.log4j.Logger  - Temperature from API is 26.0 for City Patna
87975 [TestNG-PoolService-8] INFO org.apache.log4j.Logger  - PASS: Difference between the API 26.0 and UI 33.0 temp: 7.0 for City Patna is less than variance set: 10
88702 [TestNG-PoolService-6] INFO org.apache.log4j.Logger  - Temperature on UI is 34.0 for City Pondicherry
88702 [TestNG-PoolService-6] INFO org.apache.log4j.Logger  - Get Temp using API
88705 [TestNG-PoolService-6] DEBUG org.apache.http.impl.conn.BasicClientConnectionManager  - Get connection for route {}->http://api.openweathermap.org:80
88706 [TestNG-PoolService-6] DEBUG org.apache.http.impl.conn.DefaultClientConnectionOperator  - Connecting to api.openweathermap.org:80
88766 [TestNG-PoolService-6] DEBUG org.apache.http.client.protocol.RequestAddCookies  - CookieSpec selected: ignoreCookies
88766 [TestNG-PoolService-6] DEBUG org.apache.http.client.protocol.RequestAuthCache  - Auth cache not set in the context
88766 [TestNG-PoolService-6] DEBUG org.apache.http.client.protocol.RequestTargetAuthentication  - Target auth state: UNCHALLENGED
88766 [TestNG-PoolService-6] DEBUG org.apache.http.client.protocol.RequestProxyAuthentication  - Proxy auth state: UNCHALLENGED
88766 [TestNG-PoolService-6] DEBUG org.apache.http.impl.client.DefaultHttpClient  - Attempt 1 to execute request
88766 [TestNG-PoolService-6] DEBUG org.apache.http.impl.conn.DefaultClientConnection  - Sending request: GET /data/2.5/weather?q=Pondicherry&appid=7fe67bf08c80ded756e598d6f8fedaea HTTP/1.1
88766 [TestNG-PoolService-6] DEBUG org.apache.http.wire  -  >> "GET /data/2.5/weather?q=Pondicherry&appid=7fe67bf08c80ded756e598d6f8fedaea HTTP/1.1[\r][\n]"
88766 [TestNG-PoolService-6] DEBUG org.apache.http.wire  -  >> "Accept: */*[\r][\n]"
88766 [TestNG-PoolService-6] DEBUG org.apache.http.wire  -  >> "Host: api.openweathermap.org[\r][\n]"
88766 [TestNG-PoolService-6] DEBUG org.apache.http.wire  -  >> "Connection: Keep-Alive[\r][\n]"
88766 [TestNG-PoolService-6] DEBUG org.apache.http.wire  -  >> "User-Agent: Apache-HttpClient/4.5.3 (Java/1.8.0_201)[\r][\n]"
88766 [TestNG-PoolService-6] DEBUG org.apache.http.wire  -  >> "Accept-Encoding: gzip,deflate[\r][\n]"
88766 [TestNG-PoolService-6] DEBUG org.apache.http.wire  -  >> "[\r][\n]"
88766 [TestNG-PoolService-6] DEBUG org.apache.http.headers  - >> GET /data/2.5/weather?q=Pondicherry&appid=7fe67bf08c80ded756e598d6f8fedaea HTTP/1.1
88766 [TestNG-PoolService-6] DEBUG org.apache.http.headers  - >> Accept: */*
88766 [TestNG-PoolService-6] DEBUG org.apache.http.headers  - >> Host: api.openweathermap.org
88766 [TestNG-PoolService-6] DEBUG org.apache.http.headers  - >> Connection: Keep-Alive
88766 [TestNG-PoolService-6] DEBUG org.apache.http.headers  - >> User-Agent: Apache-HttpClient/4.5.3 (Java/1.8.0_201)
88766 [TestNG-PoolService-6] DEBUG org.apache.http.headers  - >> Accept-Encoding: gzip,deflate
88829 [TestNG-PoolService-6] DEBUG org.apache.http.wire  -  << "HTTP/1.1 200 OK[\r][\n]"
88829 [TestNG-PoolService-6] DEBUG org.apache.http.wire  -  << "Server: openresty[\r][\n]"
88829 [TestNG-PoolService-6] DEBUG org.apache.http.wire  -  << "Date: Wed, 14 Oct 2020 23:48:13 GMT[\r][\n]"
88829 [TestNG-PoolService-6] DEBUG org.apache.http.wire  -  << "Content-Type: application/json; charset=utf-8[\r][\n]"
88829 [TestNG-PoolService-6] DEBUG org.apache.http.wire  -  << "Content-Length: 489[\r][\n]"
88829 [TestNG-PoolService-6] DEBUG org.apache.http.wire  -  << "Connection: keep-alive[\r][\n]"
88829 [TestNG-PoolService-6] DEBUG org.apache.http.wire  -  << "X-Cache-Key: /data/2.5/weather?q=pondicherry[\r][\n]"
88829 [TestNG-PoolService-6] DEBUG org.apache.http.wire  -  << "Access-Control-Allow-Origin: *[\r][\n]"
88829 [TestNG-PoolService-6] DEBUG org.apache.http.wire  -  << "Access-Control-Allow-Credentials: true[\r][\n]"
88829 [TestNG-PoolService-6] DEBUG org.apache.http.wire  -  << "Access-Control-Allow-Methods: GET, POST[\r][\n]"
88829 [TestNG-PoolService-6] DEBUG org.apache.http.wire  -  << "[\r][\n]"
88829 [TestNG-PoolService-6] DEBUG org.apache.http.impl.conn.DefaultClientConnection  - Receiving response: HTTP/1.1 200 OK
88829 [TestNG-PoolService-6] DEBUG org.apache.http.headers  - << HTTP/1.1 200 OK
88829 [TestNG-PoolService-6] DEBUG org.apache.http.headers  - << Server: openresty
88829 [TestNG-PoolService-6] DEBUG org.apache.http.headers  - << Date: Wed, 14 Oct 2020 23:48:13 GMT
88829 [TestNG-PoolService-6] DEBUG org.apache.http.headers  - << Content-Type: application/json; charset=utf-8
88829 [TestNG-PoolService-6] DEBUG org.apache.http.headers  - << Content-Length: 489
88829 [TestNG-PoolService-6] DEBUG org.apache.http.headers  - << Connection: keep-alive
88829 [TestNG-PoolService-6] DEBUG org.apache.http.headers  - << X-Cache-Key: /data/2.5/weather?q=pondicherry
88829 [TestNG-PoolService-6] DEBUG org.apache.http.headers  - << Access-Control-Allow-Origin: *
88829 [TestNG-PoolService-6] DEBUG org.apache.http.headers  - << Access-Control-Allow-Credentials: true
88829 [TestNG-PoolService-6] DEBUG org.apache.http.headers  - << Access-Control-Allow-Methods: GET, POST
88829 [TestNG-PoolService-6] DEBUG org.apache.http.impl.client.DefaultHttpClient  - Connection can be kept alive indefinitely
88829 [TestNG-PoolService-6] DEBUG io.restassured.internal.RequestSpecificationImpl$RestAssuredHttpBuilder  - Parsing response as: application/json; charset=utf-8
88829 [TestNG-PoolService-6] DEBUG io.restassured.internal.RequestSpecificationImpl$RestAssuredHttpBuilder  - Parsed data to instance of: class org.apache.http.conn.EofSensorInputStream
io.restassured.internal.RestAssuredResponseImpl@6b2ca00b
88830 [TestNG-PoolService-6] DEBUG org.apache.http.wire  -  << "{"coord":{"lon":79.83,"lat":11.93},"weather":[{"id":803,"main":"Clouds","description":"broken clouds","icon":"04n"}],"base":"stations","main":{"temp":298.32,"feels_like":298.61,"temp_min":298.32,"temp_max":298.32,"pressure":1004,"humidity":72,"sea_level":1004,"grnd_level":1003},"visibility":10000,"wind":{"speed":4.7,"deg":221},"clouds":{"all":78},"dt":1602719287,"sys":{"country":"IN","sunrise":1602721809,"sunset":1602764542},"timezone":19800,"id":1259425,"name":"Puducherry","cod":200}"
88830 [TestNG-PoolService-6] DEBUG org.apache.http.impl.conn.BasicClientConnectionManager  - Releasing connection org.apache.http.impl.conn.ManagedClientConnectionImpl@3be2a2c8
88830 [TestNG-PoolService-6] DEBUG org.apache.http.impl.conn.BasicClientConnectionManager  - Connection can be kept alive indefinitely
{"coord":{"lon":79.83,"lat":11.93},"weather":[{"id":803,"main":"Clouds","description":"broken clouds","icon":"04n"}],"base":"stations","main":{"temp":298.32,"feels_like":298.61,"temp_min":298.32,"temp_max":298.32,"pressure":1004,"humidity":72,"sea_level":1004,"grnd_level":1003},"visibility":10000,"wind":{"speed":4.7,"deg":221},"clouds":{"all":78},"dt":1602719287,"sys":{"country":"IN","sunrise":1602721809,"sunset":1602764542},"timezone":19800,"id":1259425,"name":"Puducherry","cod":200}
298.32
Celsius: 25.170013
88830 [TestNG-PoolService-6] INFO org.apache.log4j.Logger  - Temperature from API is 25.170013 for City Pondicherry
88830 [TestNG-PoolService-6] INFO org.apache.log4j.Logger  - PASS: Difference between the API 25.170013 and UI 34.0 temp: 8.829987 for City Pondicherry is less than variance set: 10
89298 [Finalizer] DEBUG org.apache.http.impl.conn.DefaultClientConnection  - Connection 0.0.0.0:55571<->178.128.122.9:80 closed
89298 [Finalizer] DEBUG org.apache.http.impl.conn.DefaultClientConnection  - Connection 0.0.0.0:55570<->178.128.122.9:80 closed
]]></system-out>
  </testcase>
  <testcase name="getTemp[com.temp.test.City@6360f5d2](66)" classname="com.temp.test.TestsWeather" time="0.081">
    <system-out><![CDATA[89304 [TestNG-PoolService-8] INFO org.apache.log4j.Logger  - Select the city on the pin menu
89379 [TestNG-PoolService-1] INFO org.apache.log4j.Logger  - Temperature on UI is 23.0 for City Pune
89379 [TestNG-PoolService-1] INFO org.apache.log4j.Logger  - Get Temp using API
89384 [TestNG-PoolService-1] DEBUG org.apache.http.impl.conn.BasicClientConnectionManager  - Get connection for route {}->http://api.openweathermap.org:80
89384 [TestNG-PoolService-1] DEBUG org.apache.http.impl.conn.DefaultClientConnectionOperator  - Connecting to api.openweathermap.org:80
89441 [TestNG-PoolService-1] DEBUG org.apache.http.client.protocol.RequestAddCookies  - CookieSpec selected: ignoreCookies
89441 [TestNG-PoolService-1] DEBUG org.apache.http.client.protocol.RequestAuthCache  - Auth cache not set in the context
89441 [TestNG-PoolService-1] DEBUG org.apache.http.client.protocol.RequestTargetAuthentication  - Target auth state: UNCHALLENGED
89441 [TestNG-PoolService-1] DEBUG org.apache.http.client.protocol.RequestProxyAuthentication  - Proxy auth state: UNCHALLENGED
89441 [TestNG-PoolService-1] DEBUG org.apache.http.impl.client.DefaultHttpClient  - Attempt 1 to execute request
89441 [TestNG-PoolService-1] DEBUG org.apache.http.impl.conn.DefaultClientConnection  - Sending request: GET /data/2.5/weather?q=Pune&appid=7fe67bf08c80ded756e598d6f8fedaea HTTP/1.1
89441 [TestNG-PoolService-1] DEBUG org.apache.http.wire  -  >> "GET /data/2.5/weather?q=Pune&appid=7fe67bf08c80ded756e598d6f8fedaea HTTP/1.1[\r][\n]"
89441 [TestNG-PoolService-1] DEBUG org.apache.http.wire  -  >> "Accept: */*[\r][\n]"
89441 [TestNG-PoolService-1] DEBUG org.apache.http.wire  -  >> "Host: api.openweathermap.org[\r][\n]"
89441 [TestNG-PoolService-1] DEBUG org.apache.http.wire  -  >> "Connection: Keep-Alive[\r][\n]"
89441 [TestNG-PoolService-1] DEBUG org.apache.http.wire  -  >> "User-Agent: Apache-HttpClient/4.5.3 (Java/1.8.0_201)[\r][\n]"
89441 [TestNG-PoolService-1] DEBUG org.apache.http.wire  -  >> "Accept-Encoding: gzip,deflate[\r][\n]"
89441 [TestNG-PoolService-1] DEBUG org.apache.http.wire  -  >> "[\r][\n]"
89441 [TestNG-PoolService-1] DEBUG org.apache.http.headers  - >> GET /data/2.5/weather?q=Pune&appid=7fe67bf08c80ded756e598d6f8fedaea HTTP/1.1
89442 [TestNG-PoolService-1] DEBUG org.apache.http.headers  - >> Accept: */*
89442 [TestNG-PoolService-1] DEBUG org.apache.http.headers  - >> Host: api.openweathermap.org
89442 [TestNG-PoolService-1] DEBUG org.apache.http.headers  - >> Connection: Keep-Alive
89442 [TestNG-PoolService-1] DEBUG org.apache.http.headers  - >> User-Agent: Apache-HttpClient/4.5.3 (Java/1.8.0_201)
89442 [TestNG-PoolService-1] DEBUG org.apache.http.headers  - >> Accept-Encoding: gzip,deflate
]]></system-out>
  </testcase>
  <testcase name="getTemp[com.temp.test.City@45c950ed](67)" classname="com.temp.test.TestsWeather" time="1.328">
    <system-out><![CDATA[89466 [TestNG-PoolService-6] INFO org.apache.log4j.Logger  - Select the city on the pin menu
89520 [TestNG-PoolService-1] DEBUG org.apache.http.wire  -  << "HTTP/1.1 200 OK[\r][\n]"
89521 [TestNG-PoolService-1] DEBUG org.apache.http.wire  -  << "Server: openresty[\r][\n]"
89521 [TestNG-PoolService-1] DEBUG org.apache.http.wire  -  << "Date: Wed, 14 Oct 2020 23:48:13 GMT[\r][\n]"
89521 [TestNG-PoolService-1] DEBUG org.apache.http.wire  -  << "Content-Type: application/json; charset=utf-8[\r][\n]"
89521 [TestNG-PoolService-1] DEBUG org.apache.http.wire  -  << "Content-Length: 485[\r][\n]"
89521 [TestNG-PoolService-1] DEBUG org.apache.http.wire  -  << "Connection: keep-alive[\r][\n]"
89521 [TestNG-PoolService-1] DEBUG org.apache.http.wire  -  << "X-Cache-Key: /data/2.5/weather?q=pune[\r][\n]"
89521 [TestNG-PoolService-1] DEBUG org.apache.http.wire  -  << "Access-Control-Allow-Origin: *[\r][\n]"
89521 [TestNG-PoolService-1] DEBUG org.apache.http.wire  -  << "Access-Control-Allow-Credentials: true[\r][\n]"
89521 [TestNG-PoolService-1] DEBUG org.apache.http.wire  -  << "Access-Control-Allow-Methods: GET, POST[\r][\n]"
89521 [TestNG-PoolService-1] DEBUG org.apache.http.wire  -  << "[\r][\n]"
89521 [TestNG-PoolService-1] DEBUG org.apache.http.impl.conn.DefaultClientConnection  - Receiving response: HTTP/1.1 200 OK
89521 [TestNG-PoolService-1] DEBUG org.apache.http.headers  - << HTTP/1.1 200 OK
89521 [TestNG-PoolService-1] DEBUG org.apache.http.headers  - << Server: openresty
89521 [TestNG-PoolService-1] DEBUG org.apache.http.headers  - << Date: Wed, 14 Oct 2020 23:48:13 GMT
89521 [TestNG-PoolService-1] DEBUG org.apache.http.headers  - << Content-Type: application/json; charset=utf-8
89521 [TestNG-PoolService-1] DEBUG org.apache.http.headers  - << Content-Length: 485
89521 [TestNG-PoolService-1] DEBUG org.apache.http.headers  - << Connection: keep-alive
89521 [TestNG-PoolService-1] DEBUG org.apache.http.headers  - << X-Cache-Key: /data/2.5/weather?q=pune
89521 [TestNG-PoolService-1] DEBUG org.apache.http.headers  - << Access-Control-Allow-Origin: *
89521 [TestNG-PoolService-1] DEBUG org.apache.http.headers  - << Access-Control-Allow-Credentials: true
89521 [TestNG-PoolService-1] DEBUG org.apache.http.headers  - << Access-Control-Allow-Methods: GET, POST
89521 [TestNG-PoolService-1] DEBUG org.apache.http.impl.client.DefaultHttpClient  - Connection can be kept alive indefinitely
89521 [TestNG-PoolService-1] DEBUG io.restassured.internal.RequestSpecificationImpl$RestAssuredHttpBuilder  - Parsing response as: application/json; charset=utf-8
89521 [TestNG-PoolService-1] DEBUG io.restassured.internal.RequestSpecificationImpl$RestAssuredHttpBuilder  - Parsed data to instance of: class org.apache.http.conn.EofSensorInputStream
io.restassured.internal.RestAssuredResponseImpl@2efa710f
89521 [TestNG-PoolService-1] DEBUG org.apache.http.wire  -  << "{"coord":{"lon":73.86,"lat":18.52},"weather":[{"id":804,"main":"Clouds","description":"overcast clouds","icon":"04n"}],"base":"stations","main":{"temp":295.83,"feels_like":296.97,"temp_min":295.83,"temp_max":295.83,"pressure":1002,"humidity":91,"sea_level":1002,"grnd_level":940},"visibility":10000,"wind":{"speed":4.44,"deg":34},"clouds":{"all":100},"dt":1602719293,"sys":{"country":"IN","sunrise":1602723493,"sunset":1602765723},"timezone":19800,"id":1259229,"name":"Pune","cod":200}"
89521 [TestNG-PoolService-1] DEBUG org.apache.http.impl.conn.BasicClientConnectionManager  - Releasing connection org.apache.http.impl.conn.ManagedClientConnectionImpl@1d80902b
89521 [TestNG-PoolService-1] DEBUG org.apache.http.impl.conn.BasicClientConnectionManager  - Connection can be kept alive indefinitely
{"coord":{"lon":73.86,"lat":18.52},"weather":[{"id":804,"main":"Clouds","description":"overcast clouds","icon":"04n"}],"base":"stations","main":{"temp":295.83,"feels_like":296.97,"temp_min":295.83,"temp_max":295.83,"pressure":1002,"humidity":91,"sea_level":1002,"grnd_level":940},"visibility":10000,"wind":{"speed":4.44,"deg":34},"clouds":{"all":100},"dt":1602719293,"sys":{"country":"IN","sunrise":1602723493,"sunset":1602765723},"timezone":19800,"id":1259229,"name":"Pune","cod":200}
295.83
Celsius: 22.679993
89522 [TestNG-PoolService-1] INFO org.apache.log4j.Logger  - Temperature from API is 22.679993 for City Pune
89522 [TestNG-PoolService-1] INFO org.apache.log4j.Logger  - PASS: Difference between the API 22.679993 and UI 23.0 temp: 0.32000732 for City Pune is less than variance set: 10
90152 [TestNG-PoolService-3] INFO org.apache.log4j.Logger  - Temperature on UI is 37.0 for City Rajkot
90152 [TestNG-PoolService-3] INFO org.apache.log4j.Logger  - Get Temp using API
90155 [TestNG-PoolService-3] DEBUG org.apache.http.impl.conn.BasicClientConnectionManager  - Get connection for route {}->http://api.openweathermap.org:80
90155 [TestNG-PoolService-3] DEBUG org.apache.http.impl.conn.DefaultClientConnectionOperator  - Connecting to api.openweathermap.org:80
90215 [TestNG-PoolService-3] DEBUG org.apache.http.client.protocol.RequestAddCookies  - CookieSpec selected: ignoreCookies
90215 [TestNG-PoolService-3] DEBUG org.apache.http.client.protocol.RequestAuthCache  - Auth cache not set in the context
90215 [TestNG-PoolService-3] DEBUG org.apache.http.client.protocol.RequestTargetAuthentication  - Target auth state: UNCHALLENGED
90215 [TestNG-PoolService-3] DEBUG org.apache.http.client.protocol.RequestProxyAuthentication  - Proxy auth state: UNCHALLENGED
90215 [TestNG-PoolService-3] DEBUG org.apache.http.impl.client.DefaultHttpClient  - Attempt 1 to execute request
90215 [TestNG-PoolService-3] DEBUG org.apache.http.impl.conn.DefaultClientConnection  - Sending request: GET /data/2.5/weather?q=Rajkot&appid=7fe67bf08c80ded756e598d6f8fedaea HTTP/1.1
90215 [TestNG-PoolService-3] DEBUG org.apache.http.wire  -  >> "GET /data/2.5/weather?q=Rajkot&appid=7fe67bf08c80ded756e598d6f8fedaea HTTP/1.1[\r][\n]"
90215 [TestNG-PoolService-3] DEBUG org.apache.http.wire  -  >> "Accept: */*[\r][\n]"
90215 [TestNG-PoolService-3] DEBUG org.apache.http.wire  -  >> "Host: api.openweathermap.org[\r][\n]"
90215 [TestNG-PoolService-3] DEBUG org.apache.http.wire  -  >> "Connection: Keep-Alive[\r][\n]"
90215 [TestNG-PoolService-3] DEBUG org.apache.http.wire  -  >> "User-Agent: Apache-HttpClient/4.5.3 (Java/1.8.0_201)[\r][\n]"
90215 [TestNG-PoolService-3] DEBUG org.apache.http.wire  -  >> "Accept-Encoding: gzip,deflate[\r][\n]"
90215 [TestNG-PoolService-3] DEBUG org.apache.http.wire  -  >> "[\r][\n]"
90215 [TestNG-PoolService-3] DEBUG org.apache.http.headers  - >> GET /data/2.5/weather?q=Rajkot&appid=7fe67bf08c80ded756e598d6f8fedaea HTTP/1.1
90215 [TestNG-PoolService-3] DEBUG org.apache.http.headers  - >> Accept: */*
90215 [TestNG-PoolService-3] DEBUG org.apache.http.headers  - >> Host: api.openweathermap.org
90215 [TestNG-PoolService-3] DEBUG org.apache.http.headers  - >> Connection: Keep-Alive
90215 [TestNG-PoolService-3] DEBUG org.apache.http.headers  - >> User-Agent: Apache-HttpClient/4.5.3 (Java/1.8.0_201)
90215 [TestNG-PoolService-3] DEBUG org.apache.http.headers  - >> Accept-Encoding: gzip,deflate
90307 [TestNG-PoolService-3] DEBUG org.apache.http.wire  -  << "HTTP/1.1 200 OK[\r][\n]"
90307 [TestNG-PoolService-3] DEBUG org.apache.http.wire  -  << "Server: openresty[\r][\n]"
90307 [TestNG-PoolService-3] DEBUG org.apache.http.wire  -  << "Date: Wed, 14 Oct 2020 23:48:14 GMT[\r][\n]"
90307 [TestNG-PoolService-3] DEBUG org.apache.http.wire  -  << "Content-Type: application/json; charset=utf-8[\r][\n]"
90307 [TestNG-PoolService-3] DEBUG org.apache.http.wire  -  << "Content-Length: 484[\r][\n]"
90307 [TestNG-PoolService-3] DEBUG org.apache.http.wire  -  << "Connection: keep-alive[\r][\n]"
90308 [TestNG-PoolService-3] DEBUG org.apache.http.wire  -  << "X-Cache-Key: /data/2.5/weather?q=rajkot[\r][\n]"
90308 [TestNG-PoolService-3] DEBUG org.apache.http.wire  -  << "Access-Control-Allow-Origin: *[\r][\n]"
90308 [TestNG-PoolService-3] DEBUG org.apache.http.wire  -  << "Access-Control-Allow-Credentials: true[\r][\n]"
90308 [TestNG-PoolService-3] DEBUG org.apache.http.wire  -  << "Access-Control-Allow-Methods: GET, POST[\r][\n]"
90308 [TestNG-PoolService-3] DEBUG org.apache.http.wire  -  << "[\r][\n]"
90308 [TestNG-PoolService-3] DEBUG org.apache.http.impl.conn.DefaultClientConnection  - Receiving response: HTTP/1.1 200 OK
90308 [TestNG-PoolService-3] DEBUG org.apache.http.headers  - << HTTP/1.1 200 OK
90308 [TestNG-PoolService-3] DEBUG org.apache.http.headers  - << Server: openresty
90308 [TestNG-PoolService-3] DEBUG org.apache.http.headers  - << Date: Wed, 14 Oct 2020 23:48:14 GMT
90308 [TestNG-PoolService-3] DEBUG org.apache.http.headers  - << Content-Type: application/json; charset=utf-8
90308 [TestNG-PoolService-3] DEBUG org.apache.http.headers  - << Content-Length: 484
90308 [TestNG-PoolService-3] DEBUG org.apache.http.headers  - << Connection: keep-alive
90308 [TestNG-PoolService-3] DEBUG org.apache.http.headers  - << X-Cache-Key: /data/2.5/weather?q=rajkot
90308 [TestNG-PoolService-3] DEBUG org.apache.http.headers  - << Access-Control-Allow-Origin: *
90308 [TestNG-PoolService-3] DEBUG org.apache.http.headers  - << Access-Control-Allow-Credentials: true
90308 [TestNG-PoolService-3] DEBUG org.apache.http.headers  - << Access-Control-Allow-Methods: GET, POST
90308 [TestNG-PoolService-3] DEBUG org.apache.http.impl.client.DefaultHttpClient  - Connection can be kept alive indefinitely
90308 [TestNG-PoolService-3] DEBUG io.restassured.internal.RequestSpecificationImpl$RestAssuredHttpBuilder  - Parsing response as: application/json; charset=utf-8
90308 [TestNG-PoolService-3] DEBUG io.restassured.internal.RequestSpecificationImpl$RestAssuredHttpBuilder  - Parsed data to instance of: class org.apache.http.conn.EofSensorInputStream
io.restassured.internal.RestAssuredResponseImpl@1d978432
90309 [TestNG-PoolService-3] DEBUG org.apache.http.wire  -  << "{"coord":{"lon":70.78,"lat":22.3},"weather":[{"id":804,"main":"Clouds","description":"overcast clouds","icon":"04n"}],"base":"stations","main":{"temp":301.43,"feels_like":298.65,"temp_min":301.43,"temp_max":301.43,"pressure":1003,"humidity":34,"sea_level":1003,"grnd_level":987},"visibility":10000,"wind":{"speed":4.4,"deg":6},"clouds":{"all":100},"dt":1602719294,"sys":{"country":"IN","sunrise":1602724383,"sunset":1602766311},"timezone":19800,"id":1258847,"name":"Rajkot","cod":200}"
90310 [TestNG-PoolService-3] DEBUG org.apache.http.impl.conn.BasicClientConnectionManager  - Releasing connection org.apache.http.impl.conn.ManagedClientConnectionImpl@769d1844
90310 [TestNG-PoolService-3] DEBUG org.apache.http.impl.conn.BasicClientConnectionManager  - Connection can be kept alive indefinitely
{"coord":{"lon":70.78,"lat":22.3},"weather":[{"id":804,"main":"Clouds","description":"overcast clouds","icon":"04n"}],"base":"stations","main":{"temp":301.43,"feels_like":298.65,"temp_min":301.43,"temp_max":301.43,"pressure":1003,"humidity":34,"sea_level":1003,"grnd_level":987},"visibility":10000,"wind":{"speed":4.4,"deg":6},"clouds":{"all":100},"dt":1602719294,"sys":{"country":"IN","sunrise":1602724383,"sunset":1602766311},"timezone":19800,"id":1258847,"name":"Rajkot","cod":200}
301.43
Celsius: 28.279999
90311 [TestNG-PoolService-3] INFO org.apache.log4j.Logger  - Temperature from API is 28.279999 for City Rajkot
90311 [TestNG-PoolService-3] INFO org.apache.log4j.Logger  - PASS: Difference between the API 28.279999 and UI 37.0 temp: 8.720001 for City Rajkot is less than variance set: 10
90711 [Finalizer] DEBUG org.apache.http.impl.conn.DefaultClientConnection  - Connection 0.0.0.0:55574<->178.128.122.9:80 closed
90711 [Finalizer] DEBUG org.apache.http.impl.conn.DefaultClientConnection  - Connection 0.0.0.0:55572<->178.128.122.9:80 closed
]]></system-out>
  </testcase>
  <testcase name="getTemp[com.temp.test.City@f4deffa](68)" classname="com.temp.test.TestsWeather" time="0.003">
    <system-out><![CDATA[90800 [TestNG-PoolService-1] INFO org.apache.log4j.Logger  - Select the city on the pin menu
]]></system-out>
  </testcase>
  <testcase name="getTemp[com.temp.test.City@7e005f1e](69)" classname="com.temp.test.TestsWeather" time="1.815">
    <failure type="java.util.ConcurrentModificationException"><![CDATA[java.util.ConcurrentModificationException
	at com.temp.test.TestsWeather.getTemp(TestsWeather.java:220)
]]></failure>
    <system-out><![CDATA[90821 [TestNG-PoolService-3] INFO org.apache.log4j.Logger  - Select the city on the pin menu
92124 [TestNG-PoolService-7] INFO org.apache.log4j.Logger  - Temperature on UI is 32.0 for City Ratlam
92124 [TestNG-PoolService-7] INFO org.apache.log4j.Logger  - Get Temp using API
92124 [TestNG-PoolService-5] INFO org.apache.log4j.Logger  - Temperature on UI is 29.0 for City Raipur
92124 [TestNG-PoolService-5] INFO org.apache.log4j.Logger  - Get Temp using API
92125 [TestNG-PoolService-0] INFO org.apache.log4j.Logger  - Temperature on UI is 29.0 for City Ranchi
92125 [TestNG-PoolService-0] INFO org.apache.log4j.Logger  - Get Temp using API
92130 [TestNG-PoolService-5] DEBUG org.apache.http.impl.conn.BasicClientConnectionManager  - Get connection for route {}->http://api.openweathermap.org:80
92130 [TestNG-PoolService-7] DEBUG org.apache.http.impl.conn.BasicClientConnectionManager  - Get connection for route {}->http://api.openweathermap.org:80
92130 [TestNG-PoolService-0] DEBUG org.apache.http.impl.conn.BasicClientConnectionManager  - Get connection for route {}->http://api.openweathermap.org:80
92130 [TestNG-PoolService-5] DEBUG org.apache.http.impl.conn.DefaultClientConnectionOperator  - Connecting to api.openweathermap.org:80
92130 [TestNG-PoolService-7] DEBUG org.apache.http.impl.conn.DefaultClientConnectionOperator  - Connecting to api.openweathermap.org:80
92130 [TestNG-PoolService-0] DEBUG org.apache.http.impl.conn.DefaultClientConnectionOperator  - Connecting to api.openweathermap.org:80
92190 [TestNG-PoolService-5] DEBUG org.apache.http.client.protocol.RequestAddCookies  - CookieSpec selected: ignoreCookies
92190 [TestNG-PoolService-5] DEBUG org.apache.http.client.protocol.RequestAuthCache  - Auth cache not set in the context
92190 [TestNG-PoolService-5] DEBUG org.apache.http.client.protocol.RequestTargetAuthentication  - Target auth state: UNCHALLENGED
92190 [TestNG-PoolService-5] DEBUG org.apache.http.client.protocol.RequestProxyAuthentication  - Proxy auth state: UNCHALLENGED
92190 [TestNG-PoolService-5] DEBUG org.apache.http.impl.client.DefaultHttpClient  - Attempt 1 to execute request
92190 [TestNG-PoolService-5] DEBUG org.apache.http.impl.conn.DefaultClientConnection  - Sending request: GET /data/2.5/weather?q=Raipur&appid=7fe67bf08c80ded756e598d6f8fedaea HTTP/1.1
92190 [TestNG-PoolService-5] DEBUG org.apache.http.wire  -  >> "GET /data/2.5/weather?q=Raipur&appid=7fe67bf08c80ded756e598d6f8fedaea HTTP/1.1[\r][\n]"
92190 [TestNG-PoolService-5] DEBUG org.apache.http.wire  -  >> "Accept: */*[\r][\n]"
92190 [TestNG-PoolService-5] DEBUG org.apache.http.wire  -  >> "Host: api.openweathermap.org[\r][\n]"
92190 [TestNG-PoolService-5] DEBUG org.apache.http.wire  -  >> "Connection: Keep-Alive[\r][\n]"
92190 [TestNG-PoolService-5] DEBUG org.apache.http.wire  -  >> "User-Agent: Apache-HttpClient/4.5.3 (Java/1.8.0_201)[\r][\n]"
92190 [TestNG-PoolService-5] DEBUG org.apache.http.wire  -  >> "Accept-Encoding: gzip,deflate[\r][\n]"
92190 [TestNG-PoolService-5] DEBUG org.apache.http.wire  -  >> "[\r][\n]"
92190 [TestNG-PoolService-5] DEBUG org.apache.http.headers  - >> GET /data/2.5/weather?q=Raipur&appid=7fe67bf08c80ded756e598d6f8fedaea HTTP/1.1
92190 [TestNG-PoolService-5] DEBUG org.apache.http.headers  - >> Accept: */*
92190 [TestNG-PoolService-5] DEBUG org.apache.http.headers  - >> Host: api.openweathermap.org
92190 [TestNG-PoolService-5] DEBUG org.apache.http.headers  - >> Connection: Keep-Alive
92190 [TestNG-PoolService-5] DEBUG org.apache.http.headers  - >> User-Agent: Apache-HttpClient/4.5.3 (Java/1.8.0_201)
92190 [TestNG-PoolService-5] DEBUG org.apache.http.headers  - >> Accept-Encoding: gzip,deflate
92190 [TestNG-PoolService-7] DEBUG org.apache.http.client.protocol.RequestAddCookies  - CookieSpec selected: ignoreCookies
92190 [TestNG-PoolService-7] DEBUG org.apache.http.client.protocol.RequestAuthCache  - Auth cache not set in the context
92190 [TestNG-PoolService-7] DEBUG org.apache.http.client.protocol.RequestTargetAuthentication  - Target auth state: UNCHALLENGED
92190 [TestNG-PoolService-7] DEBUG org.apache.http.client.protocol.RequestProxyAuthentication  - Proxy auth state: UNCHALLENGED
92190 [TestNG-PoolService-7] DEBUG org.apache.http.impl.client.DefaultHttpClient  - Attempt 1 to execute request
92190 [TestNG-PoolService-7] DEBUG org.apache.http.impl.conn.DefaultClientConnection  - Sending request: GET /data/2.5/weather?q=Ratlam&appid=7fe67bf08c80ded756e598d6f8fedaea HTTP/1.1
92191 [TestNG-PoolService-7] DEBUG org.apache.http.wire  -  >> "GET /data/2.5/weather?q=Ratlam&appid=7fe67bf08c80ded756e598d6f8fedaea HTTP/1.1[\r][\n]"
92191 [TestNG-PoolService-7] DEBUG org.apache.http.wire  -  >> "Accept: */*[\r][\n]"
92191 [TestNG-PoolService-7] DEBUG org.apache.http.wire  -  >> "Host: api.openweathermap.org[\r][\n]"
92191 [TestNG-PoolService-7] DEBUG org.apache.http.wire  -  >> "Connection: Keep-Alive[\r][\n]"
92191 [TestNG-PoolService-7] DEBUG org.apache.http.wire  -  >> "User-Agent: Apache-HttpClient/4.5.3 (Java/1.8.0_201)[\r][\n]"
92191 [TestNG-PoolService-7] DEBUG org.apache.http.wire  -  >> "Accept-Encoding: gzip,deflate[\r][\n]"
92191 [TestNG-PoolService-7] DEBUG org.apache.http.wire  -  >> "[\r][\n]"
92191 [TestNG-PoolService-7] DEBUG org.apache.http.headers  - >> GET /data/2.5/weather?q=Ratlam&appid=7fe67bf08c80ded756e598d6f8fedaea HTTP/1.1
92191 [TestNG-PoolService-7] DEBUG org.apache.http.headers  - >> Accept: */*
92191 [TestNG-PoolService-7] DEBUG org.apache.http.headers  - >> Host: api.openweathermap.org
92191 [TestNG-PoolService-7] DEBUG org.apache.http.headers  - >> Connection: Keep-Alive
92191 [TestNG-PoolService-7] DEBUG org.apache.http.headers  - >> User-Agent: Apache-HttpClient/4.5.3 (Java/1.8.0_201)
92191 [TestNG-PoolService-7] DEBUG org.apache.http.headers  - >> Accept-Encoding: gzip,deflate
92193 [TestNG-PoolService-0] DEBUG org.apache.http.client.protocol.RequestAddCookies  - CookieSpec selected: ignoreCookies
92193 [TestNG-PoolService-0] DEBUG org.apache.http.client.protocol.RequestAuthCache  - Auth cache not set in the context
92193 [TestNG-PoolService-0] DEBUG org.apache.http.client.protocol.RequestTargetAuthentication  - Target auth state: UNCHALLENGED
92193 [TestNG-PoolService-0] DEBUG org.apache.http.client.protocol.RequestProxyAuthentication  - Proxy auth state: UNCHALLENGED
92193 [TestNG-PoolService-0] DEBUG org.apache.http.impl.client.DefaultHttpClient  - Attempt 1 to execute request
92193 [TestNG-PoolService-0] DEBUG org.apache.http.impl.conn.DefaultClientConnection  - Sending request: GET /data/2.5/weather?q=Ranchi&appid=7fe67bf08c80ded756e598d6f8fedaea HTTP/1.1
92193 [TestNG-PoolService-0] DEBUG org.apache.http.wire  -  >> "GET /data/2.5/weather?q=Ranchi&appid=7fe67bf08c80ded756e598d6f8fedaea HTTP/1.1[\r][\n]"
92193 [TestNG-PoolService-0] DEBUG org.apache.http.wire  -  >> "Accept: */*[\r][\n]"
92193 [TestNG-PoolService-0] DEBUG org.apache.http.wire  -  >> "Host: api.openweathermap.org[\r][\n]"
92193 [TestNG-PoolService-0] DEBUG org.apache.http.wire  -  >> "Connection: Keep-Alive[\r][\n]"
92194 [TestNG-PoolService-0] DEBUG org.apache.http.wire  -  >> "User-Agent: Apache-HttpClient/4.5.3 (Java/1.8.0_201)[\r][\n]"
92194 [TestNG-PoolService-0] DEBUG org.apache.http.wire  -  >> "Accept-Encoding: gzip,deflate[\r][\n]"
92194 [TestNG-PoolService-0] DEBUG org.apache.http.wire  -  >> "[\r][\n]"
92194 [TestNG-PoolService-0] DEBUG org.apache.http.headers  - >> GET /data/2.5/weather?q=Ranchi&appid=7fe67bf08c80ded756e598d6f8fedaea HTTP/1.1
92194 [TestNG-PoolService-0] DEBUG org.apache.http.headers  - >> Accept: */*
92194 [TestNG-PoolService-0] DEBUG org.apache.http.headers  - >> Host: api.openweathermap.org
92194 [TestNG-PoolService-0] DEBUG org.apache.http.headers  - >> Connection: Keep-Alive
92194 [TestNG-PoolService-0] DEBUG org.apache.http.headers  - >> User-Agent: Apache-HttpClient/4.5.3 (Java/1.8.0_201)
92194 [TestNG-PoolService-0] DEBUG org.apache.http.headers  - >> Accept-Encoding: gzip,deflate
92254 [TestNG-PoolService-5] DEBUG org.apache.http.wire  -  << "HTTP/1.1 200 OK[\r][\n]"
92254 [TestNG-PoolService-5] DEBUG org.apache.http.wire  -  << "Server: openresty[\r][\n]"
92254 [TestNG-PoolService-7] DEBUG org.apache.http.wire  -  << "HTTP/1.1 200 OK[\r][\n]"
92254 [TestNG-PoolService-5] DEBUG org.apache.http.wire  -  << "Date: Wed, 14 Oct 2020 23:48:16 GMT[\r][\n]"
92254 [TestNG-PoolService-5] DEBUG org.apache.http.wire  -  << "Content-Type: application/json; charset=utf-8[\r][\n]"
92254 [TestNG-PoolService-7] DEBUG org.apache.http.wire  -  << "Server: openresty[\r][\n]"
92254 [TestNG-PoolService-5] DEBUG org.apache.http.wire  -  << "Content-Length: 477[\r][\n]"
92254 [TestNG-PoolService-7] DEBUG org.apache.http.wire  -  << "Date: Wed, 14 Oct 2020 23:48:16 GMT[\r][\n]"
92254 [TestNG-PoolService-5] DEBUG org.apache.http.wire  -  << "Connection: keep-alive[\r][\n]"
92254 [TestNG-PoolService-7] DEBUG org.apache.http.wire  -  << "Content-Type: application/json; charset=utf-8[\r][\n]"
92254 [TestNG-PoolService-5] DEBUG org.apache.http.wire  -  << "X-Cache-Key: /data/2.5/weather?q=raipur[\r][\n]"
92254 [TestNG-PoolService-7] DEBUG org.apache.http.wire  -  << "Content-Length: 488[\r][\n]"
92254 [TestNG-PoolService-5] DEBUG org.apache.http.wire  -  << "Access-Control-Allow-Origin: *[\r][\n]"
92255 [TestNG-PoolService-7] DEBUG org.apache.http.wire  -  << "Connection: keep-alive[\r][\n]"
92255 [TestNG-PoolService-5] DEBUG org.apache.http.wire  -  << "Access-Control-Allow-Credentials: true[\r][\n]"
92255 [TestNG-PoolService-7] DEBUG org.apache.http.wire  -  << "X-Cache-Key: /data/2.5/weather?q=ratlam[\r][\n]"
92255 [TestNG-PoolService-5] DEBUG org.apache.http.wire  -  << "Access-Control-Allow-Methods: GET, POST[\r][\n]"
92255 [TestNG-PoolService-7] DEBUG org.apache.http.wire  -  << "Access-Control-Allow-Origin: *[\r][\n]"
92255 [TestNG-PoolService-5] DEBUG org.apache.http.wire  -  << "[\r][\n]"
92255 [TestNG-PoolService-7] DEBUG org.apache.http.wire  -  << "Access-Control-Allow-Credentials: true[\r][\n]"
92255 [TestNG-PoolService-7] DEBUG org.apache.http.wire  -  << "Access-Control-Allow-Methods: GET, POST[\r][\n]"
92255 [TestNG-PoolService-7] DEBUG org.apache.http.wire  -  << "[\r][\n]"
92255 [TestNG-PoolService-5] DEBUG org.apache.http.impl.conn.DefaultClientConnection  - Receiving response: HTTP/1.1 200 OK
92255 [TestNG-PoolService-7] DEBUG org.apache.http.impl.conn.DefaultClientConnection  - Receiving response: HTTP/1.1 200 OK
92255 [TestNG-PoolService-5] DEBUG org.apache.http.headers  - << HTTP/1.1 200 OK
92255 [TestNG-PoolService-7] DEBUG org.apache.http.headers  - << HTTP/1.1 200 OK
92255 [TestNG-PoolService-5] DEBUG org.apache.http.headers  - << Server: openresty
92255 [TestNG-PoolService-7] DEBUG org.apache.http.headers  - << Server: openresty
92255 [TestNG-PoolService-5] DEBUG org.apache.http.headers  - << Date: Wed, 14 Oct 2020 23:48:16 GMT
92255 [TestNG-PoolService-7] DEBUG org.apache.http.headers  - << Date: Wed, 14 Oct 2020 23:48:16 GMT
92255 [TestNG-PoolService-5] DEBUG org.apache.http.headers  - << Content-Type: application/json; charset=utf-8
92255 [TestNG-PoolService-7] DEBUG org.apache.http.headers  - << Content-Type: application/json; charset=utf-8
92255 [TestNG-PoolService-5] DEBUG org.apache.http.headers  - << Content-Length: 477
92255 [TestNG-PoolService-7] DEBUG org.apache.http.headers  - << Content-Length: 488
92255 [TestNG-PoolService-5] DEBUG org.apache.http.headers  - << Connection: keep-alive
92255 [TestNG-PoolService-7] DEBUG org.apache.http.headers  - << Connection: keep-alive
92255 [TestNG-PoolService-5] DEBUG org.apache.http.headers  - << X-Cache-Key: /data/2.5/weather?q=raipur
92255 [TestNG-PoolService-7] DEBUG org.apache.http.headers  - << X-Cache-Key: /data/2.5/weather?q=ratlam
92255 [TestNG-PoolService-5] DEBUG org.apache.http.headers  - << Access-Control-Allow-Origin: *
92255 [TestNG-PoolService-7] DEBUG org.apache.http.headers  - << Access-Control-Allow-Origin: *
92255 [TestNG-PoolService-5] DEBUG org.apache.http.headers  - << Access-Control-Allow-Credentials: true
92255 [TestNG-PoolService-7] DEBUG org.apache.http.headers  - << Access-Control-Allow-Credentials: true
92255 [TestNG-PoolService-5] DEBUG org.apache.http.headers  - << Access-Control-Allow-Methods: GET, POST
92255 [TestNG-PoolService-7] DEBUG org.apache.http.headers  - << Access-Control-Allow-Methods: GET, POST
92256 [TestNG-PoolService-5] DEBUG org.apache.http.impl.client.DefaultHttpClient  - Connection can be kept alive indefinitely
92256 [TestNG-PoolService-7] DEBUG org.apache.http.impl.client.DefaultHttpClient  - Connection can be kept alive indefinitely
92256 [TestNG-PoolService-7] DEBUG io.restassured.internal.RequestSpecificationImpl$RestAssuredHttpBuilder  - Parsing response as: application/json; charset=utf-8
92256 [TestNG-PoolService-5] DEBUG io.restassured.internal.RequestSpecificationImpl$RestAssuredHttpBuilder  - Parsing response as: application/json; charset=utf-8
92256 [TestNG-PoolService-7] DEBUG io.restassured.internal.RequestSpecificationImpl$RestAssuredHttpBuilder  - Parsed data to instance of: class org.apache.http.conn.EofSensorInputStream
92257 [TestNG-PoolService-5] DEBUG io.restassured.internal.RequestSpecificationImpl$RestAssuredHttpBuilder  - Parsed data to instance of: class org.apache.http.conn.EofSensorInputStream
io.restassured.internal.RestAssuredResponseImpl@5142c0d8
io.restassured.internal.RestAssuredResponseImpl@646cb9d1
92258 [TestNG-PoolService-7] DEBUG org.apache.http.wire  -  << "{"coord":{"lon":75.07,"lat":23.32},"weather":[{"id":804,"main":"Clouds","description":"overcast clouds","icon":"04n"}],"base":"stations","main":{"temp":297.05,"feels_like":298.21,"temp_min":297.05,"temp_max":297.05,"pressure":1005,"humidity":79,"sea_level":1005,"grnd_level":950},"visibility":10000,"wind":{"speed":3.64,"deg":69},"clouds":{"all":100},"dt":1602719078,"sys":{"country":"IN","sunrise":1602723396,"sunset":1602765240},"timezone":19800,"id":1258342,"name":"Ratl[0xc4][0x81]m","cod":200}"
92258 [TestNG-PoolService-5] DEBUG org.apache.http.wire  -  << "{"coord":{"lon":81.63,"lat":21.23},"weather":[{"id":804,"main":"Clouds","description":"overcast clouds","icon":"04n"}],"base":"stations","main":{"temp":296,"feels_like":298.39,"temp_min":296,"temp_max":296,"pressure":1005,"humidity":96,"sea_level":1005,"grnd_level":972},"visibility":10000,"wind":{"speed":3.44,"deg":80},"clouds":{"all":94},"dt":1602719007,"sys":{"country":"IN","sunrise":1602721735,"sunset":1602763752},"timezone":19800,"id":1258980,"name":"Raipur","cod":200}"
92258 [TestNG-PoolService-7] DEBUG org.apache.http.impl.conn.BasicClientConnectionManager  - Releasing connection org.apache.http.impl.conn.ManagedClientConnectionImpl@6c76a25c
92258 [TestNG-PoolService-5] DEBUG org.apache.http.impl.conn.BasicClientConnectionManager  - Releasing connection org.apache.http.impl.conn.ManagedClientConnectionImpl@8714477
92258 [TestNG-PoolService-7] DEBUG org.apache.http.impl.conn.BasicClientConnectionManager  - Connection can be kept alive indefinitely
92258 [TestNG-PoolService-5] DEBUG org.apache.http.impl.conn.BasicClientConnectionManager  - Connection can be kept alive indefinitely
{"coord":{"lon":75.07,"lat":23.32},"weather":[{"id":804,"main":"Clouds","description":"overcast clouds","icon":"04n"}],"base":"stations","main":{"temp":297.05,"feels_like":298.21,"temp_min":297.05,"temp_max":297.05,"pressure":1005,"humidity":79,"sea_level":1005,"grnd_level":950},"visibility":10000,"wind":{"speed":3.64,"deg":69},"clouds":{"all":100},"dt":1602719078,"sys":{"country":"IN","sunrise":1602723396,"sunset":1602765240},"timezone":19800,"id":1258342,"name":"Ratlām","cod":200}
{"coord":{"lon":81.63,"lat":21.23},"weather":[{"id":804,"main":"Clouds","description":"overcast clouds","icon":"04n"}],"base":"stations","main":{"temp":296,"feels_like":298.39,"temp_min":296,"temp_max":296,"pressure":1005,"humidity":96,"sea_level":1005,"grnd_level":972},"visibility":10000,"wind":{"speed":3.44,"deg":80},"clouds":{"all":94},"dt":1602719007,"sys":{"country":"IN","sunrise":1602721735,"sunset":1602763752},"timezone":19800,"id":1258980,"name":"Raipur","cod":200}
296.0
297.05
92275 [TestNG-PoolService-0] DEBUG org.apache.http.wire  -  << "HTTP/1.1 200 OK[\r][\n]"
92276 [TestNG-PoolService-0] DEBUG org.apache.http.wire  -  << "Server: openresty[\r][\n]"
92276 [TestNG-PoolService-0] DEBUG org.apache.http.wire  -  << "Date: Wed, 14 Oct 2020 23:48:16 GMT[\r][\n]"
92276 [TestNG-PoolService-0] DEBUG org.apache.http.wire  -  << "Content-Type: application/json; charset=utf-8[\r][\n]"
92276 [TestNG-PoolService-0] DEBUG org.apache.http.wire  -  << "Content-Length: 481[\r][\n]"
92276 [TestNG-PoolService-0] DEBUG org.apache.http.wire  -  << "Connection: keep-alive[\r][\n]"
92276 [TestNG-PoolService-0] DEBUG org.apache.http.wire  -  << "X-Cache-Key: /data/2.5/weather?q=ranchi[\r][\n]"
92276 [TestNG-PoolService-0] DEBUG org.apache.http.wire  -  << "Access-Control-Allow-Origin: *[\r][\n]"
92276 [TestNG-PoolService-0] DEBUG org.apache.http.wire  -  << "Access-Control-Allow-Credentials: true[\r][\n]"
92276 [TestNG-PoolService-0] DEBUG org.apache.http.wire  -  << "Access-Control-Allow-Methods: GET, POST[\r][\n]"
92276 [TestNG-PoolService-0] DEBUG org.apache.http.wire  -  << "[\r][\n]"
92276 [TestNG-PoolService-0] DEBUG org.apache.http.impl.conn.DefaultClientConnection  - Receiving response: HTTP/1.1 200 OK
92276 [TestNG-PoolService-0] DEBUG org.apache.http.headers  - << HTTP/1.1 200 OK
92276 [TestNG-PoolService-0] DEBUG org.apache.http.headers  - << Server: openresty
92276 [TestNG-PoolService-0] DEBUG org.apache.http.headers  - << Date: Wed, 14 Oct 2020 23:48:16 GMT
92276 [TestNG-PoolService-0] DEBUG org.apache.http.headers  - << Content-Type: application/json; charset=utf-8
92276 [TestNG-PoolService-0] DEBUG org.apache.http.headers  - << Content-Length: 481
92276 [TestNG-PoolService-0] DEBUG org.apache.http.headers  - << Connection: keep-alive
92276 [TestNG-PoolService-0] DEBUG org.apache.http.headers  - << X-Cache-Key: /data/2.5/weather?q=ranchi
92276 [TestNG-PoolService-0] DEBUG org.apache.http.headers  - << Access-Control-Allow-Origin: *
92276 [TestNG-PoolService-0] DEBUG org.apache.http.headers  - << Access-Control-Allow-Credentials: true
92276 [TestNG-PoolService-0] DEBUG org.apache.http.headers  - << Access-Control-Allow-Methods: GET, POST
92277 [TestNG-PoolService-0] DEBUG org.apache.http.impl.client.DefaultHttpClient  - Connection can be kept alive indefinitely
92277 [TestNG-PoolService-0] DEBUG io.restassured.internal.RequestSpecificationImpl$RestAssuredHttpBuilder  - Parsing response as: application/json; charset=utf-8
92277 [TestNG-PoolService-0] DEBUG io.restassured.internal.RequestSpecificationImpl$RestAssuredHttpBuilder  - Parsed data to instance of: class org.apache.http.conn.EofSensorInputStream
io.restassured.internal.RestAssuredResponseImpl@2d994b5e
92278 [TestNG-PoolService-0] DEBUG org.apache.http.wire  -  << "{"coord":{"lon":85.33,"lat":23.35},"weather":[{"id":801,"main":"Clouds","description":"few clouds","icon":"02n"}],"base":"stations","main":{"temp":294.62,"feels_like":297.19,"temp_min":294.62,"temp_max":294.62,"pressure":1008,"humidity":94,"sea_level":1008,"grnd_level":937},"visibility":10000,"wind":{"speed":1.93,"deg":55},"clouds":{"all":21},"dt":1602719296,"sys":{"country":"IN","sunrise":1602720934,"sunset":1602762778},"timezone":19800,"id":1258526,"name":"Ranchi","cod":200}"
92279 [TestNG-PoolService-0] DEBUG org.apache.http.impl.conn.BasicClientConnectionManager  - Releasing connection org.apache.http.impl.conn.ManagedClientConnectionImpl@26512ea
92279 [TestNG-PoolService-0] DEBUG org.apache.http.impl.conn.BasicClientConnectionManager  - Connection can be kept alive indefinitely
{"coord":{"lon":85.33,"lat":23.35},"weather":[{"id":801,"main":"Clouds","description":"few clouds","icon":"02n"}],"base":"stations","main":{"temp":294.62,"feels_like":297.19,"temp_min":294.62,"temp_max":294.62,"pressure":1008,"humidity":94,"sea_level":1008,"grnd_level":937},"visibility":10000,"wind":{"speed":1.93,"deg":55},"clouds":{"all":21},"dt":1602719296,"sys":{"country":"IN","sunrise":1602720934,"sunset":1602762778},"timezone":19800,"id":1258526,"name":"Ranchi","cod":200}
294.62
Celsius: 22.850006
Celsius: 21.470001
92281 [TestNG-PoolService-5] INFO org.apache.log4j.Logger  - Temperature from API is 22.850006 for City Raipur
92281 [TestNG-PoolService-0] INFO org.apache.log4j.Logger  - Temperature from API is 21.470001 for City Ranchi
Celsius: 23.899994
92281 [TestNG-PoolService-5] INFO org.apache.log4j.Logger  - PASS: Difference between the API 22.850006 and UI 29.0 temp: 6.149994 for City Raipur is less than variance set: 10
92281 [TestNG-PoolService-0] INFO org.apache.log4j.Logger  - PASS: Difference between the API 21.470001 and UI 29.0 temp: 7.529999 for City Ranchi is less than variance set: 10
92281 [TestNG-PoolService-7] INFO org.apache.log4j.Logger  - Temperature from API is 23.899994 for City Ratlam
92282 [TestNG-PoolService-7] INFO org.apache.log4j.Logger  - PASS: Difference between the API 23.899994 and UI 32.0 temp: 8.100006 for City Ratlam is less than variance set: 10
]]></system-out>
  </testcase>
  <testcase name="getTemp[com.temp.test.City@59e03992](70)" classname="com.temp.test.TestsWeather" time="0.618">
    <system-out><![CDATA[92285 [TestNG-PoolService-5] INFO org.apache.log4j.Logger  - Select the city on the pin menu
92741 [Finalizer] DEBUG org.apache.http.impl.conn.DefaultClientConnection  - Connection 0.0.0.0:55576<->178.128.122.9:80 closed
92741 [Finalizer] DEBUG org.apache.http.impl.conn.DefaultClientConnection  - Connection 0.0.0.0:55575<->178.128.122.9:80 closed
92741 [Finalizer] DEBUG org.apache.http.impl.conn.DefaultClientConnection  - Connection 0.0.0.0:55577<->178.128.122.9:80 closed
92782 [TestNG-PoolService-2] INFO org.apache.log4j.Logger  - Temperature on UI is 34.0 for City Rohtak
92782 [TestNG-PoolService-2] INFO org.apache.log4j.Logger  - Get Temp using API
92786 [TestNG-PoolService-2] DEBUG org.apache.http.impl.conn.BasicClientConnectionManager  - Get connection for route {}->http://api.openweathermap.org:80
92786 [TestNG-PoolService-2] DEBUG org.apache.http.impl.conn.DefaultClientConnectionOperator  - Connecting to api.openweathermap.org:80
92846 [TestNG-PoolService-2] DEBUG org.apache.http.client.protocol.RequestAddCookies  - CookieSpec selected: ignoreCookies
92846 [TestNG-PoolService-2] DEBUG org.apache.http.client.protocol.RequestAuthCache  - Auth cache not set in the context
92846 [TestNG-PoolService-2] DEBUG org.apache.http.client.protocol.RequestTargetAuthentication  - Target auth state: UNCHALLENGED
92846 [TestNG-PoolService-2] DEBUG org.apache.http.client.protocol.RequestProxyAuthentication  - Proxy auth state: UNCHALLENGED
92846 [TestNG-PoolService-2] DEBUG org.apache.http.impl.client.DefaultHttpClient  - Attempt 1 to execute request
92846 [TestNG-PoolService-2] DEBUG org.apache.http.impl.conn.DefaultClientConnection  - Sending request: GET /data/2.5/weather?q=Rohtak&appid=7fe67bf08c80ded756e598d6f8fedaea HTTP/1.1
92846 [TestNG-PoolService-2] DEBUG org.apache.http.wire  -  >> "GET /data/2.5/weather?q=Rohtak&appid=7fe67bf08c80ded756e598d6f8fedaea HTTP/1.1[\r][\n]"
92846 [TestNG-PoolService-2] DEBUG org.apache.http.wire  -  >> "Accept: */*[\r][\n]"
92846 [TestNG-PoolService-2] DEBUG org.apache.http.wire  -  >> "Host: api.openweathermap.org[\r][\n]"
92846 [TestNG-PoolService-2] DEBUG org.apache.http.wire  -  >> "Connection: Keep-Alive[\r][\n]"
92846 [TestNG-PoolService-2] DEBUG org.apache.http.wire  -  >> "User-Agent: Apache-HttpClient/4.5.3 (Java/1.8.0_201)[\r][\n]"
92846 [TestNG-PoolService-2] DEBUG org.apache.http.wire  -  >> "Accept-Encoding: gzip,deflate[\r][\n]"
92846 [TestNG-PoolService-2] DEBUG org.apache.http.wire  -  >> "[\r][\n]"
92846 [TestNG-PoolService-2] DEBUG org.apache.http.headers  - >> GET /data/2.5/weather?q=Rohtak&appid=7fe67bf08c80ded756e598d6f8fedaea HTTP/1.1
92846 [TestNG-PoolService-2] DEBUG org.apache.http.headers  - >> Accept: */*
92846 [TestNG-PoolService-2] DEBUG org.apache.http.headers  - >> Host: api.openweathermap.org
92846 [TestNG-PoolService-2] DEBUG org.apache.http.headers  - >> Connection: Keep-Alive
92846 [TestNG-PoolService-2] DEBUG org.apache.http.headers  - >> User-Agent: Apache-HttpClient/4.5.3 (Java/1.8.0_201)
92846 [TestNG-PoolService-2] DEBUG org.apache.http.headers  - >> Accept-Encoding: gzip,deflate
92951 [TestNG-PoolService-2] DEBUG org.apache.http.wire  -  << "HTTP/1.1 200 OK[\r][\n]"
92951 [TestNG-PoolService-2] DEBUG org.apache.http.wire  -  << "Server: openresty[\r][\n]"
92951 [TestNG-PoolService-2] DEBUG org.apache.http.wire  -  << "Date: Wed, 14 Oct 2020 23:48:17 GMT[\r][\n]"
92951 [TestNG-PoolService-2] DEBUG org.apache.http.wire  -  << "Content-Type: application/json; charset=utf-8[\r][\n]"
92951 [TestNG-PoolService-2] DEBUG org.apache.http.wire  -  << "Content-Length: 456[\r][\n]"
92951 [TestNG-PoolService-2] DEBUG org.apache.http.wire  -  << "Connection: keep-alive[\r][\n]"
92951 [TestNG-PoolService-2] DEBUG org.apache.http.wire  -  << "X-Cache-Key: /data/2.5/weather?q=rohtak[\r][\n]"
92951 [TestNG-PoolService-2] DEBUG org.apache.http.wire  -  << "Access-Control-Allow-Origin: *[\r][\n]"
92951 [TestNG-PoolService-2] DEBUG org.apache.http.wire  -  << "Access-Control-Allow-Credentials: true[\r][\n]"
92951 [TestNG-PoolService-2] DEBUG org.apache.http.wire  -  << "Access-Control-Allow-Methods: GET, POST[\r][\n]"
92951 [TestNG-PoolService-2] DEBUG org.apache.http.wire  -  << "[\r][\n]"
92952 [TestNG-PoolService-2] DEBUG org.apache.http.impl.conn.DefaultClientConnection  - Receiving response: HTTP/1.1 200 OK
92952 [TestNG-PoolService-2] DEBUG org.apache.http.headers  - << HTTP/1.1 200 OK
92952 [TestNG-PoolService-2] DEBUG org.apache.http.headers  - << Server: openresty
92952 [TestNG-PoolService-2] DEBUG org.apache.http.headers  - << Date: Wed, 14 Oct 2020 23:48:17 GMT
92952 [TestNG-PoolService-2] DEBUG org.apache.http.headers  - << Content-Type: application/json; charset=utf-8
92952 [TestNG-PoolService-2] DEBUG org.apache.http.headers  - << Content-Length: 456
92952 [TestNG-PoolService-2] DEBUG org.apache.http.headers  - << Connection: keep-alive
92952 [TestNG-PoolService-2] DEBUG org.apache.http.headers  - << X-Cache-Key: /data/2.5/weather?q=rohtak
92952 [TestNG-PoolService-2] DEBUG org.apache.http.headers  - << Access-Control-Allow-Origin: *
92952 [TestNG-PoolService-2] DEBUG org.apache.http.headers  - << Access-Control-Allow-Credentials: true
92952 [TestNG-PoolService-2] DEBUG org.apache.http.headers  - << Access-Control-Allow-Methods: GET, POST
92952 [TestNG-PoolService-2] DEBUG org.apache.http.impl.client.DefaultHttpClient  - Connection can be kept alive indefinitely
92952 [TestNG-PoolService-2] DEBUG io.restassured.internal.RequestSpecificationImpl$RestAssuredHttpBuilder  - Parsing response as: application/json; charset=utf-8
92952 [TestNG-PoolService-2] DEBUG io.restassured.internal.RequestSpecificationImpl$RestAssuredHttpBuilder  - Parsed data to instance of: class org.apache.http.conn.EofSensorInputStream
io.restassured.internal.RestAssuredResponseImpl@56906785
92952 [TestNG-PoolService-2] DEBUG org.apache.http.wire  -  << "{"coord":{"lon":76.57,"lat":28.9},"weather":[{"id":721,"main":"Haze","description":"haze","icon":"50n"}],"base":"stations","main":{"temp":299.15,"feels_like":300.38,"temp_min":299.15,"temp_max":299.15,"pressure":1008,"humidity":61},"visibility":2200,"wind":{"speed":2.16,"deg":27},"clouds":{"all":40},"dt":1602719297,"sys":{"type":1,"id":9165,"country":"IN","sunrise":1602723277,"sunset":1602764639},"timezone":19800,"id":1258076,"name":"Rohtak","cod":200}"
92952 [TestNG-PoolService-2] DEBUG org.apache.http.impl.conn.BasicClientConnectionManager  - Releasing connection org.apache.http.impl.conn.ManagedClientConnectionImpl@31b3c46b
92952 [TestNG-PoolService-2] DEBUG org.apache.http.impl.conn.BasicClientConnectionManager  - Connection can be kept alive indefinitely
{"coord":{"lon":76.57,"lat":28.9},"weather":[{"id":721,"main":"Haze","description":"haze","icon":"50n"}],"base":"stations","main":{"temp":299.15,"feels_like":300.38,"temp_min":299.15,"temp_max":299.15,"pressure":1008,"humidity":61},"visibility":2200,"wind":{"speed":2.16,"deg":27},"clouds":{"all":40},"dt":1602719297,"sys":{"type":1,"id":9165,"country":"IN","sunrise":1602723277,"sunset":1602764639},"timezone":19800,"id":1258076,"name":"Rohtak","cod":200}
299.15
Celsius: 26.0
92953 [TestNG-PoolService-2] INFO org.apache.log4j.Logger  - Temperature from API is 26.0 for City Rohtak
92953 [TestNG-PoolService-2] INFO org.apache.log4j.Logger  - PASS: Difference between the API 26.0 and UI 34.0 temp: 8.0 for City Rohtak is less than variance set: 10
]]></system-out>
  </testcase>
  <testcase name="getTemp[com.temp.test.City@5c7c3f4f](71)" classname="com.temp.test.TestsWeather" time="0.003">
    <system-out><![CDATA[93350 [TestNG-PoolService-0] INFO org.apache.log4j.Logger  - Select the city on the pin menu
]]></system-out>
  </testcase>
  <testcase name="getTemp[com.temp.test.City@2ed9e98c](72)" classname="com.temp.test.TestsWeather" time="0.637">
    <system-out><![CDATA[93371 [TestNG-PoolService-7] INFO org.apache.log4j.Logger  - Select the city on the pin menu
93568 [TestNG-PoolService-9] INFO org.apache.log4j.Logger  - Temperature on UI is 33.0 for City Saharanpur
93568 [TestNG-PoolService-9] INFO org.apache.log4j.Logger  - Get Temp using API
93572 [TestNG-PoolService-9] DEBUG org.apache.http.impl.conn.BasicClientConnectionManager  - Get connection for route {}->http://api.openweathermap.org:80
93572 [TestNG-PoolService-9] DEBUG org.apache.http.impl.conn.DefaultClientConnectionOperator  - Connecting to api.openweathermap.org:80
93637 [TestNG-PoolService-9] DEBUG org.apache.http.client.protocol.RequestAddCookies  - CookieSpec selected: ignoreCookies
93637 [TestNG-PoolService-9] DEBUG org.apache.http.client.protocol.RequestAuthCache  - Auth cache not set in the context
93637 [TestNG-PoolService-9] DEBUG org.apache.http.client.protocol.RequestTargetAuthentication  - Target auth state: UNCHALLENGED
93637 [TestNG-PoolService-9] DEBUG org.apache.http.client.protocol.RequestProxyAuthentication  - Proxy auth state: UNCHALLENGED
93637 [TestNG-PoolService-9] DEBUG org.apache.http.impl.client.DefaultHttpClient  - Attempt 1 to execute request
93637 [TestNG-PoolService-9] DEBUG org.apache.http.impl.conn.DefaultClientConnection  - Sending request: GET /data/2.5/weather?q=Saharanpur&appid=7fe67bf08c80ded756e598d6f8fedaea HTTP/1.1
93637 [TestNG-PoolService-9] DEBUG org.apache.http.wire  -  >> "GET /data/2.5/weather?q=Saharanpur&appid=7fe67bf08c80ded756e598d6f8fedaea HTTP/1.1[\r][\n]"
93637 [TestNG-PoolService-9] DEBUG org.apache.http.wire  -  >> "Accept: */*[\r][\n]"
93637 [TestNG-PoolService-9] DEBUG org.apache.http.wire  -  >> "Host: api.openweathermap.org[\r][\n]"
93637 [TestNG-PoolService-9] DEBUG org.apache.http.wire  -  >> "Connection: Keep-Alive[\r][\n]"
93637 [TestNG-PoolService-9] DEBUG org.apache.http.wire  -  >> "User-Agent: Apache-HttpClient/4.5.3 (Java/1.8.0_201)[\r][\n]"
93637 [TestNG-PoolService-9] DEBUG org.apache.http.wire  -  >> "Accept-Encoding: gzip,deflate[\r][\n]"
93637 [TestNG-PoolService-9] DEBUG org.apache.http.wire  -  >> "[\r][\n]"
93637 [TestNG-PoolService-9] DEBUG org.apache.http.headers  - >> GET /data/2.5/weather?q=Saharanpur&appid=7fe67bf08c80ded756e598d6f8fedaea HTTP/1.1
93637 [TestNG-PoolService-9] DEBUG org.apache.http.headers  - >> Accept: */*
93637 [TestNG-PoolService-9] DEBUG org.apache.http.headers  - >> Host: api.openweathermap.org
93637 [TestNG-PoolService-9] DEBUG org.apache.http.headers  - >> Connection: Keep-Alive
93637 [TestNG-PoolService-9] DEBUG org.apache.http.headers  - >> User-Agent: Apache-HttpClient/4.5.3 (Java/1.8.0_201)
93637 [TestNG-PoolService-9] DEBUG org.apache.http.headers  - >> Accept-Encoding: gzip,deflate
93728 [TestNG-PoolService-9] DEBUG org.apache.http.wire  -  << "HTTP/1.1 200 OK[\r][\n]"
93728 [TestNG-PoolService-9] DEBUG org.apache.http.wire  -  << "Server: openresty[\r][\n]"
93728 [TestNG-PoolService-9] DEBUG org.apache.http.wire  -  << "Date: Wed, 14 Oct 2020 23:48:17 GMT[\r][\n]"
93728 [TestNG-PoolService-9] DEBUG org.apache.http.wire  -  << "Content-Type: application/json; charset=utf-8[\r][\n]"
93728 [TestNG-PoolService-9] DEBUG org.apache.http.wire  -  << "Content-Length: 483[\r][\n]"
93728 [TestNG-PoolService-9] DEBUG org.apache.http.wire  -  << "Connection: keep-alive[\r][\n]"
93728 [TestNG-PoolService-9] DEBUG org.apache.http.wire  -  << "X-Cache-Key: /data/2.5/weather?q=saharanpur[\r][\n]"
93728 [TestNG-PoolService-9] DEBUG org.apache.http.wire  -  << "Access-Control-Allow-Origin: *[\r][\n]"
93728 [TestNG-PoolService-9] DEBUG org.apache.http.wire  -  << "Access-Control-Allow-Credentials: true[\r][\n]"
93728 [TestNG-PoolService-9] DEBUG org.apache.http.wire  -  << "Access-Control-Allow-Methods: GET, POST[\r][\n]"
93728 [TestNG-PoolService-9] DEBUG org.apache.http.wire  -  << "[\r][\n]"
93728 [TestNG-PoolService-9] DEBUG org.apache.http.impl.conn.DefaultClientConnection  - Receiving response: HTTP/1.1 200 OK
93728 [TestNG-PoolService-9] DEBUG org.apache.http.headers  - << HTTP/1.1 200 OK
93728 [TestNG-PoolService-9] DEBUG org.apache.http.headers  - << Server: openresty
93728 [TestNG-PoolService-9] DEBUG org.apache.http.headers  - << Date: Wed, 14 Oct 2020 23:48:17 GMT
93728 [TestNG-PoolService-9] DEBUG org.apache.http.headers  - << Content-Type: application/json; charset=utf-8
93728 [TestNG-PoolService-9] DEBUG org.apache.http.headers  - << Content-Length: 483
93728 [TestNG-PoolService-9] DEBUG org.apache.http.headers  - << Connection: keep-alive
93728 [TestNG-PoolService-9] DEBUG org.apache.http.headers  - << X-Cache-Key: /data/2.5/weather?q=saharanpur
93728 [TestNG-PoolService-9] DEBUG org.apache.http.headers  - << Access-Control-Allow-Origin: *
93728 [TestNG-PoolService-9] DEBUG org.apache.http.headers  - << Access-Control-Allow-Credentials: true
93728 [TestNG-PoolService-9] DEBUG org.apache.http.headers  - << Access-Control-Allow-Methods: GET, POST
93728 [TestNG-PoolService-9] DEBUG org.apache.http.impl.client.DefaultHttpClient  - Connection can be kept alive indefinitely
93728 [TestNG-PoolService-9] DEBUG io.restassured.internal.RequestSpecificationImpl$RestAssuredHttpBuilder  - Parsing response as: application/json; charset=utf-8
93728 [TestNG-PoolService-9] DEBUG io.restassured.internal.RequestSpecificationImpl$RestAssuredHttpBuilder  - Parsed data to instance of: class org.apache.http.conn.EofSensorInputStream
io.restassured.internal.RestAssuredResponseImpl@5855c3b6
93728 [TestNG-PoolService-9] DEBUG org.apache.http.wire  -  << "{"coord":{"lon":77.55,"lat":29.97},"weather":[{"id":800,"main":"Clear","description":"clear sky","icon":"01n"}],"base":"stations","main":{"temp":293.99,"feels_like":294.74,"temp_min":293.99,"temp_max":293.99,"pressure":1009,"humidity":64,"sea_level":1009,"grnd_level":977},"visibility":10000,"wind":{"speed":0.62,"deg":70},"clouds":{"all":0},"dt":1602719297,"sys":{"country":"IN","sunrise":1602723090,"sunset":1602764355},"timezone":19800,"id":1257806,"name":"Sah[0xc4][0x81]ranpur","cod":200}"
93728 [TestNG-PoolService-9] DEBUG org.apache.http.impl.conn.BasicClientConnectionManager  - Releasing connection org.apache.http.impl.conn.ManagedClientConnectionImpl@43815351
93728 [TestNG-PoolService-9] DEBUG org.apache.http.impl.conn.BasicClientConnectionManager  - Connection can be kept alive indefinitely
{"coord":{"lon":77.55,"lat":29.97},"weather":[{"id":800,"main":"Clear","description":"clear sky","icon":"01n"}],"base":"stations","main":{"temp":293.99,"feels_like":294.74,"temp_min":293.99,"temp_max":293.99,"pressure":1009,"humidity":64,"sea_level":1009,"grnd_level":977},"visibility":10000,"wind":{"speed":0.62,"deg":70},"clouds":{"all":0},"dt":1602719297,"sys":{"country":"IN","sunrise":1602723090,"sunset":1602764355},"timezone":19800,"id":1257806,"name":"Sahāranpur","cod":200}
293.99
Celsius: 20.839996
93729 [TestNG-PoolService-9] INFO org.apache.log4j.Logger  - Temperature from API is 20.839996 for City Saharanpur
93729 [TestNG-PoolService-9] ERROR org.apache.log4j.Logger  - FAIL: Difference between the API 20.839996 and UI 33.0 temp: 12.160004 for City Saharanpur is greater than variance set:10
]]></system-out>
  </testcase>
  <testcase name="getTemp[com.temp.test.City@3ace427](73)" classname="com.temp.test.TestsWeather" time="0.094">
    <failure message="For city Saharanpur: The Actual temp is 20.839996 and expected is 33.0 expected [33.0] but found [20.839996]" type="java.lang.AssertionError"><![CDATA[java.lang.AssertionError: For city Saharanpur: The Actual temp is 20.839996 and expected is 33.0 expected [33.0] but found [20.839996]
	at com.temp.test.TestsWeather.getTemp(TestsWeather.java:224)
]]></failure>
    <system-out><![CDATA[93975 [TestNG-PoolService-2] INFO org.apache.log4j.Logger  - Select the city on the pin menu
93981 [Finalizer] DEBUG org.apache.http.impl.conn.DefaultClientConnection  - Connection 0.0.0.0:55580<->178.128.122.9:80 closed
93981 [Finalizer] DEBUG org.apache.http.impl.conn.DefaultClientConnection  - Connection 0.0.0.0:55578<->178.128.122.9:80 closed
94076 [TestNG-PoolService-4] INFO org.apache.log4j.Logger  - Temperature on UI is 23.0 for City Sholapur
94076 [TestNG-PoolService-4] INFO org.apache.log4j.Logger  - Get Temp using API
94082 [TestNG-PoolService-4] DEBUG org.apache.http.impl.conn.BasicClientConnectionManager  - Get connection for route {}->http://api.openweathermap.org:80
94083 [TestNG-PoolService-4] DEBUG org.apache.http.impl.conn.DefaultClientConnectionOperator  - Connecting to api.openweathermap.org:80
94142 [TestNG-PoolService-4] DEBUG org.apache.http.client.protocol.RequestAddCookies  - CookieSpec selected: ignoreCookies
94142 [TestNG-PoolService-4] DEBUG org.apache.http.client.protocol.RequestAuthCache  - Auth cache not set in the context
94142 [TestNG-PoolService-4] DEBUG org.apache.http.client.protocol.RequestTargetAuthentication  - Target auth state: UNCHALLENGED
94142 [TestNG-PoolService-4] DEBUG org.apache.http.client.protocol.RequestProxyAuthentication  - Proxy auth state: UNCHALLENGED
94142 [TestNG-PoolService-4] DEBUG org.apache.http.impl.client.DefaultHttpClient  - Attempt 1 to execute request
94142 [TestNG-PoolService-4] DEBUG org.apache.http.impl.conn.DefaultClientConnection  - Sending request: GET /data/2.5/weather?q=Sholapur&appid=7fe67bf08c80ded756e598d6f8fedaea HTTP/1.1
94142 [TestNG-PoolService-4] DEBUG org.apache.http.wire  -  >> "GET /data/2.5/weather?q=Sholapur&appid=7fe67bf08c80ded756e598d6f8fedaea HTTP/1.1[\r][\n]"
94142 [TestNG-PoolService-4] DEBUG org.apache.http.wire  -  >> "Accept: */*[\r][\n]"
94142 [TestNG-PoolService-4] DEBUG org.apache.http.wire  -  >> "Host: api.openweathermap.org[\r][\n]"
94142 [TestNG-PoolService-4] DEBUG org.apache.http.wire  -  >> "Connection: Keep-Alive[\r][\n]"
94142 [TestNG-PoolService-4] DEBUG org.apache.http.wire  -  >> "User-Agent: Apache-HttpClient/4.5.3 (Java/1.8.0_201)[\r][\n]"
94142 [TestNG-PoolService-4] DEBUG org.apache.http.wire  -  >> "Accept-Encoding: gzip,deflate[\r][\n]"
94142 [TestNG-PoolService-4] DEBUG org.apache.http.wire  -  >> "[\r][\n]"
94142 [TestNG-PoolService-4] DEBUG org.apache.http.headers  - >> GET /data/2.5/weather?q=Sholapur&appid=7fe67bf08c80ded756e598d6f8fedaea HTTP/1.1
94142 [TestNG-PoolService-4] DEBUG org.apache.http.headers  - >> Accept: */*
94142 [TestNG-PoolService-4] DEBUG org.apache.http.headers  - >> Host: api.openweathermap.org
94142 [TestNG-PoolService-4] DEBUG org.apache.http.headers  - >> Connection: Keep-Alive
94142 [TestNG-PoolService-4] DEBUG org.apache.http.headers  - >> User-Agent: Apache-HttpClient/4.5.3 (Java/1.8.0_201)
94142 [TestNG-PoolService-4] DEBUG org.apache.http.headers  - >> Accept-Encoding: gzip,deflate
]]></system-out>
  </testcase>
  <testcase name="getTemp[com.temp.test.City@70996d85](74)" classname="com.temp.test.TestsWeather" time="0.727">
    <failure message="For input string: &quot;&quot;" type="java.lang.NumberFormatException"><![CDATA[java.lang.NumberFormatException: For input string: ""
	at com.temp.test.TestsWeather.getTemp(TestsWeather.java:183)
]]></failure>
    <system-out><![CDATA[94197 [TestNG-PoolService-9] INFO org.apache.log4j.Logger  - Select the city on the pin menu
94206 [TestNG-PoolService-4] DEBUG org.apache.http.wire  -  << "HTTP/1.1 200 OK[\r][\n]"
94206 [TestNG-PoolService-4] DEBUG org.apache.http.wire  -  << "Server: openresty[\r][\n]"
94206 [TestNG-PoolService-4] DEBUG org.apache.http.wire  -  << "Date: Wed, 14 Oct 2020 23:48:18 GMT[\r][\n]"
94206 [TestNG-PoolService-4] DEBUG org.apache.http.wire  -  << "Content-Type: application/json; charset=utf-8[\r][\n]"
94206 [TestNG-PoolService-4] DEBUG org.apache.http.wire  -  << "Content-Length: 488[\r][\n]"
94206 [TestNG-PoolService-4] DEBUG org.apache.http.wire  -  << "Connection: keep-alive[\r][\n]"
94206 [TestNG-PoolService-4] DEBUG org.apache.http.wire  -  << "X-Cache-Key: /data/2.5/weather?q=sholapur[\r][\n]"
94206 [TestNG-PoolService-4] DEBUG org.apache.http.wire  -  << "Access-Control-Allow-Origin: *[\r][\n]"
94206 [TestNG-PoolService-4] DEBUG org.apache.http.wire  -  << "Access-Control-Allow-Credentials: true[\r][\n]"
94206 [TestNG-PoolService-4] DEBUG org.apache.http.wire  -  << "Access-Control-Allow-Methods: GET, POST[\r][\n]"
94206 [TestNG-PoolService-4] DEBUG org.apache.http.wire  -  << "[\r][\n]"
94206 [TestNG-PoolService-4] DEBUG org.apache.http.impl.conn.DefaultClientConnection  - Receiving response: HTTP/1.1 200 OK
94206 [TestNG-PoolService-4] DEBUG org.apache.http.headers  - << HTTP/1.1 200 OK
94206 [TestNG-PoolService-4] DEBUG org.apache.http.headers  - << Server: openresty
94206 [TestNG-PoolService-4] DEBUG org.apache.http.headers  - << Date: Wed, 14 Oct 2020 23:48:18 GMT
94206 [TestNG-PoolService-4] DEBUG org.apache.http.headers  - << Content-Type: application/json; charset=utf-8
94206 [TestNG-PoolService-4] DEBUG org.apache.http.headers  - << Content-Length: 488
94206 [TestNG-PoolService-4] DEBUG org.apache.http.headers  - << Connection: keep-alive
94206 [TestNG-PoolService-4] DEBUG org.apache.http.headers  - << X-Cache-Key: /data/2.5/weather?q=sholapur
94206 [TestNG-PoolService-4] DEBUG org.apache.http.headers  - << Access-Control-Allow-Origin: *
94206 [TestNG-PoolService-4] DEBUG org.apache.http.headers  - << Access-Control-Allow-Credentials: true
94206 [TestNG-PoolService-4] DEBUG org.apache.http.headers  - << Access-Control-Allow-Methods: GET, POST
94206 [TestNG-PoolService-4] DEBUG org.apache.http.impl.client.DefaultHttpClient  - Connection can be kept alive indefinitely
94207 [TestNG-PoolService-4] DEBUG io.restassured.internal.RequestSpecificationImpl$RestAssuredHttpBuilder  - Parsing response as: application/json; charset=utf-8
94207 [TestNG-PoolService-4] DEBUG io.restassured.internal.RequestSpecificationImpl$RestAssuredHttpBuilder  - Parsed data to instance of: class org.apache.http.conn.EofSensorInputStream
io.restassured.internal.RestAssuredResponseImpl@514e047e
94207 [TestNG-PoolService-4] DEBUG org.apache.http.wire  -  << "{"coord":{"lon":75.92,"lat":17.68},"weather":[{"id":804,"main":"Clouds","description":"overcast clouds","icon":"04n"}],"base":"stations","main":{"temp":295.72,"feels_like":297.04,"temp_min":295.72,"temp_max":295.72,"pressure":1002,"humidity":95,"sea_level":1002,"grnd_level":949},"visibility":10000,"wind":{"speed":4.62,"deg":97},"clouds":{"all":100},"dt":1602719246,"sys":{"country":"IN","sunrise":1602722965,"sunset":1602765262},"timezone":19800,"id":1256436,"name":"Solapur","cod":200}"
94207 [TestNG-PoolService-4] DEBUG org.apache.http.impl.conn.BasicClientConnectionManager  - Releasing connection org.apache.http.impl.conn.ManagedClientConnectionImpl@1ff00d75
94207 [TestNG-PoolService-4] DEBUG org.apache.http.impl.conn.BasicClientConnectionManager  - Connection can be kept alive indefinitely
{"coord":{"lon":75.92,"lat":17.68},"weather":[{"id":804,"main":"Clouds","description":"overcast clouds","icon":"04n"}],"base":"stations","main":{"temp":295.72,"feels_like":297.04,"temp_min":295.72,"temp_max":295.72,"pressure":1002,"humidity":95,"sea_level":1002,"grnd_level":949},"visibility":10000,"wind":{"speed":4.62,"deg":97},"clouds":{"all":100},"dt":1602719246,"sys":{"country":"IN","sunrise":1602722965,"sunset":1602765262},"timezone":19800,"id":1256436,"name":"Solapur","cod":200}
295.72
Celsius: 22.570007
94208 [TestNG-PoolService-4] INFO org.apache.log4j.Logger  - Temperature from API is 22.570007 for City Sholapur
94208 [TestNG-PoolService-4] INFO org.apache.log4j.Logger  - PASS: Difference between the API 22.570007 and UI 23.0 temp: 0.42999268 for City Sholapur is less than variance set: 10
94881 [Finalizer] DEBUG org.apache.http.impl.conn.DefaultClientConnection  - Connection 0.0.0.0:55581<->178.128.122.9:80 closed
]]></system-out>
  </testcase>
  <testcase name="getTemp[com.temp.test.City@71532ea5](75)" classname="com.temp.test.TestsWeather" time="0.768">
    <system-out><![CDATA[94895 [TestNG-PoolService-3] INFO org.apache.log4j.Logger  - Select the city on the pin menu
95024 [TestNG-PoolService-8] INFO org.apache.log4j.Logger  - Temperature on UI is 25.0 for City Sikandarabad
95024 [TestNG-PoolService-8] INFO org.apache.log4j.Logger  - Get Temp using API
95027 [TestNG-PoolService-8] DEBUG org.apache.http.impl.conn.BasicClientConnectionManager  - Get connection for route {}->http://api.openweathermap.org:80
95027 [TestNG-PoolService-8] DEBUG org.apache.http.impl.conn.DefaultClientConnectionOperator  - Connecting to api.openweathermap.org:80
95089 [TestNG-PoolService-8] DEBUG org.apache.http.client.protocol.RequestAddCookies  - CookieSpec selected: ignoreCookies
95089 [TestNG-PoolService-8] DEBUG org.apache.http.client.protocol.RequestAuthCache  - Auth cache not set in the context
95089 [TestNG-PoolService-8] DEBUG org.apache.http.client.protocol.RequestTargetAuthentication  - Target auth state: UNCHALLENGED
95089 [TestNG-PoolService-8] DEBUG org.apache.http.client.protocol.RequestProxyAuthentication  - Proxy auth state: UNCHALLENGED
95089 [TestNG-PoolService-8] DEBUG org.apache.http.impl.client.DefaultHttpClient  - Attempt 1 to execute request
95089 [TestNG-PoolService-8] DEBUG org.apache.http.impl.conn.DefaultClientConnection  - Sending request: GET /data/2.5/weather?q=Sikandarabad&appid=7fe67bf08c80ded756e598d6f8fedaea HTTP/1.1
95089 [TestNG-PoolService-8] DEBUG org.apache.http.wire  -  >> "GET /data/2.5/weather?q=Sikandarabad&appid=7fe67bf08c80ded756e598d6f8fedaea HTTP/1.1[\r][\n]"
95089 [TestNG-PoolService-8] DEBUG org.apache.http.wire  -  >> "Accept: */*[\r][\n]"
95089 [TestNG-PoolService-8] DEBUG org.apache.http.wire  -  >> "Host: api.openweathermap.org[\r][\n]"
95089 [TestNG-PoolService-8] DEBUG org.apache.http.wire  -  >> "Connection: Keep-Alive[\r][\n]"
95089 [TestNG-PoolService-8] DEBUG org.apache.http.wire  -  >> "User-Agent: Apache-HttpClient/4.5.3 (Java/1.8.0_201)[\r][\n]"
95089 [TestNG-PoolService-8] DEBUG org.apache.http.wire  -  >> "Accept-Encoding: gzip,deflate[\r][\n]"
95089 [TestNG-PoolService-8] DEBUG org.apache.http.wire  -  >> "[\r][\n]"
95089 [TestNG-PoolService-8] DEBUG org.apache.http.headers  - >> GET /data/2.5/weather?q=Sikandarabad&appid=7fe67bf08c80ded756e598d6f8fedaea HTTP/1.1
95089 [TestNG-PoolService-8] DEBUG org.apache.http.headers  - >> Accept: */*
95089 [TestNG-PoolService-8] DEBUG org.apache.http.headers  - >> Host: api.openweathermap.org
95089 [TestNG-PoolService-8] DEBUG org.apache.http.headers  - >> Connection: Keep-Alive
95089 [TestNG-PoolService-8] DEBUG org.apache.http.headers  - >> User-Agent: Apache-HttpClient/4.5.3 (Java/1.8.0_201)
95089 [TestNG-PoolService-8] DEBUG org.apache.http.headers  - >> Accept-Encoding: gzip,deflate
95176 [TestNG-PoolService-8] DEBUG org.apache.http.wire  -  << "HTTP/1.1 200 OK[\r][\n]"
95176 [TestNG-PoolService-8] DEBUG org.apache.http.wire  -  << "Server: openresty[\r][\n]"
95176 [TestNG-PoolService-8] DEBUG org.apache.http.wire  -  << "Date: Wed, 14 Oct 2020 23:48:19 GMT[\r][\n]"
95176 [TestNG-PoolService-8] DEBUG org.apache.http.wire  -  << "Content-Type: application/json; charset=utf-8[\r][\n]"
95176 [TestNG-PoolService-8] DEBUG org.apache.http.wire  -  << "Content-Length: 462[\r][\n]"
95176 [TestNG-PoolService-8] DEBUG org.apache.http.wire  -  << "Connection: keep-alive[\r][\n]"
95176 [TestNG-PoolService-8] DEBUG org.apache.http.wire  -  << "X-Cache-Key: /data/2.5/weather?q=sikandarabad[\r][\n]"
95176 [TestNG-PoolService-8] DEBUG org.apache.http.wire  -  << "Access-Control-Allow-Origin: *[\r][\n]"
95176 [TestNG-PoolService-8] DEBUG org.apache.http.wire  -  << "Access-Control-Allow-Credentials: true[\r][\n]"
95176 [TestNG-PoolService-8] DEBUG org.apache.http.wire  -  << "Access-Control-Allow-Methods: GET, POST[\r][\n]"
95176 [TestNG-PoolService-8] DEBUG org.apache.http.wire  -  << "[\r][\n]"
95176 [TestNG-PoolService-8] DEBUG org.apache.http.impl.conn.DefaultClientConnection  - Receiving response: HTTP/1.1 200 OK
95176 [TestNG-PoolService-8] DEBUG org.apache.http.headers  - << HTTP/1.1 200 OK
95176 [TestNG-PoolService-8] DEBUG org.apache.http.headers  - << Server: openresty
95176 [TestNG-PoolService-8] DEBUG org.apache.http.headers  - << Date: Wed, 14 Oct 2020 23:48:19 GMT
95176 [TestNG-PoolService-8] DEBUG org.apache.http.headers  - << Content-Type: application/json; charset=utf-8
95176 [TestNG-PoolService-8] DEBUG org.apache.http.headers  - << Content-Length: 462
95176 [TestNG-PoolService-8] DEBUG org.apache.http.headers  - << Connection: keep-alive
95176 [TestNG-PoolService-8] DEBUG org.apache.http.headers  - << X-Cache-Key: /data/2.5/weather?q=sikandarabad
95176 [TestNG-PoolService-8] DEBUG org.apache.http.headers  - << Access-Control-Allow-Origin: *
95176 [TestNG-PoolService-8] DEBUG org.apache.http.headers  - << Access-Control-Allow-Credentials: true
95176 [TestNG-PoolService-8] DEBUG org.apache.http.headers  - << Access-Control-Allow-Methods: GET, POST
95176 [TestNG-PoolService-8] DEBUG org.apache.http.impl.client.DefaultHttpClient  - Connection can be kept alive indefinitely
95176 [TestNG-PoolService-8] DEBUG io.restassured.internal.RequestSpecificationImpl$RestAssuredHttpBuilder  - Parsing response as: application/json; charset=utf-8
95177 [TestNG-PoolService-8] DEBUG io.restassured.internal.RequestSpecificationImpl$RestAssuredHttpBuilder  - Parsed data to instance of: class org.apache.http.conn.EofSensorInputStream
io.restassured.internal.RestAssuredResponseImpl@6b987365
95177 [TestNG-PoolService-8] DEBUG org.apache.http.wire  -  << "{"coord":{"lon":77.7,"lat":28.45},"weather":[{"id":721,"main":"Haze","description":"haze","icon":"50n"}],"base":"stations","main":{"temp":300.35,"feels_like":302.35,"temp_min":299.15,"temp_max":301.48,"pressure":1008,"humidity":61},"visibility":2200,"wind":{"speed":1.77,"deg":104},"clouds":{"all":40},"dt":1602719299,"sys":{"type":1,"id":9165,"country":"IN","sunrise":1602722985,"sunset":1602764388},"timezone":19800,"id":1256329,"name":"Sikandrabad","cod":200}"
95177 [TestNG-PoolService-8] DEBUG org.apache.http.impl.conn.BasicClientConnectionManager  - Releasing connection org.apache.http.impl.conn.ManagedClientConnectionImpl@5729fb48
95177 [TestNG-PoolService-8] DEBUG org.apache.http.impl.conn.BasicClientConnectionManager  - Connection can be kept alive indefinitely
{"coord":{"lon":77.7,"lat":28.45},"weather":[{"id":721,"main":"Haze","description":"haze","icon":"50n"}],"base":"stations","main":{"temp":300.35,"feels_like":302.35,"temp_min":299.15,"temp_max":301.48,"pressure":1008,"humidity":61},"visibility":2200,"wind":{"speed":1.77,"deg":104},"clouds":{"all":40},"dt":1602719299,"sys":{"type":1,"id":9165,"country":"IN","sunrise":1602722985,"sunset":1602764388},"timezone":19800,"id":1256329,"name":"Sikandrabad","cod":200}
300.35
Celsius: 27.200012
95178 [TestNG-PoolService-8] INFO org.apache.log4j.Logger  - Temperature from API is 27.200012 for City Sikandarabad
95178 [TestNG-PoolService-8] INFO org.apache.log4j.Logger  - PASS: Difference between the API 27.200012 and UI 25.0 temp: 2.2000122 for City Sikandarabad is less than variance set: 10
]]></system-out>
  </testcase>
  <testcase name="getTemp[com.temp.test.City@401c0933](76)" classname="com.temp.test.TestsWeather" time="0.002">
    <failure message="For input string: &quot;&quot;" type="java.lang.NumberFormatException"><![CDATA[java.lang.NumberFormatException: For input string: ""
	at com.temp.test.TestsWeather.getTemp(TestsWeather.java:183)
]]></failure>
    <system-out><![CDATA[95559 [TestNG-PoolService-4] INFO org.apache.log4j.Logger  - Select the city on the pin menu
]]></system-out>
  </testcase>
  <testcase name="getTemp[com.temp.test.City@3dcffb54](77)" classname="com.temp.test.TestsWeather" time="0.082">
    <system-out><![CDATA[95570 [TestNG-PoolService-5] INFO org.apache.log4j.Logger  - Select the city on the pin menu
95642 [Finalizer] DEBUG org.apache.http.impl.conn.DefaultClientConnection  - Connection 0.0.0.0:55583<->178.128.122.9:80 closed
95650 [TestNG-PoolService-6] INFO org.apache.log4j.Logger  - Temperature on UI is 26.0 for City Srinagar
95650 [TestNG-PoolService-6] INFO org.apache.log4j.Logger  - Get Temp using API
95654 [TestNG-PoolService-6] DEBUG org.apache.http.impl.conn.BasicClientConnectionManager  - Get connection for route {}->http://api.openweathermap.org:80
95654 [TestNG-PoolService-6] DEBUG org.apache.http.impl.conn.DefaultClientConnectionOperator  - Connecting to api.openweathermap.org:80
95717 [TestNG-PoolService-6] DEBUG org.apache.http.client.protocol.RequestAddCookies  - CookieSpec selected: ignoreCookies
95717 [TestNG-PoolService-6] DEBUG org.apache.http.client.protocol.RequestAuthCache  - Auth cache not set in the context
95717 [TestNG-PoolService-6] DEBUG org.apache.http.client.protocol.RequestTargetAuthentication  - Target auth state: UNCHALLENGED
95717 [TestNG-PoolService-6] DEBUG org.apache.http.client.protocol.RequestProxyAuthentication  - Proxy auth state: UNCHALLENGED
95717 [TestNG-PoolService-6] DEBUG org.apache.http.impl.client.DefaultHttpClient  - Attempt 1 to execute request
95717 [TestNG-PoolService-6] DEBUG org.apache.http.impl.conn.DefaultClientConnection  - Sending request: GET /data/2.5/weather?q=Srinagar&appid=7fe67bf08c80ded756e598d6f8fedaea HTTP/1.1
95717 [TestNG-PoolService-6] DEBUG org.apache.http.wire  -  >> "GET /data/2.5/weather?q=Srinagar&appid=7fe67bf08c80ded756e598d6f8fedaea HTTP/1.1[\r][\n]"
95717 [TestNG-PoolService-6] DEBUG org.apache.http.wire  -  >> "Accept: */*[\r][\n]"
95717 [TestNG-PoolService-6] DEBUG org.apache.http.wire  -  >> "Host: api.openweathermap.org[\r][\n]"
95717 [TestNG-PoolService-6] DEBUG org.apache.http.wire  -  >> "Connection: Keep-Alive[\r][\n]"
95717 [TestNG-PoolService-6] DEBUG org.apache.http.wire  -  >> "User-Agent: Apache-HttpClient/4.5.3 (Java/1.8.0_201)[\r][\n]"
95717 [TestNG-PoolService-6] DEBUG org.apache.http.wire  -  >> "Accept-Encoding: gzip,deflate[\r][\n]"
95717 [TestNG-PoolService-6] DEBUG org.apache.http.wire  -  >> "[\r][\n]"
95717 [TestNG-PoolService-6] DEBUG org.apache.http.headers  - >> GET /data/2.5/weather?q=Srinagar&appid=7fe67bf08c80ded756e598d6f8fedaea HTTP/1.1
95717 [TestNG-PoolService-6] DEBUG org.apache.http.headers  - >> Accept: */*
95717 [TestNG-PoolService-6] DEBUG org.apache.http.headers  - >> Host: api.openweathermap.org
95717 [TestNG-PoolService-6] DEBUG org.apache.http.headers  - >> Connection: Keep-Alive
95717 [TestNG-PoolService-6] DEBUG org.apache.http.headers  - >> User-Agent: Apache-HttpClient/4.5.3 (Java/1.8.0_201)
95717 [TestNG-PoolService-6] DEBUG org.apache.http.headers  - >> Accept-Encoding: gzip,deflate
]]></system-out>
  </testcase>
  <testcase name="getTemp[com.temp.test.City@2d39b4ac](78)" classname="com.temp.test.TestsWeather" time="0.835">
    <failure message="For city Srinagar: The Actual temp is 10.160004 and expected is 26.0 expected [26.0] but found [10.160004]" type="java.lang.AssertionError"><![CDATA[java.lang.AssertionError: For city Srinagar: The Actual temp is 10.160004 and expected is 26.0 expected [26.0] but found [10.160004]
	at com.temp.test.TestsWeather.getTemp(TestsWeather.java:224)
]]></failure>
    <system-out><![CDATA[95783 [TestNG-PoolService-6] DEBUG org.apache.http.wire  -  << "HTTP/1.1 200 OK[\r][\n]"
95783 [TestNG-PoolService-6] DEBUG org.apache.http.wire  -  << "Server: openresty[\r][\n]"
95783 [TestNG-PoolService-6] DEBUG org.apache.http.wire  -  << "Date: Wed, 14 Oct 2020 23:48:19 GMT[\r][\n]"
95783 [TestNG-PoolService-6] DEBUG org.apache.http.wire  -  << "Content-Type: application/json; charset=utf-8[\r][\n]"
95783 [TestNG-PoolService-6] DEBUG org.apache.http.wire  -  << "Content-Length: 480[\r][\n]"
95783 [TestNG-PoolService-6] DEBUG org.apache.http.wire  -  << "Connection: keep-alive[\r][\n]"
95783 [TestNG-PoolService-6] DEBUG org.apache.http.wire  -  << "X-Cache-Key: /data/2.5/weather?q=srinagar[\r][\n]"
95783 [TestNG-PoolService-6] DEBUG org.apache.http.wire  -  << "Access-Control-Allow-Origin: *[\r][\n]"
95783 [TestNG-PoolService-6] DEBUG org.apache.http.wire  -  << "Access-Control-Allow-Credentials: true[\r][\n]"
95783 [TestNG-PoolService-6] DEBUG org.apache.http.wire  -  << "Access-Control-Allow-Methods: GET, POST[\r][\n]"
95783 [TestNG-PoolService-6] DEBUG org.apache.http.wire  -  << "[\r][\n]"
95783 [TestNG-PoolService-6] DEBUG org.apache.http.impl.conn.DefaultClientConnection  - Receiving response: HTTP/1.1 200 OK
95783 [TestNG-PoolService-6] DEBUG org.apache.http.headers  - << HTTP/1.1 200 OK
95783 [TestNG-PoolService-6] DEBUG org.apache.http.headers  - << Server: openresty
95783 [TestNG-PoolService-6] DEBUG org.apache.http.headers  - << Date: Wed, 14 Oct 2020 23:48:19 GMT
95783 [TestNG-PoolService-6] DEBUG org.apache.http.headers  - << Content-Type: application/json; charset=utf-8
95783 [TestNG-PoolService-6] DEBUG org.apache.http.headers  - << Content-Length: 480
95783 [TestNG-PoolService-6] DEBUG org.apache.http.headers  - << Connection: keep-alive
95783 [TestNG-PoolService-6] DEBUG org.apache.http.headers  - << X-Cache-Key: /data/2.5/weather?q=srinagar
95783 [TestNG-PoolService-6] DEBUG org.apache.http.headers  - << Access-Control-Allow-Origin: *
95783 [TestNG-PoolService-6] DEBUG org.apache.http.headers  - << Access-Control-Allow-Credentials: true
95783 [TestNG-PoolService-6] DEBUG org.apache.http.headers  - << Access-Control-Allow-Methods: GET, POST
95783 [TestNG-PoolService-6] DEBUG org.apache.http.impl.client.DefaultHttpClient  - Connection can be kept alive indefinitely
95784 [TestNG-PoolService-6] DEBUG io.restassured.internal.RequestSpecificationImpl$RestAssuredHttpBuilder  - Parsing response as: application/json; charset=utf-8
95784 [TestNG-PoolService-6] DEBUG io.restassured.internal.RequestSpecificationImpl$RestAssuredHttpBuilder  - Parsed data to instance of: class org.apache.http.conn.EofSensorInputStream
io.restassured.internal.RestAssuredResponseImpl@2d2fe6a7
95784 [TestNG-PoolService-6] DEBUG org.apache.http.wire  -  << "{"coord":{"lon":74.82,"lat":34.08},"weather":[{"id":800,"main":"Clear","description":"clear sky","icon":"01n"}],"base":"stations","main":{"temp":283.31,"feels_like":280.97,"temp_min":283.31,"temp_max":283.31,"pressure":1016,"humidity":47,"sea_level":1016,"grnd_level":843},"visibility":10000,"wind":{"speed":0.38,"deg":56},"clouds":{"all":0},"dt":1602719213,"sys":{"country":"IN","sunrise":1602723944,"sunset":1602764812},"timezone":19800,"id":1255634,"name":"Srinagar","cod":200}"
95784 [TestNG-PoolService-6] DEBUG org.apache.http.impl.conn.BasicClientConnectionManager  - Releasing connection org.apache.http.impl.conn.ManagedClientConnectionImpl@23463e69
95784 [TestNG-PoolService-6] DEBUG org.apache.http.impl.conn.BasicClientConnectionManager  - Connection can be kept alive indefinitely
{"coord":{"lon":74.82,"lat":34.08},"weather":[{"id":800,"main":"Clear","description":"clear sky","icon":"01n"}],"base":"stations","main":{"temp":283.31,"feels_like":280.97,"temp_min":283.31,"temp_max":283.31,"pressure":1016,"humidity":47,"sea_level":1016,"grnd_level":843},"visibility":10000,"wind":{"speed":0.38,"deg":56},"clouds":{"all":0},"dt":1602719213,"sys":{"country":"IN","sunrise":1602723944,"sunset":1602764812},"timezone":19800,"id":1255634,"name":"Srinagar","cod":200}
283.31
Celsius: 10.160004
95785 [TestNG-PoolService-6] INFO org.apache.log4j.Logger  - Temperature from API is 10.160004 for City Srinagar
95785 [TestNG-PoolService-6] ERROR org.apache.log4j.Logger  - FAIL: Difference between the API 10.160004 and UI 26.0 temp: 15.839996 for City Srinagar is greater than variance set:10
96433 [TestNG-PoolService-1] INFO org.apache.log4j.Logger  - Temperature on UI is 33.0 for City Surat
96433 [TestNG-PoolService-1] INFO org.apache.log4j.Logger  - Get Temp using API
96436 [TestNG-PoolService-1] DEBUG org.apache.http.impl.conn.BasicClientConnectionManager  - Get connection for route {}->http://api.openweathermap.org:80
96436 [TestNG-PoolService-1] DEBUG org.apache.http.impl.conn.DefaultClientConnectionOperator  - Connecting to api.openweathermap.org:80
]]></system-out>
  </testcase>
  <testcase name="getTemp[com.temp.test.City@af07314](79)" classname="com.temp.test.TestsWeather" time="3.067">
    <system-out><![CDATA[96497 [TestNG-PoolService-1] DEBUG org.apache.http.client.protocol.RequestAddCookies  - CookieSpec selected: ignoreCookies
96497 [TestNG-PoolService-1] DEBUG org.apache.http.client.protocol.RequestAuthCache  - Auth cache not set in the context
96497 [TestNG-PoolService-1] DEBUG org.apache.http.client.protocol.RequestTargetAuthentication  - Target auth state: UNCHALLENGED
96497 [TestNG-PoolService-1] DEBUG org.apache.http.client.protocol.RequestProxyAuthentication  - Proxy auth state: UNCHALLENGED
96497 [TestNG-PoolService-1] DEBUG org.apache.http.impl.client.DefaultHttpClient  - Attempt 1 to execute request
96497 [TestNG-PoolService-1] DEBUG org.apache.http.impl.conn.DefaultClientConnection  - Sending request: GET /data/2.5/weather?q=Surat&appid=7fe67bf08c80ded756e598d6f8fedaea HTTP/1.1
96497 [TestNG-PoolService-1] DEBUG org.apache.http.wire  -  >> "GET /data/2.5/weather?q=Surat&appid=7fe67bf08c80ded756e598d6f8fedaea HTTP/1.1[\r][\n]"
96497 [TestNG-PoolService-1] DEBUG org.apache.http.wire  -  >> "Accept: */*[\r][\n]"
96497 [TestNG-PoolService-1] DEBUG org.apache.http.wire  -  >> "Host: api.openweathermap.org[\r][\n]"
96497 [TestNG-PoolService-1] DEBUG org.apache.http.wire  -  >> "Connection: Keep-Alive[\r][\n]"
96497 [TestNG-PoolService-1] DEBUG org.apache.http.wire  -  >> "User-Agent: Apache-HttpClient/4.5.3 (Java/1.8.0_201)[\r][\n]"
96497 [TestNG-PoolService-1] DEBUG org.apache.http.wire  -  >> "Accept-Encoding: gzip,deflate[\r][\n]"
96497 [TestNG-PoolService-1] DEBUG org.apache.http.wire  -  >> "[\r][\n]"
96497 [TestNG-PoolService-1] DEBUG org.apache.http.headers  - >> GET /data/2.5/weather?q=Surat&appid=7fe67bf08c80ded756e598d6f8fedaea HTTP/1.1
96497 [TestNG-PoolService-1] DEBUG org.apache.http.headers  - >> Accept: */*
96497 [TestNG-PoolService-1] DEBUG org.apache.http.headers  - >> Host: api.openweathermap.org
96497 [TestNG-PoolService-1] DEBUG org.apache.http.headers  - >> Connection: Keep-Alive
96497 [TestNG-PoolService-1] DEBUG org.apache.http.headers  - >> User-Agent: Apache-HttpClient/4.5.3 (Java/1.8.0_201)
96497 [TestNG-PoolService-1] DEBUG org.apache.http.headers  - >> Accept-Encoding: gzip,deflate
96562 [TestNG-PoolService-1] DEBUG org.apache.http.wire  -  << "HTTP/1.1 200 OK[\r][\n]"
96562 [TestNG-PoolService-1] DEBUG org.apache.http.wire  -  << "Server: openresty[\r][\n]"
96562 [TestNG-PoolService-1] DEBUG org.apache.http.wire  -  << "Date: Wed, 14 Oct 2020 23:48:20 GMT[\r][\n]"
96562 [TestNG-PoolService-1] DEBUG org.apache.http.wire  -  << "Content-Type: application/json; charset=utf-8[\r][\n]"
96562 [TestNG-PoolService-1] DEBUG org.apache.http.wire  -  << "Content-Length: 500[\r][\n]"
96562 [TestNG-PoolService-1] DEBUG org.apache.http.wire  -  << "Connection: keep-alive[\r][\n]"
96562 [TestNG-PoolService-1] DEBUG org.apache.http.wire  -  << "X-Cache-Key: /data/2.5/weather?q=surat[\r][\n]"
96562 [TestNG-PoolService-1] DEBUG org.apache.http.wire  -  << "Access-Control-Allow-Origin: *[\r][\n]"
96562 [TestNG-PoolService-1] DEBUG org.apache.http.wire  -  << "Access-Control-Allow-Credentials: true[\r][\n]"
96562 [TestNG-PoolService-1] DEBUG org.apache.http.wire  -  << "Access-Control-Allow-Methods: GET, POST[\r][\n]"
96562 [TestNG-PoolService-1] DEBUG org.apache.http.wire  -  << "[\r][\n]"
96562 [TestNG-PoolService-1] DEBUG org.apache.http.impl.conn.DefaultClientConnection  - Receiving response: HTTP/1.1 200 OK
96563 [TestNG-PoolService-1] DEBUG org.apache.http.headers  - << HTTP/1.1 200 OK
96563 [TestNG-PoolService-1] DEBUG org.apache.http.headers  - << Server: openresty
96563 [TestNG-PoolService-1] DEBUG org.apache.http.headers  - << Date: Wed, 14 Oct 2020 23:48:20 GMT
96563 [TestNG-PoolService-1] DEBUG org.apache.http.headers  - << Content-Type: application/json; charset=utf-8
96563 [TestNG-PoolService-1] DEBUG org.apache.http.headers  - << Content-Length: 500
96563 [TestNG-PoolService-1] DEBUG org.apache.http.headers  - << Connection: keep-alive
96563 [TestNG-PoolService-1] DEBUG org.apache.http.headers  - << X-Cache-Key: /data/2.5/weather?q=surat
96563 [TestNG-PoolService-1] DEBUG org.apache.http.headers  - << Access-Control-Allow-Origin: *
96563 [TestNG-PoolService-1] DEBUG org.apache.http.headers  - << Access-Control-Allow-Credentials: true
96563 [TestNG-PoolService-1] DEBUG org.apache.http.headers  - << Access-Control-Allow-Methods: GET, POST
96563 [TestNG-PoolService-1] DEBUG org.apache.http.impl.client.DefaultHttpClient  - Connection can be kept alive indefinitely
96563 [TestNG-PoolService-1] DEBUG io.restassured.internal.RequestSpecificationImpl$RestAssuredHttpBuilder  - Parsing response as: application/json; charset=utf-8
96563 [TestNG-PoolService-1] DEBUG io.restassured.internal.RequestSpecificationImpl$RestAssuredHttpBuilder  - Parsed data to instance of: class org.apache.http.conn.EofSensorInputStream
io.restassured.internal.RestAssuredResponseImpl@7f787e3
96563 [TestNG-PoolService-1] DEBUG org.apache.http.wire  -  << "{"coord":{"lon":72.83,"lat":21.17},"weather":[{"id":500,"main":"Rain","description":"light rain","icon":"10n"}],"base":"stations","main":{"temp":300.84,"feels_like":306.03,"temp_min":300.84,"temp_max":300.84,"pressure":1003,"humidity":78,"sea_level":1003,"grnd_level":1001},"visibility":10000,"wind":{"speed":0.48,"deg":285},"rain":{"1h":0.14},"clouds":{"all":100},"dt":1602719052,"sys":{"country":"IN","sunrise":1602723845,"sunset":1602765865},"timezone":19800,"id":1255364,"name":"Surat","cod":200}"
96563 [TestNG-PoolService-1] DEBUG org.apache.http.impl.conn.BasicClientConnectionManager  - Releasing connection org.apache.http.impl.conn.ManagedClientConnectionImpl@3cbf4a0d
96563 [TestNG-PoolService-1] DEBUG org.apache.http.impl.conn.BasicClientConnectionManager  - Connection can be kept alive indefinitely
{"coord":{"lon":72.83,"lat":21.17},"weather":[{"id":500,"main":"Rain","description":"light rain","icon":"10n"}],"base":"stations","main":{"temp":300.84,"feels_like":306.03,"temp_min":300.84,"temp_max":300.84,"pressure":1003,"humidity":78,"sea_level":1003,"grnd_level":1001},"visibility":10000,"wind":{"speed":0.48,"deg":285},"rain":{"1h":0.14},"clouds":{"all":100},"dt":1602719052,"sys":{"country":"IN","sunrise":1602723845,"sunset":1602765865},"timezone":19800,"id":1255364,"name":"Surat","cod":200}
300.84
Celsius: 27.690002
96564 [TestNG-PoolService-1] INFO org.apache.log4j.Logger  - Temperature from API is 27.690002 for City Surat
96564 [TestNG-PoolService-1] INFO org.apache.log4j.Logger  - PASS: Difference between the API 27.690002 and UI 33.0 temp: 5.3099976 for City Surat is less than variance set: 10
97252 [Finalizer] DEBUG org.apache.http.impl.conn.DefaultClientConnection  - Connection 0.0.0.0:55584<->178.128.122.9:80 closed
97252 [Finalizer] DEBUG org.apache.http.impl.conn.DefaultClientConnection  - Connection 0.0.0.0:55585<->178.128.122.9:80 closed
97310 [TestNG-PoolService-0] INFO org.apache.log4j.Logger  - Temperature on UI is 33.0 for City Tirupati
97310 [TestNG-PoolService-0] INFO org.apache.log4j.Logger  - Get Temp using API
97313 [TestNG-PoolService-0] DEBUG org.apache.http.impl.conn.BasicClientConnectionManager  - Get connection for route {}->http://api.openweathermap.org:80
97313 [TestNG-PoolService-0] DEBUG org.apache.http.impl.conn.DefaultClientConnectionOperator  - Connecting to api.openweathermap.org:80
97371 [TestNG-PoolService-0] DEBUG org.apache.http.client.protocol.RequestAddCookies  - CookieSpec selected: ignoreCookies
97371 [TestNG-PoolService-0] DEBUG org.apache.http.client.protocol.RequestAuthCache  - Auth cache not set in the context
97371 [TestNG-PoolService-0] DEBUG org.apache.http.client.protocol.RequestTargetAuthentication  - Target auth state: UNCHALLENGED
97371 [TestNG-PoolService-0] DEBUG org.apache.http.client.protocol.RequestProxyAuthentication  - Proxy auth state: UNCHALLENGED
97371 [TestNG-PoolService-0] DEBUG org.apache.http.impl.client.DefaultHttpClient  - Attempt 1 to execute request
97371 [TestNG-PoolService-0] DEBUG org.apache.http.impl.conn.DefaultClientConnection  - Sending request: GET /data/2.5/weather?q=Tirupati&appid=7fe67bf08c80ded756e598d6f8fedaea HTTP/1.1
97371 [TestNG-PoolService-0] DEBUG org.apache.http.wire  -  >> "GET /data/2.5/weather?q=Tirupati&appid=7fe67bf08c80ded756e598d6f8fedaea HTTP/1.1[\r][\n]"
97371 [TestNG-PoolService-0] DEBUG org.apache.http.wire  -  >> "Accept: */*[\r][\n]"
97371 [TestNG-PoolService-0] DEBUG org.apache.http.wire  -  >> "Host: api.openweathermap.org[\r][\n]"
97371 [TestNG-PoolService-0] DEBUG org.apache.http.wire  -  >> "Connection: Keep-Alive[\r][\n]"
97371 [TestNG-PoolService-0] DEBUG org.apache.http.wire  -  >> "User-Agent: Apache-HttpClient/4.5.3 (Java/1.8.0_201)[\r][\n]"
97371 [TestNG-PoolService-0] DEBUG org.apache.http.wire  -  >> "Accept-Encoding: gzip,deflate[\r][\n]"
97371 [TestNG-PoolService-0] DEBUG org.apache.http.wire  -  >> "[\r][\n]"
97371 [TestNG-PoolService-0] DEBUG org.apache.http.headers  - >> GET /data/2.5/weather?q=Tirupati&appid=7fe67bf08c80ded756e598d6f8fedaea HTTP/1.1
97371 [TestNG-PoolService-0] DEBUG org.apache.http.headers  - >> Accept: */*
97371 [TestNG-PoolService-0] DEBUG org.apache.http.headers  - >> Host: api.openweathermap.org
97371 [TestNG-PoolService-0] DEBUG org.apache.http.headers  - >> Connection: Keep-Alive
97371 [TestNG-PoolService-0] DEBUG org.apache.http.headers  - >> User-Agent: Apache-HttpClient/4.5.3 (Java/1.8.0_201)
97371 [TestNG-PoolService-0] DEBUG org.apache.http.headers  - >> Accept-Encoding: gzip,deflate
97459 [TestNG-PoolService-0] DEBUG org.apache.http.wire  -  << "HTTP/1.1 200 OK[\r][\n]"
97460 [TestNG-PoolService-0] DEBUG org.apache.http.wire  -  << "Server: openresty[\r][\n]"
97460 [TestNG-PoolService-0] DEBUG org.apache.http.wire  -  << "Date: Wed, 14 Oct 2020 23:48:21 GMT[\r][\n]"
97460 [TestNG-PoolService-0] DEBUG org.apache.http.wire  -  << "Content-Type: application/json; charset=utf-8[\r][\n]"
97460 [TestNG-PoolService-0] DEBUG org.apache.http.wire  -  << "Content-Length: 498[\r][\n]"
97460 [TestNG-PoolService-0] DEBUG org.apache.http.wire  -  << "Connection: keep-alive[\r][\n]"
97460 [TestNG-PoolService-0] DEBUG org.apache.http.wire  -  << "X-Cache-Key: /data/2.5/weather?q=tirupati[\r][\n]"
97460 [TestNG-PoolService-0] DEBUG org.apache.http.wire  -  << "Access-Control-Allow-Origin: *[\r][\n]"
97460 [TestNG-PoolService-0] DEBUG org.apache.http.wire  -  << "Access-Control-Allow-Credentials: true[\r][\n]"
97460 [TestNG-PoolService-0] DEBUG org.apache.http.wire  -  << "Access-Control-Allow-Methods: GET, POST[\r][\n]"
97460 [TestNG-PoolService-0] DEBUG org.apache.http.wire  -  << "[\r][\n]"
97460 [TestNG-PoolService-0] DEBUG org.apache.http.impl.conn.DefaultClientConnection  - Receiving response: HTTP/1.1 200 OK
97460 [TestNG-PoolService-0] DEBUG org.apache.http.headers  - << HTTP/1.1 200 OK
97460 [TestNG-PoolService-0] DEBUG org.apache.http.headers  - << Server: openresty
97460 [TestNG-PoolService-0] DEBUG org.apache.http.headers  - << Date: Wed, 14 Oct 2020 23:48:21 GMT
97460 [TestNG-PoolService-0] DEBUG org.apache.http.headers  - << Content-Type: application/json; charset=utf-8
97460 [TestNG-PoolService-0] DEBUG org.apache.http.headers  - << Content-Length: 498
97460 [TestNG-PoolService-0] DEBUG org.apache.http.headers  - << Connection: keep-alive
97460 [TestNG-PoolService-0] DEBUG org.apache.http.headers  - << X-Cache-Key: /data/2.5/weather?q=tirupati
97460 [TestNG-PoolService-0] DEBUG org.apache.http.headers  - << Access-Control-Allow-Origin: *
97460 [TestNG-PoolService-0] DEBUG org.apache.http.headers  - << Access-Control-Allow-Credentials: true
97460 [TestNG-PoolService-0] DEBUG org.apache.http.headers  - << Access-Control-Allow-Methods: GET, POST
97461 [TestNG-PoolService-0] DEBUG org.apache.http.impl.client.DefaultHttpClient  - Connection can be kept alive indefinitely
97461 [TestNG-PoolService-0] DEBUG io.restassured.internal.RequestSpecificationImpl$RestAssuredHttpBuilder  - Parsing response as: application/json; charset=utf-8
97462 [TestNG-PoolService-0] DEBUG io.restassured.internal.RequestSpecificationImpl$RestAssuredHttpBuilder  - Parsed data to instance of: class org.apache.http.conn.EofSensorInputStream
io.restassured.internal.RestAssuredResponseImpl@22e6d302
97463 [TestNG-PoolService-0] DEBUG org.apache.http.wire  -  << "{"coord":{"lon":79.42,"lat":13.65},"weather":[{"id":803,"main":"Clouds","description":"broken clouds","icon":"04n"}],"base":"stations","main":{"temp":296.86,"feels_like":298.87,"temp_min":296.86,"temp_max":296.86,"pressure":1004,"humidity":73,"sea_level":1004,"grnd_level":985},"visibility":10000,"wind":{"speed":1.48,"deg":244},"clouds":{"all":57},"dt":1602719301,"sys":{"country":"IN","sunrise":1602721972,"sunset":1602764576},"timezone":19800,"id":1254360,"name":"Tirumala - Tirupati","cod":200}"
97463 [TestNG-PoolService-0] DEBUG org.apache.http.impl.conn.BasicClientConnectionManager  - Releasing connection org.apache.http.impl.conn.ManagedClientConnectionImpl@2678dfde
97463 [TestNG-PoolService-0] DEBUG org.apache.http.impl.conn.BasicClientConnectionManager  - Connection can be kept alive indefinitely
{"coord":{"lon":79.42,"lat":13.65},"weather":[{"id":803,"main":"Clouds","description":"broken clouds","icon":"04n"}],"base":"stations","main":{"temp":296.86,"feels_like":298.87,"temp_min":296.86,"temp_max":296.86,"pressure":1004,"humidity":73,"sea_level":1004,"grnd_level":985},"visibility":10000,"wind":{"speed":1.48,"deg":244},"clouds":{"all":57},"dt":1602719301,"sys":{"country":"IN","sunrise":1602721972,"sunset":1602764576},"timezone":19800,"id":1254360,"name":"Tirumala - Tirupati","cod":200}
296.86
Celsius: 23.709991
97464 [TestNG-PoolService-0] INFO org.apache.log4j.Logger  - Temperature from API is 23.709991 for City Tirupati
97464 [TestNG-PoolService-0] INFO org.apache.log4j.Logger  - PASS: Difference between the API 23.709991 and UI 33.0 temp: 9.290009 for City Tirupati is less than variance set: 10
97897 [Finalizer] DEBUG org.apache.http.impl.conn.DefaultClientConnection  - Connection 0.0.0.0:55587<->178.128.122.9:80 closed
]]></system-out>
  </testcase>
  <testcase name="getTemp[com.temp.test.City@2d013d6f](80)" classname="com.temp.test.TestsWeather" time="3.082">
    <system-out><![CDATA[98478 [TestNG-PoolService-7] INFO org.apache.log4j.Logger  - Temperature on UI is 32.0 for City Udaipur
98478 [TestNG-PoolService-7] INFO org.apache.log4j.Logger  - Get Temp using API
98484 [TestNG-PoolService-7] DEBUG org.apache.http.impl.conn.BasicClientConnectionManager  - Get connection for route {}->http://api.openweathermap.org:80
98484 [TestNG-PoolService-7] DEBUG org.apache.http.impl.conn.DefaultClientConnectionOperator  - Connecting to api.openweathermap.org:80
]]></system-out>
  </testcase>
  <testcase name="getTemp[com.temp.test.City@3387131](81)" classname="com.temp.test.TestsWeather" time="4.496">
    <system-out><![CDATA[98535 [TestNG-PoolService-2] INFO org.apache.log4j.Logger  - Temperature on UI is 35.0 for City Vadodara
98535 [TestNG-PoolService-2] INFO org.apache.log4j.Logger  - Get Temp using API
98539 [TestNG-PoolService-2] DEBUG org.apache.http.impl.conn.BasicClientConnectionManager  - Get connection for route {}->http://api.openweathermap.org:80
98539 [TestNG-PoolService-2] DEBUG org.apache.http.impl.conn.DefaultClientConnectionOperator  - Connecting to api.openweathermap.org:80
98545 [TestNG-PoolService-7] DEBUG org.apache.http.client.protocol.RequestAddCookies  - CookieSpec selected: ignoreCookies
98545 [TestNG-PoolService-7] DEBUG org.apache.http.client.protocol.RequestAuthCache  - Auth cache not set in the context
98545 [TestNG-PoolService-7] DEBUG org.apache.http.client.protocol.RequestTargetAuthentication  - Target auth state: UNCHALLENGED
98545 [TestNG-PoolService-7] DEBUG org.apache.http.client.protocol.RequestProxyAuthentication  - Proxy auth state: UNCHALLENGED
98545 [TestNG-PoolService-7] DEBUG org.apache.http.impl.client.DefaultHttpClient  - Attempt 1 to execute request
98545 [TestNG-PoolService-7] DEBUG org.apache.http.impl.conn.DefaultClientConnection  - Sending request: GET /data/2.5/weather?q=Udaipur&appid=7fe67bf08c80ded756e598d6f8fedaea HTTP/1.1
98545 [TestNG-PoolService-7] DEBUG org.apache.http.wire  -  >> "GET /data/2.5/weather?q=Udaipur&appid=7fe67bf08c80ded756e598d6f8fedaea HTTP/1.1[\r][\n]"
98545 [TestNG-PoolService-7] DEBUG org.apache.http.wire  -  >> "Accept: */*[\r][\n]"
98545 [TestNG-PoolService-7] DEBUG org.apache.http.wire  -  >> "Host: api.openweathermap.org[\r][\n]"
98545 [TestNG-PoolService-7] DEBUG org.apache.http.wire  -  >> "Connection: Keep-Alive[\r][\n]"
98545 [TestNG-PoolService-7] DEBUG org.apache.http.wire  -  >> "User-Agent: Apache-HttpClient/4.5.3 (Java/1.8.0_201)[\r][\n]"
98545 [TestNG-PoolService-7] DEBUG org.apache.http.wire  -  >> "Accept-Encoding: gzip,deflate[\r][\n]"
98545 [TestNG-PoolService-7] DEBUG org.apache.http.wire  -  >> "[\r][\n]"
98545 [TestNG-PoolService-7] DEBUG org.apache.http.headers  - >> GET /data/2.5/weather?q=Udaipur&appid=7fe67bf08c80ded756e598d6f8fedaea HTTP/1.1
98545 [TestNG-PoolService-7] DEBUG org.apache.http.headers  - >> Accept: */*
98545 [TestNG-PoolService-7] DEBUG org.apache.http.headers  - >> Host: api.openweathermap.org
98545 [TestNG-PoolService-7] DEBUG org.apache.http.headers  - >> Connection: Keep-Alive
98545 [TestNG-PoolService-7] DEBUG org.apache.http.headers  - >> User-Agent: Apache-HttpClient/4.5.3 (Java/1.8.0_201)
98545 [TestNG-PoolService-7] DEBUG org.apache.http.headers  - >> Accept-Encoding: gzip,deflate
98598 [TestNG-PoolService-2] DEBUG org.apache.http.client.protocol.RequestAddCookies  - CookieSpec selected: ignoreCookies
98599 [TestNG-PoolService-2] DEBUG org.apache.http.client.protocol.RequestAuthCache  - Auth cache not set in the context
98599 [TestNG-PoolService-2] DEBUG org.apache.http.client.protocol.RequestTargetAuthentication  - Target auth state: UNCHALLENGED
98599 [TestNG-PoolService-2] DEBUG org.apache.http.client.protocol.RequestProxyAuthentication  - Proxy auth state: UNCHALLENGED
98599 [TestNG-PoolService-2] DEBUG org.apache.http.impl.client.DefaultHttpClient  - Attempt 1 to execute request
98599 [TestNG-PoolService-2] DEBUG org.apache.http.impl.conn.DefaultClientConnection  - Sending request: GET /data/2.5/weather?q=Vadodara&appid=7fe67bf08c80ded756e598d6f8fedaea HTTP/1.1
98599 [TestNG-PoolService-2] DEBUG org.apache.http.wire  -  >> "GET /data/2.5/weather?q=Vadodara&appid=7fe67bf08c80ded756e598d6f8fedaea HTTP/1.1[\r][\n]"
98599 [TestNG-PoolService-2] DEBUG org.apache.http.wire  -  >> "Accept: */*[\r][\n]"
98599 [TestNG-PoolService-2] DEBUG org.apache.http.wire  -  >> "Host: api.openweathermap.org[\r][\n]"
98599 [TestNG-PoolService-2] DEBUG org.apache.http.wire  -  >> "Connection: Keep-Alive[\r][\n]"
98599 [TestNG-PoolService-2] DEBUG org.apache.http.wire  -  >> "User-Agent: Apache-HttpClient/4.5.3 (Java/1.8.0_201)[\r][\n]"
98599 [TestNG-PoolService-2] DEBUG org.apache.http.wire  -  >> "Accept-Encoding: gzip,deflate[\r][\n]"
98599 [TestNG-PoolService-2] DEBUG org.apache.http.wire  -  >> "[\r][\n]"
98599 [TestNG-PoolService-2] DEBUG org.apache.http.headers  - >> GET /data/2.5/weather?q=Vadodara&appid=7fe67bf08c80ded756e598d6f8fedaea HTTP/1.1
98599 [TestNG-PoolService-2] DEBUG org.apache.http.headers  - >> Accept: */*
98599 [TestNG-PoolService-2] DEBUG org.apache.http.headers  - >> Host: api.openweathermap.org
98599 [TestNG-PoolService-2] DEBUG org.apache.http.headers  - >> Connection: Keep-Alive
98599 [TestNG-PoolService-2] DEBUG org.apache.http.headers  - >> User-Agent: Apache-HttpClient/4.5.3 (Java/1.8.0_201)
98599 [TestNG-PoolService-2] DEBUG org.apache.http.headers  - >> Accept-Encoding: gzip,deflate
98620 [TestNG-PoolService-7] DEBUG org.apache.http.wire  -  << "HTTP/1.1 200 OK[\r][\n]"
98620 [TestNG-PoolService-7] DEBUG org.apache.http.wire  -  << "Server: openresty[\r][\n]"
98620 [TestNG-PoolService-7] DEBUG org.apache.http.wire  -  << "Date: Wed, 14 Oct 2020 23:48:22 GMT[\r][\n]"
98620 [TestNG-PoolService-7] DEBUG org.apache.http.wire  -  << "Content-Type: application/json; charset=utf-8[\r][\n]"
98620 [TestNG-PoolService-7] DEBUG org.apache.http.wire  -  << "Content-Length: 485[\r][\n]"
98620 [TestNG-PoolService-7] DEBUG org.apache.http.wire  -  << "Connection: keep-alive[\r][\n]"
98620 [TestNG-PoolService-7] DEBUG org.apache.http.wire  -  << "X-Cache-Key: /data/2.5/weather?q=udaipur[\r][\n]"
98620 [TestNG-PoolService-7] DEBUG org.apache.http.wire  -  << "Access-Control-Allow-Origin: *[\r][\n]"
98620 [TestNG-PoolService-7] DEBUG org.apache.http.wire  -  << "Access-Control-Allow-Credentials: true[\r][\n]"
98620 [TestNG-PoolService-7] DEBUG org.apache.http.wire  -  << "Access-Control-Allow-Methods: GET, POST[\r][\n]"
98620 [TestNG-PoolService-7] DEBUG org.apache.http.wire  -  << "[\r][\n]"
98620 [TestNG-PoolService-7] DEBUG org.apache.http.impl.conn.DefaultClientConnection  - Receiving response: HTTP/1.1 200 OK
98620 [TestNG-PoolService-7] DEBUG org.apache.http.headers  - << HTTP/1.1 200 OK
98620 [TestNG-PoolService-7] DEBUG org.apache.http.headers  - << Server: openresty
98620 [TestNG-PoolService-7] DEBUG org.apache.http.headers  - << Date: Wed, 14 Oct 2020 23:48:22 GMT
98620 [TestNG-PoolService-7] DEBUG org.apache.http.headers  - << Content-Type: application/json; charset=utf-8
98620 [TestNG-PoolService-7] DEBUG org.apache.http.headers  - << Content-Length: 485
98620 [TestNG-PoolService-7] DEBUG org.apache.http.headers  - << Connection: keep-alive
98620 [TestNG-PoolService-7] DEBUG org.apache.http.headers  - << X-Cache-Key: /data/2.5/weather?q=udaipur
98620 [TestNG-PoolService-7] DEBUG org.apache.http.headers  - << Access-Control-Allow-Origin: *
98620 [TestNG-PoolService-7] DEBUG org.apache.http.headers  - << Access-Control-Allow-Credentials: true
98620 [TestNG-PoolService-7] DEBUG org.apache.http.headers  - << Access-Control-Allow-Methods: GET, POST
98620 [TestNG-PoolService-7] DEBUG org.apache.http.impl.client.DefaultHttpClient  - Connection can be kept alive indefinitely
98621 [TestNG-PoolService-7] DEBUG io.restassured.internal.RequestSpecificationImpl$RestAssuredHttpBuilder  - Parsing response as: application/json; charset=utf-8
98621 [TestNG-PoolService-7] DEBUG io.restassured.internal.RequestSpecificationImpl$RestAssuredHttpBuilder  - Parsed data to instance of: class org.apache.http.conn.EofSensorInputStream
io.restassured.internal.RestAssuredResponseImpl@3929549b
98621 [TestNG-PoolService-7] DEBUG org.apache.http.wire  -  << "{"coord":{"lon":73.69,"lat":24.57},"weather":[{"id":803,"main":"Clouds","description":"broken clouds","icon":"04n"}],"base":"stations","main":{"temp":296.73,"feels_like":296.04,"temp_min":296.73,"temp_max":296.73,"pressure":1005,"humidity":52,"sea_level":1005,"grnd_level":940},"visibility":10000,"wind":{"speed":2.38,"deg":23},"clouds":{"all":67},"dt":1602719302,"sys":{"country":"IN","sunrise":1602723779,"sunset":1602765518},"timezone":19800,"id":1253986,"name":"Udaipur","cod":200}"
98621 [TestNG-PoolService-7] DEBUG org.apache.http.impl.conn.BasicClientConnectionManager  - Releasing connection org.apache.http.impl.conn.ManagedClientConnectionImpl@e787197
98621 [TestNG-PoolService-7] DEBUG org.apache.http.impl.conn.BasicClientConnectionManager  - Connection can be kept alive indefinitely
{"coord":{"lon":73.69,"lat":24.57},"weather":[{"id":803,"main":"Clouds","description":"broken clouds","icon":"04n"}],"base":"stations","main":{"temp":296.73,"feels_like":296.04,"temp_min":296.73,"temp_max":296.73,"pressure":1005,"humidity":52,"sea_level":1005,"grnd_level":940},"visibility":10000,"wind":{"speed":2.38,"deg":23},"clouds":{"all":67},"dt":1602719302,"sys":{"country":"IN","sunrise":1602723779,"sunset":1602765518},"timezone":19800,"id":1253986,"name":"Udaipur","cod":200}
296.73
Celsius: 23.580017
98621 [TestNG-PoolService-7] INFO org.apache.log4j.Logger  - Temperature from API is 23.580017 for City Udaipur
98621 [TestNG-PoolService-7] INFO org.apache.log4j.Logger  - PASS: Difference between the API 23.580017 and UI 32.0 temp: 8.419983 for City Udaipur is less than variance set: 10
98677 [TestNG-PoolService-2] DEBUG org.apache.http.wire  -  << "HTTP/1.1 200 OK[\r][\n]"
98677 [TestNG-PoolService-2] DEBUG org.apache.http.wire  -  << "Server: openresty[\r][\n]"
98677 [TestNG-PoolService-2] DEBUG org.apache.http.wire  -  << "Date: Wed, 14 Oct 2020 23:48:22 GMT[\r][\n]"
98677 [TestNG-PoolService-2] DEBUG org.apache.http.wire  -  << "Content-Type: application/json; charset=utf-8[\r][\n]"
98677 [TestNG-PoolService-2] DEBUG org.apache.http.wire  -  << "Content-Length: 486[\r][\n]"
98677 [TestNG-PoolService-2] DEBUG org.apache.http.wire  -  << "Connection: keep-alive[\r][\n]"
98677 [TestNG-PoolService-2] DEBUG org.apache.http.wire  -  << "X-Cache-Key: /data/2.5/weather?q=vadodara[\r][\n]"
98677 [TestNG-PoolService-2] DEBUG org.apache.http.wire  -  << "Access-Control-Allow-Origin: *[\r][\n]"
98677 [TestNG-PoolService-2] DEBUG org.apache.http.wire  -  << "Access-Control-Allow-Credentials: true[\r][\n]"
98677 [TestNG-PoolService-2] DEBUG org.apache.http.wire  -  << "Access-Control-Allow-Methods: GET, POST[\r][\n]"
98677 [TestNG-PoolService-2] DEBUG org.apache.http.wire  -  << "[\r][\n]"
98677 [TestNG-PoolService-2] DEBUG org.apache.http.impl.conn.DefaultClientConnection  - Receiving response: HTTP/1.1 200 OK
98677 [TestNG-PoolService-2] DEBUG org.apache.http.headers  - << HTTP/1.1 200 OK
98677 [TestNG-PoolService-2] DEBUG org.apache.http.headers  - << Server: openresty
98677 [TestNG-PoolService-2] DEBUG org.apache.http.headers  - << Date: Wed, 14 Oct 2020 23:48:22 GMT
98677 [TestNG-PoolService-2] DEBUG org.apache.http.headers  - << Content-Type: application/json; charset=utf-8
98677 [TestNG-PoolService-2] DEBUG org.apache.http.headers  - << Content-Length: 486
98677 [TestNG-PoolService-2] DEBUG org.apache.http.headers  - << Connection: keep-alive
98677 [TestNG-PoolService-2] DEBUG org.apache.http.headers  - << X-Cache-Key: /data/2.5/weather?q=vadodara
98677 [TestNG-PoolService-2] DEBUG org.apache.http.headers  - << Access-Control-Allow-Origin: *
98677 [TestNG-PoolService-2] DEBUG org.apache.http.headers  - << Access-Control-Allow-Credentials: true
98677 [TestNG-PoolService-2] DEBUG org.apache.http.headers  - << Access-Control-Allow-Methods: GET, POST
98677 [TestNG-PoolService-2] DEBUG org.apache.http.impl.client.DefaultHttpClient  - Connection can be kept alive indefinitely
98678 [TestNG-PoolService-2] DEBUG io.restassured.internal.RequestSpecificationImpl$RestAssuredHttpBuilder  - Parsing response as: application/json; charset=utf-8
98678 [TestNG-PoolService-2] DEBUG io.restassured.internal.RequestSpecificationImpl$RestAssuredHttpBuilder  - Parsed data to instance of: class org.apache.http.conn.EofSensorInputStream
io.restassured.internal.RestAssuredResponseImpl@217534bf
98678 [TestNG-PoolService-2] DEBUG org.apache.http.wire  -  << "{"coord":{"lon":73.2,"lat":22.3},"weather":[{"id":804,"main":"Clouds","description":"overcast clouds","icon":"04n"}],"base":"stations","main":{"temp":300.45,"feels_like":302.93,"temp_min":300.45,"temp_max":300.45,"pressure":1004,"humidity":71,"sea_level":1004,"grnd_level":999},"visibility":10000,"wind":{"speed":2.85,"deg":61},"clouds":{"all":98},"dt":1602719302,"sys":{"country":"IN","sunrise":1602723802,"sunset":1602765730},"timezone":19800,"id":1253573,"name":"Vadodara","cod":200}"
98678 [TestNG-PoolService-2] DEBUG org.apache.http.impl.conn.BasicClientConnectionManager  - Releasing connection org.apache.http.impl.conn.ManagedClientConnectionImpl@72fa8e87
98678 [TestNG-PoolService-2] DEBUG org.apache.http.impl.conn.BasicClientConnectionManager  - Connection can be kept alive indefinitely
{"coord":{"lon":73.2,"lat":22.3},"weather":[{"id":804,"main":"Clouds","description":"overcast clouds","icon":"04n"}],"base":"stations","main":{"temp":300.45,"feels_like":302.93,"temp_min":300.45,"temp_max":300.45,"pressure":1004,"humidity":71,"sea_level":1004,"grnd_level":999},"visibility":10000,"wind":{"speed":2.85,"deg":61},"clouds":{"all":98},"dt":1602719302,"sys":{"country":"IN","sunrise":1602723802,"sunset":1602765730},"timezone":19800,"id":1253573,"name":"Vadodara","cod":200}
300.45
Celsius: 27.300018
98679 [TestNG-PoolService-2] INFO org.apache.log4j.Logger  - Temperature from API is 27.300018 for City Vadodara
98679 [TestNG-PoolService-2] INFO org.apache.log4j.Logger  - PASS: Difference between the API 27.300018 and UI 35.0 temp: 7.6999817 for City Vadodara is less than variance set: 10
99180 [TestNG-PoolService-9] INFO org.apache.log4j.Logger  - Temperature on UI is 34.0 for City Varanasi
99180 [TestNG-PoolService-9] INFO org.apache.log4j.Logger  - Get Temp using API
99183 [TestNG-PoolService-9] DEBUG org.apache.http.impl.conn.BasicClientConnectionManager  - Get connection for route {}->http://api.openweathermap.org:80
99183 [TestNG-PoolService-9] DEBUG org.apache.http.impl.conn.DefaultClientConnectionOperator  - Connecting to api.openweathermap.org:80
99248 [TestNG-PoolService-9] DEBUG org.apache.http.client.protocol.RequestAddCookies  - CookieSpec selected: ignoreCookies
99248 [TestNG-PoolService-9] DEBUG org.apache.http.client.protocol.RequestAuthCache  - Auth cache not set in the context
99248 [TestNG-PoolService-9] DEBUG org.apache.http.client.protocol.RequestTargetAuthentication  - Target auth state: UNCHALLENGED
99248 [TestNG-PoolService-9] DEBUG org.apache.http.client.protocol.RequestProxyAuthentication  - Proxy auth state: UNCHALLENGED
99248 [TestNG-PoolService-9] DEBUG org.apache.http.impl.client.DefaultHttpClient  - Attempt 1 to execute request
99248 [TestNG-PoolService-9] DEBUG org.apache.http.impl.conn.DefaultClientConnection  - Sending request: GET /data/2.5/weather?q=Varanasi&appid=7fe67bf08c80ded756e598d6f8fedaea HTTP/1.1
99248 [TestNG-PoolService-9] DEBUG org.apache.http.wire  -  >> "GET /data/2.5/weather?q=Varanasi&appid=7fe67bf08c80ded756e598d6f8fedaea HTTP/1.1[\r][\n]"
99248 [TestNG-PoolService-9] DEBUG org.apache.http.wire  -  >> "Accept: */*[\r][\n]"
99248 [TestNG-PoolService-9] DEBUG org.apache.http.wire  -  >> "Host: api.openweathermap.org[\r][\n]"
99249 [TestNG-PoolService-9] DEBUG org.apache.http.wire  -  >> "Connection: Keep-Alive[\r][\n]"
99249 [TestNG-PoolService-9] DEBUG org.apache.http.wire  -  >> "User-Agent: Apache-HttpClient/4.5.3 (Java/1.8.0_201)[\r][\n]"
99249 [TestNG-PoolService-9] DEBUG org.apache.http.wire  -  >> "Accept-Encoding: gzip,deflate[\r][\n]"
99249 [TestNG-PoolService-9] DEBUG org.apache.http.wire  -  >> "[\r][\n]"
99249 [TestNG-PoolService-9] DEBUG org.apache.http.headers  - >> GET /data/2.5/weather?q=Varanasi&appid=7fe67bf08c80ded756e598d6f8fedaea HTTP/1.1
99249 [TestNG-PoolService-9] DEBUG org.apache.http.headers  - >> Accept: */*
99249 [TestNG-PoolService-9] DEBUG org.apache.http.headers  - >> Host: api.openweathermap.org
99249 [TestNG-PoolService-9] DEBUG org.apache.http.headers  - >> Connection: Keep-Alive
99249 [TestNG-PoolService-9] DEBUG org.apache.http.headers  - >> User-Agent: Apache-HttpClient/4.5.3 (Java/1.8.0_201)
99249 [TestNG-PoolService-9] DEBUG org.apache.http.headers  - >> Accept-Encoding: gzip,deflate
99336 [TestNG-PoolService-9] DEBUG org.apache.http.wire  -  << "HTTP/1.1 200 OK[\r][\n]"
99336 [TestNG-PoolService-9] DEBUG org.apache.http.wire  -  << "Server: openresty[\r][\n]"
99336 [TestNG-PoolService-9] DEBUG org.apache.http.wire  -  << "Date: Wed, 14 Oct 2020 23:48:23 GMT[\r][\n]"
99336 [TestNG-PoolService-9] DEBUG org.apache.http.wire  -  << "Content-Type: application/json; charset=utf-8[\r][\n]"
99336 [TestNG-PoolService-9] DEBUG org.apache.http.wire  -  << "Content-Length: 453[\r][\n]"
99336 [TestNG-PoolService-9] DEBUG org.apache.http.wire  -  << "Connection: keep-alive[\r][\n]"
99336 [TestNG-PoolService-9] DEBUG org.apache.http.wire  -  << "X-Cache-Key: /data/2.5/weather?q=varanasi[\r][\n]"
99336 [TestNG-PoolService-9] DEBUG org.apache.http.wire  -  << "Access-Control-Allow-Origin: *[\r][\n]"
99336 [TestNG-PoolService-9] DEBUG org.apache.http.wire  -  << "Access-Control-Allow-Credentials: true[\r][\n]"
99336 [TestNG-PoolService-9] DEBUG org.apache.http.wire  -  << "Access-Control-Allow-Methods: GET, POST[\r][\n]"
99336 [TestNG-PoolService-9] DEBUG org.apache.http.wire  -  << "[\r][\n]"
99336 [TestNG-PoolService-9] DEBUG org.apache.http.impl.conn.DefaultClientConnection  - Receiving response: HTTP/1.1 200 OK
99337 [TestNG-PoolService-9] DEBUG org.apache.http.headers  - << HTTP/1.1 200 OK
99337 [TestNG-PoolService-9] DEBUG org.apache.http.headers  - << Server: openresty
99337 [TestNG-PoolService-9] DEBUG org.apache.http.headers  - << Date: Wed, 14 Oct 2020 23:48:23 GMT
99337 [TestNG-PoolService-9] DEBUG org.apache.http.headers  - << Content-Type: application/json; charset=utf-8
99337 [TestNG-PoolService-9] DEBUG org.apache.http.headers  - << Content-Length: 453
99337 [TestNG-PoolService-9] DEBUG org.apache.http.headers  - << Connection: keep-alive
99337 [TestNG-PoolService-9] DEBUG org.apache.http.headers  - << X-Cache-Key: /data/2.5/weather?q=varanasi
99337 [TestNG-PoolService-9] DEBUG org.apache.http.headers  - << Access-Control-Allow-Origin: *
99337 [TestNG-PoolService-9] DEBUG org.apache.http.headers  - << Access-Control-Allow-Credentials: true
99337 [TestNG-PoolService-9] DEBUG org.apache.http.headers  - << Access-Control-Allow-Methods: GET, POST
99337 [TestNG-PoolService-9] DEBUG org.apache.http.impl.client.DefaultHttpClient  - Connection can be kept alive indefinitely
99338 [TestNG-PoolService-9] DEBUG io.restassured.internal.RequestSpecificationImpl$RestAssuredHttpBuilder  - Parsing response as: application/json; charset=utf-8
99338 [TestNG-PoolService-9] DEBUG io.restassured.internal.RequestSpecificationImpl$RestAssuredHttpBuilder  - Parsed data to instance of: class org.apache.http.conn.EofSensorInputStream
io.restassured.internal.RestAssuredResponseImpl@26e9a793
99339 [TestNG-PoolService-9] DEBUG org.apache.http.wire  -  << "{"coord":{"lon":83,"lat":25.33},"weather":[{"id":701,"main":"Mist","description":"mist","icon":"50n"}],"base":"stations","main":{"temp":299.15,"feels_like":304.5,"temp_min":299.15,"temp_max":299.15,"pressure":1006,"humidity":94},"visibility":2000,"wind":{"speed":1.5,"deg":70},"clouds":{"all":0},"dt":1602719303,"sys":{"type":1,"id":9138,"country":"IN","sunrise":1602721576,"sunset":1602763253},"timezone":19800,"id":1253405,"name":"Varanasi","cod":200}"
99339 [TestNG-PoolService-9] DEBUG org.apache.http.impl.conn.BasicClientConnectionManager  - Releasing connection org.apache.http.impl.conn.ManagedClientConnectionImpl@504c7071
99339 [TestNG-PoolService-9] DEBUG org.apache.http.impl.conn.BasicClientConnectionManager  - Connection can be kept alive indefinitely
{"coord":{"lon":83,"lat":25.33},"weather":[{"id":701,"main":"Mist","description":"mist","icon":"50n"}],"base":"stations","main":{"temp":299.15,"feels_like":304.5,"temp_min":299.15,"temp_max":299.15,"pressure":1006,"humidity":94},"visibility":2000,"wind":{"speed":1.5,"deg":70},"clouds":{"all":0},"dt":1602719303,"sys":{"type":1,"id":9138,"country":"IN","sunrise":1602721576,"sunset":1602763253},"timezone":19800,"id":1253405,"name":"Varanasi","cod":200}
299.15
Celsius: 26.0
99340 [TestNG-PoolService-9] INFO org.apache.log4j.Logger  - Temperature from API is 26.0 for City Varanasi
99340 [TestNG-PoolService-9] INFO org.apache.log4j.Logger  - PASS: Difference between the API 26.0 and UI 34.0 temp: 8.0 for City Varanasi is less than variance set: 10
]]></system-out>
  </testcase>
  <testcase name="getTemp[com.temp.test.City@409e5689](82)" classname="com.temp.test.TestsWeather" time="4.504">
    <system-out><![CDATA[99732 [Finalizer] DEBUG org.apache.http.impl.conn.DefaultClientConnection  - Connection 0.0.0.0:55589<->178.128.122.9:80 closed
99732 [Finalizer] DEBUG org.apache.http.impl.conn.DefaultClientConnection  - Connection 0.0.0.0:55591<->178.128.122.9:80 closed
]]></system-out>
  </testcase>
  <testcase name="getTemp[com.temp.test.City@9ea34dc](83)" classname="com.temp.test.TestsWeather" time="5.367">
    <system-out><![CDATA[99818 [TestNG-PoolService-3] INFO org.apache.log4j.Logger  - Temperature on UI is 30.0 for City Vijayawada
99818 [TestNG-PoolService-3] INFO org.apache.log4j.Logger  - Get Temp using API
99821 [TestNG-PoolService-3] DEBUG org.apache.http.impl.conn.BasicClientConnectionManager  - Get connection for route {}->http://api.openweathermap.org:80
99821 [TestNG-PoolService-3] DEBUG org.apache.http.impl.conn.DefaultClientConnectionOperator  - Connecting to api.openweathermap.org:80
99881 [TestNG-PoolService-3] DEBUG org.apache.http.client.protocol.RequestAddCookies  - CookieSpec selected: ignoreCookies
99881 [TestNG-PoolService-3] DEBUG org.apache.http.client.protocol.RequestAuthCache  - Auth cache not set in the context
99881 [TestNG-PoolService-3] DEBUG org.apache.http.client.protocol.RequestTargetAuthentication  - Target auth state: UNCHALLENGED
99881 [TestNG-PoolService-3] DEBUG org.apache.http.client.protocol.RequestProxyAuthentication  - Proxy auth state: UNCHALLENGED
99881 [TestNG-PoolService-3] DEBUG org.apache.http.impl.client.DefaultHttpClient  - Attempt 1 to execute request
99881 [TestNG-PoolService-3] DEBUG org.apache.http.impl.conn.DefaultClientConnection  - Sending request: GET /data/2.5/weather?q=Vijayawada&appid=7fe67bf08c80ded756e598d6f8fedaea HTTP/1.1
99881 [TestNG-PoolService-3] DEBUG org.apache.http.wire  -  >> "GET /data/2.5/weather?q=Vijayawada&appid=7fe67bf08c80ded756e598d6f8fedaea HTTP/1.1[\r][\n]"
99881 [TestNG-PoolService-3] DEBUG org.apache.http.wire  -  >> "Accept: */*[\r][\n]"
99881 [TestNG-PoolService-3] DEBUG org.apache.http.wire  -  >> "Host: api.openweathermap.org[\r][\n]"
99881 [TestNG-PoolService-3] DEBUG org.apache.http.wire  -  >> "Connection: Keep-Alive[\r][\n]"
99881 [TestNG-PoolService-3] DEBUG org.apache.http.wire  -  >> "User-Agent: Apache-HttpClient/4.5.3 (Java/1.8.0_201)[\r][\n]"
99881 [TestNG-PoolService-3] DEBUG org.apache.http.wire  -  >> "Accept-Encoding: gzip,deflate[\r][\n]"
99881 [TestNG-PoolService-3] DEBUG org.apache.http.wire  -  >> "[\r][\n]"
99881 [TestNG-PoolService-3] DEBUG org.apache.http.headers  - >> GET /data/2.5/weather?q=Vijayawada&appid=7fe67bf08c80ded756e598d6f8fedaea HTTP/1.1
99881 [TestNG-PoolService-3] DEBUG org.apache.http.headers  - >> Accept: */*
99881 [TestNG-PoolService-3] DEBUG org.apache.http.headers  - >> Host: api.openweathermap.org
99881 [TestNG-PoolService-3] DEBUG org.apache.http.headers  - >> Connection: Keep-Alive
99881 [TestNG-PoolService-3] DEBUG org.apache.http.headers  - >> User-Agent: Apache-HttpClient/4.5.3 (Java/1.8.0_201)
99881 [TestNG-PoolService-3] DEBUG org.apache.http.headers  - >> Accept-Encoding: gzip,deflate
99976 [TestNG-PoolService-3] DEBUG org.apache.http.wire  -  << "HTTP/1.1 200 OK[\r][\n]"
99976 [TestNG-PoolService-3] DEBUG org.apache.http.wire  -  << "Server: openresty[\r][\n]"
99976 [TestNG-PoolService-3] DEBUG org.apache.http.wire  -  << "Date: Wed, 14 Oct 2020 23:48:24 GMT[\r][\n]"
99976 [TestNG-PoolService-3] DEBUG org.apache.http.wire  -  << "Content-Type: application/json; charset=utf-8[\r][\n]"
99976 [TestNG-PoolService-3] DEBUG org.apache.http.wire  -  << "Content-Length: 492[\r][\n]"
99976 [TestNG-PoolService-3] DEBUG org.apache.http.wire  -  << "Connection: keep-alive[\r][\n]"
99976 [TestNG-PoolService-3] DEBUG org.apache.http.wire  -  << "X-Cache-Key: /data/2.5/weather?q=vijayawada[\r][\n]"
99976 [TestNG-PoolService-3] DEBUG org.apache.http.wire  -  << "Access-Control-Allow-Origin: *[\r][\n]"
99976 [TestNG-PoolService-3] DEBUG org.apache.http.wire  -  << "Access-Control-Allow-Credentials: true[\r][\n]"
99976 [TestNG-PoolService-3] DEBUG org.apache.http.wire  -  << "Access-Control-Allow-Methods: GET, POST[\r][\n]"
99976 [TestNG-PoolService-3] DEBUG org.apache.http.wire  -  << "[\r][\n]"
99976 [TestNG-PoolService-3] DEBUG org.apache.http.impl.conn.DefaultClientConnection  - Receiving response: HTTP/1.1 200 OK
99976 [TestNG-PoolService-3] DEBUG org.apache.http.headers  - << HTTP/1.1 200 OK
99976 [TestNG-PoolService-3] DEBUG org.apache.http.headers  - << Server: openresty
99976 [TestNG-PoolService-3] DEBUG org.apache.http.headers  - << Date: Wed, 14 Oct 2020 23:48:24 GMT
99976 [TestNG-PoolService-3] DEBUG org.apache.http.headers  - << Content-Type: application/json; charset=utf-8
99976 [TestNG-PoolService-3] DEBUG org.apache.http.headers  - << Content-Length: 492
99976 [TestNG-PoolService-3] DEBUG org.apache.http.headers  - << Connection: keep-alive
99976 [TestNG-PoolService-3] DEBUG org.apache.http.headers  - << X-Cache-Key: /data/2.5/weather?q=vijayawada
99976 [TestNG-PoolService-3] DEBUG org.apache.http.headers  - << Access-Control-Allow-Origin: *
99976 [TestNG-PoolService-3] DEBUG org.apache.http.headers  - << Access-Control-Allow-Credentials: true
99976 [TestNG-PoolService-3] DEBUG org.apache.http.headers  - << Access-Control-Allow-Methods: GET, POST
99976 [TestNG-PoolService-3] DEBUG org.apache.http.impl.client.DefaultHttpClient  - Connection can be kept alive indefinitely
99976 [TestNG-PoolService-3] DEBUG io.restassured.internal.RequestSpecificationImpl$RestAssuredHttpBuilder  - Parsing response as: application/json; charset=utf-8
99976 [TestNG-PoolService-3] DEBUG io.restassured.internal.RequestSpecificationImpl$RestAssuredHttpBuilder  - Parsed data to instance of: class org.apache.http.conn.EofSensorInputStream
io.restassured.internal.RestAssuredResponseImpl@256d77d3
99977 [TestNG-PoolService-3] DEBUG org.apache.http.wire  -  << "{"coord":{"lon":80.62,"lat":16.52},"weather":[{"id":804,"main":"Clouds","description":"overcast clouds","icon":"04n"}],"base":"stations","main":{"temp":297.22,"feels_like":301.82,"temp_min":297.22,"temp_max":297.22,"pressure":1003,"humidity":93,"sea_level":1003,"grnd_level":1000},"visibility":10000,"wind":{"speed":0.82,"deg":146},"clouds":{"all":96},"dt":1602719304,"sys":{"country":"IN","sunrise":1602721792,"sunset":1602764179},"timezone":19800,"id":1253184,"name":"Vijayawada","cod":200}"
99977 [TestNG-PoolService-3] DEBUG org.apache.http.impl.conn.BasicClientConnectionManager  - Releasing connection org.apache.http.impl.conn.ManagedClientConnectionImpl@f269535
99977 [TestNG-PoolService-3] DEBUG org.apache.http.impl.conn.BasicClientConnectionManager  - Connection can be kept alive indefinitely
{"coord":{"lon":80.62,"lat":16.52},"weather":[{"id":804,"main":"Clouds","description":"overcast clouds","icon":"04n"}],"base":"stations","main":{"temp":297.22,"feels_like":301.82,"temp_min":297.22,"temp_max":297.22,"pressure":1003,"humidity":93,"sea_level":1003,"grnd_level":1000},"visibility":10000,"wind":{"speed":0.82,"deg":146},"clouds":{"all":96},"dt":1602719304,"sys":{"country":"IN","sunrise":1602721792,"sunset":1602764179},"timezone":19800,"id":1253184,"name":"Vijayawada","cod":200}
297.22
Celsius: 24.070007
99977 [TestNG-PoolService-3] INFO org.apache.log4j.Logger  - Temperature from API is 24.070007 for City Vijayawada
99977 [TestNG-PoolService-3] INFO org.apache.log4j.Logger  - PASS: Difference between the API 24.070007 and UI 30.0 temp: 5.9299927 for City Vijayawada is less than variance set: 10
100347 [Finalizer] DEBUG org.apache.http.impl.conn.DefaultClientConnection  - Connection 0.0.0.0:55592<->178.128.122.9:80 closed
]]></system-out>
  </testcase>
  <testcase name="getTemp[com.temp.test.City@1c45ae14](84)" classname="com.temp.test.TestsWeather" time="5.367"/>
  <testcase name="getTemp[com.temp.test.City@16fedbcb](85)" classname="com.temp.test.TestsWeather" time="6.383">
    <system-out><![CDATA[101496 [TestNG-PoolService-5] INFO org.apache.log4j.Logger  - Temperature on UI is 27.0 for City Warangal
101497 [TestNG-PoolService-5] INFO org.apache.log4j.Logger  - Get Temp using API
101497 [TestNG-PoolService-4] INFO org.apache.log4j.Logger  - Temperature on UI is 28.0 for City Visakhapatnam
101497 [TestNG-PoolService-4] INFO org.apache.log4j.Logger  - Get Temp using API
101506 [TestNG-PoolService-5] DEBUG org.apache.http.impl.conn.BasicClientConnectionManager  - Get connection for route {}->http://api.openweathermap.org:80
101506 [TestNG-PoolService-5] DEBUG org.apache.http.impl.conn.DefaultClientConnectionOperator  - Connecting to api.openweathermap.org:80
101506 [TestNG-PoolService-4] DEBUG org.apache.http.impl.conn.BasicClientConnectionManager  - Get connection for route {}->http://api.openweathermap.org:80
101507 [TestNG-PoolService-4] DEBUG org.apache.http.impl.conn.DefaultClientConnectionOperator  - Connecting to api.openweathermap.org:80
101562 [TestNG-PoolService-5] DEBUG org.apache.http.client.protocol.RequestAddCookies  - CookieSpec selected: ignoreCookies
101562 [TestNG-PoolService-5] DEBUG org.apache.http.client.protocol.RequestAuthCache  - Auth cache not set in the context
101562 [TestNG-PoolService-5] DEBUG org.apache.http.client.protocol.RequestTargetAuthentication  - Target auth state: UNCHALLENGED
101562 [TestNG-PoolService-5] DEBUG org.apache.http.client.protocol.RequestProxyAuthentication  - Proxy auth state: UNCHALLENGED
101562 [TestNG-PoolService-5] DEBUG org.apache.http.impl.client.DefaultHttpClient  - Attempt 1 to execute request
101562 [TestNG-PoolService-5] DEBUG org.apache.http.impl.conn.DefaultClientConnection  - Sending request: GET /data/2.5/weather?q=Warangal&appid=7fe67bf08c80ded756e598d6f8fedaea HTTP/1.1
101562 [TestNG-PoolService-5] DEBUG org.apache.http.wire  -  >> "GET /data/2.5/weather?q=Warangal&appid=7fe67bf08c80ded756e598d6f8fedaea HTTP/1.1[\r][\n]"
101562 [TestNG-PoolService-5] DEBUG org.apache.http.wire  -  >> "Accept: */*[\r][\n]"
101562 [TestNG-PoolService-5] DEBUG org.apache.http.wire  -  >> "Host: api.openweathermap.org[\r][\n]"
101562 [TestNG-PoolService-5] DEBUG org.apache.http.wire  -  >> "Connection: Keep-Alive[\r][\n]"
101563 [TestNG-PoolService-5] DEBUG org.apache.http.wire  -  >> "User-Agent: Apache-HttpClient/4.5.3 (Java/1.8.0_201)[\r][\n]"
101563 [TestNG-PoolService-5] DEBUG org.apache.http.wire  -  >> "Accept-Encoding: gzip,deflate[\r][\n]"
101563 [TestNG-PoolService-5] DEBUG org.apache.http.wire  -  >> "[\r][\n]"
101563 [TestNG-PoolService-5] DEBUG org.apache.http.headers  - >> GET /data/2.5/weather?q=Warangal&appid=7fe67bf08c80ded756e598d6f8fedaea HTTP/1.1
101563 [TestNG-PoolService-5] DEBUG org.apache.http.headers  - >> Accept: */*
101563 [TestNG-PoolService-5] DEBUG org.apache.http.headers  - >> Host: api.openweathermap.org
101563 [TestNG-PoolService-5] DEBUG org.apache.http.headers  - >> Connection: Keep-Alive
101563 [TestNG-PoolService-5] DEBUG org.apache.http.headers  - >> User-Agent: Apache-HttpClient/4.5.3 (Java/1.8.0_201)
101563 [TestNG-PoolService-5] DEBUG org.apache.http.headers  - >> Accept-Encoding: gzip,deflate
101563 [TestNG-PoolService-4] DEBUG org.apache.http.client.protocol.RequestAddCookies  - CookieSpec selected: ignoreCookies
101564 [TestNG-PoolService-4] DEBUG org.apache.http.client.protocol.RequestAuthCache  - Auth cache not set in the context
101564 [TestNG-PoolService-4] DEBUG org.apache.http.client.protocol.RequestTargetAuthentication  - Target auth state: UNCHALLENGED
101564 [TestNG-PoolService-4] DEBUG org.apache.http.client.protocol.RequestProxyAuthentication  - Proxy auth state: UNCHALLENGED
101564 [TestNG-PoolService-4] DEBUG org.apache.http.impl.client.DefaultHttpClient  - Attempt 1 to execute request
101564 [TestNG-PoolService-4] DEBUG org.apache.http.impl.conn.DefaultClientConnection  - Sending request: GET /data/2.5/weather?q=Visakhapatnam&appid=7fe67bf08c80ded756e598d6f8fedaea HTTP/1.1
101564 [TestNG-PoolService-4] DEBUG org.apache.http.wire  -  >> "GET /data/2.5/weather?q=Visakhapatnam&appid=7fe67bf08c80ded756e598d6f8fedaea HTTP/1.1[\r][\n]"
101564 [TestNG-PoolService-4] DEBUG org.apache.http.wire  -  >> "Accept: */*[\r][\n]"
101564 [TestNG-PoolService-4] DEBUG org.apache.http.wire  -  >> "Host: api.openweathermap.org[\r][\n]"
101564 [TestNG-PoolService-4] DEBUG org.apache.http.wire  -  >> "Connection: Keep-Alive[\r][\n]"
101564 [TestNG-PoolService-4] DEBUG org.apache.http.wire  -  >> "User-Agent: Apache-HttpClient/4.5.3 (Java/1.8.0_201)[\r][\n]"
101564 [TestNG-PoolService-4] DEBUG org.apache.http.wire  -  >> "Accept-Encoding: gzip,deflate[\r][\n]"
101564 [TestNG-PoolService-4] DEBUG org.apache.http.wire  -  >> "[\r][\n]"
101564 [TestNG-PoolService-4] DEBUG org.apache.http.headers  - >> GET /data/2.5/weather?q=Visakhapatnam&appid=7fe67bf08c80ded756e598d6f8fedaea HTTP/1.1
101564 [TestNG-PoolService-4] DEBUG org.apache.http.headers  - >> Accept: */*
101564 [TestNG-PoolService-4] DEBUG org.apache.http.headers  - >> Host: api.openweathermap.org
101564 [TestNG-PoolService-4] DEBUG org.apache.http.headers  - >> Connection: Keep-Alive
101564 [TestNG-PoolService-4] DEBUG org.apache.http.headers  - >> User-Agent: Apache-HttpClient/4.5.3 (Java/1.8.0_201)
101564 [TestNG-PoolService-4] DEBUG org.apache.http.headers  - >> Accept-Encoding: gzip,deflate
101624 [TestNG-PoolService-4] DEBUG org.apache.http.wire  -  << "HTTP/1.1 200 OK[\r][\n]"
101624 [TestNG-PoolService-4] DEBUG org.apache.http.wire  -  << "Server: openresty[\r][\n]"
101624 [TestNG-PoolService-4] DEBUG org.apache.http.wire  -  << "Date: Wed, 14 Oct 2020 23:48:25 GMT[\r][\n]"
101624 [TestNG-PoolService-4] DEBUG org.apache.http.wire  -  << "Content-Type: application/json; charset=utf-8[\r][\n]"
101624 [TestNG-PoolService-4] DEBUG org.apache.http.wire  -  << "Content-Length: 587[\r][\n]"
101624 [TestNG-PoolService-4] DEBUG org.apache.http.wire  -  << "Connection: keep-alive[\r][\n]"
101624 [TestNG-PoolService-4] DEBUG org.apache.http.wire  -  << "X-Cache-Key: /data/2.5/weather?q=visakhapatnam[\r][\n]"
101624 [TestNG-PoolService-4] DEBUG org.apache.http.wire  -  << "Access-Control-Allow-Origin: *[\r][\n]"
101624 [TestNG-PoolService-4] DEBUG org.apache.http.wire  -  << "Access-Control-Allow-Credentials: true[\r][\n]"
101624 [TestNG-PoolService-4] DEBUG org.apache.http.wire  -  << "Access-Control-Allow-Methods: GET, POST[\r][\n]"
101624 [TestNG-PoolService-4] DEBUG org.apache.http.wire  -  << "[\r][\n]"
101624 [TestNG-PoolService-4] DEBUG org.apache.http.impl.conn.DefaultClientConnection  - Receiving response: HTTP/1.1 200 OK
101624 [TestNG-PoolService-4] DEBUG org.apache.http.headers  - << HTTP/1.1 200 OK
101624 [TestNG-PoolService-4] DEBUG org.apache.http.headers  - << Server: openresty
101624 [TestNG-PoolService-4] DEBUG org.apache.http.headers  - << Date: Wed, 14 Oct 2020 23:48:25 GMT
101624 [TestNG-PoolService-4] DEBUG org.apache.http.headers  - << Content-Type: application/json; charset=utf-8
101624 [TestNG-PoolService-4] DEBUG org.apache.http.headers  - << Content-Length: 587
101625 [TestNG-PoolService-4] DEBUG org.apache.http.headers  - << Connection: keep-alive
101625 [TestNG-PoolService-4] DEBUG org.apache.http.headers  - << X-Cache-Key: /data/2.5/weather?q=visakhapatnam
101625 [TestNG-PoolService-4] DEBUG org.apache.http.headers  - << Access-Control-Allow-Origin: *
101625 [TestNG-PoolService-4] DEBUG org.apache.http.headers  - << Access-Control-Allow-Credentials: true
101625 [TestNG-PoolService-4] DEBUG org.apache.http.headers  - << Access-Control-Allow-Methods: GET, POST
101625 [TestNG-PoolService-4] DEBUG org.apache.http.impl.client.DefaultHttpClient  - Connection can be kept alive indefinitely
101625 [TestNG-PoolService-4] DEBUG io.restassured.internal.RequestSpecificationImpl$RestAssuredHttpBuilder  - Parsing response as: application/json; charset=utf-8
101626 [TestNG-PoolService-4] DEBUG io.restassured.internal.RequestSpecificationImpl$RestAssuredHttpBuilder  - Parsed data to instance of: class org.apache.http.conn.EofSensorInputStream
io.restassured.internal.RestAssuredResponseImpl@72518e87
101627 [TestNG-PoolService-4] DEBUG org.apache.http.wire  -  << "{"coord":{"lon":83.21,"lat":17.69},"weather":[{"id":502,"main":"Rain","description":"heavy intensity rain","icon":"10n"},{"id":200,"main":"Thunderstorm","description":"thunderstorm with light rain","icon":"11n"}],"base":"stations","main":{"temp":299.15,"feels_like":305.51,"temp_min":299.15,"temp_max":299.15,"pressure":1003,"humidity":100},"visibility":4000,"wind":{"speed":1,"deg":0},"rain":{"1h":5.62},"clouds":{"all":75},"dt":1602719230,"sys":{"type":1,"id":9255,"country":"IN","sunrise":1602721216,"sunset":1602763513},"timezone":19800,"id":1253102,"name":"Visakhapatnam","cod":200}"
101627 [TestNG-PoolService-4] DEBUG org.apache.http.impl.conn.BasicClientConnectionManager  - Releasing connection org.apache.http.impl.conn.ManagedClientConnectionImpl@360bebc0
101627 [TestNG-PoolService-4] DEBUG org.apache.http.impl.conn.BasicClientConnectionManager  - Connection can be kept alive indefinitely
{"coord":{"lon":83.21,"lat":17.69},"weather":[{"id":502,"main":"Rain","description":"heavy intensity rain","icon":"10n"},{"id":200,"main":"Thunderstorm","description":"thunderstorm with light rain","icon":"11n"}],"base":"stations","main":{"temp":299.15,"feels_like":305.51,"temp_min":299.15,"temp_max":299.15,"pressure":1003,"humidity":100},"visibility":4000,"wind":{"speed":1,"deg":0},"rain":{"1h":5.62},"clouds":{"all":75},"dt":1602719230,"sys":{"type":1,"id":9255,"country":"IN","sunrise":1602721216,"sunset":1602763513},"timezone":19800,"id":1253102,"name":"Visakhapatnam","cod":200}
299.15
Celsius: 26.0
101629 [TestNG-PoolService-4] INFO org.apache.log4j.Logger  - Temperature from API is 26.0 for City Visakhapatnam
101629 [TestNG-PoolService-4] INFO org.apache.log4j.Logger  - PASS: Difference between the API 26.0 and UI 28.0 temp: 2.0 for City Visakhapatnam is less than variance set: 10
101631 [TestNG-PoolService-5] DEBUG org.apache.http.wire  -  << "HTTP/1.1 200 OK[\r][\n]"
101631 [TestNG-PoolService-5] DEBUG org.apache.http.wire  -  << "Server: openresty[\r][\n]"
101631 [TestNG-PoolService-5] DEBUG org.apache.http.wire  -  << "Date: Wed, 14 Oct 2020 23:48:25 GMT[\r][\n]"
101631 [TestNG-PoolService-5] DEBUG org.apache.http.wire  -  << "Content-Type: application/json; charset=utf-8[\r][\n]"
101631 [TestNG-PoolService-5] DEBUG org.apache.http.wire  -  << "Content-Length: 483[\r][\n]"
101631 [TestNG-PoolService-5] DEBUG org.apache.http.wire  -  << "Connection: keep-alive[\r][\n]"
101631 [TestNG-PoolService-5] DEBUG org.apache.http.wire  -  << "X-Cache-Key: /data/2.5/weather?q=warangal[\r][\n]"
101631 [TestNG-PoolService-5] DEBUG org.apache.http.wire  -  << "Access-Control-Allow-Origin: *[\r][\n]"
101631 [TestNG-PoolService-5] DEBUG org.apache.http.wire  -  << "Access-Control-Allow-Credentials: true[\r][\n]"
101631 [TestNG-PoolService-5] DEBUG org.apache.http.wire  -  << "Access-Control-Allow-Methods: GET, POST[\r][\n]"
101631 [TestNG-PoolService-5] DEBUG org.apache.http.wire  -  << "[\r][\n]"
101631 [TestNG-PoolService-5] DEBUG org.apache.http.impl.conn.DefaultClientConnection  - Receiving response: HTTP/1.1 200 OK
101632 [TestNG-PoolService-5] DEBUG org.apache.http.headers  - << HTTP/1.1 200 OK
101632 [TestNG-PoolService-5] DEBUG org.apache.http.headers  - << Server: openresty
101632 [TestNG-PoolService-5] DEBUG org.apache.http.headers  - << Date: Wed, 14 Oct 2020 23:48:25 GMT
101632 [TestNG-PoolService-5] DEBUG org.apache.http.headers  - << Content-Type: application/json; charset=utf-8
101632 [TestNG-PoolService-5] DEBUG org.apache.http.headers  - << Content-Length: 483
101632 [TestNG-PoolService-5] DEBUG org.apache.http.headers  - << Connection: keep-alive
101632 [TestNG-PoolService-5] DEBUG org.apache.http.headers  - << X-Cache-Key: /data/2.5/weather?q=warangal
101632 [TestNG-PoolService-5] DEBUG org.apache.http.headers  - << Access-Control-Allow-Origin: *
101632 [TestNG-PoolService-5] DEBUG org.apache.http.headers  - << Access-Control-Allow-Credentials: true
101632 [TestNG-PoolService-5] DEBUG org.apache.http.headers  - << Access-Control-Allow-Methods: GET, POST
101632 [TestNG-PoolService-5] DEBUG org.apache.http.impl.client.DefaultHttpClient  - Connection can be kept alive indefinitely
101633 [TestNG-PoolService-5] DEBUG io.restassured.internal.RequestSpecificationImpl$RestAssuredHttpBuilder  - Parsing response as: application/json; charset=utf-8
101633 [TestNG-PoolService-5] DEBUG io.restassured.internal.RequestSpecificationImpl$RestAssuredHttpBuilder  - Parsed data to instance of: class org.apache.http.conn.EofSensorInputStream
io.restassured.internal.RestAssuredResponseImpl@721820d9
101634 [TestNG-PoolService-5] DEBUG org.apache.http.wire  -  << "{"coord":{"lon":79.58,"lat":18},"weather":[{"id":803,"main":"Clouds","description":"broken clouds","icon":"04n"}],"base":"stations","main":{"temp":295.78,"feels_like":299.13,"temp_min":295.78,"temp_max":295.78,"pressure":1003,"humidity":96,"sea_level":1003,"grnd_level":974},"visibility":10000,"wind":{"speed":1.9,"deg":143},"clouds":{"all":63},"dt":1602719305,"sys":{"country":"IN","sunrise":1602722099,"sunset":1602764371},"timezone":19800,"id":1252948,"name":"Warangal","cod":200}"
101635 [TestNG-PoolService-5] DEBUG org.apache.http.impl.conn.BasicClientConnectionManager  - Releasing connection org.apache.http.impl.conn.ManagedClientConnectionImpl@e1e3864
101635 [TestNG-PoolService-5] DEBUG org.apache.http.impl.conn.BasicClientConnectionManager  - Connection can be kept alive indefinitely
{"coord":{"lon":79.58,"lat":18},"weather":[{"id":803,"main":"Clouds","description":"broken clouds","icon":"04n"}],"base":"stations","main":{"temp":295.78,"feels_like":299.13,"temp_min":295.78,"temp_max":295.78,"pressure":1003,"humidity":96,"sea_level":1003,"grnd_level":974},"visibility":10000,"wind":{"speed":1.9,"deg":143},"clouds":{"all":63},"dt":1602719305,"sys":{"country":"IN","sunrise":1602722099,"sunset":1602764371},"timezone":19800,"id":1252948,"name":"Warangal","cod":200}
295.78
Celsius: 22.630005
101637 [TestNG-PoolService-5] INFO org.apache.log4j.Logger  - Temperature from API is 22.630005 for City Warangal
101637 [TestNG-PoolService-5] INFO org.apache.log4j.Logger  - PASS: Difference between the API 22.630005 and UI 27.0 temp: 4.369995 for City Warangal is less than variance set: 10
]]></system-out>
  </testcase>
  <testcase name="getTemp[com.temp.test.City@2cb18b80](86)" classname="com.temp.test.TestsWeather" time="6.383"/>
</testsuite>