<?xml version="1.0" encoding="UTF-8"?>
<!-- Generated by org.testng.reporters.JUnitReportReporter -->
<testsuite skipped="0" hostname="DESKTOP-78H043L" name="com.temp.test.TestsTemp" tests="4" failures="0" timestamp="2020-10-14T22:02:04 IST" time="7.025" errors="0">
  <testcase name="getTemp" time="1.870" classname="com.temp.test.TestsTemp"/>
  <system-out/>
  <testcase name="TestAddCity" time="1.307" classname="com.temp.test.TestsTemp"/>
  <system-out/>
  <testcase name="getTemp" time="2.818" classname="com.temp.test.TestsTemp"/>
  <system-out/>
  <testcase name="getTemp" time="1.030" classname="com.temp.test.TestsTemp"/>
  <system-out/>
</testsuite> <!-- com.temp.test.TestsTemp -->
